2022-07-05T00:30:00+01:00 set_scene R-255 - command=49 room=32 Gate_Lights channel=0 scene=0
2022-07-05T00:30:01+01:00 set_scene R-255 - command=49 room=33 Front_Entrance_Pillars channel=0 scene=0
2022-07-05T00:30:01+01:00 set_scene R-255 - command=49 room=34 Kitchen_External channel=0 scene=0
2022-07-05T00:30:01+01:00 set_scene R-255 - command=49 room=35 Garden_Path channel=0 scene=0
2022-07-05T00:30:02+01:00 set_scene R-255 - command=49 room=36 Garden_Flower_Beds channel=0 scene=0
2022-07-05T00:44:13+01:00 set_scene R-241 I command=49 room=05 Living_Room channel=0 scene=0
2022-07-05T00:44:36+01:00 set_scene R-241 I command=49 room=14 Kitchen channel=0 scene=2
2022-07-05T00:44:37+01:00 set_scene R-241 I command=49 room=14 Kitchen channel=0 scene=3
2022-07-05T00:44:54+01:00 set_scene R-240 I command=49 room=14 Kitchen channel=0 scene=0
2022-07-05T00:44:55+01:00 set_scene R-240 I command=49 room=15 Kitchen_Lounge channel=0 scene=0
2022-07-05T00:44:55+01:00 set_scene R-240 I command=49 room=15 Kitchen_Lounge channel=0 scene=0
2022-07-05T00:45:22+01:00 set_scene R-240 I command=49 room=09 Hall channel=0 scene=0
2022-07-05T00:45:43+01:00 set_scene R-240 - command=49 room=52 Alarm_Interface channel=0 scene=4
2022-07-05T00:45:43+01:00 alarm_set
2022-07-05T06:09:40+01:00 set_scene R+084 - command=49 room=52 Alarm_Interface channel=0 scene=0
2022-07-05T06:09:40+01:00 alarm_unset
2022-07-05T09:20:32+01:00 set_scene R+275 I command=49 room=21 Master_Bed channel=0 scene=2
2022-07-05T09:42:05+01:00 set_scene R+297 - command=49 room=50 Front_Porch_PIR channel=0 scene=1
2022-07-05T09:45:11+01:00 set_scene R+300 - command=49 room=50 Front_Porch_PIR channel=0 scene=0
2022-07-05T09:52:15+01:00 set_scene R+307 I command=49 room=22 MBed_EnSuite channel=0 scene=0
2022-07-05T09:59:49+01:00 set_scene R+314 I command=49 room=21 Master_Bed channel=0 scene=0
2022-07-05T10:19:51+01:00 set_scene R+334 - command=49 room=50 Front_Porch_PIR channel=0 scene=1
2022-07-05T10:20:00+01:00 set_scene R+335 - command=49 room=50 Front_Porch_PIR channel=0 scene=1
2022-07-05T10:23:00+01:00 set_scene R+338 - command=49 room=50 Front_Porch_PIR channel=0 scene=0
2022-07-05T10:32:22+01:00 set_scene R+347 - command=49 room=50 Front_Porch_PIR channel=0 scene=1
2022-07-05T10:32:46+01:00 set_scene R+347 - command=49 room=50 Front_Porch_PIR channel=0 scene=1
2022-07-05T10:32:52+01:00 set_scene R+347 - command=49 room=50 Front_Porch_PIR channel=0 scene=1
2022-07-05T10:33:02+01:00 set_scene R+348 - command=49 room=50 Front_Porch_PIR channel=0 scene=1
2022-07-05T10:36:05+01:00 set_scene R+351 - command=49 room=50 Front_Porch_PIR channel=0 scene=0
2022-07-05T10:40:10+01:00 set_scene R+355 - command=49 room=50 Front_Porch_PIR channel=0 scene=1
2022-07-05T10:40:18+01:00 set_scene R+355 - command=49 room=50 Front_Porch_PIR channel=0 scene=1
2022-07-05T10:44:39+01:00 set_scene R+359 - command=49 room=50 Front_Porch_PIR channel=0 scene=1
2022-07-05T10:47:36+01:00 set_scene R+362 - command=49 room=50 Front_Porch_PIR channel=0 scene=0
2022-07-05T10:56:19+01:00 set_scene R+371 I command=49 room=22 MBed_EnSuite channel=0 scene=1
2022-07-05T11:07:35+01:00 set_scene R+382 I command=49 room=22 MBed_EnSuite channel=0 scene=0
2022-07-05T11:09:52+01:00 set_scene R+384 I command=49 room=22 MBed_EnSuite channel=0 scene=1
2022-07-05T11:11:55+01:00 set_scene R+387 - command=49 room=50 Front_Porch_PIR channel=0 scene=1
2022-07-05T11:15:01+01:00 set_scene R+390 - command=49 room=50 Front_Porch_PIR channel=0 scene=0
2022-07-05T11:15:52+01:00 set_scene R+390 - command=49 room=50 Front_Porch_PIR channel=0 scene=1
2022-07-05T11:18:59+01:00 set_scene R+394 - command=49 room=50 Front_Porch_PIR channel=0 scene=0
2022-07-05T11:29:49+01:00 set_scene R+404 I command=49 room=22 MBed_EnSuite channel=0 scene=0
2022-07-05T12:13:31+01:00 set_scene R+448 - command=49 room=50 Front_Porch_PIR channel=0 scene=1
2022-07-05T12:13:34+01:00 set_scene R+448 - command=49 room=50 Front_Porch_PIR channel=0 scene=1
2022-07-05T12:13:45+01:00 set_scene R+448 - command=49 room=50 Front_Porch_PIR channel=0 scene=1
2022-07-05T12:14:30+01:00 set_scene R+449 I command=49 room=23 Spa_Bathroom channel=0 scene=1
2022-07-05T12:16:42+01:00 set_scene R+451 - command=49 room=50 Front_Porch_PIR channel=0 scene=0
2022-07-05T12:39:41+01:00 set_scene R+474 I command=49 room=23 Spa_Bathroom channel=0 scene=0
2022-07-05T12:41:32+01:00 set_scene R+476 - command=49 room=50 Front_Porch_PIR channel=0 scene=1
2022-07-05T12:41:50+01:00 set_scene R+476 - command=49 room=50 Front_Porch_PIR channel=0 scene=1
2022-07-05T12:44:49+01:00 set_scene R+479 - command=49 room=50 Front_Porch_PIR channel=0 scene=0
2022-07-05T13:08:31+01:00 set_scene S-494 I command=49 room=06 Study channel=0 scene=1
2022-07-05T13:51:35+01:00 set_scene S-451 - command=49 room=50 Front_Porch_PIR channel=0 scene=1
2022-07-05T13:51:42+01:00 set_scene S-451 - command=49 room=50 Front_Porch_PIR channel=0 scene=1
2022-07-05T13:54:40+01:00 set_scene S-448 - command=49 room=50 Front_Porch_PIR channel=0 scene=0
2022-07-05T14:26:26+01:00 set_scene S-416 - command=49 room=50 Front_Porch_PIR channel=0 scene=1
2022-07-05T14:26:37+01:00 set_scene S-416 - command=49 room=50 Front_Porch_PIR channel=0 scene=1
2022-07-05T14:29:34+01:00 set_scene S-413 - command=49 room=50 Front_Porch_PIR channel=0 scene=0
2022-07-05T14:30:42+01:00 set_scene S-412 - command=49 room=50 Front_Porch_PIR channel=0 scene=1
2022-07-05T14:30:45+01:00 set_scene S-412 - command=49 room=50 Front_Porch_PIR channel=0 scene=1
2022-07-05T14:31:42+01:00 set_scene S-411 - command=49 room=50 Front_Porch_PIR channel=0 scene=1
2022-07-05T14:34:50+01:00 set_scene S-408 - command=49 room=50 Front_Porch_PIR channel=0 scene=0
2022-07-05T15:17:20+01:00 set_scene S-365 - command=49 room=50 Front_Porch_PIR channel=0 scene=1
2022-07-05T15:17:32+01:00 set_scene S-365 - command=49 room=50 Front_Porch_PIR channel=0 scene=1
2022-07-05T15:17:46+01:00 set_scene S-365 - command=49 room=50 Front_Porch_PIR channel=0 scene=1
2022-07-05T15:20:50+01:00 set_scene S-362 - command=49 room=50 Front_Porch_PIR channel=0 scene=0
2022-07-05T15:20:52+01:00 set_scene S-362 - command=49 room=50 Front_Porch_PIR channel=0 scene=1
2022-07-05T15:23:58+01:00 set_scene S-358 - command=49 room=50 Front_Porch_PIR channel=0 scene=0
2022-07-05T16:41:50+01:00 set_scene S-281 I command=49 room=23 Spa_Bathroom channel=0 scene=0
2022-07-05T19:31:14+01:00 set_scene S-111 I command=49 room=06 Study channel=0 scene=0
2022-07-05T20:14:20+01:00 set_scene S-068 I command=49 room=06 Study channel=0 scene=1
2022-07-05T20:22:02+01:00 set_scene S-060 - command=49 room=50 Front_Porch_PIR channel=0 scene=0
2022-07-05T21:07:30+01:00 set_scene S-015 - command=49 room=50 Front_Porch_PIR channel=0 scene=0
2022-07-05T21:09:59+01:00 set_scene S-012 I command=49 room=09 Hall channel=0 scene=2
2022-07-05T21:18:00+01:00 set_scene S-004 - command=49 room=32 Gate_Lights channel=0 scene=1
2022-07-05T21:18:00+01:00 set_scene S-004 - command=49 room=33 Front_Entrance_Pillars channel=0 scene=1
2022-07-05T21:18:25+01:00 set_scene S-004 - command=49 room=50 Front_Porch_PIR channel=0 scene=1
2022-07-05T21:18:43+01:00 set_scene S-004 - command=49 room=50 Front_Porch_PIR channel=0 scene=1
2022-07-05T21:21:31+01:00 set_scene S-001 I command=49 room=14 Kitchen channel=0 scene=1
2022-07-05T21:21:40+01:00 set_scene S-001 - command=49 room=50 Front_Porch_PIR channel=0 scene=0
2022-07-05T21:26:29+01:00 set_scene S+004 I command=49 room=23 Spa_Bathroom channel=0 scene=1
2022-07-05T21:27:32+01:00 set_scene S+005 I command=49 room=23 Spa_Bathroom channel=0 scene=0
2022-07-05T21:31:35+01:00 set_scene S+009 I command=49 room=05 Living_Room channel=0 scene=1
2022-07-05T21:45:25+01:00 set_scene S+023 - command=49 room=50 Front_Porch_PIR channel=0 scene=0
2022-07-05T22:04:47+01:00 set_scene S+042 I command=49 room=14 Kitchen channel=0 scene=4
2022-07-05T22:04:47+01:00 set_scene S+042 I command=49 room=14 Kitchen channel=0 scene=0
2022-07-05T22:04:48+01:00 set_scene S+042 I command=49 room=15 Kitchen_Lounge channel=0 scene=0
2022-07-05T22:04:48+01:00 set_scene S+042 I command=49 room=15 Kitchen_Lounge channel=0 scene=0
2022-07-05T22:11:58+01:00 set_scene S+050 I command=49 room=21 Master_Bed channel=0 scene=2
2022-07-05T22:12:43+01:00 set_scene S+050 I command=49 room=21 Master_Bed channel=0 scene=0
2022-07-05T22:13:08+01:00 set_scene S+051 I command=49 room=14 Kitchen channel=0 scene=2
2022-07-05T22:16:58+01:00 set_scene S+055 I command=49 room=14 Kitchen channel=0 scene=0
2022-07-05T22:16:58+01:00 set_scene S+055 I command=49 room=15 Kitchen_Lounge channel=0 scene=0
2022-07-05T22:16:58+01:00 set_scene S+055 I command=49 room=15 Kitchen_Lounge channel=0 scene=0
2022-07-05T22:40:42+01:00 set_scene S+078 I command=49 room=14 Kitchen channel=0 scene=3
2022-07-05T22:43:10+01:00 set_scene S+081 I command=49 room=14 Kitchen channel=0 scene=0
2022-07-05T22:43:11+01:00 set_scene S+081 I command=49 room=15 Kitchen_Lounge channel=0 scene=0
2022-07-05T22:43:11+01:00 set_scene S+081 I command=49 room=15 Kitchen_Lounge channel=0 scene=0
2022-07-05T23:07:35+01:00 set_scene S+105 I command=49 room=14 Kitchen channel=0 scene=1
2022-07-05T23:07:41+01:00 set_scene S+105 I command=49 room=05 Living_Room channel=0 scene=0
2022-07-05T23:09:42+01:00 set_scene S+107 I command=49 room=14 Kitchen channel=0 scene=0
2022-07-05T23:09:43+01:00 set_scene S+107 I command=49 room=15 Kitchen_Lounge channel=0 scene=0
2022-07-05T23:09:43+01:00 set_scene S+107 I command=49 room=15 Kitchen_Lounge channel=0 scene=0
2022-07-05T23:10:41+01:00 set_scene S+108 I command=49 room=21 Master_Bed channel=0 scene=2
2022-07-05T23:12:44+01:00 set_scene S+110 I command=49 room=22 MBed_EnSuite channel=0 scene=1
2022-07-05T23:23:17+01:00 set_scene S+121 I command=49 room=23 Spa_Bathroom channel=0 scene=1
2022-07-05T23:27:26+01:00 set_scene S+125 I command=49 room=23 Spa_Bathroom channel=0 scene=0
2022-07-05T23:33:30+01:00 set_scene S+131 I command=49 room=22 MBed_EnSuite channel=0 scene=0
2022-07-05T23:38:05+01:00 set_scene S+136 I command=49 room=21 Master_Bed channel=0 scene=0
2022-07-05T23:39:02+01:00 set_scene S+137 I command=49 room=23 Spa_Bathroom channel=0 scene=1
2022-07-05T23:39:45+01:00 set_scene S+137 I command=49 room=23 Spa_Bathroom channel=0 scene=0
2022-07-05T23:48:09+01:00 set_scene S+146 I command=49 room=22 MBed_EnSuite channel=0 scene=3
2022-07-05T23:48:12+01:00 set_scene S+146 I command=49 room=22 MBed_EnSuite channel=0 scene=4
2022-07-05T23:51:27+01:00 set_scene S+149 I command=49 room=22 MBed_EnSuite channel=0 scene=0
