2022-07-03T00:00:03+01:00 set_scene R-284 I command=49 room=22 MBed_EnSuite channel=0 scene=2
2022-07-03T00:00:06+01:00 set_scene R-284 I command=49 room=22 MBed_EnSuite channel=0 scene=4
2022-07-03T00:11:29+01:00 set_scene R-272 I command=49 room=22 MBed_EnSuite channel=0 scene=0
2022-07-03T00:12:33+01:00 set_scene R-271 I command=49 room=21 Master_Bed channel=0 scene=0
2022-07-03T00:28:37+01:00 set_scene R-255 I command=49 room=22 MBed_EnSuite channel=0 scene=4
2022-07-03T00:30:01+01:00 set_scene R-254 - command=49 room=32 Gate_Lights channel=0 scene=0
2022-07-03T00:30:02+01:00 set_scene R-254 - command=49 room=33 Front_Entrance_Pillars channel=0 scene=0
2022-07-03T00:30:02+01:00 set_scene R-254 - command=49 room=34 Kitchen_External channel=0 scene=0
2022-07-03T00:30:02+01:00 set_scene R-254 - command=49 room=35 Garden_Path channel=0 scene=0
2022-07-03T00:30:03+01:00 set_scene R-254 - command=49 room=36 Garden_Flower_Beds channel=0 scene=0
2022-07-03T00:31:18+01:00 set_scene R-252 I command=49 room=22 MBed_EnSuite channel=0 scene=0
2022-07-03T03:56:59+01:00 set_scene R-047 I command=49 room=05 Living_Room channel=0 scene=0
2022-07-03T03:57:14+01:00 set_scene R-046 I command=49 room=14 Kitchen channel=0 scene=3
2022-07-03T03:57:49+01:00 set_scene R-046 I command=49 room=14 Kitchen channel=0 scene=0
2022-07-03T03:57:49+01:00 set_scene R-046 I command=49 room=15 Kitchen_Lounge channel=0 scene=0
2022-07-03T03:57:50+01:00 set_scene R-046 I command=49 room=15 Kitchen_Lounge channel=0 scene=0
2022-07-03T03:58:17+01:00 set_scene R-045 I command=49 room=09 Hall channel=0 scene=0
2022-07-03T03:58:41+01:00 set_scene R-045 - command=49 room=52 Alarm_Interface channel=0 scene=4
2022-07-03T03:58:41+01:00 alarm_set
2022-07-03T04:06:05+01:00 set_scene R-038 - command=49 room=50 Front_Porch_PIR channel=0 scene=1
2022-07-03T04:09:02+01:00 set_scene R-035 - command=49 room=50 Front_Porch_PIR channel=0 scene=0
2022-07-03T06:09:41+01:00 set_scene R+086 - command=49 room=52 Alarm_Interface channel=0 scene=0
2022-07-03T06:09:41+01:00 alarm_unset
2022-07-03T09:24:23+01:00 set_scene R+281 I command=49 room=23 Spa_Bathroom channel=0 scene=1
2022-07-03T09:36:03+01:00 set_scene R+292 I command=49 room=23 Spa_Bathroom channel=0 scene=0
2022-07-03T10:02:41+01:00 set_scene R+319 - command=49 room=50 Front_Porch_PIR channel=0 scene=1
2022-07-03T10:05:14+01:00 set_scene R+321 I command=49 room=21 Master_Bed channel=0 scene=2
2022-07-03T10:05:46+01:00 set_scene R+322 - command=49 room=50 Front_Porch_PIR channel=0 scene=0
2022-07-03T10:35:42+01:00 set_scene R+352 I command=49 room=21 Master_Bed channel=0 scene=0
2022-07-03T11:59:42+01:00 set_scene R+436 - command=49 room=50 Front_Porch_PIR channel=0 scene=1
2022-07-03T11:59:46+01:00 set_scene R+436 - command=49 room=50 Front_Porch_PIR channel=0 scene=1
2022-07-03T12:00:00+01:00 set_scene R+436 - command=49 room=50 Front_Porch_PIR channel=0 scene=1
2022-07-03T12:00:14+01:00 set_scene R+436 - command=49 room=50 Front_Porch_PIR channel=0 scene=1
2022-07-03T12:03:18+01:00 set_scene R+440 - command=49 room=50 Front_Porch_PIR channel=0 scene=0
2022-07-03T14:20:49+01:00 set_scene S-423 I command=49 room=07 Dining_Room channel=0 scene=1
2022-07-03T14:50:54+01:00 set_scene S-393 I command=49 room=09 Hall channel=0 scene=2
2022-07-03T14:54:41+01:00 set_scene S-389 - command=49 room=50 Front_Porch_PIR channel=0 scene=1
2022-07-03T14:56:44+01:00 set_scene S-387 - command=49 room=50 Front_Porch_PIR channel=0 scene=1
2022-07-03T14:56:58+01:00 set_scene S-386 - command=49 room=50 Front_Porch_PIR channel=0 scene=1
2022-07-03T15:00:03+01:00 set_scene S-383 - command=49 room=50 Front_Porch_PIR channel=0 scene=0
2022-07-03T16:24:52+01:00 set_scene S-299 I command=49 room=07 Dining_Room channel=0 scene=0
2022-07-03T16:43:25+01:00 set_scene S-280 I command=49 room=22 MBed_EnSuite channel=0 scene=1
2022-07-03T16:55:44+01:00 set_scene S-268 I command=49 room=22 MBed_EnSuite channel=0 scene=0
2022-07-03T17:38:24+01:00 set_scene S-225 - command=49 room=50 Front_Porch_PIR channel=0 scene=1
2022-07-03T17:38:27+01:00 set_scene S-225 - command=49 room=50 Front_Porch_PIR channel=0 scene=1
2022-07-03T17:41:30+01:00 set_scene S-222 - command=49 room=50 Front_Porch_PIR channel=0 scene=0
2022-07-03T18:19:20+01:00 set_scene S-184 I command=49 room=21 Master_Bed channel=0 scene=0
2022-07-03T18:28:02+01:00 set_scene S-175 - command=49 room=50 Front_Porch_PIR channel=0 scene=1
2022-07-03T18:28:21+01:00 set_scene S-175 - command=49 room=50 Front_Porch_PIR channel=0 scene=1
2022-07-03T18:28:40+01:00 set_scene S-175 - command=49 room=50 Front_Porch_PIR channel=0 scene=1
2022-07-03T18:28:53+01:00 set_scene S-175 - command=49 room=50 Front_Porch_PIR channel=0 scene=1
2022-07-03T18:28:54+01:00 set_scene S-175 I command=49 room=09 Hall channel=0 scene=0
2022-07-03T18:32:01+01:00 set_scene S-171 - command=49 room=50 Front_Porch_PIR channel=0 scene=0
2022-07-03T18:54:36+01:00 set_scene S-149 I command=49 room=23 Spa_Bathroom channel=0 scene=1
2022-07-03T18:55:24+01:00 set_scene S-148 I command=49 room=23 Spa_Bathroom channel=0 scene=4
2022-07-03T18:55:25+01:00 set_scene S-148 I command=49 room=23 Spa_Bathroom channel=0 scene=4
2022-07-03T19:44:40+01:00 set_scene S-099 - command=49 room=50 Front_Porch_PIR channel=0 scene=1
2022-07-03T19:44:58+01:00 set_scene S-098 - command=49 room=50 Front_Porch_PIR channel=0 scene=1
2022-07-03T19:48:00+01:00 set_scene S-095 - command=49 room=50 Front_Porch_PIR channel=0 scene=0
2022-07-03T21:16:57+01:00 set_scene S-006 I command=49 room=23 Spa_Bathroom channel=0 scene=1
2022-07-03T21:17:41+01:00 set_scene S-006 I command=49 room=23 Spa_Bathroom channel=0 scene=0
2022-07-03T21:18:00+01:00 set_scene S-005 - command=49 room=32 Gate_Lights channel=0 scene=1
2022-07-03T21:18:01+01:00 set_scene S-005 - command=49 room=33 Front_Entrance_Pillars channel=0 scene=1
2022-07-03T22:16:00+01:00 set_scene S+053 I command=49 room=14 Kitchen channel=0 scene=1
2022-07-03T22:16:42+01:00 set_scene S+053 I command=49 room=14 Kitchen channel=0 scene=0
2022-07-03T22:16:43+01:00 set_scene S+053 I command=49 room=15 Kitchen_Lounge channel=0 scene=0
2022-07-03T22:16:43+01:00 set_scene S+053 I command=49 room=15 Kitchen_Lounge channel=0 scene=0
2022-07-03T22:16:43+01:00 set_scene S+053 I command=49 room=14 Kitchen channel=0 scene=0
2022-07-03T22:16:44+01:00 set_scene S+053 I command=49 room=15 Kitchen_Lounge channel=0 scene=0
2022-07-03T22:16:44+01:00 set_scene S+053 I command=49 room=15 Kitchen_Lounge channel=0 scene=0
2022-07-03T22:16:52+01:00 set_scene S+053 I command=49 room=09 Hall channel=0 scene=1
2022-07-03T22:17:40+01:00 set_scene S+054 I command=49 room=14 Kitchen channel=0 scene=1
2022-07-03T22:18:09+01:00 set_scene S+055 I command=49 room=14 Kitchen channel=0 scene=0
2022-07-03T22:18:09+01:00 set_scene S+055 I command=49 room=15 Kitchen_Lounge channel=0 scene=0
2022-07-03T22:18:10+01:00 set_scene S+055 I command=49 room=15 Kitchen_Lounge channel=0 scene=0
2022-07-03T22:19:35+01:00 set_scene S+056 - command=49 room=50 Front_Porch_PIR channel=0 scene=0
2022-07-03T22:23:59+01:00 set_scene S+061 I command=49 room=14 Kitchen channel=0 scene=1
2022-07-03T22:24:10+01:00 set_scene S+061 I command=49 room=14 Kitchen channel=0 scene=0
2022-07-03T22:24:10+01:00 set_scene S+061 I command=49 room=15 Kitchen_Lounge channel=0 scene=0
2022-07-03T22:24:11+01:00 set_scene S+061 I command=49 room=15 Kitchen_Lounge channel=0 scene=0
2022-07-03T22:56:48+01:00 set_scene S+093 I command=49 room=14 Kitchen channel=0 scene=1
2022-07-03T22:57:21+01:00 set_scene S+094 I command=49 room=14 Kitchen channel=0 scene=0
2022-07-03T22:57:21+01:00 set_scene S+094 I command=49 room=15 Kitchen_Lounge channel=0 scene=0
2022-07-03T22:57:22+01:00 set_scene S+094 I command=49 room=15 Kitchen_Lounge channel=0 scene=0
2022-07-03T23:02:25+01:00 set_scene S+099 I command=49 room=23 Spa_Bathroom channel=0 scene=1
2022-07-03T23:03:17+01:00 set_scene S+100 I command=49 room=23 Spa_Bathroom channel=0 scene=0
2022-07-03T23:09:01+01:00 set_scene S+106 I command=49 room=21 Master_Bed channel=0 scene=1
2022-07-03T23:09:12+01:00 set_scene S+106 I command=49 room=22 MBed_EnSuite channel=0 scene=1
2022-07-03T23:12:13+01:00 set_scene S+109 I command=49 room=22 MBed_EnSuite channel=0 scene=0
2022-07-03T23:12:21+01:00 set_scene S+109 I command=49 room=21 Master_Bed channel=0 scene=0
2022-07-03T23:15:36+01:00 set_scene S+112 I command=49 room=14 Kitchen channel=0 scene=1
2022-07-03T23:16:13+01:00 set_scene S+113 I command=49 room=14 Kitchen channel=0 scene=0
2022-07-03T23:16:13+01:00 set_scene S+113 I command=49 room=15 Kitchen_Lounge channel=0 scene=0
2022-07-03T23:16:14+01:00 set_scene S+113 I command=49 room=15 Kitchen_Lounge channel=0 scene=0
2022-07-03T23:17:33+01:00 set_scene S+114 I command=49 room=23 Spa_Bathroom channel=0 scene=1
2022-07-03T23:22:42+01:00 set_scene S+119 I command=49 room=23 Spa_Bathroom channel=0 scene=4
2022-07-03T23:22:42+01:00 set_scene S+119 I command=49 room=23 Spa_Bathroom channel=0 scene=0
2022-07-03T23:24:00+01:00 set_scene S+121 - command=49 room=50 Front_Porch_PIR channel=0 scene=1
2022-07-03T23:24:15+01:00 set_scene S+121 - command=49 room=50 Front_Porch_PIR channel=0 scene=1
2022-07-03T23:24:34+01:00 set_scene S+121 I command=49 room=14 Kitchen channel=0 scene=3
2022-07-03T23:27:12+01:00 set_scene S+124 - command=49 room=50 Front_Porch_PIR channel=0 scene=0
2022-07-03T23:28:53+01:00 set_scene S+125 I command=49 room=15 Kitchen_Lounge channel=0 scene=0
2022-07-03T23:29:01+01:00 set_scene S+126 I command=49 room=14 Kitchen channel=0 scene=0
2022-07-03T23:29:01+01:00 set_scene S+126 I command=49 room=15 Kitchen_Lounge channel=0 scene=0
2022-07-03T23:29:01+01:00 set_scene S+126 I command=49 room=15 Kitchen_Lounge channel=0 scene=0
2022-07-03T23:30:25+01:00 set_scene S+127 I command=49 room=05 Living_Room channel=0 scene=2
2022-07-03T23:33:43+01:00 set_scene S+130 I command=49 room=21 Master_Bed channel=0 scene=2
2022-07-03T23:35:55+01:00 set_scene S+132 I command=49 room=22 MBed_EnSuite channel=0 scene=3
2022-07-03T23:44:54+01:00 set_scene S+141 I command=49 room=22 MBed_EnSuite channel=0 scene=0
2022-07-03T23:47:30+01:00 set_scene S+144 I command=49 room=21 Master_Bed channel=0 scene=0
2022-07-03T23:57:20+01:00 set_scene S+154 I command=49 room=22 MBed_EnSuite channel=0 scene=4
2022-07-03T23:58:36+01:00 set_scene S+155 I command=49 room=22 MBed_EnSuite channel=0 scene=0
