2022-07-01T00:06:08+01:00 set_scene R-276 I command=49 room=14 Kitchen channel=0 scene=3
2022-07-01T00:06:34+01:00 set_scene R-276 I command=49 room=14 Kitchen channel=0 scene=0
2022-07-01T00:06:34+01:00 set_scene R-276 I command=49 room=15 Kitchen_Lounge channel=0 scene=0
2022-07-01T00:06:35+01:00 set_scene R-276 I command=49 room=15 Kitchen_Lounge channel=0 scene=0
2022-07-01T00:08:09+01:00 set_scene R-274 - command=49 room=50 Front_Porch_PIR channel=0 scene=0
2022-07-01T00:30:00+01:00 set_scene R-252 - command=49 room=32 Gate_Lights channel=0 scene=0
2022-07-01T00:30:01+01:00 set_scene R-252 - command=49 room=33 Front_Entrance_Pillars channel=0 scene=0
2022-07-01T00:30:01+01:00 set_scene R-252 - command=49 room=34 Kitchen_External channel=0 scene=0
2022-07-01T00:30:01+01:00 set_scene R-252 - command=49 room=35 Garden_Path channel=0 scene=0
2022-07-01T00:30:02+01:00 set_scene R-252 - command=49 room=36 Garden_Flower_Beds channel=0 scene=0
2022-07-01T01:32:18+01:00 set_scene R-190 I command=49 room=05 Living_Room channel=0 scene=0
2022-07-01T01:32:36+01:00 set_scene R-190 I command=49 room=09 Hall channel=0 scene=0
2022-07-01T01:33:00+01:00 set_scene R-189 - command=49 room=52 Alarm_Interface channel=0 scene=4
2022-07-01T01:33:00+01:00 alarm_set
2022-07-01T01:50:21+01:00 set_scene R-172 - command=49 room=50 Front_Porch_PIR channel=0 scene=1
2022-07-01T01:53:19+01:00 set_scene R-169 - command=49 room=50 Front_Porch_PIR channel=0 scene=0
2022-07-01T06:09:42+01:00 set_scene R+087 - command=49 room=52 Alarm_Interface channel=0 scene=0
2022-07-01T06:09:42+01:00 alarm_unset
2022-07-01T08:01:08+01:00 set_scene R+199 - command=49 room=50 Front_Porch_PIR channel=0 scene=1
2022-07-01T08:04:15+01:00 set_scene R+202 - command=49 room=50 Front_Porch_PIR channel=0 scene=0
2022-07-01T08:05:01+01:00 set_scene R+203 I command=49 room=21 Master_Bed channel=0 scene=2
2022-07-01T08:20:55+01:00 set_scene R+219 I command=49 room=21 Master_Bed channel=0 scene=0
2022-07-01T08:24:40+01:00 set_scene R+222 - command=49 room=50 Front_Porch_PIR channel=0 scene=1
2022-07-01T08:24:42+01:00 set_scene R+222 - command=49 room=50 Front_Porch_PIR channel=0 scene=1
2022-07-01T08:27:47+01:00 set_scene R+226 - command=49 room=50 Front_Porch_PIR channel=0 scene=0
2022-07-01T09:46:07+01:00 set_scene R+304 - command=49 room=50 Front_Porch_PIR channel=0 scene=1
2022-07-01T09:49:13+01:00 set_scene R+307 - command=49 room=50 Front_Porch_PIR channel=0 scene=0
2022-07-01T10:32:33+01:00 set_scene R+350 - command=49 room=50 Front_Porch_PIR channel=0 scene=1
2022-07-01T10:32:37+01:00 set_scene R+350 - command=49 room=50 Front_Porch_PIR channel=0 scene=1
2022-07-01T10:35:48+01:00 set_scene R+354 - command=49 room=50 Front_Porch_PIR channel=0 scene=0
2022-07-01T11:20:34+01:00 set_scene R+398 I command=49 room=21 Master_Bed channel=0 scene=1
2022-07-01T11:23:50+01:00 set_scene R+402 I command=49 room=21 Master_Bed channel=0 scene=0
2022-07-01T11:27:03+01:00 set_scene R+405 - command=49 room=50 Front_Porch_PIR channel=0 scene=1
2022-07-01T11:30:09+01:00 set_scene R+408 - command=49 room=50 Front_Porch_PIR channel=0 scene=0
2022-07-01T11:49:43+01:00 set_scene R+427 - command=49 room=50 Front_Porch_PIR channel=0 scene=1
2022-07-01T11:52:57+01:00 set_scene R+431 - command=49 room=50 Front_Porch_PIR channel=0 scene=0
2022-07-01T11:54:48+01:00 set_scene R+433 - command=49 room=52 Alarm_Interface channel=0 scene=4
2022-07-01T11:54:48+01:00 alarm_set
2022-07-01T13:08:02+01:00 set_scene S-496 - command=49 room=50 Front_Porch_PIR channel=0 scene=1
2022-07-01T13:11:13+01:00 set_scene S-493 - command=49 room=50 Front_Porch_PIR channel=0 scene=0
2022-07-01T13:33:35+01:00 set_scene S-471 - command=49 room=50 Front_Porch_PIR channel=0 scene=1
2022-07-01T13:33:37+01:00 set_scene S-471 - command=49 room=50 Front_Porch_PIR channel=0 scene=1
2022-07-01T13:36:44+01:00 set_scene S-467 - command=49 room=50 Front_Porch_PIR channel=0 scene=0
2022-07-01T16:10:09+01:00 set_scene S-314 - command=49 room=50 Front_Porch_PIR channel=0 scene=1
2022-07-01T16:10:30+01:00 set_scene S-314 - command=49 room=50 Front_Porch_PIR channel=0 scene=1
2022-07-01T16:10:36+01:00 set_scene S-314 - command=49 room=52 Alarm_Interface channel=0 scene=1
2022-07-01T16:10:36+01:00 alarm_sounding
2022-07-01T16:10:38+01:00 set_scene S-314 - command=49 room=52 Alarm_Interface channel=0 scene=0
2022-07-01T16:10:38+01:00 alarm_unset
2022-07-01T16:10:44+01:00 set_scene S-313 - command=49 room=50 Front_Porch_PIR channel=0 scene=1
2022-07-01T16:13:44+01:00 set_scene S-310 - command=49 room=50 Front_Porch_PIR channel=0 scene=0
2022-07-01T16:41:10+01:00 set_scene S-283 I command=49 room=21 Master_Bed channel=0 scene=0
2022-07-01T18:23:04+01:00 set_scene S-181 I command=49 room=06 Study channel=0 scene=1
2022-07-01T18:45:05+01:00 set_scene S-159 - command=49 room=50 Front_Porch_PIR channel=0 scene=1
2022-07-01T18:45:09+01:00 set_scene S-159 - command=49 room=50 Front_Porch_PIR channel=0 scene=1
2022-07-01T18:45:12+01:00 set_scene S-159 - command=49 room=50 Front_Porch_PIR channel=0 scene=1
2022-07-01T18:48:11+01:00 set_scene S-156 - command=49 room=50 Front_Porch_PIR channel=0 scene=0
2022-07-01T19:54:09+01:00 set_scene S-090 - command=49 room=50 Front_Porch_PIR channel=0 scene=0
2022-07-01T20:13:00+01:00 set_scene S-071 I command=49 room=06 Study channel=0 scene=4
2022-07-01T20:13:00+01:00 set_scene S-071 I command=49 room=06 Study channel=0 scene=0
2022-07-01T20:38:16+01:00 set_scene S-046 I command=49 room=21 Master_Bed channel=0 scene=2
2022-07-01T20:44:26+01:00 set_scene S-040 I command=49 room=22 MBed_EnSuite channel=0 scene=0
2022-07-01T20:45:42+01:00 set_scene S-039 I command=49 room=21 Master_Bed channel=0 scene=0
2022-07-01T20:46:11+01:00 set_scene S-038 I command=49 room=09 Hall channel=0 scene=2
2022-07-01T20:53:01+01:00 set_scene S-031 - command=49 room=50 Front_Porch_PIR channel=0 scene=0
2022-07-01T20:55:51+01:00 set_scene S-028 - command=49 room=50 Front_Porch_PIR channel=0 scene=1
2022-07-01T20:59:00+01:00 set_scene S-025 - command=49 room=50 Front_Porch_PIR channel=0 scene=0
2022-07-01T21:20:00+01:00 set_scene S-004 - command=49 room=32 Gate_Lights channel=0 scene=1
2022-07-01T21:20:01+01:00 set_scene S-004 - command=49 room=33 Front_Entrance_Pillars channel=0 scene=1
2022-07-01T21:31:52+01:00 set_scene S+008 I command=49 room=23 Spa_Bathroom channel=0 scene=1
2022-07-01T21:32:39+01:00 set_scene S+008 I command=49 room=23 Spa_Bathroom channel=0 scene=0
2022-07-01T22:48:51+01:00 set_scene S+085 I command=49 room=14 Kitchen channel=0 scene=1
2022-07-01T22:57:38+01:00 set_scene S+093 I command=49 room=14 Kitchen channel=0 scene=0
2022-07-01T22:57:39+01:00 set_scene S+093 I command=49 room=15 Kitchen_Lounge channel=0 scene=0
2022-07-01T22:57:39+01:00 set_scene S+093 I command=49 room=15 Kitchen_Lounge channel=0 scene=0
2022-07-01T22:58:59+01:00 set_scene S+095 I command=49 room=10 Landing channel=0 scene=1
2022-07-01T23:05:48+01:00 set_scene S+102 I command=49 room=21 Master_Bed channel=0 scene=1
2022-07-01T23:05:55+01:00 set_scene S+102 I command=49 room=22 MBed_EnSuite channel=0 scene=1
2022-07-01T23:05:56+01:00 set_scene S+102 I command=49 room=22 MBed_EnSuite channel=0 scene=1
2022-07-01T23:08:12+01:00 set_scene S+104 - command=49 room=50 Front_Porch_PIR channel=0 scene=1
2022-07-01T23:09:28+01:00 set_scene S+105 I command=49 room=05 Living_Room channel=0 scene=2
2022-07-01T23:09:53+01:00 set_scene S+106 I command=49 room=22 MBed_EnSuite channel=0 scene=0
2022-07-01T23:09:59+01:00 set_scene S+106 I command=49 room=21 Master_Bed channel=0 scene=0
2022-07-01T23:11:49+01:00 set_scene S+108 - command=49 room=50 Front_Porch_PIR channel=0 scene=0
2022-07-01T23:12:16+01:00 set_scene S+108 I command=49 room=14 Kitchen channel=0 scene=3
2022-07-01T23:48:20+01:00 set_scene S+144 I command=49 room=14 Kitchen channel=0 scene=0
2022-07-01T23:48:20+01:00 set_scene S+144 I command=49 room=15 Kitchen_Lounge channel=0 scene=0
2022-07-01T23:48:20+01:00 set_scene S+144 I command=49 room=15 Kitchen_Lounge channel=0 scene=0
2022-07-01T23:49:33+01:00 set_scene S+145 I command=49 room=10 Landing channel=0 scene=4
2022-07-01T23:49:36+01:00 set_scene S+145 I command=49 room=21 Master_Bed channel=0 scene=2
2022-07-01T23:55:53+01:00 set_scene S+152 I command=49 room=22 MBed_EnSuite channel=0 scene=2
