2022-07-02T00:01:38+01:00 set_scene R-281 I command=49 room=22 MBed_EnSuite channel=0 scene=0
2022-07-02T00:02:13+01:00 set_scene R-281 I command=49 room=21 Master_Bed channel=0 scene=0
2022-07-02T00:14:13+01:00 set_scene R-269 I command=49 room=22 MBed_EnSuite channel=0 scene=3
2022-07-02T00:15:39+01:00 set_scene R-267 I command=49 room=22 MBed_EnSuite channel=0 scene=0
2022-07-02T00:16:52+01:00 set_scene R-266 I command=49 room=14 Kitchen channel=0 scene=2
2022-07-02T00:18:42+01:00 set_scene R-264 - command=49 room=50 Front_Porch_PIR channel=0 scene=0
2022-07-02T00:19:27+01:00 set_scene R-264 I command=49 room=14 Kitchen channel=0 scene=0
2022-07-02T00:19:27+01:00 set_scene R-264 I command=49 room=15 Kitchen_Lounge channel=0 scene=0
2022-07-02T00:19:28+01:00 set_scene R-264 I command=49 room=15 Kitchen_Lounge channel=0 scene=0
2022-07-02T00:30:00+01:00 set_scene R-253 - command=49 room=32 Gate_Lights channel=0 scene=0
2022-07-02T00:30:00+01:00 set_scene R-253 - command=49 room=33 Front_Entrance_Pillars channel=0 scene=0
2022-07-02T00:30:01+01:00 set_scene R-253 - command=49 room=34 Kitchen_External channel=0 scene=0
2022-07-02T00:30:01+01:00 set_scene R-253 - command=49 room=35 Garden_Path channel=0 scene=0
2022-07-02T00:30:01+01:00 set_scene R-253 - command=49 room=36 Garden_Flower_Beds channel=0 scene=0
2022-07-02T01:19:41+01:00 set_scene R-203 I command=49 room=05 Living_Room channel=0 scene=0
2022-07-02T01:20:24+01:00 set_scene R-203 I command=49 room=09 Hall channel=0 scene=0
2022-07-02T01:20:51+01:00 set_scene R-202 I command=49 room=10 Landing channel=0 scene=0
2022-07-02T09:31:03+01:00 set_scene R+288 - command=49 room=50 Front_Porch_PIR channel=0 scene=1
2022-07-02T09:34:09+01:00 set_scene R+291 - command=49 room=50 Front_Porch_PIR channel=0 scene=0
2022-07-02T09:52:27+01:00 set_scene R+309 I command=49 room=21 Master_Bed channel=0 scene=2
2022-07-02T10:31:51+01:00 set_scene R+349 I command=49 room=21 Master_Bed channel=0 scene=0
2022-07-02T10:53:36+01:00 set_scene R+371 - command=49 room=50 Front_Porch_PIR channel=0 scene=1
2022-07-02T10:56:44+01:00 set_scene R+374 - command=49 room=50 Front_Porch_PIR channel=0 scene=0
2022-07-02T11:30:49+01:00 set_scene R+408 - command=49 room=50 Front_Porch_PIR channel=0 scene=1
2022-07-02T11:30:55+01:00 set_scene R+408 - command=49 room=50 Front_Porch_PIR channel=0 scene=1
2022-07-02T11:32:57+01:00 set_scene R+410 - command=49 room=50 Front_Porch_PIR channel=0 scene=1
2022-07-02T11:36:09+01:00 set_scene R+413 - command=49 room=50 Front_Porch_PIR channel=0 scene=0
2022-07-02T11:44:33+01:00 set_scene R+422 I command=49 room=23 Spa_Bathroom channel=0 scene=0
2022-07-02T11:59:19+01:00 set_scene R+436 - command=49 room=50 Front_Porch_PIR channel=0 scene=1
2022-07-02T11:59:22+01:00 set_scene R+436 - command=49 room=50 Front_Porch_PIR channel=0 scene=1
2022-07-02T12:02:27+01:00 set_scene R+439 - command=49 room=50 Front_Porch_PIR channel=0 scene=0
2022-07-02T12:40:10+01:00 set_scene R+477 I command=49 room=21 Master_Bed channel=0 scene=1
2022-07-02T12:48:51+01:00 set_scene R+486 I command=49 room=21 Master_Bed channel=0 scene=0
2022-07-02T13:56:05+01:00 set_scene S-448 I command=49 room=07 Dining_Room channel=0 scene=1
2022-07-02T14:22:22+01:00 set_scene S-421 I command=49 room=07 Dining_Room channel=0 scene=0
2022-07-02T14:35:26+01:00 set_scene S-408 - command=49 room=50 Front_Porch_PIR channel=0 scene=1
2022-07-02T14:38:37+01:00 set_scene S-405 - command=49 room=50 Front_Porch_PIR channel=0 scene=0
2022-07-02T15:16:48+01:00 set_scene S-367 I command=49 room=21 Master_Bed channel=0 scene=1
2022-07-02T15:16:53+01:00 set_scene S-367 I command=49 room=22 MBed_EnSuite channel=0 scene=1
2022-07-02T15:42:59+01:00 set_scene S-341 I command=49 room=22 MBed_EnSuite channel=0 scene=0
2022-07-02T15:43:11+01:00 set_scene S-341 I command=49 room=21 Master_Bed channel=0 scene=0
2022-07-02T15:49:31+01:00 set_scene S-334 - command=49 room=50 Front_Porch_PIR channel=0 scene=1
2022-07-02T15:50:07+01:00 set_scene S-334 - command=49 room=50 Front_Porch_PIR channel=0 scene=1
2022-07-02T15:50:12+01:00 set_scene S-334 - command=49 room=50 Front_Porch_PIR channel=0 scene=1
2022-07-02T15:50:23+01:00 set_scene S-333 - command=49 room=50 Front_Porch_PIR channel=0 scene=1
2022-07-02T15:53:21+01:00 set_scene S-331 - command=49 room=50 Front_Porch_PIR channel=0 scene=0
2022-07-02T16:02:30+01:00 set_scene S-321 I command=49 room=23 Spa_Bathroom channel=0 scene=0
2022-07-02T16:56:32+01:00 set_scene S-267 I command=49 room=07 Dining_Room channel=0 scene=1
2022-07-02T17:31:40+01:00 set_scene S-232 I command=49 room=14 Kitchen channel=0 scene=2
2022-07-02T18:42:02+01:00 set_scene S-162 - command=49 room=50 Front_Porch_PIR channel=0 scene=1
2022-07-02T18:42:05+01:00 set_scene S-162 - command=49 room=50 Front_Porch_PIR channel=0 scene=1
2022-07-02T18:42:19+01:00 set_scene S-162 - command=49 room=50 Front_Porch_PIR channel=0 scene=1
2022-07-02T18:42:22+01:00 set_scene S-161 - command=49 room=50 Front_Porch_PIR channel=0 scene=1
2022-07-02T18:45:26+01:00 set_scene S-158 - command=49 room=50 Front_Porch_PIR channel=0 scene=0
2022-07-02T19:26:36+01:00 set_scene S-117 I command=49 room=23 Spa_Bathroom channel=0 scene=1
2022-07-02T19:28:08+01:00 set_scene S-116 I command=49 room=23 Spa_Bathroom channel=0 scene=0
2022-07-02T19:38:27+01:00 set_scene S-105 - command=49 room=50 Front_Porch_PIR channel=0 scene=0
2022-07-02T19:52:47+01:00 set_scene S-091 I command=49 room=07 Dining_Room channel=0 scene=0
2022-07-02T19:59:51+01:00 set_scene S-084 I command=49 room=17 Play_Room channel=0 scene=1
2022-07-02T20:00:30+01:00 set_scene S-083 I command=49 room=17 Play_Room channel=0 scene=0
2022-07-02T20:00:58+01:00 set_scene S-083 I command=49 room=23 Spa_Bathroom channel=0 scene=2
2022-07-02T20:00:58+01:00 set_scene S-083 I command=49 room=23 Spa_Bathroom channel=0 scene=1
2022-07-02T20:01:08+01:00 set_scene S-083 I command=49 room=23 Spa_Bathroom channel=0 scene=0
2022-07-02T20:43:47+01:00 set_scene S-040 I command=49 room=23 Spa_Bathroom channel=0 scene=1
2022-07-02T20:44:12+01:00 set_scene S-040 I command=49 room=23 Spa_Bathroom channel=0 scene=0
2022-07-02T20:51:14+01:00 set_scene S-033 - command=49 room=50 Front_Porch_PIR channel=0 scene=0
2022-07-02T20:54:22+01:00 set_scene S-029 I command=49 room=07 Dining_Room channel=0 scene=1
2022-07-02T21:20:01+01:00 set_scene S-004 - command=49 room=32 Gate_Lights channel=0 scene=1
2022-07-02T21:20:01+01:00 set_scene S-004 - command=49 room=33 Front_Entrance_Pillars channel=0 scene=1
2022-07-02T21:39:14+01:00 set_scene S+015 I command=49 room=23 Spa_Bathroom channel=0 scene=1
2022-07-02T21:40:01+01:00 set_scene S+016 I command=49 room=23 Spa_Bathroom channel=0 scene=0
2022-07-02T21:42:42+01:00 set_scene S+019 I command=49 room=07 Dining_Room channel=0 scene=0
2022-07-02T21:59:13+01:00 set_scene S+035 I command=49 room=23 Spa_Bathroom channel=0 scene=3
2022-07-02T21:59:27+01:00 set_scene S+036 I command=49 room=23 Spa_Bathroom channel=0 scene=1
2022-07-02T22:00:09+01:00 set_scene S+036 I command=49 room=23 Spa_Bathroom channel=0 scene=0
2022-07-02T22:14:40+01:00 set_scene S+051 - command=49 room=50 Front_Porch_PIR channel=0 scene=0
2022-07-02T22:38:28+01:00 set_scene S+075 I command=49 room=21 Master_Bed channel=0 scene=2
2022-07-02T22:39:45+01:00 set_scene S+076 I command=49 room=21 Master_Bed channel=0 scene=0
2022-07-02T22:39:58+01:00 set_scene S+076 I command=49 room=09 Hall channel=0 scene=4
2022-07-02T22:40:07+01:00 set_scene S+076 I command=49 room=23 Spa_Bathroom channel=0 scene=1
2022-07-02T22:41:08+01:00 set_scene S+077 I command=49 room=23 Spa_Bathroom channel=0 scene=0
2022-07-02T22:41:57+01:00 set_scene S+078 I command=49 room=17 Play_Room channel=0 scene=1
2022-07-02T22:42:06+01:00 set_scene S+078 I command=49 room=07 Dining_Room channel=0 scene=1
2022-07-02T22:42:29+01:00 set_scene S+079 I command=49 room=07 Dining_Room channel=0 scene=0
2022-07-02T23:14:26+01:00 set_scene S+111 I command=49 room=21 Master_Bed channel=0 scene=1
2022-07-02T23:14:32+01:00 set_scene S+111 I command=49 room=22 MBed_EnSuite channel=0 scene=1
2022-07-02T23:15:02+01:00 set_scene S+111 I command=49 room=17 Play_Room channel=0 scene=0
2022-07-02T23:15:37+01:00 set_scene S+112 I command=49 room=23 Spa_Bathroom channel=0 scene=1
2022-07-02T23:18:36+01:00 set_scene S+115 I command=49 room=22 MBed_EnSuite channel=0 scene=0
2022-07-02T23:18:54+01:00 set_scene S+115 I command=49 room=21 Master_Bed channel=0 scene=0
2022-07-02T23:19:06+01:00 set_scene S+115 I command=49 room=21 Master_Bed channel=0 scene=1
2022-07-02T23:19:12+01:00 set_scene S+115 I command=49 room=22 MBed_EnSuite channel=0 scene=1
2022-07-02T23:19:24+01:00 set_scene S+116 I command=49 room=22 MBed_EnSuite channel=0 scene=0
2022-07-02T23:19:34+01:00 set_scene S+116 I command=49 room=21 Master_Bed channel=0 scene=0
2022-07-02T23:21:44+01:00 set_scene S+118 I command=49 room=23 Spa_Bathroom channel=0 scene=0
2022-07-02T23:38:31+01:00 set_scene S+135 - command=49 room=50 Front_Porch_PIR channel=0 scene=0
2022-07-02T23:41:50+01:00 set_scene S+138 - command=49 room=50 Front_Porch_PIR channel=0 scene=1
2022-07-02T23:44:56+01:00 set_scene S+141 - command=49 room=50 Front_Porch_PIR channel=0 scene=0
2022-07-02T23:53:31+01:00 set_scene S+150 I command=49 room=14 Kitchen channel=0 scene=0
2022-07-02T23:53:31+01:00 set_scene S+150 I command=49 room=15 Kitchen_Lounge channel=0 scene=0
2022-07-02T23:53:32+01:00 set_scene S+150 I command=49 room=15 Kitchen_Lounge channel=0 scene=0
2022-07-02T23:54:07+01:00 set_scene S+150 I command=49 room=05 Living_Room channel=0 scene=1
2022-07-02T23:54:07+01:00 set_scene S+150 I command=49 room=05 Living_Room channel=0 scene=2
2022-07-02T23:55:10+01:00 set_scene S+151 I command=49 room=21 Master_Bed channel=0 scene=2
2022-07-02T23:57:23+01:00 set_scene S+154 - command=49 room=50 Front_Porch_PIR channel=0 scene=0
