2023-04-11T00:18:38+01:00 set_scene R-353 I command=49 room=23 Spa_Bathroom channel=0 scene=1
2023-04-11T00:22:40+01:00 set_scene R-349 I command=49 room=23 Spa_Bathroom channel=0 scene=0
2023-04-11T00:30:00+01:00 set_scene R-342 - command=49 room=32 Gate_Lights channel=0 scene=0
2023-04-11T00:30:01+01:00 set_scene R-342 - command=49 room=33 Front_Entrance_Pillars channel=0 scene=0
2023-04-11T00:30:01+01:00 set_scene R-342 - command=49 room=34 Kitchen_External channel=0 scene=0
2023-04-11T00:30:01+01:00 set_scene R-342 - command=49 room=35 Garden_Path channel=0 scene=0
2023-04-11T00:30:02+01:00 set_scene R-342 - command=49 room=36 Garden_Flower_Beds channel=0 scene=0
2023-04-11T00:58:36+01:00 set_scene R-313 I command=49 room=06 Study channel=0 scene=0
2023-04-11T00:58:46+01:00 set_scene R-313 I command=49 room=09 Hall channel=0 scene=0
2023-04-11T08:55:33+01:00 set_scene R+164 - command=49 room=50 Front_Porch_PIR channel=0 scene=1
2023-04-11T08:55:40+01:00 set_scene R+164 - command=49 room=50 Front_Porch_PIR channel=0 scene=1
2023-04-11T08:58:47+01:00 set_scene R+167 - command=49 room=50 Front_Porch_PIR channel=0 scene=0
2023-04-11T09:27:13+01:00 set_scene R+195 I command=49 room=22 MBed_EnSuite channel=0 scene=1
2023-04-11T10:03:45+01:00 set_scene R+232 I command=49 room=22 MBed_EnSuite channel=0 scene=0
2023-04-11T10:37:03+01:00 set_scene R+265 I command=49 room=06 Study channel=0 scene=2
2023-04-11T10:39:51+01:00 set_scene R+268 I command=49 room=06 Study channel=0 scene=0
2023-04-11T10:40:50+01:00 set_scene R+269 - command=49 room=50 Front_Porch_PIR channel=0 scene=0
2023-04-11T10:51:27+01:00 set_scene R+280 - command=49 room=50 Front_Porch_PIR channel=0 scene=1
2023-04-11T10:52:40+01:00 set_scene R+281 - command=49 room=50 Front_Porch_PIR channel=0 scene=1
2023-04-11T10:55:49+01:00 set_scene R+284 - command=49 room=50 Front_Porch_PIR channel=0 scene=0
2023-04-11T11:16:29+01:00 set_scene R+305 - command=49 room=50 Front_Porch_PIR channel=0 scene=1
2023-04-11T11:18:07+01:00 set_scene R+306 - command=49 room=50 Front_Porch_PIR channel=0 scene=1
2023-04-11T11:21:19+01:00 set_scene R+310 - command=49 room=50 Front_Porch_PIR channel=0 scene=0
2023-04-11T11:30:20+01:00 set_scene R+319 I command=49 room=23 Spa_Bathroom channel=0 scene=0
2023-04-11T11:48:56+01:00 set_scene R+337 - command=49 room=50 Front_Porch_PIR channel=0 scene=1
2023-04-11T11:49:00+01:00 set_scene R+337 - command=49 room=50 Front_Porch_PIR channel=0 scene=1
2023-04-11T11:49:03+01:00 set_scene R+337 - command=49 room=50 Front_Porch_PIR channel=0 scene=1
2023-04-11T11:52:05+01:00 set_scene R+340 - command=49 room=50 Front_Porch_PIR channel=0 scene=0
2023-04-11T12:08:15+01:00 set_scene R+356 - command=49 room=50 Front_Porch_PIR channel=0 scene=1
2023-04-11T12:08:24+01:00 set_scene R+357 - command=49 room=50 Front_Porch_PIR channel=0 scene=1
2023-04-11T12:08:30+01:00 set_scene R+357 - command=49 room=50 Front_Porch_PIR channel=0 scene=1
2023-04-11T12:09:00+01:00 set_scene R+357 - command=49 room=50 Front_Porch_PIR channel=0 scene=1
2023-04-11T12:11:57+01:00 set_scene R+360 - command=49 room=50 Front_Porch_PIR channel=0 scene=0
2023-04-11T12:13:32+01:00 set_scene R+362 I command=49 room=05 Living_Room channel=0 scene=1
2023-04-11T12:21:36+01:00 set_scene R+370 I command=49 room=05 Living_Room channel=0 scene=1
2023-04-11T12:21:36+01:00 set_scene R+370 - command=49 room=50 Front_Porch_PIR channel=0 scene=1
2023-04-11T12:22:47+01:00 set_scene R+371 - command=49 room=50 Front_Porch_PIR channel=0 scene=1
2023-04-11T12:25:51+01:00 set_scene R+374 - command=49 room=50 Front_Porch_PIR channel=0 scene=0
2023-04-11T12:32:59+01:00 set_scene R+381 - command=49 room=50 Front_Porch_PIR channel=0 scene=1
2023-04-11T12:33:01+01:00 set_scene R+381 - command=49 room=50 Front_Porch_PIR channel=0 scene=1
2023-04-11T12:33:11+01:00 set_scene R+381 - command=49 room=50 Front_Porch_PIR channel=0 scene=1
2023-04-11T12:33:22+01:00 set_scene R+382 - command=49 room=50 Front_Porch_PIR channel=0 scene=1
2023-04-11T12:33:29+01:00 set_scene R+382 - command=49 room=50 Front_Porch_PIR channel=0 scene=1
2023-04-11T12:33:48+01:00 set_scene R+382 I command=49 room=05 Living_Room channel=0 scene=0
2023-04-11T12:36:55+01:00 set_scene R+385 - command=49 room=50 Front_Porch_PIR channel=0 scene=0
2023-04-11T12:54:44+01:00 set_scene R+403 - command=49 room=50 Front_Porch_PIR channel=0 scene=1
2023-04-11T12:54:45+01:00 set_scene R+403 - command=49 room=50 Front_Porch_PIR channel=0 scene=1
2023-04-11T12:54:51+01:00 set_scene R+403 - command=49 room=50 Front_Porch_PIR channel=0 scene=1
2023-04-11T12:55:08+01:00 set_scene R+403 - command=49 room=50 Front_Porch_PIR channel=0 scene=1
2023-04-11T12:58:15+01:00 set_scene R+406 - command=49 room=50 Front_Porch_PIR channel=0 scene=0
2023-04-11T13:32:42+01:00 set_scene S-378 I command=49 room=06 Study channel=0 scene=1
2023-04-11T13:56:21+01:00 set_scene S-354 - command=49 room=50 Front_Porch_PIR channel=0 scene=0
2023-04-11T14:06:27+01:00 set_scene S-344 - command=49 room=50 Front_Porch_PIR channel=0 scene=1
2023-04-11T14:06:47+01:00 set_scene S-344 - command=49 room=50 Front_Porch_PIR channel=0 scene=1
2023-04-11T14:07:16+01:00 set_scene S-343 - command=49 room=50 Front_Porch_PIR channel=0 scene=1
2023-04-11T14:08:09+01:00 set_scene S-342 - command=49 room=50 Front_Porch_PIR channel=0 scene=1
2023-04-11T14:08:35+01:00 set_scene S-342 - command=49 room=50 Front_Porch_PIR channel=0 scene=1
2023-04-11T14:08:46+01:00 set_scene S-342 - command=49 room=50 Front_Porch_PIR channel=0 scene=1
2023-04-11T14:08:52+01:00 set_scene S-342 - command=49 room=50 Front_Porch_PIR channel=0 scene=1
2023-04-11T14:09:11+01:00 set_scene S-341 - command=49 room=50 Front_Porch_PIR channel=0 scene=1
2023-04-11T14:09:17+01:00 set_scene S-341 - command=49 room=50 Front_Porch_PIR channel=0 scene=1
2023-04-11T14:09:19+01:00 set_scene S-341 - command=49 room=50 Front_Porch_PIR channel=0 scene=1
2023-04-11T14:09:25+01:00 set_scene S-341 - command=49 room=50 Front_Porch_PIR channel=0 scene=1
2023-04-11T14:10:17+01:00 set_scene S-340 - command=49 room=50 Front_Porch_PIR channel=0 scene=1
2023-04-11T14:10:49+01:00 set_scene S-340 - command=49 room=50 Front_Porch_PIR channel=0 scene=1
2023-04-11T14:11:09+01:00 set_scene S-339 - command=49 room=50 Front_Porch_PIR channel=0 scene=1
2023-04-11T14:11:11+01:00 set_scene S-339 - command=49 room=50 Front_Porch_PIR channel=0 scene=1
2023-04-11T14:11:14+01:00 set_scene S-339 - command=49 room=50 Front_Porch_PIR channel=0 scene=1
2023-04-11T14:11:43+01:00 set_scene S-339 - command=49 room=50 Front_Porch_PIR channel=0 scene=1
2023-04-11T14:15:33+01:00 set_scene S-335 - command=49 room=50 Front_Porch_PIR channel=0 scene=0
2023-04-11T15:31:31+01:00 set_scene S-259 I command=49 room=17 Play_Room channel=0 scene=2
2023-04-11T15:42:08+01:00 set_scene S-248 I command=49 room=09 Hall channel=0 scene=2
2023-04-11T15:59:59+01:00 set_scene S-231 I command=49 room=17 Play_Room channel=0 scene=0
2023-04-11T17:18:34+01:00 set_scene S-152 - command=49 room=50 Front_Porch_PIR channel=0 scene=1
2023-04-11T17:21:42+01:00 set_scene S-149 - command=49 room=50 Front_Porch_PIR channel=0 scene=0
2023-04-11T17:29:45+01:00 set_scene S-141 I command=49 room=23 Spa_Bathroom channel=0 scene=3
2023-04-11T17:29:48+01:00 set_scene S-141 I command=49 room=23 Spa_Bathroom channel=0 scene=0
2023-04-11T17:31:15+01:00 set_scene S-139 I command=49 room=23 Spa_Bathroom channel=0 scene=0
2023-04-11T18:44:48+01:00 set_scene S-066 - command=49 room=50 Front_Porch_PIR channel=0 scene=0
2023-04-11T19:10:25+01:00 set_scene S-040 I command=49 room=23 Spa_Bathroom channel=0 scene=1
2023-04-11T19:11:42+01:00 set_scene S-039 I command=49 room=21 Master_Bed channel=0 scene=1
2023-04-11T19:12:18+01:00 set_scene S-038 I command=49 room=23 Spa_Bathroom channel=0 scene=0
2023-04-11T19:22:02+01:00 set_scene S-029 I command=49 room=21 Master_Bed channel=0 scene=0
2023-04-11T19:35:48+01:00 set_scene S-015 I command=49 room=21 Master_Bed channel=0 scene=2
2023-04-11T19:38:19+01:00 set_scene S-012 I command=49 room=21 Master_Bed channel=0 scene=0
2023-04-11T19:41:58+01:00 set_scene S-009 I command=49 room=23 Spa_Bathroom channel=0 scene=1
2023-04-11T19:42:03+01:00 set_scene S-008 I command=49 room=05 Living_Room channel=0 scene=2
2023-04-11T19:42:18+01:00 set_scene S-008 I command=49 room=23 Spa_Bathroom channel=0 scene=0
2023-04-11T19:42:34+01:00 set_scene S-008 I command=49 room=14 Kitchen channel=0 scene=2
2023-04-11T19:48:00+01:00 set_scene S-003 - command=49 room=32 Gate_Lights channel=0 scene=1
2023-04-11T19:48:00+01:00 set_scene S-003 - command=49 room=33 Front_Entrance_Pillars channel=0 scene=1
2023-04-11T19:53:45+01:00 set_scene S+003 I command=49 room=14 Kitchen channel=0 scene=0
2023-04-11T19:53:45+01:00 set_scene S+003 I command=49 room=15 Kitchen_Lounge channel=0 scene=0
2023-04-11T19:53:45+01:00 set_scene S+003 I command=49 room=15 Kitchen_Lounge channel=0 scene=0
2023-04-11T20:15:30+01:00 set_scene S+025 I command=49 room=14 Kitchen channel=0 scene=2
2023-04-11T20:17:03+01:00 set_scene S+027 I command=49 room=14 Kitchen channel=0 scene=0
2023-04-11T20:17:04+01:00 set_scene S+027 I command=49 room=15 Kitchen_Lounge channel=0 scene=0
2023-04-11T20:17:04+01:00 set_scene S+027 I command=49 room=15 Kitchen_Lounge channel=0 scene=0
2023-04-11T20:33:09+01:00 set_scene S+043 I command=49 room=14 Kitchen channel=0 scene=1
2023-04-11T20:33:52+01:00 set_scene S+043 I command=49 room=14 Kitchen channel=0 scene=0
2023-04-11T20:33:53+01:00 set_scene S+043 I command=49 room=15 Kitchen_Lounge channel=0 scene=0
2023-04-11T20:33:53+01:00 set_scene S+043 I command=49 room=15 Kitchen_Lounge channel=0 scene=0
2023-04-11T21:11:21+01:00 set_scene S+081 I command=49 room=14 Kitchen channel=0 scene=1
2023-04-11T21:29:22+01:00 set_scene S+099 I command=49 room=14 Kitchen channel=0 scene=0
2023-04-11T21:29:22+01:00 set_scene S+099 I command=49 room=15 Kitchen_Lounge channel=0 scene=0
2023-04-11T21:29:22+01:00 set_scene S+099 I command=49 room=15 Kitchen_Lounge channel=0 scene=0
2023-04-11T21:32:11+01:00 set_scene S+102 I command=49 room=23 Spa_Bathroom channel=0 scene=1
2023-04-11T21:33:35+01:00 set_scene S+103 I command=49 room=23 Spa_Bathroom channel=0 scene=0
2023-04-11T21:41:29+01:00 set_scene S+111 I command=49 room=23 Spa_Bathroom channel=0 scene=1
2023-04-11T21:41:54+01:00 set_scene S+111 I command=49 room=23 Spa_Bathroom channel=0 scene=0
2023-04-11T22:06:02+01:00 set_scene S+135 I command=49 room=21 Master_Bed channel=0 scene=2
2023-04-11T22:06:13+01:00 set_scene S+136 I command=49 room=22 MBed_EnSuite channel=0 scene=2
2023-04-11T22:08:49+01:00 set_scene S+138 I command=49 room=22 MBed_EnSuite channel=0 scene=0
2023-04-11T22:09:39+01:00 set_scene S+139 I command=49 room=21 Master_Bed channel=0 scene=0
2023-04-11T22:10:43+01:00 set_scene S+140 I command=49 room=14 Kitchen channel=0 scene=2
2023-04-11T22:11:53+01:00 set_scene S+141 I command=49 room=14 Kitchen channel=0 scene=0
2023-04-11T22:11:53+01:00 set_scene S+141 I command=49 room=15 Kitchen_Lounge channel=0 scene=0
2023-04-11T22:11:54+01:00 set_scene S+141 I command=49 room=15 Kitchen_Lounge channel=0 scene=0
2023-04-11T22:20:46+01:00 set_scene S+150 I command=49 room=14 Kitchen channel=0 scene=1
2023-04-11T22:25:27+01:00 set_scene S+155 I command=49 room=14 Kitchen channel=0 scene=0
2023-04-11T22:25:27+01:00 set_scene S+155 I command=49 room=15 Kitchen_Lounge channel=0 scene=0
2023-04-11T22:25:28+01:00 set_scene S+155 I command=49 room=15 Kitchen_Lounge channel=0 scene=0
2023-04-11T22:37:41+01:00 set_scene S+167 I command=49 room=09 Hall channel=0 scene=4
2023-04-11T22:39:40+01:00 set_scene S+169 - command=49 room=50 Front_Porch_PIR channel=0 scene=0
2023-04-11T22:41:21+01:00 set_scene S+171 I command=49 room=14 Kitchen channel=0 scene=1
2023-04-11T22:44:29+01:00 set_scene S+174 I command=49 room=14 Kitchen channel=0 scene=0
2023-04-11T22:44:29+01:00 set_scene S+174 I command=49 room=15 Kitchen_Lounge channel=0 scene=0
2023-04-11T22:44:30+01:00 set_scene S+174 I command=49 room=15 Kitchen_Lounge channel=0 scene=0
2023-04-11T23:27:25+01:00 set_scene S+217 I command=49 room=14 Kitchen channel=0 scene=1
2023-04-11T23:27:49+01:00 set_scene S+217 I command=49 room=05 Living_Room channel=0 scene=0
2023-04-11T23:29:21+01:00 set_scene S+219 I command=49 room=10 Landing channel=0 scene=1
2023-04-11T23:31:58+01:00 set_scene S+221 I command=49 room=14 Kitchen channel=0 scene=0
2023-04-11T23:31:58+01:00 set_scene S+221 I command=49 room=15 Kitchen_Lounge channel=0 scene=0
2023-04-11T23:31:58+01:00 set_scene S+221 I command=49 room=15 Kitchen_Lounge channel=0 scene=0
2023-04-11T23:32:40+01:00 set_scene S+222 I command=49 room=21 Master_Bed channel=0 scene=2
2023-04-11T23:35:30+01:00 set_scene S+225 I command=49 room=22 MBed_EnSuite channel=0 scene=2
2023-04-11T23:43:19+01:00 set_scene S+233 I command=49 room=22 MBed_EnSuite channel=0 scene=0
2023-04-11T23:58:04+01:00 set_scene S+248 I command=49 room=23 Spa_Bathroom channel=0 scene=1
2023-04-11T23:58:28+01:00 set_scene S+248 I command=49 room=14 Kitchen channel=0 scene=3
2023-04-11T23:59:00+01:00 set_scene S+248 I command=49 room=14 Kitchen channel=0 scene=0
2023-04-11T23:59:00+01:00 set_scene S+248 I command=49 room=15 Kitchen_Lounge channel=0 scene=0
2023-04-11T23:59:01+01:00 set_scene S+248 I command=49 room=15 Kitchen_Lounge channel=0 scene=0
2023-04-11T23:59:03+01:00 set_scene S+249 I command=49 room=14 Kitchen channel=0 scene=2
