2023-11-28T00:03:09+00:00 set_scene R-458 I command=49 room=14 Kitchen channel=0 scene=0
2023-11-28T00:03:10+00:00 set_scene R-458 I command=49 room=15 Kitchen_Lounge channel=0 scene=0
2023-11-28T00:03:10+00:00 set_scene R-458 I command=49 room=15 Kitchen_Lounge channel=0 scene=0
2023-11-28T00:04:20+00:00 set_scene R-456 I command=49 room=21 Master_Bed channel=0 scene=3
2023-11-28T00:10:27+00:00 set_scene R-450 I command=49 room=22 MBed_EnSuite channel=0 scene=3
2023-11-28T00:11:13+00:00 set_scene R-449 - command=49 room=50 Front_Porch_PIR channel=0 scene=1
2023-11-28T00:14:10+00:00 set_scene R-447 - command=49 room=50 Front_Porch_PIR channel=0 scene=0
2023-11-28T00:20:08+00:00 set_scene R-441 I command=49 room=22 MBed_EnSuite channel=0 scene=0
2023-11-28T00:21:56+00:00 set_scene R-439 I command=49 room=14 Kitchen channel=0 scene=2
2023-11-28T00:25:06+00:00 set_scene R-436 I command=49 room=14 Kitchen channel=0 scene=0
2023-11-28T00:25:06+00:00 set_scene R-436 I command=49 room=15 Kitchen_Lounge channel=0 scene=0
2023-11-28T00:25:06+00:00 set_scene R-436 I command=49 room=15 Kitchen_Lounge channel=0 scene=0
2023-11-28T00:27:48+00:00 set_scene R-433 I command=49 room=22 MBed_EnSuite channel=0 scene=4
2023-11-28T00:30:00+00:00 set_scene R-431 - command=49 room=32 Gate_Lights channel=0 scene=0
2023-11-28T00:30:00+00:00 set_scene R-431 - command=49 room=33 Front_Entrance_Pillars channel=0 scene=0
2023-11-28T00:30:01+00:00 set_scene R-431 - command=49 room=34 Kitchen_External channel=0 scene=0
2023-11-28T00:30:01+00:00 set_scene R-431 - command=49 room=35 Garden_Path channel=0 scene=0
2023-11-28T00:30:01+00:00 set_scene R-431 - command=49 room=36 Garden_Flower_Beds channel=0 scene=0
2023-11-28T00:31:39+00:00 set_scene R-429 I command=49 room=22 MBed_EnSuite channel=0 scene=0
2023-11-28T00:33:56+00:00 set_scene R-427 I command=49 room=21 Master_Bed channel=0 scene=2
2023-11-28T00:33:59+00:00 set_scene R-427 I command=49 room=21 Master_Bed channel=0 scene=0
2023-11-28T00:45:18+00:00 set_scene R-415 I command=49 room=22 MBed_EnSuite channel=0 scene=4
2023-11-28T00:46:51+00:00 set_scene R-414 I command=49 room=22 MBed_EnSuite channel=0 scene=0
2023-11-28T00:51:31+00:00 set_scene R-409 I command=49 room=06 Study channel=0 scene=0
2023-11-28T00:51:44+00:00 set_scene R-409 I command=49 room=14 Kitchen channel=0 scene=2
2023-11-28T00:52:38+00:00 set_scene R-408 I command=49 room=14 Kitchen channel=0 scene=0
2023-11-28T00:52:39+00:00 set_scene R-408 I command=49 room=15 Kitchen_Lounge channel=0 scene=0
2023-11-28T00:52:39+00:00 set_scene R-408 I command=49 room=15 Kitchen_Lounge channel=0 scene=0
2023-11-28T00:52:56+00:00 set_scene R-408 I command=49 room=09 Hall channel=0 scene=0
2023-11-28T00:53:17+00:00 set_scene R-407 I command=49 room=10 Landing channel=0 scene=4
2023-11-28T00:53:18+00:00 set_scene R-407 I command=49 room=10 Landing channel=0 scene=3
2023-11-28T00:53:29+00:00 set_scene R-407 I command=49 room=10 Landing channel=0 scene=0
2023-11-28T01:21:35+00:00 set_scene R-379 I command=49 room=10 Landing channel=0 scene=1
2023-11-28T01:22:50+00:00 set_scene R-378 I command=49 room=40 Garden_Control_Plate channel=0 scene=1
2023-11-28T01:22:51+00:00 set_scene R-378 - command=49 room=34 Kitchen_External channel=0 scene=1
2023-11-28T01:22:51+00:00 set_scene R-378 - command=49 room=35 Garden_Path channel=0 scene=1
2023-11-28T01:22:51+00:00 set_scene R-378 - command=49 room=36 Garden_Flower_Beds channel=0 scene=1
2023-11-28T01:23:01+00:00 set_scene R-378 I command=49 room=40 Garden_Control_Plate channel=0 scene=0
2023-11-28T01:23:01+00:00 set_scene R-378 - command=49 room=34 Kitchen_External channel=0 scene=0
2023-11-28T01:23:01+00:00 set_scene R-378 - command=49 room=35 Garden_Path channel=0 scene=0
2023-11-28T01:23:02+00:00 set_scene R-378 - command=49 room=36 Garden_Flower_Beds channel=0 scene=0
2023-11-28T01:23:31+00:00 set_scene R-377 I command=49 room=10 Landing channel=0 scene=0
2023-11-28T04:04:36+00:00 set_scene R-216 I command=49 room=22 MBed_EnSuite channel=0 scene=2
2023-11-28T04:06:11+00:00 set_scene R-214 I command=49 room=22 MBed_EnSuite channel=0 scene=0
2023-11-28T04:06:31+00:00 set_scene R-214 I command=49 room=10 Landing channel=0 scene=3
2023-11-28T04:06:34+00:00 set_scene R-214 I command=49 room=10 Landing channel=0 scene=2
2023-11-28T04:06:51+00:00 set_scene R-214 I command=49 room=09 Hall channel=0 scene=2
2023-11-28T04:07:02+00:00 set_scene R-214 I command=49 room=14 Kitchen channel=0 scene=4
2023-11-28T04:10:42+00:00 set_scene R-210 I command=49 room=14 Kitchen channel=0 scene=0
2023-11-28T04:10:42+00:00 set_scene R-210 I command=49 room=15 Kitchen_Lounge channel=0 scene=0
2023-11-28T04:10:42+00:00 set_scene R-210 I command=49 room=15 Kitchen_Lounge channel=0 scene=0
2023-11-28T04:11:02+00:00 set_scene R-210 I command=49 room=09 Hall channel=0 scene=0
2023-11-28T07:21:10+00:00 set_scene R-020 I command=49 room=14 Kitchen channel=0 scene=2
2023-11-28T07:37:58+00:00 set_scene R-003 I command=49 room=14 Kitchen channel=0 scene=0
2023-11-28T07:37:59+00:00 set_scene R-003 I command=49 room=15 Kitchen_Lounge channel=0 scene=0
2023-11-28T07:37:59+00:00 set_scene R-003 I command=49 room=15 Kitchen_Lounge channel=0 scene=0
2023-11-28T08:00:01+00:00 set_scene R+019 - command=49 room=50 Front_Porch_PIR channel=0 scene=1
2023-11-28T08:00:04+00:00 set_scene R+019 - command=49 room=50 Front_Porch_PIR channel=0 scene=1
2023-11-28T08:00:10+00:00 set_scene R+019 - command=49 room=50 Front_Porch_PIR channel=0 scene=1
2023-11-28T08:00:13+00:00 set_scene R+020 - command=49 room=50 Front_Porch_PIR channel=0 scene=1
2023-11-28T08:03:12+00:00 set_scene R+023 - command=49 room=50 Front_Porch_PIR channel=0 scene=0
2023-11-28T08:33:48+00:00 set_scene R+053 I command=49 room=21 Master_Bed channel=0 scene=2
2023-11-28T09:21:45+00:00 set_scene R+101 I command=49 room=21 Master_Bed channel=0 scene=0
2023-11-28T09:33:28+00:00 set_scene R+113 - command=49 room=50 Front_Porch_PIR channel=0 scene=1
2023-11-28T09:33:32+00:00 set_scene R+113 - command=49 room=50 Front_Porch_PIR channel=0 scene=1
2023-11-28T09:33:41+00:00 set_scene R+113 - command=49 room=50 Front_Porch_PIR channel=0 scene=1
2023-11-28T09:36:46+00:00 set_scene R+116 - command=49 room=50 Front_Porch_PIR channel=0 scene=0
2023-11-28T09:39:47+00:00 set_scene R+119 I command=49 room=22 MBed_EnSuite channel=0 scene=1
2023-11-28T09:40:28+00:00 set_scene R+120 I command=49 room=21 Master_Bed channel=0 scene=1
2023-11-28T10:18:35+00:00 set_scene R+158 I command=49 room=22 MBed_EnSuite channel=0 scene=0
2023-11-28T10:32:28+00:00 set_scene R+172 I command=49 room=21 Master_Bed channel=0 scene=0
2023-11-28T11:07:13+00:00 set_scene R+207 - command=49 room=50 Front_Porch_PIR channel=0 scene=1
2023-11-28T11:10:25+00:00 set_scene R+210 - command=49 room=50 Front_Porch_PIR channel=0 scene=0
2023-11-28T11:35:07+00:00 set_scene R+234 - command=49 room=50 Front_Porch_PIR channel=0 scene=1
2023-11-28T11:38:15+00:00 set_scene R+238 - command=49 room=50 Front_Porch_PIR channel=0 scene=0
2023-11-28T11:59:23+00:00 set_scene S-234 - command=49 room=50 Front_Porch_PIR channel=0 scene=1
2023-11-28T11:59:43+00:00 set_scene S-234 - command=49 room=50 Front_Porch_PIR channel=0 scene=1
2023-11-28T12:02:52+00:00 set_scene S-231 - command=49 room=50 Front_Porch_PIR channel=0 scene=0
2023-11-28T13:38:32+00:00 set_scene S-135 - command=49 room=50 Front_Porch_PIR channel=0 scene=1
2023-11-28T13:38:38+00:00 set_scene S-135 - command=49 room=50 Front_Porch_PIR channel=0 scene=1
2023-11-28T13:38:51+00:00 set_scene S-135 - command=49 room=50 Front_Porch_PIR channel=0 scene=1
2023-11-28T13:39:06+00:00 set_scene S-135 - command=49 room=50 Front_Porch_PIR channel=0 scene=1
2023-11-28T13:39:08+00:00 set_scene S-134 - command=49 room=50 Front_Porch_PIR channel=0 scene=1
2023-11-28T13:42:01+00:00 set_scene S-132 - command=49 room=50 Front_Porch_PIR channel=0 scene=1
2023-11-28T13:43:10+00:00 set_scene S-130 - command=49 room=50 Front_Porch_PIR channel=0 scene=1
2023-11-28T13:46:15+00:00 set_scene S-127 - command=49 room=50 Front_Porch_PIR channel=0 scene=0
2023-11-28T14:52:24+00:00 set_scene S-061 I command=49 room=06 Study channel=0 scene=1
2023-11-28T15:50:00+00:00 set_scene S-004 - command=49 room=32 Gate_Lights channel=0 scene=1
2023-11-28T15:50:01+00:00 set_scene S-004 - command=49 room=33 Front_Entrance_Pillars channel=0 scene=1
2023-11-28T15:55:59+00:00 set_scene S+002 I command=49 room=15 Kitchen_Lounge channel=0 scene=2
2023-11-28T16:31:31+00:00 set_scene S+038 I command=49 room=21 Master_Bed channel=0 scene=1
2023-11-28T16:36:40+00:00 set_scene S+043 I command=49 room=21 Master_Bed channel=0 scene=0
2023-11-28T17:31:11+00:00 set_scene S+098 I command=49 room=14 Kitchen channel=0 scene=0
2023-11-28T17:31:11+00:00 set_scene S+098 I command=49 room=15 Kitchen_Lounge channel=0 scene=0
2023-11-28T17:31:12+00:00 set_scene S+098 I command=49 room=15 Kitchen_Lounge channel=0 scene=0
2023-11-28T17:31:33+00:00 set_scene S+098 I command=49 room=05 Living_Room channel=0 scene=2
2023-11-28T18:04:46+00:00 set_scene S+131 I command=49 room=14 Kitchen channel=0 scene=2
2023-11-28T18:05:53+00:00 set_scene S+132 I command=49 room=14 Kitchen channel=0 scene=0
2023-11-28T18:05:53+00:00 set_scene S+132 I command=49 room=15 Kitchen_Lounge channel=0 scene=0
2023-11-28T18:05:54+00:00 set_scene S+132 I command=49 room=15 Kitchen_Lounge channel=0 scene=0
2023-11-28T18:05:59+00:00 set_scene S+132 I command=49 room=14 Kitchen channel=0 scene=2
2023-11-28T18:22:10+00:00 set_scene S+149 I command=49 room=14 Kitchen channel=0 scene=0
2023-11-28T18:22:11+00:00 set_scene S+149 I command=49 room=15 Kitchen_Lounge channel=0 scene=0
2023-11-28T18:22:11+00:00 set_scene S+149 I command=49 room=15 Kitchen_Lounge channel=0 scene=0
2023-11-28T20:28:50+00:00 set_scene S+275 I command=49 room=21 Master_Bed channel=0 scene=2
2023-11-28T20:29:29+00:00 set_scene S+276 I command=49 room=23 Spa_Bathroom channel=0 scene=2
2023-11-28T20:29:40+00:00 set_scene S+276 I command=49 room=23 Spa_Bathroom channel=0 scene=0
2023-11-28T20:38:29+00:00 set_scene S+285 - command=49 room=50 Front_Porch_PIR channel=0 scene=0
2023-11-28T21:08:03+00:00 set_scene S+314 I command=49 room=21 Master_Bed channel=0 scene=0
2023-11-28T21:13:22+00:00 set_scene S+320 I command=49 room=14 Kitchen channel=0 scene=3
2023-11-28T21:53:49+00:00 set_scene S+360 - command=49 room=50 Front_Porch_PIR channel=0 scene=0
2023-11-28T21:58:54+00:00 set_scene S+365 I command=49 room=14 Kitchen channel=0 scene=0
2023-11-28T21:58:55+00:00 set_scene S+365 I command=49 room=15 Kitchen_Lounge channel=0 scene=0
2023-11-28T21:58:55+00:00 set_scene S+365 I command=49 room=15 Kitchen_Lounge channel=0 scene=0
2023-11-28T21:59:38+00:00 set_scene S+366 I command=49 room=14 Kitchen channel=0 scene=2
2023-11-28T21:59:54+00:00 set_scene S+366 I command=49 room=14 Kitchen channel=0 scene=0
2023-11-28T21:59:54+00:00 set_scene S+366 I command=49 room=15 Kitchen_Lounge channel=0 scene=0
2023-11-28T21:59:54+00:00 set_scene S+366 I command=49 room=15 Kitchen_Lounge channel=0 scene=0
2023-11-28T22:00:27+00:00 set_scene S+367 I command=49 room=14 Kitchen channel=0 scene=1
2023-11-28T22:01:23+00:00 set_scene S+368 I command=49 room=17 Play_Room channel=0 scene=3
2023-11-28T22:01:24+00:00 set_scene S+368 I command=49 room=17 Play_Room channel=0 scene=2
2023-11-28T22:02:43+00:00 set_scene S+369 I command=49 room=14 Kitchen channel=0 scene=0
2023-11-28T22:02:43+00:00 set_scene S+369 I command=49 room=15 Kitchen_Lounge channel=0 scene=0
2023-11-28T22:02:44+00:00 set_scene S+369 I command=49 room=15 Kitchen_Lounge channel=0 scene=0
2023-11-28T22:03:43+00:00 set_scene S+370 I command=49 room=17 Play_Room channel=0 scene=0
2023-11-28T22:03:49+00:00 set_scene S+370 I command=49 room=14 Kitchen channel=0 scene=1
2023-11-28T22:04:05+00:00 set_scene S+370 I command=49 room=14 Kitchen channel=0 scene=0
2023-11-28T22:04:05+00:00 set_scene S+370 I command=49 room=15 Kitchen_Lounge channel=0 scene=0
2023-11-28T22:04:05+00:00 set_scene S+370 I command=49 room=15 Kitchen_Lounge channel=0 scene=0
2023-11-28T22:07:54+00:00 set_scene S+374 I command=49 room=23 Spa_Bathroom channel=0 scene=1
2023-11-28T22:07:56+00:00 set_scene S+374 I command=49 room=23 Spa_Bathroom channel=0 scene=1
2023-11-28T22:08:53+00:00 set_scene S+375 I command=49 room=23 Spa_Bathroom channel=0 scene=0
2023-11-28T22:58:56+00:00 set_scene S+425 - command=49 room=50 Front_Porch_PIR channel=0 scene=0
2023-11-28T23:08:34+00:00 set_scene S+435 I command=49 room=05 Living_Room channel=0 scene=0
2023-11-28T23:08:57+00:00 set_scene S+435 I command=49 room=14 Kitchen channel=0 scene=1
2023-11-28T23:10:24+00:00 set_scene S+437 I command=49 room=14 Kitchen channel=0 scene=0
2023-11-28T23:10:24+00:00 set_scene S+437 I command=49 room=15 Kitchen_Lounge channel=0 scene=0
2023-11-28T23:10:25+00:00 set_scene S+437 I command=49 room=15 Kitchen_Lounge channel=0 scene=0
2023-11-28T23:11:31+00:00 set_scene S+438 I command=49 room=21 Master_Bed channel=0 scene=2
2023-11-28T23:11:32+00:00 set_scene S+438 I command=49 room=21 Master_Bed channel=0 scene=1
2023-11-28T23:13:11+00:00 set_scene S+440 I command=49 room=22 MBed_EnSuite channel=0 scene=2
2023-11-28T23:32:48+00:00 set_scene S+459 I command=49 room=22 MBed_EnSuite channel=0 scene=0
2023-11-28T23:34:18+00:00 set_scene S+461 I command=49 room=21 Master_Bed channel=0 scene=0
