2023-11-12T00:05:09+00:00 set_scene R-429 I command=49 room=22 MBed_EnSuite channel=0 scene=0
2023-11-12T00:06:57+00:00 set_scene R-427 I command=49 room=10 Landing channel=0 scene=3
2023-11-12T00:06:58+00:00 set_scene R-427 I command=49 room=10 Landing channel=0 scene=3
2023-11-12T00:07:00+00:00 set_scene R-427 I command=49 room=10 Landing channel=0 scene=1
2023-11-12T00:07:15+00:00 set_scene R-427 I command=49 room=09 Hall channel=0 scene=2
2023-11-12T00:07:53+00:00 set_scene R-426 I command=49 room=14 Kitchen channel=0 scene=3
2023-11-12T00:08:30+00:00 set_scene R-425 I command=49 room=14 Kitchen channel=0 scene=0
2023-11-12T00:08:30+00:00 set_scene R-425 I command=49 room=15 Kitchen_Lounge channel=0 scene=0
2023-11-12T00:08:30+00:00 set_scene R-425 I command=49 room=15 Kitchen_Lounge channel=0 scene=0
2023-11-12T00:08:41+00:00 set_scene R-425 I command=49 room=09 Hall channel=0 scene=4
2023-11-12T00:08:46+00:00 set_scene R-425 I command=49 room=09 Hall channel=0 scene=0
2023-11-12T00:09:14+00:00 set_scene R-425 I command=49 room=10 Landing channel=0 scene=0
2023-11-12T00:10:11+00:00 set_scene R-424 I command=49 room=22 MBed_EnSuite channel=0 scene=2
2023-11-12T00:12:26+00:00 set_scene R-421 I command=49 room=22 MBed_EnSuite channel=0 scene=0
2023-11-12T00:12:43+00:00 set_scene R-421 I command=49 room=21 Master_Bed channel=0 scene=0
2023-11-12T00:28:12+00:00 set_scene R-406 I command=49 room=22 MBed_EnSuite channel=0 scene=4
2023-11-12T00:29:44+00:00 set_scene R-404 I command=49 room=22 MBed_EnSuite channel=0 scene=0
2023-11-12T00:30:00+00:00 set_scene R-404 - command=49 room=32 Gate_Lights channel=0 scene=0
2023-11-12T00:30:00+00:00 set_scene R-404 - command=49 room=33 Front_Entrance_Pillars channel=0 scene=0
2023-11-12T00:30:00+00:00 set_scene R-404 - command=49 room=34 Kitchen_External channel=0 scene=0
2023-11-12T00:30:01+00:00 set_scene R-404 - command=49 room=35 Garden_Path channel=0 scene=0
2023-11-12T00:30:01+00:00 set_scene R-404 - command=49 room=36 Garden_Flower_Beds channel=0 scene=0
2023-11-12T08:11:32+00:00 set_scene R+058 I command=49 room=05 Living_Room channel=0 scene=2
2023-11-12T08:12:07+00:00 set_scene R+058 I command=49 room=05 Living_Room channel=0 scene=0
2023-11-12T08:29:55+00:00 set_scene R+076 I command=49 room=21 Master_Bed channel=0 scene=1
2023-11-12T08:39:38+00:00 set_scene R+086 I command=49 room=21 Master_Bed channel=0 scene=0
2023-11-12T08:52:08+00:00 set_scene R+098 I command=49 room=23 Spa_Bathroom channel=0 scene=0
2023-11-12T09:37:47+00:00 set_scene R+144 I command=49 room=23 Spa_Bathroom channel=0 scene=1
2023-11-12T09:48:24+00:00 set_scene R+155 I command=49 room=23 Spa_Bathroom channel=0 scene=0
2023-11-12T09:48:25+00:00 set_scene R+155 I command=49 room=23 Spa_Bathroom channel=0 scene=0
2023-11-12T10:03:50+00:00 set_scene R+170 I command=49 room=21 Master_Bed channel=0 scene=2
2023-11-12T10:37:42+00:00 set_scene R+204 I command=49 room=21 Master_Bed channel=0 scene=0
2023-11-12T10:54:39+00:00 set_scene R+221 - command=49 room=50 Front_Porch_PIR channel=0 scene=1
2023-11-12T10:57:48+00:00 set_scene R+224 - command=49 room=50 Front_Porch_PIR channel=0 scene=0
2023-11-12T12:47:44+00:00 set_scene S-205 I command=49 room=21 Master_Bed channel=0 scene=1
2023-11-12T12:56:42+00:00 set_scene S-196 I command=49 room=21 Master_Bed channel=0 scene=0
2023-11-12T13:51:42+00:00 set_scene S-141 I command=49 room=09 Hall channel=0 scene=2
2023-11-12T16:08:00+00:00 set_scene S-005 - command=49 room=32 Gate_Lights channel=0 scene=1
2023-11-12T16:08:01+00:00 set_scene S-005 - command=49 room=33 Front_Entrance_Pillars channel=0 scene=1
2023-11-12T16:36:41+00:00 set_scene S+024 - command=49 room=50 Front_Porch_PIR channel=0 scene=1
2023-11-12T16:36:45+00:00 set_scene S+024 - command=49 room=50 Front_Porch_PIR channel=0 scene=1
2023-11-12T16:36:54+00:00 set_scene S+024 - command=49 room=50 Front_Porch_PIR channel=0 scene=1
2023-11-12T16:39:51+00:00 set_scene S+027 - command=49 room=50 Front_Porch_PIR channel=0 scene=0
2023-11-12T16:40:51+00:00 set_scene S+028 I command=49 room=14 Kitchen channel=0 scene=2
2023-11-12T16:43:54+00:00 set_scene S+031 I command=49 room=05 Living_Room channel=0 scene=1
2023-11-12T16:47:52+00:00 set_scene S+035 I command=49 room=14 Kitchen channel=0 scene=0
2023-11-12T16:47:52+00:00 set_scene S+035 I command=49 room=15 Kitchen_Lounge channel=0 scene=0
2023-11-12T16:47:52+00:00 set_scene S+035 I command=49 room=15 Kitchen_Lounge channel=0 scene=0
2023-11-12T17:44:13+00:00 set_scene S+091 I command=49 room=14 Kitchen channel=0 scene=1
2023-11-12T17:46:46+00:00 set_scene S+094 I command=49 room=10 Landing channel=0 scene=1
2023-11-12T18:28:26+00:00 set_scene S+136 I command=49 room=15 Kitchen_Lounge channel=0 scene=3
2023-11-12T18:28:32+00:00 set_scene S+136 I command=49 room=15 Kitchen_Lounge channel=0 scene=2
2023-11-12T20:07:09+00:00 set_scene S+234 I command=49 room=14 Kitchen channel=0 scene=0
2023-11-12T20:07:10+00:00 set_scene S+234 I command=49 room=15 Kitchen_Lounge channel=0 scene=0
2023-11-12T20:07:10+00:00 set_scene S+234 I command=49 room=15 Kitchen_Lounge channel=0 scene=0
2023-11-12T20:10:51+00:00 set_scene S+238 I command=49 room=09 Hall channel=0 scene=3
2023-11-12T21:17:08+00:00 set_scene S+304 I command=49 room=14 Kitchen channel=0 scene=1
2023-11-12T21:22:12+00:00 set_scene S+309 I command=49 room=17 Play_Room channel=0 scene=1
2023-11-12T21:23:55+00:00 set_scene S+311 - command=49 room=50 Front_Porch_PIR channel=0 scene=0
2023-11-12T21:31:32+00:00 set_scene S+319 I command=49 room=14 Kitchen channel=0 scene=0
2023-11-12T21:31:33+00:00 set_scene S+319 I command=49 room=15 Kitchen_Lounge channel=0 scene=0
2023-11-12T21:31:33+00:00 set_scene S+319 I command=49 room=15 Kitchen_Lounge channel=0 scene=0
2023-11-12T21:38:47+00:00 set_scene S+326 I command=49 room=17 Play_Room channel=0 scene=0
2023-11-12T21:38:56+00:00 set_scene S+326 I command=49 room=14 Kitchen channel=0 scene=1
2023-11-12T21:39:29+00:00 set_scene S+327 I command=49 room=14 Kitchen channel=0 scene=0
2023-11-12T21:39:30+00:00 set_scene S+327 I command=49 room=15 Kitchen_Lounge channel=0 scene=0
2023-11-12T21:39:30+00:00 set_scene S+327 I command=49 room=15 Kitchen_Lounge channel=0 scene=0
2023-11-12T22:57:59+00:00 set_scene S+405 I command=49 room=05 Living_Room channel=0 scene=0
2023-11-12T22:58:35+00:00 set_scene S+406 I command=49 room=14 Kitchen channel=0 scene=1
2023-11-12T23:02:54+00:00 set_scene S+410 I command=49 room=17 Play_Room channel=0 scene=1
2023-11-12T23:03:55+00:00 set_scene S+411 I command=49 room=17 Play_Room channel=0 scene=0
2023-11-12T23:07:10+00:00 set_scene S+414 I command=49 room=05 Living_Room channel=0 scene=1
2023-11-12T23:07:36+00:00 set_scene S+415 I command=49 room=05 Living_Room channel=0 scene=0
2023-11-12T23:09:01+00:00 set_scene S+416 - command=49 room=50 Front_Porch_PIR channel=0 scene=0
2023-11-12T23:20:34+00:00 set_scene S+428 I command=49 room=14 Kitchen channel=0 scene=0
2023-11-12T23:20:35+00:00 set_scene S+428 I command=49 room=15 Kitchen_Lounge channel=0 scene=0
2023-11-12T23:20:35+00:00 set_scene S+428 I command=49 room=15 Kitchen_Lounge channel=0 scene=0
2023-11-12T23:20:50+00:00 set_scene S+428 I command=49 room=09 Hall channel=0 scene=0
2023-11-12T23:21:45+00:00 set_scene S+429 I command=49 room=09 Hall channel=0 scene=0
2023-11-12T23:22:23+00:00 set_scene S+430 I command=49 room=21 Master_Bed channel=0 scene=2
2023-11-12T23:27:22+00:00 set_scene S+435 I command=49 room=22 MBed_EnSuite channel=0 scene=2
2023-11-12T23:39:18+00:00 set_scene S+447 I command=49 room=22 MBed_EnSuite channel=0 scene=0
2023-11-12T23:47:54+00:00 set_scene S+455 I command=49 room=21 Master_Bed channel=0 scene=0
