2023-11-14T00:30:00+00:00 set_scene R-407 - command=49 room=32 Gate_Lights channel=0 scene=0
2023-11-14T00:30:01+00:00 set_scene R-407 - command=49 room=33 Front_Entrance_Pillars channel=0 scene=0
2023-11-14T00:30:01+00:00 set_scene R-407 - command=49 room=34 Kitchen_External channel=0 scene=0
2023-11-14T00:30:01+00:00 set_scene R-407 - command=49 room=35 Garden_Path channel=0 scene=0
2023-11-14T00:30:02+00:00 set_scene R-407 - command=49 room=36 Garden_Flower_Beds channel=0 scene=0
2023-11-14T07:07:36+00:00 set_scene R-010 I command=49 room=22 MBed_EnSuite channel=0 scene=2
2023-11-14T07:09:35+00:00 set_scene R-008 I command=49 room=14 Kitchen channel=0 scene=3
2023-11-14T07:18:09+00:00 set_scene R+001 I command=49 room=22 MBed_EnSuite channel=0 scene=0
2023-11-14T08:03:08+00:00 set_scene R+046 - command=49 room=50 Front_Porch_PIR channel=0 scene=1
2023-11-14T08:03:15+00:00 set_scene R+046 - command=49 room=50 Front_Porch_PIR channel=0 scene=1
2023-11-14T08:04:35+00:00 set_scene R+047 I command=49 room=14 Kitchen channel=0 scene=0
2023-11-14T08:04:35+00:00 set_scene R+047 I command=49 room=15 Kitchen_Lounge channel=0 scene=0
2023-11-14T08:04:36+00:00 set_scene R+047 I command=49 room=15 Kitchen_Lounge channel=0 scene=0
2023-11-14T08:06:15+00:00 set_scene R+049 - command=49 room=50 Front_Porch_PIR channel=0 scene=0
2023-11-14T08:07:28+00:00 set_scene R+050 I command=49 room=21 Master_Bed channel=0 scene=2
2023-11-14T08:46:42+00:00 set_scene R+089 I command=49 room=21 Master_Bed channel=0 scene=0
2023-11-14T09:09:12+00:00 set_scene R+112 - command=49 room=50 Front_Porch_PIR channel=0 scene=1
2023-11-14T09:09:19+00:00 set_scene R+112 - command=49 room=50 Front_Porch_PIR channel=0 scene=1
2023-11-14T09:09:49+00:00 set_scene R+112 - command=49 room=50 Front_Porch_PIR channel=0 scene=1
2023-11-14T09:10:19+00:00 set_scene R+113 - command=49 room=50 Front_Porch_PIR channel=0 scene=1
2023-11-14T09:10:30+00:00 set_scene R+113 - command=49 room=50 Front_Porch_PIR channel=0 scene=1
2023-11-14T09:12:16+00:00 set_scene R+115 - command=49 room=50 Front_Porch_PIR channel=0 scene=1
2023-11-14T09:12:35+00:00 set_scene R+115 I command=49 room=21 Master_Bed channel=0 scene=1
2023-11-14T09:15:19+00:00 set_scene R+118 - command=49 room=50 Front_Porch_PIR channel=0 scene=0
2023-11-14T09:17:11+00:00 set_scene R+120 - command=49 room=50 Front_Porch_PIR channel=0 scene=1
2023-11-14T09:18:58+00:00 set_scene R+122 I command=49 room=22 MBed_EnSuite channel=0 scene=1
2023-11-14T09:20:17+00:00 set_scene R+123 - command=49 room=50 Front_Porch_PIR channel=0 scene=0
2023-11-14T09:42:15+00:00 set_scene R+145 I command=49 room=23 Spa_Bathroom channel=0 scene=1
2023-11-14T09:59:10+00:00 set_scene R+162 I command=49 room=22 MBed_EnSuite channel=0 scene=0
2023-11-14T10:05:53+00:00 set_scene R+169 I command=49 room=21 Master_Bed channel=0 scene=0
2023-11-14T10:20:13+00:00 set_scene R+183 - command=49 room=50 Front_Porch_PIR channel=0 scene=1
2023-11-14T10:20:27+00:00 set_scene R+183 - command=49 room=50 Front_Porch_PIR channel=0 scene=1
2023-11-14T10:20:32+00:00 set_scene R+183 - command=49 room=50 Front_Porch_PIR channel=0 scene=1
2023-11-14T10:20:46+00:00 set_scene R+183 - command=49 room=50 Front_Porch_PIR channel=0 scene=1
2023-11-14T10:20:52+00:00 set_scene R+184 - command=49 room=50 Front_Porch_PIR channel=0 scene=1
2023-11-14T10:20:59+00:00 set_scene R+184 - command=49 room=50 Front_Porch_PIR channel=0 scene=1
2023-11-14T10:23:56+00:00 set_scene R+187 - command=49 room=50 Front_Porch_PIR channel=0 scene=0
2023-11-14T10:44:41+00:00 set_scene R+207 I command=49 room=23 Spa_Bathroom channel=0 scene=0
2023-11-14T11:20:43+00:00 set_scene R+243 - command=49 room=50 Front_Porch_PIR channel=0 scene=1
2023-11-14T11:20:50+00:00 set_scene R+243 - command=49 room=52 Alarm_Interface channel=0 scene=4
2023-11-14T11:20:50+00:00 alarm_set
2023-11-14T11:20:59+00:00 set_scene R+244 - command=49 room=50 Front_Porch_PIR channel=0 scene=1
2023-11-14T11:24:02+00:00 set_scene R+247 - command=49 room=50 Front_Porch_PIR channel=0 scene=0
2023-11-14T11:31:46+00:00 set_scene R+254 - command=49 room=50 Front_Porch_PIR channel=0 scene=1
2023-11-14T11:31:51+00:00 set_scene R+255 - command=49 room=50 Front_Porch_PIR channel=0 scene=1
2023-11-14T11:32:08+00:00 set_scene R+255 - command=49 room=52 Alarm_Interface channel=0 scene=0
2023-11-14T11:32:08+00:00 alarm_unset
2023-11-14T11:32:10+00:00 set_scene R+255 I command=49 room=09 Hall channel=0 scene=2
2023-11-14T11:34:55+00:00 set_scene R+258 - command=49 room=50 Front_Porch_PIR channel=0 scene=0
2023-11-14T11:50:22+00:00 set_scene S-259 - command=49 room=50 Front_Porch_PIR channel=0 scene=1
2023-11-14T11:50:32+00:00 set_scene S-259 - command=49 room=50 Front_Porch_PIR channel=0 scene=1
2023-11-14T11:53:29+00:00 set_scene S-256 - command=49 room=50 Front_Porch_PIR channel=0 scene=0
2023-11-14T11:53:36+00:00 set_scene S-256 - command=49 room=50 Front_Porch_PIR channel=0 scene=1
2023-11-14T11:56:42+00:00 set_scene S-253 - command=49 room=50 Front_Porch_PIR channel=0 scene=0
2023-11-14T12:17:17+00:00 set_scene S-233 - command=49 room=50 Front_Porch_PIR channel=0 scene=1
2023-11-14T12:17:33+00:00 set_scene S-232 - command=49 room=50 Front_Porch_PIR channel=0 scene=1
2023-11-14T12:17:52+00:00 set_scene S-232 - command=49 room=50 Front_Porch_PIR channel=0 scene=1
2023-11-14T12:20:59+00:00 set_scene S-229 - command=49 room=50 Front_Porch_PIR channel=0 scene=0
2023-11-14T13:27:55+00:00 set_scene S-162 - command=49 room=50 Front_Porch_PIR channel=0 scene=1
2023-11-14T13:29:20+00:00 set_scene S-160 - command=49 room=50 Front_Porch_PIR channel=0 scene=1
2023-11-14T13:32:26+00:00 set_scene S-157 - command=49 room=50 Front_Porch_PIR channel=0 scene=0
2023-11-14T14:22:08+00:00 set_scene S-108 I command=49 room=05 Living_Room channel=0 scene=2
2023-11-14T15:33:42+00:00 set_scene S-036 I command=49 room=21 Master_Bed channel=0 scene=2
2023-11-14T16:04:00+00:00 set_scene S-006 - command=49 room=32 Gate_Lights channel=0 scene=1
2023-11-14T16:04:01+00:00 set_scene S-006 - command=49 room=33 Front_Entrance_Pillars channel=0 scene=1
2023-11-14T16:09:40+00:00 set_scene S+000 I command=49 room=14 Kitchen channel=0 scene=1
2023-11-14T16:53:56+00:00 set_scene S+044 I command=49 room=14 Kitchen channel=0 scene=0
2023-11-14T16:53:56+00:00 set_scene S+044 I command=49 room=15 Kitchen_Lounge channel=0 scene=0
2023-11-14T16:53:57+00:00 set_scene S+044 I command=49 room=15 Kitchen_Lounge channel=0 scene=0
2023-11-14T17:32:18+00:00 set_scene S+082 I command=49 room=23 Spa_Bathroom channel=0 scene=1
2023-11-14T17:32:35+00:00 set_scene S+083 I command=49 room=23 Spa_Bathroom channel=0 scene=0
2023-11-14T17:33:03+00:00 set_scene S+083 I command=49 room=21 Master_Bed channel=0 scene=0
2023-11-14T17:34:07+00:00 set_scene S+084 I command=49 room=14 Kitchen channel=0 scene=2
2023-11-14T17:44:32+00:00 set_scene S+095 I command=49 room=07 Dining_Room channel=0 scene=2
2023-11-14T17:44:57+00:00 set_scene S+095 I command=49 room=07 Dining_Room channel=0 scene=0
2023-11-14T17:45:30+00:00 set_scene S+096 I command=49 room=21 Master_Bed channel=0 scene=1
2023-11-14T17:46:06+00:00 set_scene S+096 I command=49 room=21 Master_Bed channel=0 scene=0
2023-11-14T17:51:18+00:00 set_scene S+101 I command=49 room=21 Master_Bed channel=0 scene=1
2023-11-14T17:51:24+00:00 set_scene S+102 I command=49 room=21 Master_Bed channel=0 scene=0
2023-11-14T18:19:50+00:00 set_scene S+130 I command=49 room=14 Kitchen channel=0 scene=0
2023-11-14T18:19:50+00:00 set_scene S+130 I command=49 room=15 Kitchen_Lounge channel=0 scene=0
2023-11-14T18:19:50+00:00 set_scene S+130 I command=49 room=15 Kitchen_Lounge channel=0 scene=0
2023-11-14T19:57:51+00:00 set_scene S+228 I command=49 room=14 Kitchen channel=0 scene=2
2023-11-14T19:58:22+00:00 set_scene S+229 I command=49 room=14 Kitchen channel=0 scene=0
2023-11-14T19:58:22+00:00 set_scene S+229 I command=49 room=15 Kitchen_Lounge channel=0 scene=0
2023-11-14T19:58:23+00:00 set_scene S+229 I command=49 room=15 Kitchen_Lounge channel=0 scene=0
2023-11-14T21:42:59+00:00 set_scene S+333 I command=49 room=14 Kitchen channel=0 scene=1
2023-11-14T21:42:59+00:00 set_scene S+333 I command=49 room=14 Kitchen channel=0 scene=1
2023-11-14T21:44:00+00:00 set_scene S+334 I command=49 room=17 Play_Room channel=0 scene=1
2023-11-14T21:51:19+00:00 set_scene S+341 I command=49 room=17 Play_Room channel=0 scene=0
2023-11-14T21:51:49+00:00 set_scene S+342 I command=49 room=14 Kitchen channel=0 scene=4
2023-11-14T21:51:50+00:00 set_scene S+342 I command=49 room=14 Kitchen channel=0 scene=0
2023-11-14T21:51:50+00:00 set_scene S+342 I command=49 room=15 Kitchen_Lounge channel=0 scene=0
2023-11-14T21:51:51+00:00 set_scene S+342 I command=49 room=15 Kitchen_Lounge channel=0 scene=0
2023-11-14T21:55:09+00:00 set_scene S+345 I command=49 room=14 Kitchen channel=0 scene=1
2023-11-14T21:55:57+00:00 set_scene S+346 I command=49 room=14 Kitchen channel=0 scene=0
2023-11-14T21:55:57+00:00 set_scene S+346 I command=49 room=15 Kitchen_Lounge channel=0 scene=0
2023-11-14T21:55:57+00:00 set_scene S+346 I command=49 room=15 Kitchen_Lounge channel=0 scene=0
2023-11-14T22:40:56+00:00 set_scene S+391 I command=49 room=14 Kitchen channel=0 scene=2
2023-11-14T22:47:21+00:00 set_scene S+398 I command=49 room=05 Living_Room channel=0 scene=0
2023-11-14T22:50:10+00:00 set_scene S+400 I command=49 room=07 Dining_Room channel=0 scene=2
2023-11-14T23:00:36+00:00 set_scene S+411 I command=49 room=17 Play_Room channel=0 scene=1
2023-11-14T23:17:08+00:00 set_scene S+427 I command=49 room=07 Dining_Room channel=0 scene=0
2023-11-14T23:18:43+00:00 set_scene S+429 I command=49 room=14 Kitchen channel=0 scene=0
2023-11-14T23:18:44+00:00 set_scene S+429 I command=49 room=15 Kitchen_Lounge channel=0 scene=0
2023-11-14T23:18:44+00:00 set_scene S+429 I command=49 room=15 Kitchen_Lounge channel=0 scene=0
2023-11-14T23:19:25+00:00 set_scene S+430 I command=49 room=09 Hall channel=0 scene=0
2023-11-14T23:19:34+00:00 set_scene S+430 I command=49 room=09 Hall channel=0 scene=2
2023-11-14T23:22:21+00:00 set_scene S+433 I command=49 room=21 Master_Bed channel=0 scene=2
2023-11-14T23:22:25+00:00 set_scene S+433 I command=49 room=14 Kitchen channel=0 scene=4
2023-11-14T23:22:26+00:00 set_scene S+433 I command=49 room=14 Kitchen channel=0 scene=0
2023-11-14T23:22:26+00:00 set_scene S+433 I command=49 room=15 Kitchen_Lounge channel=0 scene=0
2023-11-14T23:22:27+00:00 set_scene S+433 I command=49 room=15 Kitchen_Lounge channel=0 scene=0
2023-11-14T23:22:49+00:00 set_scene S+433 I command=49 room=17 Play_Room channel=0 scene=4
2023-11-14T23:22:50+00:00 set_scene S+433 I command=49 room=17 Play_Room channel=0 scene=0
2023-11-14T23:23:58+00:00 set_scene S+434 I command=49 room=14 Kitchen channel=0 scene=2
2023-11-14T23:29:42+00:00 set_scene S+440 I command=49 room=14 Kitchen channel=0 scene=0
2023-11-14T23:29:42+00:00 set_scene S+440 I command=49 room=15 Kitchen_Lounge channel=0 scene=0
2023-11-14T23:29:43+00:00 set_scene S+440 I command=49 room=15 Kitchen_Lounge channel=0 scene=0
2023-11-14T23:29:53+00:00 set_scene S+440 I command=49 room=09 Hall channel=0 scene=0
2023-11-14T23:35:40+00:00 set_scene S+446 I command=49 room=22 MBed_EnSuite channel=0 scene=2
2023-11-14T23:45:08+00:00 set_scene S+455 I command=49 room=22 MBed_EnSuite channel=0 scene=0
2023-11-14T23:47:17+00:00 set_scene S+457 I command=49 room=22 MBed_EnSuite channel=0 scene=0
2023-11-14T23:51:18+00:00 set_scene S+461 I command=49 room=21 Master_Bed channel=0 scene=0
2023-11-14T23:51:23+00:00 set_scene S+462 I command=49 room=21 Master_Bed channel=0 scene=2
2023-11-14T23:51:26+00:00 set_scene S+462 I command=49 room=21 Master_Bed channel=0 scene=0
