2024-03-13T00:00:09+00:00 set_scene R-377 - command=49 room=50 Front_Porch_PIR channel=0 scene=0
2024-03-13T00:02:20+00:00 set_scene R-375 I command=49 room=22 MBed_EnSuite channel=0 scene=4
2024-03-13T00:04:03+00:00 set_scene R-373 I command=49 room=22 MBed_EnSuite channel=0 scene=0
2024-03-13T00:25:36+00:00 set_scene R-351 I command=49 room=06 Study channel=0 scene=0
2024-03-13T00:25:44+00:00 set_scene R-351 I command=49 room=07 Dining_Room channel=0 scene=1
2024-03-13T00:27:10+00:00 set_scene R-350 I command=49 room=07 Dining_Room channel=0 scene=0
2024-03-13T00:27:32+00:00 set_scene R-350 I command=49 room=14 Kitchen channel=0 scene=0
2024-03-13T00:27:32+00:00 set_scene R-350 I command=49 room=15 Kitchen_Lounge channel=0 scene=0
2024-03-13T00:27:32+00:00 set_scene R-350 I command=49 room=15 Kitchen_Lounge channel=0 scene=0
2024-03-13T00:27:36+00:00 set_scene R-350 I command=49 room=09 Hall channel=0 scene=0
2024-03-13T00:30:01+00:00 set_scene R-347 - command=49 room=32 Gate_Lights channel=0 scene=0
2024-03-13T00:30:01+00:00 set_scene R-347 - command=49 room=33 Front_Entrance_Pillars channel=0 scene=0
2024-03-13T00:30:01+00:00 set_scene R-347 - command=49 room=34 Kitchen_External channel=0 scene=0
2024-03-13T00:30:01+00:00 set_scene R-347 - command=49 room=35 Garden_Path channel=0 scene=0
2024-03-13T00:30:02+00:00 set_scene R-347 - command=49 room=36 Garden_Flower_Beds channel=0 scene=0
2024-03-13T09:36:40+00:00 set_scene R+200 - command=49 room=50 Front_Porch_PIR channel=0 scene=1
2024-03-13T09:39:47+00:00 set_scene R+203 - command=49 room=50 Front_Porch_PIR channel=0 scene=0
2024-03-13T09:46:12+00:00 set_scene R+209 - command=49 room=50 Front_Porch_PIR channel=0 scene=1
2024-03-13T09:46:24+00:00 set_scene R+209 - command=49 room=50 Front_Porch_PIR channel=0 scene=1
2024-03-13T09:46:37+00:00 set_scene R+210 - command=49 room=50 Front_Porch_PIR channel=0 scene=1
2024-03-13T09:46:58+00:00 set_scene R+210 - command=49 room=50 Front_Porch_PIR channel=0 scene=1
2024-03-13T09:49:59+00:00 set_scene R+213 - command=49 room=50 Front_Porch_PIR channel=0 scene=0
2024-03-13T11:03:31+00:00 set_scene R+286 - command=49 room=50 Front_Porch_PIR channel=0 scene=1
2024-03-13T11:03:38+00:00 set_scene R+287 - command=49 room=50 Front_Porch_PIR channel=0 scene=1
2024-03-13T11:06:37+00:00 set_scene R+290 - command=49 room=50 Front_Porch_PIR channel=0 scene=0
2024-03-13T11:06:52+00:00 set_scene R+290 - command=49 room=50 Front_Porch_PIR channel=0 scene=1
2024-03-13T11:07:05+00:00 set_scene R+290 - command=49 room=50 Front_Porch_PIR channel=0 scene=1
2024-03-13T11:10:08+00:00 set_scene R+293 - command=49 room=50 Front_Porch_PIR channel=0 scene=0
2024-03-13T11:38:46+00:00 set_scene R+322 - command=49 room=50 Front_Porch_PIR channel=0 scene=1
2024-03-13T11:38:53+00:00 set_scene R+322 - command=49 room=50 Front_Porch_PIR channel=0 scene=1
2024-03-13T11:39:01+00:00 set_scene R+322 - command=49 room=50 Front_Porch_PIR channel=0 scene=1
2024-03-13T11:40:03+00:00 set_scene R+323 - command=49 room=50 Front_Porch_PIR channel=0 scene=1
2024-03-13T11:43:11+00:00 set_scene R+326 - command=49 room=50 Front_Porch_PIR channel=0 scene=0
2024-03-13T12:02:29+00:00 set_scene R+345 - command=49 room=50 Front_Porch_PIR channel=0 scene=1
2024-03-13T12:05:39+00:00 set_scene R+349 - command=49 room=50 Front_Porch_PIR channel=0 scene=0
2024-03-13T12:23:49+00:00 set_scene S-338 - command=49 room=50 Front_Porch_PIR channel=0 scene=0
2024-03-13T12:41:38+00:00 set_scene S-320 - command=49 room=50 Front_Porch_PIR channel=0 scene=1
2024-03-13T12:44:48+00:00 set_scene S-317 - command=49 room=50 Front_Porch_PIR channel=0 scene=0
2024-03-13T13:33:51+00:00 set_scene S-268 - command=49 room=50 Front_Porch_PIR channel=0 scene=1
2024-03-13T13:34:57+00:00 set_scene S-267 - command=49 room=50 Front_Porch_PIR channel=0 scene=1
2024-03-13T13:38:04+00:00 set_scene S-263 - command=49 room=50 Front_Porch_PIR channel=0 scene=0
2024-03-13T13:59:29+00:00 set_scene S-242 - command=49 room=50 Front_Porch_PIR channel=0 scene=0
2024-03-13T14:29:21+00:00 set_scene S-212 I command=49 room=21 Master_Bed channel=0 scene=2
2024-03-13T15:28:59+00:00 set_scene S-153 - command=49 room=50 Front_Porch_PIR channel=0 scene=0
2024-03-13T16:02:45+00:00 set_scene S-119 I command=49 room=21 Master_Bed channel=0 scene=0
2024-03-13T16:33:08+00:00 set_scene S-088 I command=49 room=21 Master_Bed channel=0 scene=0
2024-03-13T17:05:35+00:00 set_scene S-056 I command=49 room=06 Study channel=0 scene=1
2024-03-13T17:05:46+00:00 set_scene S-056 - command=49 room=50 Front_Porch_PIR channel=0 scene=0
2024-03-13T17:10:58+00:00 set_scene S-051 I command=49 room=21 Master_Bed channel=0 scene=1
2024-03-13T17:13:53+00:00 set_scene S-048 I command=49 room=21 Master_Bed channel=0 scene=0
2024-03-13T17:14:36+00:00 set_scene S-047 I command=49 room=14 Kitchen channel=0 scene=1
2024-03-13T17:58:00+00:00 set_scene S-004 - command=49 room=32 Gate_Lights channel=0 scene=1
2024-03-13T17:58:00+00:00 set_scene S-004 - command=49 room=33 Front_Entrance_Pillars channel=0 scene=1
2024-03-13T19:02:04+00:00 set_scene S+061 I command=49 room=21 Master_Bed channel=0 scene=1
2024-03-13T19:07:46+00:00 set_scene S+066 I command=49 room=21 Master_Bed channel=0 scene=0
2024-03-13T19:54:14+00:00 set_scene S+113 I command=49 room=15 Kitchen_Lounge channel=0 scene=2
2024-03-13T20:09:46+00:00 set_scene S+128 I command=49 room=14 Kitchen channel=0 scene=0
2024-03-13T20:09:46+00:00 set_scene S+128 I command=49 room=15 Kitchen_Lounge channel=0 scene=0
2024-03-13T20:09:47+00:00 set_scene S+128 I command=49 room=15 Kitchen_Lounge channel=0 scene=0
2024-03-13T20:10:07+00:00 set_scene S+129 I command=49 room=05 Living_Room channel=0 scene=2
2024-03-13T20:10:47+00:00 set_scene S+129 I command=49 room=14 Kitchen channel=0 scene=2
2024-03-13T20:13:11+00:00 set_scene S+132 I command=49 room=23 Spa_Bathroom channel=0 scene=1
2024-03-13T20:14:12+00:00 set_scene S+133 I command=49 room=23 Spa_Bathroom channel=0 scene=0
2024-03-13T20:14:22+00:00 set_scene S+133 I command=49 room=21 Master_Bed channel=0 scene=2
2024-03-13T20:15:27+00:00 set_scene S+134 I command=49 room=22 MBed_EnSuite channel=0 scene=2
2024-03-13T20:41:17+00:00 set_scene S+160 - command=49 room=50 Front_Porch_PIR channel=0 scene=0
2024-03-13T20:43:53+00:00 set_scene S+162 I command=49 room=14 Kitchen channel=0 scene=0
2024-03-13T20:43:53+00:00 set_scene S+162 I command=49 room=15 Kitchen_Lounge channel=0 scene=0
2024-03-13T20:43:53+00:00 set_scene S+162 I command=49 room=15 Kitchen_Lounge channel=0 scene=0
2024-03-13T21:16:28+00:00 set_scene S+195 I command=49 room=14 Kitchen channel=0 scene=1
2024-03-13T21:23:38+00:00 set_scene S+202 I command=49 room=14 Kitchen channel=0 scene=0
2024-03-13T21:23:38+00:00 set_scene S+202 I command=49 room=15 Kitchen_Lounge channel=0 scene=0
2024-03-13T21:23:38+00:00 set_scene S+202 I command=49 room=15 Kitchen_Lounge channel=0 scene=0
2024-03-13T21:27:28+00:00 set_scene S+206 I command=49 room=23 Spa_Bathroom channel=0 scene=0
2024-03-13T21:57:46+00:00 set_scene S+236 I command=49 room=06 Study channel=0 scene=1
2024-03-13T23:18:08+00:00 set_scene S+317 I command=49 room=14 Kitchen channel=0 scene=3
2024-03-13T23:18:51+00:00 set_scene S+317 I command=49 room=15 Kitchen_Lounge channel=0 scene=0
2024-03-13T23:18:52+00:00 set_scene S+317 I command=49 room=15 Kitchen_Lounge channel=0 scene=0
2024-03-13T23:19:04+00:00 set_scene S+318 I command=49 room=09 Hall channel=0 scene=4
2024-03-13T23:19:35+00:00 set_scene S+318 I command=49 room=21 Master_Bed channel=0 scene=2
2024-03-13T23:22:09+00:00 set_scene S+321 I command=49 room=22 MBed_EnSuite channel=0 scene=4
2024-03-13T23:25:54+00:00 set_scene S+324 I command=49 room=22 MBed_EnSuite channel=0 scene=0
2024-03-13T23:26:22+00:00 set_scene S+325 I command=49 room=21 Master_Bed channel=0 scene=0
2024-03-13T23:29:33+00:00 set_scene S+328 I command=49 room=10 Landing channel=0 scene=3
2024-03-13T23:29:41+00:00 set_scene S+328 I command=49 room=23 Spa_Bathroom channel=0 scene=4
2024-03-13T23:29:42+00:00 set_scene S+328 I command=49 room=23 Spa_Bathroom channel=0 scene=3
2024-03-13T23:30:28+00:00 set_scene S+329 I command=49 room=23 Spa_Bathroom channel=0 scene=0
2024-03-13T23:30:34+00:00 set_scene S+329 I command=49 room=21 Master_Bed channel=0 scene=0
2024-03-13T23:30:41+00:00 set_scene S+329 I command=49 room=10 Landing channel=0 scene=0
2024-03-13T23:31:05+00:00 set_scene S+330 I command=49 room=22 MBed_EnSuite channel=0 scene=4
2024-03-13T23:32:31+00:00 set_scene S+331 I command=49 room=22 MBed_EnSuite channel=0 scene=0
