2022-10-22T00:04:40+01:00 set_scene R-452 I command=49 room=23 Spa_Bathroom channel=0 scene=0
2022-10-22T00:30:00+01:00 set_scene R-426 - command=49 room=32 Gate_Lights channel=0 scene=0
2022-10-22T00:30:01+01:00 set_scene R-426 - command=49 room=33 Front_Entrance_Pillars channel=0 scene=0
2022-10-22T00:30:01+01:00 set_scene R-426 - command=49 room=34 Kitchen_External channel=0 scene=0
2022-10-22T00:30:01+01:00 set_scene R-426 - command=49 room=35 Garden_Path channel=0 scene=0
2022-10-22T00:30:02+01:00 set_scene R-426 - command=49 room=36 Garden_Flower_Beds channel=0 scene=0
2022-10-22T00:45:29+01:00 set_scene R-411 I command=49 room=14 Kitchen channel=0 scene=2
2022-10-22T00:48:12+01:00 set_scene R-408 - command=49 room=50 Front_Porch_PIR channel=0 scene=0
2022-10-22T01:49:49+01:00 set_scene R-347 I command=49 room=14 Kitchen channel=0 scene=0
2022-10-22T01:49:50+01:00 set_scene R-347 I command=49 room=15 Kitchen_Lounge channel=0 scene=0
2022-10-22T01:49:50+01:00 set_scene R-347 I command=49 room=15 Kitchen_Lounge channel=0 scene=0
2022-10-22T01:50:20+01:00 set_scene R-346 I command=49 room=09 Hall channel=0 scene=0
2022-10-22T01:50:40+01:00 set_scene R-346 - command=49 room=52 Alarm_Interface channel=0 scene=4
2022-10-22T01:50:40+01:00 alarm_set
2022-10-22T05:39:50+01:00 set_scene R-117 - command=49 room=50 Front_Porch_PIR channel=0 scene=1
2022-10-22T05:42:47+01:00 set_scene R-114 - command=49 room=50 Front_Porch_PIR channel=0 scene=0
2022-10-22T06:08:46+01:00 set_scene R-088 - command=49 room=52 Alarm_Interface channel=0 scene=0
2022-10-22T06:08:46+01:00 alarm_unset
2022-10-22T09:34:04+01:00 set_scene R+118 - command=49 room=50 Front_Porch_PIR channel=0 scene=1
2022-10-22T09:37:10+01:00 set_scene R+121 - command=49 room=50 Front_Porch_PIR channel=0 scene=0
2022-10-22T10:09:00+01:00 set_scene R+153 I command=49 room=21 Master_Bed channel=0 scene=2
2022-10-22T10:44:52+01:00 set_scene R+189 I command=49 room=21 Master_Bed channel=0 scene=0
2022-10-22T12:21:10+01:00 set_scene R+285 - command=49 room=50 Front_Porch_PIR channel=0 scene=1
2022-10-22T12:21:16+01:00 set_scene R+285 - command=49 room=50 Front_Porch_PIR channel=0 scene=1
2022-10-22T12:24:05+01:00 set_scene R+288 - command=49 room=50 Front_Porch_PIR channel=0 scene=1
2022-10-22T12:25:17+01:00 set_scene R+289 I command=49 room=21 Master_Bed channel=0 scene=1
2022-10-22T12:25:21+01:00 set_scene R+289 I command=49 room=22 MBed_EnSuite channel=0 scene=1
2022-10-22T12:25:22+01:00 set_scene R+289 I command=49 room=22 MBed_EnSuite channel=0 scene=1
2022-10-22T12:27:10+01:00 set_scene R+291 - command=49 room=50 Front_Porch_PIR channel=0 scene=0
2022-10-22T12:46:09+01:00 set_scene S-305 I command=49 room=22 MBed_EnSuite channel=0 scene=0
2022-10-22T12:46:25+01:00 set_scene S-304 I command=49 room=21 Master_Bed channel=0 scene=4
2022-10-22T13:01:06+01:00 set_scene S-290 - command=49 room=50 Front_Porch_PIR channel=0 scene=0
2022-10-22T14:04:10+01:00 set_scene S-227 I command=49 room=21 Master_Bed channel=0 scene=1
2022-10-22T14:14:15+01:00 set_scene S-217 I command=49 room=21 Master_Bed channel=0 scene=0
2022-10-22T14:20:32+01:00 set_scene S-210 - command=49 room=50 Front_Porch_PIR channel=0 scene=1
2022-10-22T14:20:46+01:00 set_scene S-210 - command=49 room=50 Front_Porch_PIR channel=0 scene=1
2022-10-22T14:20:53+01:00 set_scene S-210 - command=49 room=50 Front_Porch_PIR channel=0 scene=1
2022-10-22T14:23:54+01:00 set_scene S-207 - command=49 room=50 Front_Porch_PIR channel=0 scene=0
2022-10-22T15:36:43+01:00 set_scene S-134 I command=49 room=23 Spa_Bathroom channel=0 scene=4
2022-10-22T15:36:44+01:00 set_scene S-134 I command=49 room=23 Spa_Bathroom channel=0 scene=0
2022-10-22T15:41:33+01:00 set_scene S-129 - command=49 room=50 Front_Porch_PIR channel=0 scene=1
2022-10-22T15:41:44+01:00 set_scene S-129 - command=49 room=50 Front_Porch_PIR channel=0 scene=1
2022-10-22T15:41:46+01:00 set_scene S-129 - command=49 room=50 Front_Porch_PIR channel=0 scene=1
2022-10-22T15:41:47+01:00 set_scene S-129 - command=49 room=50 Front_Porch_PIR channel=0 scene=1
2022-10-22T15:41:51+01:00 set_scene S-129 - command=49 room=50 Front_Porch_PIR channel=0 scene=1
2022-10-22T15:42:00+01:00 set_scene S-129 - command=49 room=50 Front_Porch_PIR channel=0 scene=1
2022-10-22T15:47:58+01:00 set_scene S-123 - command=49 room=50 Front_Porch_PIR channel=0 scene=0
2022-10-22T16:13:32+01:00 set_scene S-097 I command=49 room=07 Dining_Room channel=0 scene=1
2022-10-22T16:16:46+01:00 set_scene S-094 I command=49 room=07 Dining_Room channel=0 scene=0
2022-10-22T16:36:37+01:00 set_scene S-074 I command=49 room=09 Hall channel=0 scene=1
2022-10-22T16:38:30+01:00 set_scene S-072 - command=49 room=50 Front_Porch_PIR channel=0 scene=1
2022-10-22T16:41:35+01:00 set_scene S-069 - command=49 room=50 Front_Porch_PIR channel=0 scene=0
2022-10-22T17:12:33+01:00 set_scene S-038 I command=49 room=14 Kitchen channel=0 scene=1
2022-10-22T17:34:29+01:00 set_scene S-016 I command=49 room=05 Living_Room channel=0 scene=2
2022-10-22T17:46:00+01:00 set_scene S-005 - command=49 room=32 Gate_Lights channel=0 scene=1
2022-10-22T17:46:01+01:00 set_scene S-005 - command=49 room=33 Front_Entrance_Pillars channel=0 scene=1
2022-10-22T18:32:42+01:00 set_scene S+042 I command=49 room=23 Spa_Bathroom channel=0 scene=1
2022-10-22T18:34:17+01:00 set_scene S+044 I command=49 room=23 Spa_Bathroom channel=0 scene=0
2022-10-22T18:34:18+01:00 set_scene S+044 I command=49 room=23 Spa_Bathroom channel=0 scene=4
2022-10-22T18:35:40+01:00 set_scene S+045 I command=49 room=05 Living_Room channel=0 scene=0
2022-10-22T18:43:58+01:00 set_scene S+053 I command=49 room=17 Play_Room channel=0 scene=1
2022-10-22T18:49:40+01:00 set_scene S+059 I command=49 room=05 Living_Room channel=0 scene=2
2022-10-22T18:50:15+01:00 set_scene S+059 - command=49 room=50 Front_Porch_PIR channel=0 scene=0
2022-10-22T19:03:46+01:00 set_scene S+073 - command=49 room=50 Front_Porch_PIR channel=0 scene=1
2022-10-22T19:06:53+01:00 set_scene S+076 - command=49 room=50 Front_Porch_PIR channel=0 scene=0
2022-10-22T19:07:09+01:00 set_scene S+076 - command=49 room=50 Front_Porch_PIR channel=0 scene=1
2022-10-22T19:07:16+01:00 set_scene S+076 - command=49 room=50 Front_Porch_PIR channel=0 scene=1
2022-10-22T19:08:25+01:00 set_scene S+078 I command=49 room=05 Living_Room channel=0 scene=0
2022-10-22T19:11:12+01:00 set_scene S+080 - command=49 room=50 Front_Porch_PIR channel=0 scene=0
2022-10-22T19:11:31+01:00 set_scene S+081 I command=49 room=15 Kitchen_Lounge channel=0 scene=2
2022-10-22T19:36:49+01:00 set_scene S+106 - command=49 room=50 Front_Porch_PIR channel=0 scene=0
2022-10-22T19:37:00+01:00 set_scene S+106 I command=49 room=05 Living_Room channel=0 scene=2
2022-10-22T19:41:39+01:00 set_scene S+111 I command=49 room=17 Play_Room channel=0 scene=0
2022-10-22T20:03:11+01:00 set_scene S+132 I command=49 room=05 Living_Room channel=0 scene=0
2022-10-22T20:04:37+01:00 set_scene S+134 I command=49 room=21 Master_Bed channel=0 scene=1
2022-10-22T20:07:03+01:00 set_scene S+136 - command=49 room=50 Front_Porch_PIR channel=0 scene=0
2022-10-22T20:12:14+01:00 set_scene S+141 I command=49 room=22 MBed_EnSuite channel=0 scene=2
2022-10-22T20:18:50+01:00 set_scene S+148 I command=49 room=14 Kitchen channel=0 scene=0
2022-10-22T20:18:50+01:00 set_scene S+148 I command=49 room=15 Kitchen_Lounge channel=0 scene=0
2022-10-22T20:18:50+01:00 set_scene S+148 I command=49 room=15 Kitchen_Lounge channel=0 scene=0
2022-10-22T20:26:08+01:00 set_scene S+155 I command=49 room=22 MBed_EnSuite channel=0 scene=0
2022-10-22T20:26:46+01:00 set_scene S+156 I command=49 room=21 Master_Bed channel=0 scene=0
2022-10-22T20:28:11+01:00 set_scene S+157 I command=49 room=06 Study channel=0 scene=1
2022-10-22T20:29:24+01:00 set_scene S+159 I command=49 room=06 Study channel=0 scene=0
2022-10-22T20:29:30+01:00 set_scene S+159 I command=49 room=07 Dining_Room channel=0 scene=2
2022-10-22T20:29:44+01:00 set_scene S+159 I command=49 room=14 Kitchen channel=0 scene=1
2022-10-22T20:30:07+01:00 set_scene S+159 I command=49 room=07 Dining_Room channel=0 scene=0
2022-10-22T20:30:40+01:00 set_scene S+160 - command=49 room=50 Front_Porch_PIR channel=0 scene=1
2022-10-22T20:33:49+01:00 set_scene S+163 - command=49 room=50 Front_Porch_PIR channel=0 scene=0
2022-10-22T21:11:14+01:00 set_scene S+200 I command=49 room=17 Play_Room channel=0 scene=1
2022-10-22T21:18:06+01:00 set_scene S+207 - command=49 room=50 Front_Porch_PIR channel=0 scene=0
2022-10-22T21:49:18+01:00 set_scene S+239 I command=49 room=17 Play_Room channel=0 scene=0
2022-10-22T22:01:31+01:00 set_scene S+251 I command=49 room=23 Spa_Bathroom channel=0 scene=1
2022-10-22T22:02:29+01:00 set_scene S+252 I command=49 room=23 Spa_Bathroom channel=0 scene=0
