2024-03-16T00:30:01+00:00 set_scene R-340 - command=49 room=32 Gate_Lights channel=0 scene=0
2024-03-16T00:30:01+00:00 set_scene R-340 - command=49 room=33 Front_Entrance_Pillars channel=0 scene=0
2024-03-16T00:30:01+00:00 set_scene R-340 - command=49 room=34 Kitchen_External channel=0 scene=0
2024-03-16T00:30:02+00:00 set_scene R-340 - command=49 room=35 Garden_Path channel=0 scene=0
2024-03-16T00:30:02+00:00 set_scene R-340 - command=49 room=36 Garden_Flower_Beds channel=0 scene=0
2024-03-16T01:00:20+00:00 set_scene R-310 - command=49 room=50 Front_Porch_PIR channel=0 scene=1
2024-03-16T01:00:36+00:00 set_scene R-310 - command=49 room=50 Front_Porch_PIR channel=0 scene=1
2024-03-16T01:00:52+00:00 set_scene R-309 I command=49 room=14 Kitchen channel=0 scene=1
2024-03-16T01:02:54+00:00 set_scene R-307 I command=49 room=15 Kitchen_Lounge channel=0 scene=0
2024-03-16T01:02:54+00:00 set_scene R-307 I command=49 room=15 Kitchen_Lounge channel=0 scene=0
2024-03-16T01:04:07+00:00 set_scene R-306 - command=49 room=50 Front_Porch_PIR channel=0 scene=0
2024-03-16T01:04:16+00:00 set_scene R-306 I command=49 room=14 Kitchen channel=0 scene=1
2024-03-16T01:04:24+00:00 set_scene R-306 I command=49 room=15 Kitchen_Lounge channel=0 scene=3
2024-03-16T01:04:25+00:00 set_scene R-306 I command=49 room=15 Kitchen_Lounge channel=0 scene=2
2024-03-16T01:04:42+00:00 set_scene R-305 I command=49 room=09 Hall channel=0 scene=4
2024-03-16T01:05:51+00:00 set_scene R-304 I command=49 room=21 Master_Bed channel=0 scene=1
2024-03-16T01:09:25+00:00 set_scene R-301 I command=49 room=22 MBed_EnSuite channel=0 scene=3
2024-03-16T01:21:23+00:00 set_scene R-289 I command=49 room=21 Master_Bed channel=0 scene=0
2024-03-16T01:22:00+00:00 set_scene R-288 I command=49 room=22 MBed_EnSuite channel=0 scene=3
2024-03-16T01:22:52+00:00 set_scene R-287 I command=49 room=22 MBed_EnSuite channel=0 scene=0
2024-03-16T04:22:32+00:00 set_scene R-108 I command=49 room=09 Hall channel=0 scene=0
2024-03-16T04:22:40+00:00 set_scene R-107 I command=49 room=14 Kitchen channel=0 scene=0
2024-03-16T04:22:41+00:00 set_scene R-107 I command=49 room=15 Kitchen_Lounge channel=0 scene=0
2024-03-16T04:22:41+00:00 set_scene R-107 I command=49 room=15 Kitchen_Lounge channel=0 scene=0
2024-03-16T07:47:18+00:00 set_scene R+097 - command=49 room=50 Front_Porch_PIR channel=0 scene=0
2024-03-16T08:04:54+00:00 set_scene R+115 I command=49 room=23 Spa_Bathroom channel=0 scene=0
2024-03-16T08:44:58+00:00 set_scene R+155 - command=49 room=50 Front_Porch_PIR channel=0 scene=1
2024-03-16T09:03:19+00:00 set_scene R+173 I command=49 room=21 Master_Bed channel=0 scene=2
2024-03-16T09:20:35+00:00 set_scene R+190 I command=49 room=21 Master_Bed channel=0 scene=0
2024-03-16T14:27:03+00:00 set_scene S-220 I command=49 room=21 Master_Bed channel=0 scene=2
2024-03-16T15:14:39+00:00 set_scene S-172 I command=49 room=23 Spa_Bathroom channel=0 scene=1
2024-03-16T15:15:37+00:00 set_scene S-171 I command=49 room=23 Spa_Bathroom channel=0 scene=0
2024-03-16T15:15:54+00:00 set_scene S-171 I command=49 room=21 Master_Bed channel=0 scene=0
2024-03-16T15:28:29+00:00 set_scene S-158 I command=49 room=05 Living_Room channel=0 scene=1
2024-03-16T15:46:30+00:00 set_scene S-140 I command=49 room=05 Living_Room channel=0 scene=0
2024-03-16T15:49:20+00:00 set_scene S-137 I command=49 room=23 Spa_Bathroom channel=0 scene=4
2024-03-16T15:49:20+00:00 set_scene S-137 I command=49 room=23 Spa_Bathroom channel=0 scene=0
2024-03-16T15:50:25+00:00 set_scene S-136 - command=49 room=50 Front_Porch_PIR channel=0 scene=1
2024-03-16T15:53:34+00:00 set_scene S-133 - command=49 room=50 Front_Porch_PIR channel=0 scene=0
2024-03-16T16:50:50+00:00 set_scene S-076 - command=49 room=50 Front_Porch_PIR channel=0 scene=1
2024-03-16T16:51:07+00:00 set_scene S-076 - command=49 room=50 Front_Porch_PIR channel=0 scene=1
2024-03-16T17:03:22+00:00 set_scene S-063 I command=49 room=05 Living_Room channel=0 scene=2
2024-03-16T17:07:18+00:00 set_scene S-060 I command=49 room=23 Spa_Bathroom channel=0 scene=0
2024-03-16T17:38:54+00:00 set_scene S-028 I command=49 room=05 Living_Room channel=0 scene=0
2024-03-16T17:50:51+00:00 set_scene S-016 I command=49 room=21 Master_Bed channel=0 scene=0
2024-03-16T17:54:57+00:00 set_scene S-012 - command=49 room=50 Front_Porch_PIR channel=0 scene=1
2024-03-16T17:56:08+00:00 set_scene S-011 - command=49 room=50 Front_Porch_PIR channel=0 scene=1
2024-03-16T17:56:44+00:00 set_scene S-010 - command=49 room=50 Front_Porch_PIR channel=0 scene=1
2024-03-16T17:59:51+00:00 set_scene S-007 - command=49 room=50 Front_Porch_PIR channel=0 scene=0
2024-03-16T18:04:00+00:00 set_scene S-003 - command=49 room=32 Gate_Lights channel=0 scene=1
2024-03-16T18:04:00+00:00 set_scene S-003 - command=49 room=33 Front_Entrance_Pillars channel=0 scene=1
2024-03-16T18:29:54+00:00 set_scene S+023 I command=49 room=09 Hall channel=0 scene=1
2024-03-16T18:30:07+00:00 set_scene S+023 - command=49 room=50 Front_Porch_PIR channel=0 scene=1
2024-03-16T18:32:04+00:00 set_scene S+025 - command=49 room=50 Front_Porch_PIR channel=0 scene=1
2024-03-16T18:34:18+00:00 set_scene S+027 I command=49 room=14 Kitchen channel=0 scene=1
2024-03-16T18:35:10+00:00 set_scene S+028 - command=49 room=50 Front_Porch_PIR channel=0 scene=0
2024-03-16T18:52:50+00:00 set_scene S+046 I command=49 room=23 Spa_Bathroom channel=0 scene=1
2024-03-16T18:53:02+00:00 set_scene S+046 I command=49 room=23 Spa_Bathroom channel=0 scene=4
2024-03-16T18:53:02+00:00 set_scene S+046 I command=49 room=23 Spa_Bathroom channel=0 scene=0
2024-03-16T19:54:11+00:00 set_scene S+107 - command=49 room=50 Front_Porch_PIR channel=0 scene=1
2024-03-16T19:54:29+00:00 set_scene S+108 - command=49 room=50 Front_Porch_PIR channel=0 scene=1
2024-03-16T19:54:31+00:00 set_scene S+108 I command=49 room=05 Living_Room channel=0 scene=1
2024-03-16T19:54:35+00:00 set_scene S+108 I command=49 room=23 Spa_Bathroom channel=0 scene=1
2024-03-16T19:57:26+00:00 set_scene S+111 - command=49 room=50 Front_Porch_PIR channel=0 scene=0
2024-03-16T20:00:59+00:00 set_scene S+114 - command=49 room=50 Front_Porch_PIR channel=0 scene=0
2024-03-16T20:10:01+00:00 set_scene S+123 I command=49 room=06 Study channel=0 scene=1
2024-03-16T20:10:15+00:00 set_scene S+123 I command=49 room=06 Study channel=0 scene=0
2024-03-16T20:10:35+00:00 set_scene S+124 - command=49 room=50 Front_Porch_PIR channel=0 scene=0
2024-03-16T20:11:04+00:00 set_scene S+124 I command=49 room=06 Study channel=0 scene=1
2024-03-16T20:11:18+00:00 set_scene S+124 I command=49 room=06 Study channel=0 scene=0
2024-03-16T21:40:35+00:00 set_scene S+214 I command=49 room=14 Kitchen channel=0 scene=0
2024-03-16T21:40:35+00:00 set_scene S+214 I command=49 room=15 Kitchen_Lounge channel=0 scene=0
2024-03-16T21:40:36+00:00 set_scene S+214 I command=49 room=15 Kitchen_Lounge channel=0 scene=0
2024-03-16T21:50:31+00:00 set_scene S+224 - command=49 room=50 Front_Porch_PIR channel=0 scene=0
2024-03-16T21:53:37+00:00 set_scene S+227 - command=49 room=50 Front_Porch_PIR channel=0 scene=0
2024-03-16T22:18:03+00:00 set_scene S+251 I command=49 room=14 Kitchen channel=0 scene=3
2024-03-16T22:31:50+00:00 set_scene S+265 - command=49 room=50 Front_Porch_PIR channel=0 scene=1
2024-03-16T22:34:58+00:00 set_scene S+268 - command=49 room=50 Front_Porch_PIR channel=0 scene=0
2024-03-16T22:43:37+00:00 set_scene S+277 I command=49 room=14 Kitchen channel=0 scene=0
2024-03-16T22:43:37+00:00 set_scene S+277 I command=49 room=15 Kitchen_Lounge channel=0 scene=0
2024-03-16T22:43:37+00:00 set_scene S+277 I command=49 room=15 Kitchen_Lounge channel=0 scene=0
2024-03-16T22:44:38+00:00 set_scene S+278 I command=49 room=21 Master_Bed channel=0 scene=2
2024-03-16T22:45:31+00:00 set_scene S+279 I command=49 room=14 Kitchen channel=0 scene=3
2024-03-16T22:47:26+00:00 set_scene S+281 I command=49 room=14 Kitchen channel=0 scene=0
2024-03-16T22:47:26+00:00 set_scene S+281 I command=49 room=15 Kitchen_Lounge channel=0 scene=0
2024-03-16T22:47:26+00:00 set_scene S+281 I command=49 room=15 Kitchen_Lounge channel=0 scene=0
2024-03-16T22:51:18+00:00 set_scene S+284 I command=49 room=22 MBed_EnSuite channel=0 scene=2
2024-03-16T23:03:43+00:00 set_scene S+297 I command=49 room=22 MBed_EnSuite channel=0 scene=0
2024-03-16T23:09:13+00:00 set_scene S+302 I command=49 room=21 Master_Bed channel=0 scene=0
2024-03-16T23:11:39+00:00 set_scene S+305 I command=49 room=22 MBed_EnSuite channel=0 scene=4
2024-03-16T23:13:36+00:00 set_scene S+307 I command=49 room=22 MBed_EnSuite channel=0 scene=0
2024-03-16T23:13:45+00:00 set_scene S+307 I command=49 room=22 MBed_EnSuite channel=0 scene=2
2024-03-16T23:13:49+00:00 set_scene S+307 I command=49 room=22 MBed_EnSuite channel=0 scene=0
2024-03-16T23:48:43+00:00 set_scene S+342 I command=49 room=14 Kitchen channel=0 scene=1
2024-03-16T23:52:16+00:00 set_scene S+345 I command=49 room=14 Kitchen channel=0 scene=0
2024-03-16T23:52:16+00:00 set_scene S+345 I command=49 room=15 Kitchen_Lounge channel=0 scene=0
2024-03-16T23:52:16+00:00 set_scene S+345 I command=49 room=15 Kitchen_Lounge channel=0 scene=0
2024-03-16T23:52:20+00:00 set_scene S+346 I command=49 room=22 MBed_EnSuite channel=0 scene=3
2024-03-16T23:52:28+00:00 set_scene S+346 I command=49 room=05 Living_Room channel=0 scene=0
2024-03-16T23:52:38+00:00 set_scene S+346 I command=49 room=09 Hall channel=0 scene=0
