2023-04-16T00:03:34+01:00 set_scene R-357 I command=49 room=23 Spa_Bathroom channel=0 scene=1
2023-04-16T00:09:48+01:00 set_scene R-351 I command=49 room=23 Spa_Bathroom channel=0 scene=0
2023-04-16T00:22:53+01:00 set_scene R-338 I command=49 room=14 Kitchen channel=0 scene=0
2023-04-16T00:22:53+01:00 set_scene R-338 I command=49 room=15 Kitchen_Lounge channel=0 scene=0
2023-04-16T00:22:54+01:00 set_scene R-338 I command=49 room=15 Kitchen_Lounge channel=0 scene=0
2023-04-16T00:23:09+01:00 set_scene R-338 I command=49 room=09 Hall channel=0 scene=0
2023-04-16T00:23:41+01:00 set_scene R-337 I command=49 room=10 Landing channel=0 scene=4
2023-04-16T00:30:00+01:00 set_scene R-331 - command=49 room=32 Gate_Lights channel=0 scene=0
2023-04-16T00:30:01+01:00 set_scene R-331 - command=49 room=33 Front_Entrance_Pillars channel=0 scene=0
2023-04-16T00:30:01+01:00 set_scene R-331 - command=49 room=34 Kitchen_External channel=0 scene=0
2023-04-16T00:30:01+01:00 set_scene R-331 - command=49 room=35 Garden_Path channel=0 scene=0
2023-04-16T00:30:02+01:00 set_scene R-331 - command=49 room=36 Garden_Flower_Beds channel=0 scene=0
2023-04-16T03:34:57+01:00 set_scene R-146 - command=49 room=50 Front_Porch_PIR channel=0 scene=1
2023-04-16T03:37:53+01:00 set_scene R-143 - command=49 room=50 Front_Porch_PIR channel=0 scene=0
2023-04-16T07:43:24+01:00 set_scene R+103 I command=49 room=21 Master_Bed channel=0 scene=2
2023-04-16T08:01:11+01:00 set_scene R+121 I command=49 room=21 Master_Bed channel=0 scene=0
2023-04-16T09:30:03+01:00 set_scene R+209 I command=49 room=23 Spa_Bathroom channel=0 scene=1
2023-04-16T09:34:42+01:00 set_scene R+214 I command=49 room=23 Spa_Bathroom channel=0 scene=0
2023-04-16T09:51:42+01:00 set_scene R+231 - command=49 room=50 Front_Porch_PIR channel=0 scene=1
2023-04-16T09:51:57+01:00 set_scene R+231 - command=49 room=52 Alarm_Interface channel=0 scene=4
2023-04-16T09:51:57+01:00 alarm_set
2023-04-16T09:51:59+01:00 set_scene R+231 - command=49 room=50 Front_Porch_PIR channel=0 scene=1
2023-04-16T09:55:03+01:00 set_scene R+234 - command=49 room=50 Front_Porch_PIR channel=0 scene=0
2023-04-16T15:41:51+01:00 set_scene S-257 - command=49 room=50 Front_Porch_PIR channel=0 scene=1
2023-04-16T15:41:58+01:00 set_scene S-257 - command=49 room=50 Front_Porch_PIR channel=0 scene=1
2023-04-16T15:42:38+01:00 set_scene S-257 - command=49 room=50 Front_Porch_PIR channel=0 scene=1
2023-04-16T15:42:58+01:00 set_scene S-256 - command=49 room=52 Alarm_Interface channel=0 scene=0
2023-04-16T15:42:58+01:00 alarm_unset
2023-04-16T15:43:09+01:00 set_scene S-256 - command=49 room=50 Front_Porch_PIR channel=0 scene=1
2023-04-16T15:43:23+01:00 set_scene S-256 - command=49 room=50 Front_Porch_PIR channel=0 scene=1
2023-04-16T15:46:29+01:00 set_scene S-253 - command=49 room=50 Front_Porch_PIR channel=0 scene=0
2023-04-16T15:49:54+01:00 set_scene S-249 I command=49 room=21 Master_Bed channel=0 scene=2
2023-04-16T15:51:06+01:00 set_scene S-248 I command=49 room=23 Spa_Bathroom channel=0 scene=0
2023-04-16T16:16:18+01:00 set_scene S-223 I command=49 room=23 Spa_Bathroom channel=0 scene=0
2023-04-16T16:36:01+01:00 set_scene S-203 I command=49 room=21 Master_Bed channel=0 scene=0
2023-04-16T16:36:19+01:00 set_scene S-203 I command=49 room=09 Hall channel=0 scene=2
2023-04-16T18:22:11+01:00 set_scene S-097 - command=49 room=50 Front_Porch_PIR channel=0 scene=1
2023-04-16T18:22:15+01:00 set_scene S-097 - command=49 room=50 Front_Porch_PIR channel=0 scene=1
2023-04-16T18:24:13+01:00 set_scene S-095 - command=49 room=50 Front_Porch_PIR channel=0 scene=1
2023-04-16T18:24:19+01:00 set_scene S-095 - command=49 room=50 Front_Porch_PIR channel=0 scene=1
2023-04-16T18:24:21+01:00 set_scene S-095 - command=49 room=50 Front_Porch_PIR channel=0 scene=1
2023-04-16T18:27:23+01:00 set_scene S-092 - command=49 room=50 Front_Porch_PIR channel=0 scene=0
2023-04-16T18:34:31+01:00 set_scene S-085 I command=49 room=05 Living_Room channel=0 scene=3
2023-04-16T19:56:00+01:00 set_scene S-003 - command=49 room=32 Gate_Lights channel=0 scene=1
2023-04-16T19:56:01+01:00 set_scene S-003 - command=49 room=33 Front_Entrance_Pillars channel=0 scene=1
2023-04-16T20:36:06+01:00 set_scene S+037 - command=49 room=50 Front_Porch_PIR channel=0 scene=1
2023-04-16T20:36:13+01:00 set_scene S+037 - command=49 room=50 Front_Porch_PIR channel=0 scene=1
2023-04-16T20:36:24+01:00 set_scene S+037 - command=49 room=50 Front_Porch_PIR channel=0 scene=1
2023-04-16T20:36:32+01:00 set_scene S+037 - command=49 room=50 Front_Porch_PIR channel=0 scene=1
2023-04-16T20:36:34+01:00 set_scene S+037 - command=49 room=50 Front_Porch_PIR channel=0 scene=1
2023-04-16T20:36:35+01:00 set_scene S+037 - command=49 room=50 Front_Porch_PIR channel=0 scene=1
2023-04-16T20:36:37+01:00 set_scene S+037 - command=49 room=50 Front_Porch_PIR channel=0 scene=1
2023-04-16T20:36:45+01:00 set_scene S+038 - command=49 room=50 Front_Porch_PIR channel=0 scene=1
2023-04-16T20:36:47+01:00 set_scene S+038 - command=49 room=50 Front_Porch_PIR channel=0 scene=1
2023-04-16T20:37:09+01:00 set_scene S+038 - command=49 room=50 Front_Porch_PIR channel=0 scene=1
2023-04-16T20:37:12+01:00 set_scene S+038 I command=49 room=05 Living_Room channel=0 scene=0
2023-04-16T20:37:42+01:00 set_scene S+039 I command=49 room=14 Kitchen channel=0 scene=1
2023-04-16T20:40:16+01:00 set_scene S+041 - command=49 room=50 Front_Porch_PIR channel=0 scene=0
2023-04-16T21:01:37+01:00 set_scene S+062 I command=49 room=23 Spa_Bathroom channel=0 scene=1
2023-04-16T21:02:56+01:00 set_scene S+064 I command=49 room=23 Spa_Bathroom channel=0 scene=0
2023-04-16T21:03:38+01:00 set_scene S+064 I command=49 room=05 Living_Room channel=0 scene=2
2023-04-16T22:05:10+01:00 set_scene S+126 I command=49 room=05 Living_Room channel=0 scene=0
2023-04-16T22:05:13+01:00 set_scene S+126 I command=49 room=10 Landing channel=0 scene=2
2023-04-16T22:06:50+01:00 set_scene S+128 I command=49 room=21 Master_Bed channel=0 scene=2
2023-04-16T22:09:39+01:00 set_scene S+130 I command=49 room=22 MBed_EnSuite channel=0 scene=3
2023-04-16T22:17:46+01:00 set_scene S+139 I command=49 room=22 MBed_EnSuite channel=0 scene=0
2023-04-16T22:26:17+01:00 set_scene S+147 I command=49 room=22 MBed_EnSuite channel=0 scene=3
2023-04-16T22:30:07+01:00 set_scene S+151 I command=49 room=22 MBed_EnSuite channel=0 scene=0
2023-04-16T22:31:52+01:00 set_scene S+153 I command=49 room=17 Play_Room channel=0 scene=1
2023-04-16T22:33:47+01:00 set_scene S+155 I command=49 room=21 Master_Bed channel=0 scene=0
2023-04-16T22:34:29+01:00 set_scene S+155 I command=49 room=17 Play_Room channel=0 scene=0
2023-04-16T22:42:11+01:00 set_scene S+163 I command=49 room=23 Spa_Bathroom channel=0 scene=1
2023-04-16T22:45:55+01:00 set_scene S+167 I command=49 room=23 Spa_Bathroom channel=0 scene=0
2023-04-16T23:30:42+01:00 set_scene S+212 I command=49 room=23 Spa_Bathroom channel=0 scene=1
2023-04-16T23:35:33+01:00 set_scene S+216 I command=49 room=23 Spa_Bathroom channel=0 scene=0
2023-04-16T23:54:27+01:00 set_scene S+235 I command=49 room=23 Spa_Bathroom channel=0 scene=1
2023-04-16T23:55:19+01:00 set_scene S+236 I command=49 room=23 Spa_Bathroom channel=0 scene=0
