2023-11-10T00:07:22+00:00 set_scene R-423 I command=49 room=22 MBed_EnSuite channel=0 scene=4
2023-11-10T00:08:18+00:00 set_scene R-422 I command=49 room=22 MBed_EnSuite channel=0 scene=0
2023-11-10T00:30:00+00:00 set_scene R-400 - command=49 room=32 Gate_Lights channel=0 scene=0
2023-11-10T00:30:00+00:00 set_scene R-400 - command=49 room=33 Front_Entrance_Pillars channel=0 scene=0
2023-11-10T00:30:01+00:00 set_scene R-400 - command=49 room=34 Kitchen_External channel=0 scene=0
2023-11-10T00:30:01+00:00 set_scene R-400 - command=49 room=35 Garden_Path channel=0 scene=0
2023-11-10T00:30:01+00:00 set_scene R-400 - command=49 room=36 Garden_Flower_Beds channel=0 scene=0
2023-11-10T07:09:47+00:00 set_scene R+000 I command=49 room=22 MBed_EnSuite channel=0 scene=4
2023-11-10T07:20:43+00:00 set_scene R+011 I command=49 room=22 MBed_EnSuite channel=0 scene=0
2023-11-10T07:58:45+00:00 set_scene R+049 I command=49 room=23 Spa_Bathroom channel=0 scene=1
2023-11-10T07:59:51+00:00 set_scene R+050 I command=49 room=23 Spa_Bathroom channel=0 scene=0
2023-11-10T08:57:10+00:00 set_scene R+107 I command=49 room=21 Master_Bed channel=0 scene=2
2023-11-10T09:09:28+00:00 set_scene R+119 - command=49 room=50 Front_Porch_PIR channel=0 scene=1
2023-11-10T09:09:36+00:00 set_scene R+119 - command=49 room=50 Front_Porch_PIR channel=0 scene=1
2023-11-10T09:12:37+00:00 set_scene R+122 - command=49 room=50 Front_Porch_PIR channel=0 scene=0
2023-11-10T09:15:04+00:00 set_scene R+125 I command=49 room=21 Master_Bed channel=0 scene=0
2023-11-10T09:16:56+00:00 set_scene R+127 - command=49 room=50 Front_Porch_PIR channel=0 scene=1
2023-11-10T09:19:57+00:00 set_scene R+130 - command=49 room=50 Front_Porch_PIR channel=0 scene=0
2023-11-10T09:38:14+00:00 set_scene R+148 - command=49 room=50 Front_Porch_PIR channel=0 scene=1
2023-11-10T09:38:17+00:00 set_scene R+148 - command=49 room=50 Front_Porch_PIR channel=0 scene=1
2023-11-10T09:38:20+00:00 set_scene R+148 - command=49 room=50 Front_Porch_PIR channel=0 scene=1
2023-11-10T09:38:28+00:00 set_scene R+148 - command=49 room=50 Front_Porch_PIR channel=0 scene=1
2023-11-10T09:40:47+00:00 set_scene R+151 - command=49 room=50 Front_Porch_PIR channel=0 scene=1
2023-11-10T09:40:56+00:00 set_scene R+151 - command=49 room=52 Alarm_Interface channel=0 scene=4
2023-11-10T09:40:56+00:00 alarm_set
2023-11-10T09:43:59+00:00 set_scene R+154 - command=49 room=50 Front_Porch_PIR channel=0 scene=0
2023-11-10T10:59:32+00:00 set_scene R+229 - command=49 room=50 Front_Porch_PIR channel=0 scene=1
2023-11-10T10:59:35+00:00 set_scene R+229 - command=49 room=50 Front_Porch_PIR channel=0 scene=1
2023-11-10T10:59:49+00:00 set_scene R+230 - command=49 room=50 Front_Porch_PIR channel=0 scene=1
2023-11-10T11:02:55+00:00 set_scene R+233 - command=49 room=50 Front_Porch_PIR channel=0 scene=0
2023-11-10T11:03:48+00:00 set_scene R+234 - command=49 room=50 Front_Porch_PIR channel=0 scene=1
2023-11-10T11:03:51+00:00 set_scene R+234 - command=49 room=50 Front_Porch_PIR channel=0 scene=1
2023-11-10T11:04:03+00:00 set_scene R+234 - command=49 room=50 Front_Porch_PIR channel=0 scene=1
2023-11-10T11:04:17+00:00 set_scene R+234 - command=49 room=50 Front_Porch_PIR channel=0 scene=1
2023-11-10T11:04:22+00:00 set_scene R+234 - command=49 room=50 Front_Porch_PIR channel=0 scene=1
2023-11-10T11:07:27+00:00 set_scene R+237 - command=49 room=50 Front_Porch_PIR channel=0 scene=0
2023-11-10T11:18:33+00:00 set_scene R+248 - command=49 room=50 Front_Porch_PIR channel=0 scene=1
2023-11-10T11:18:49+00:00 set_scene R+249 - command=49 room=52 Alarm_Interface channel=0 scene=0
2023-11-10T11:18:49+00:00 alarm_unset
2023-11-10T11:18:56+00:00 set_scene R+249 - command=49 room=50 Front_Porch_PIR channel=0 scene=1
2023-11-10T11:19:02+00:00 set_scene R+249 - command=49 room=50 Front_Porch_PIR channel=0 scene=1
2023-11-10T11:19:13+00:00 set_scene R+249 - command=49 room=50 Front_Porch_PIR channel=0 scene=1
2023-11-10T11:19:23+00:00 set_scene R+249 - command=49 room=50 Front_Porch_PIR channel=0 scene=1
2023-11-10T11:22:21+00:00 set_scene R+252 - command=49 room=50 Front_Porch_PIR channel=0 scene=0
2023-11-10T11:24:58+00:00 set_scene R+255 - command=49 room=50 Front_Porch_PIR channel=0 scene=1
2023-11-10T11:25:11+00:00 set_scene R+255 - command=49 room=50 Front_Porch_PIR channel=0 scene=1
2023-11-10T11:25:19+00:00 set_scene R+255 - command=49 room=50 Front_Porch_PIR channel=0 scene=1
2023-11-10T11:25:29+00:00 set_scene R+255 - command=49 room=50 Front_Porch_PIR channel=0 scene=1
2023-11-10T11:28:34+00:00 set_scene R+258 - command=49 room=50 Front_Porch_PIR channel=0 scene=0
2023-11-10T11:45:54+00:00 set_scene S-270 - command=49 room=50 Front_Porch_PIR channel=0 scene=1
2023-11-10T11:46:10+00:00 set_scene S-270 - command=49 room=50 Front_Porch_PIR channel=0 scene=1
2023-11-10T11:49:16+00:00 set_scene S-267 - command=49 room=50 Front_Porch_PIR channel=0 scene=0
2023-11-10T12:02:14+00:00 set_scene S-254 - command=49 room=50 Front_Porch_PIR channel=0 scene=1
2023-11-10T12:02:29+00:00 set_scene S-253 - command=49 room=50 Front_Porch_PIR channel=0 scene=1
2023-11-10T12:05:30+00:00 set_scene S-250 - command=49 room=50 Front_Porch_PIR channel=0 scene=0
2023-11-10T12:21:03+00:00 set_scene S-235 - command=49 room=50 Front_Porch_PIR channel=0 scene=1
2023-11-10T12:21:10+00:00 set_scene S-235 - command=49 room=50 Front_Porch_PIR channel=0 scene=1
2023-11-10T12:24:10+00:00 set_scene S-232 - command=49 room=50 Front_Porch_PIR channel=0 scene=0
2023-11-10T15:21:53+00:00 set_scene S-054 I command=49 room=21 Master_Bed channel=0 scene=2
2023-11-10T15:39:05+00:00 set_scene S-037 I command=49 room=21 Master_Bed channel=0 scene=0
2023-11-10T16:12:00+00:00 set_scene S-004 - command=49 room=32 Gate_Lights channel=0 scene=1
2023-11-10T16:12:00+00:00 set_scene S-004 - command=49 room=33 Front_Entrance_Pillars channel=0 scene=1
2023-11-10T16:32:13+00:00 set_scene S+016 I command=49 room=14 Kitchen channel=0 scene=2
2023-11-10T16:36:12+00:00 set_scene S+020 I command=49 room=14 Kitchen channel=0 scene=0
2023-11-10T16:36:13+00:00 set_scene S+020 I command=49 room=15 Kitchen_Lounge channel=0 scene=0
2023-11-10T16:36:13+00:00 set_scene S+020 I command=49 room=15 Kitchen_Lounge channel=0 scene=0
2023-11-10T16:37:18+00:00 set_scene S+021 I command=49 room=05 Living_Room channel=0 scene=3
2023-11-10T18:12:56+00:00 set_scene S+117 I command=49 room=05 Living_Room channel=0 scene=0
2023-11-10T18:13:04+00:00 set_scene S+117 I command=49 room=09 Hall channel=0 scene=3
2023-11-10T18:13:33+00:00 set_scene S+118 I command=49 room=21 Master_Bed channel=0 scene=2
2023-11-10T18:13:53+00:00 set_scene S+118 I command=49 room=22 MBed_EnSuite channel=0 scene=3
2023-11-10T18:24:26+00:00 set_scene S+129 I command=49 room=22 MBed_EnSuite channel=0 scene=0
2023-11-10T18:33:48+00:00 set_scene S+138 I command=49 room=21 Master_Bed channel=0 scene=0
2023-11-10T18:34:21+00:00 set_scene S+138 I command=49 room=14 Kitchen channel=0 scene=2
2023-11-10T18:37:46+00:00 set_scene S+142 - command=49 room=50 Front_Porch_PIR channel=0 scene=0
2023-11-10T18:39:12+00:00 set_scene S+143 I command=49 room=14 Kitchen channel=0 scene=0
2023-11-10T18:39:12+00:00 set_scene S+143 I command=49 room=15 Kitchen_Lounge channel=0 scene=0
2023-11-10T18:39:13+00:00 set_scene S+143 I command=49 room=15 Kitchen_Lounge channel=0 scene=0
2023-11-10T18:40:31+00:00 set_scene S+145 I command=49 room=09 Hall channel=0 scene=3
2023-11-10T18:40:32+00:00 set_scene S+145 - command=49 room=50 Front_Porch_PIR channel=0 scene=1
2023-11-10T18:40:36+00:00 set_scene S+145 - command=49 room=50 Front_Porch_PIR channel=0 scene=1
2023-11-10T18:40:43+00:00 set_scene S+145 - command=49 room=52 Alarm_Interface channel=0 scene=4
2023-11-10T18:40:43+00:00 alarm_set
2023-11-10T18:43:45+00:00 set_scene S+148 - command=49 room=50 Front_Porch_PIR channel=0 scene=0
2023-11-10T21:06:03+00:00 set_scene S+290 - command=49 room=52 Alarm_Interface channel=0 scene=1
2023-11-10T21:06:03+00:00 alarm_sounding
2023-11-10T21:06:10+00:00 set_scene S+290 - command=49 room=52 Alarm_Interface channel=0 scene=0
2023-11-10T21:06:10+00:00 alarm_resolve
2023-11-10T21:06:10+00:00 alarm_unset
2023-11-10T21:06:25+00:00 set_scene S+290 I command=49 room=14 Kitchen channel=0 scene=1
2023-11-10T21:46:46+00:00 set_scene S+331 I command=49 room=14 Kitchen channel=0 scene=0
2023-11-10T21:46:47+00:00 set_scene S+331 I command=49 room=15 Kitchen_Lounge channel=0 scene=0
2023-11-10T21:46:47+00:00 set_scene S+331 I command=49 room=15 Kitchen_Lounge channel=0 scene=0
2023-11-10T21:47:19+00:00 set_scene S+331 I command=49 room=05 Living_Room channel=0 scene=1
2023-11-10T21:48:16+00:00 set_scene S+332 I command=49 room=05 Living_Room channel=0 scene=0
2023-11-10T21:58:01+00:00 set_scene S+342 I command=49 room=23 Spa_Bathroom channel=0 scene=1
2023-11-10T21:58:37+00:00 set_scene S+343 I command=49 room=23 Spa_Bathroom channel=0 scene=0
2023-11-10T22:19:43+00:00 set_scene S+364 I command=49 room=23 Spa_Bathroom channel=0 scene=1
2023-11-10T22:19:58+00:00 set_scene S+364 I command=49 room=23 Spa_Bathroom channel=0 scene=0
2023-11-10T22:20:37+00:00 set_scene S+365 I command=49 room=23 Spa_Bathroom channel=0 scene=1
2023-11-10T22:22:55+00:00 set_scene S+367 I command=49 room=23 Spa_Bathroom channel=0 scene=0
2023-11-10T22:46:01+00:00 set_scene S+390 I command=49 room=23 Spa_Bathroom channel=0 scene=1
2023-11-10T22:46:23+00:00 set_scene S+390 I command=49 room=23 Spa_Bathroom channel=0 scene=0
2023-11-10T22:46:47+00:00 set_scene S+391 I command=49 room=05 Living_Room channel=0 scene=1
2023-11-10T22:47:41+00:00 set_scene S+392 I command=49 room=05 Living_Room channel=0 scene=0
2023-11-10T23:07:50+00:00 set_scene S+412 - command=49 room=50 Front_Porch_PIR channel=0 scene=1
2023-11-10T23:07:57+00:00 set_scene S+412 - command=49 room=50 Front_Porch_PIR channel=0 scene=1
2023-11-10T23:08:00+00:00 set_scene S+412 - command=49 room=50 Front_Porch_PIR channel=0 scene=1
2023-11-10T23:10:00+00:00 set_scene S+414 I command=49 room=14 Kitchen channel=0 scene=2
2023-11-10T23:10:58+00:00 set_scene S+415 - command=49 room=50 Front_Porch_PIR channel=0 scene=0
2023-11-10T23:11:28+00:00 set_scene S+416 I command=49 room=14 Kitchen channel=0 scene=0
2023-11-10T23:11:29+00:00 set_scene S+416 I command=49 room=15 Kitchen_Lounge channel=0 scene=0
2023-11-10T23:11:29+00:00 set_scene S+416 I command=49 room=15 Kitchen_Lounge channel=0 scene=0
2023-11-10T23:11:45+00:00 set_scene S+416 I command=49 room=05 Living_Room channel=0 scene=3
2023-11-10T23:12:45+00:00 set_scene S+417 I command=49 room=05 Living_Room channel=0 scene=0
2023-11-10T23:13:04+00:00 set_scene S+417 I command=49 room=09 Hall channel=0 scene=0
2023-11-10T23:13:26+00:00 set_scene S+418 I command=49 room=21 Master_Bed channel=0 scene=4
2023-11-10T23:13:27+00:00 set_scene S+418 I command=49 room=21 Master_Bed channel=0 scene=3
2023-11-10T23:13:37+00:00 set_scene S+418 I command=49 room=10 Landing channel=0 scene=1
2023-11-10T23:18:48+00:00 set_scene S+423 I command=49 room=22 MBed_EnSuite channel=0 scene=3
2023-11-10T23:30:19+00:00 set_scene S+434 I command=49 room=05 Living_Room channel=0 scene=3
2023-11-10T23:30:36+00:00 set_scene S+435 I command=49 room=05 Living_Room channel=0 scene=0
2023-11-10T23:31:05+00:00 set_scene S+435 I command=49 room=14 Kitchen channel=0 scene=2
2023-11-10T23:32:30+00:00 set_scene S+437 I command=49 room=22 MBed_EnSuite channel=0 scene=0
2023-11-10T23:34:34+00:00 set_scene S+439 I command=49 room=14 Kitchen channel=0 scene=0
2023-11-10T23:34:34+00:00 set_scene S+439 I command=49 room=15 Kitchen_Lounge channel=0 scene=0
2023-11-10T23:34:34+00:00 set_scene S+439 I command=49 room=15 Kitchen_Lounge channel=0 scene=0
2023-11-10T23:36:50+00:00 set_scene S+441 I command=49 room=21 Master_Bed channel=0 scene=0
2023-11-10T23:47:01+00:00 set_scene S+451 I command=49 room=22 MBed_EnSuite channel=0 scene=3
2023-11-10T23:47:58+00:00 set_scene S+452 I command=49 room=22 MBed_EnSuite channel=0 scene=0
2023-11-10T23:48:03+00:00 set_scene S+452 I command=49 room=22 MBed_EnSuite channel=0 scene=4
2023-11-10T23:48:06+00:00 set_scene S+452 I command=49 room=22 MBed_EnSuite channel=0 scene=0
