2023-04-19T00:08:41+01:00 set_scene R-345 I command=49 room=23 Spa_Bathroom channel=0 scene=1
2023-04-19T00:13:48+01:00 set_scene R-340 I command=49 room=23 Spa_Bathroom channel=0 scene=4
2023-04-19T00:30:00+01:00 set_scene R-324 - command=49 room=32 Gate_Lights channel=0 scene=0
2023-04-19T00:30:01+01:00 set_scene R-324 - command=49 room=33 Front_Entrance_Pillars channel=0 scene=0
2023-04-19T00:30:01+01:00 set_scene R-324 - command=49 room=34 Kitchen_External channel=0 scene=0
2023-04-19T00:30:01+01:00 set_scene R-324 - command=49 room=35 Garden_Path channel=0 scene=0
2023-04-19T00:30:02+01:00 set_scene R-324 - command=49 room=36 Garden_Flower_Beds channel=0 scene=0
2023-04-19T01:55:51+01:00 set_scene R-238 I command=49 room=06 Study channel=0 scene=0
2023-04-19T01:56:07+01:00 set_scene R-238 I command=49 room=14 Kitchen channel=0 scene=2
2023-04-19T01:56:27+01:00 set_scene R-238 I command=49 room=14 Kitchen channel=0 scene=0
2023-04-19T01:56:27+01:00 set_scene R-238 I command=49 room=15 Kitchen_Lounge channel=0 scene=0
2023-04-19T01:56:27+01:00 set_scene R-238 I command=49 room=15 Kitchen_Lounge channel=0 scene=0
2023-04-19T01:56:28+01:00 set_scene R-238 I command=49 room=09 Hall channel=0 scene=0
2023-04-19T01:56:59+01:00 set_scene R-237 I command=49 room=10 Landing channel=0 scene=0
2023-04-19T01:58:31+01:00 set_scene R-236 I command=49 room=23 Spa_Bathroom channel=0 scene=1
2023-04-19T01:58:45+01:00 set_scene R-235 I command=49 room=23 Spa_Bathroom channel=0 scene=0
2023-04-19T01:58:49+01:00 set_scene R-235 I command=49 room=23 Spa_Bathroom channel=0 scene=1
2023-04-19T01:58:53+01:00 set_scene R-235 I command=49 room=23 Spa_Bathroom channel=0 scene=0
2023-04-19T07:48:16+01:00 set_scene R+114 I command=49 room=23 Spa_Bathroom channel=0 scene=0
2023-04-19T09:45:53+01:00 set_scene R+232 I command=49 room=21 Master_Bed channel=0 scene=2
2023-04-19T09:47:11+01:00 set_scene R+233 I command=49 room=21 Master_Bed channel=0 scene=0
2023-04-19T10:22:21+01:00 set_scene R+268 I command=49 room=06 Study channel=0 scene=1
2023-04-19T10:26:11+01:00 set_scene R+272 I command=49 room=21 Master_Bed channel=0 scene=1
2023-04-19T10:26:24+01:00 set_scene R+272 I command=49 room=22 MBed_EnSuite channel=0 scene=1
2023-04-19T10:29:16+01:00 set_scene R+275 I command=49 room=22 MBed_EnSuite channel=0 scene=0
2023-04-19T10:29:24+01:00 set_scene R+275 I command=49 room=21 Master_Bed channel=0 scene=0
2023-04-19T10:31:13+01:00 set_scene R+277 I command=49 room=23 Spa_Bathroom channel=0 scene=1
2023-04-19T10:46:29+01:00 set_scene R+292 I command=49 room=23 Spa_Bathroom channel=0 scene=0
2023-04-19T10:59:11+01:00 set_scene R+305 - command=49 room=50 Front_Porch_PIR channel=0 scene=1
2023-04-19T11:02:19+01:00 set_scene R+308 - command=49 room=50 Front_Porch_PIR channel=0 scene=0
2023-04-19T11:19:40+01:00 set_scene R+326 - command=49 room=50 Front_Porch_PIR channel=0 scene=1
2023-04-19T11:21:24+01:00 set_scene R+327 - command=49 room=50 Front_Porch_PIR channel=0 scene=1
2023-04-19T11:24:30+01:00 set_scene R+330 - command=49 room=50 Front_Porch_PIR channel=0 scene=0
2023-04-19T12:43:02+01:00 set_scene R+409 - command=49 room=50 Front_Porch_PIR channel=0 scene=1
2023-04-19T12:46:10+01:00 set_scene R+412 - command=49 room=50 Front_Porch_PIR channel=0 scene=0
2023-04-19T13:35:48+01:00 set_scene S-389 - command=49 room=50 Front_Porch_PIR channel=0 scene=0
2023-04-19T14:13:13+01:00 set_scene S-351 - command=49 room=50 Front_Porch_PIR channel=0 scene=1
2023-04-19T14:13:17+01:00 set_scene S-351 - command=49 room=50 Front_Porch_PIR channel=0 scene=1
2023-04-19T14:13:32+01:00 set_scene S-351 - command=49 room=50 Front_Porch_PIR channel=0 scene=1
2023-04-19T14:16:38+01:00 set_scene S-348 - command=49 room=50 Front_Porch_PIR channel=0 scene=0
2023-04-19T14:25:23+01:00 set_scene S-339 - command=49 room=50 Front_Porch_PIR channel=0 scene=1
2023-04-19T14:25:33+01:00 set_scene S-339 - command=49 room=50 Front_Porch_PIR channel=0 scene=1
2023-04-19T14:25:41+01:00 set_scene S-339 - command=49 room=50 Front_Porch_PIR channel=0 scene=1
2023-04-19T14:26:10+01:00 set_scene S-338 - command=49 room=50 Front_Porch_PIR channel=0 scene=1
2023-04-19T14:29:07+01:00 set_scene S-335 - command=49 room=50 Front_Porch_PIR channel=0 scene=0
2023-04-19T14:54:24+01:00 set_scene S-310 - command=49 room=50 Front_Porch_PIR channel=0 scene=1
2023-04-19T14:54:37+01:00 set_scene S-310 - command=49 room=50 Front_Porch_PIR channel=0 scene=1
2023-04-19T14:57:40+01:00 set_scene S-307 - command=49 room=50 Front_Porch_PIR channel=0 scene=0
2023-04-19T15:19:16+01:00 set_scene S-285 - command=49 room=50 Front_Porch_PIR channel=0 scene=1
2023-04-19T15:19:50+01:00 set_scene S-285 - command=49 room=50 Front_Porch_PIR channel=0 scene=1
2023-04-19T15:19:54+01:00 set_scene S-284 - command=49 room=50 Front_Porch_PIR channel=0 scene=1
2023-04-19T15:20:01+01:00 set_scene S-284 - command=49 room=50 Front_Porch_PIR channel=0 scene=1
2023-04-19T15:20:10+01:00 set_scene S-284 - command=49 room=50 Front_Porch_PIR channel=0 scene=1
2023-04-19T15:20:12+01:00 set_scene S-284 - command=49 room=50 Front_Porch_PIR channel=0 scene=1
2023-04-19T15:20:20+01:00 set_scene S-284 - command=49 room=50 Front_Porch_PIR channel=0 scene=1
2023-04-19T15:23:22+01:00 set_scene S-281 - command=49 room=50 Front_Porch_PIR channel=0 scene=0
2023-04-19T15:54:08+01:00 set_scene S-250 - command=49 room=50 Front_Porch_PIR channel=0 scene=0
2023-04-19T16:05:59+01:00 set_scene S-238 - command=49 room=50 Front_Porch_PIR channel=0 scene=1
2023-04-19T16:09:01+01:00 set_scene S-235 - command=49 room=50 Front_Porch_PIR channel=0 scene=0
2023-04-19T16:31:08+01:00 set_scene S-213 - command=49 room=50 Front_Porch_PIR channel=0 scene=0
2023-04-19T16:53:53+01:00 set_scene S-190 - command=49 room=50 Front_Porch_PIR channel=0 scene=1
2023-04-19T16:53:57+01:00 set_scene S-190 - command=49 room=50 Front_Porch_PIR channel=0 scene=1
2023-04-19T16:55:03+01:00 set_scene S-189 - command=49 room=50 Front_Porch_PIR channel=0 scene=1
2023-04-19T16:55:20+01:00 set_scene S-189 - command=49 room=50 Front_Porch_PIR channel=0 scene=1
2023-04-19T16:58:17+01:00 set_scene S-186 - command=49 room=50 Front_Porch_PIR channel=0 scene=0
2023-04-19T17:56:01+01:00 set_scene S-128 - command=49 room=50 Front_Porch_PIR channel=0 scene=1
2023-04-19T17:59:06+01:00 set_scene S-125 - command=49 room=50 Front_Porch_PIR channel=0 scene=0
2023-04-19T18:02:40+01:00 set_scene S-122 - command=49 room=50 Front_Porch_PIR channel=0 scene=0
2023-04-19T19:19:45+01:00 set_scene S-045 I command=49 room=21 Master_Bed channel=0 scene=2
2023-04-19T19:35:24+01:00 set_scene S-029 I command=49 room=21 Master_Bed channel=0 scene=0
2023-04-19T19:35:40+01:00 set_scene S-029 I command=49 room=09 Hall channel=0 scene=2
2023-04-19T19:45:42+01:00 set_scene S-019 I command=49 room=23 Spa_Bathroom channel=0 scene=1
2023-04-19T19:46:06+01:00 set_scene S-018 I command=49 room=23 Spa_Bathroom channel=0 scene=0
2023-04-19T19:52:13+01:00 set_scene S-012 I command=49 room=22 MBed_EnSuite channel=0 scene=1
2023-04-19T19:53:23+01:00 set_scene S-011 - command=49 room=50 Front_Porch_PIR channel=0 scene=1
2023-04-19T19:53:51+01:00 set_scene S-010 I command=49 room=22 MBed_EnSuite channel=0 scene=0
2023-04-19T19:56:30+01:00 set_scene S-008 - command=49 room=50 Front_Porch_PIR channel=0 scene=0
2023-04-19T19:57:12+01:00 set_scene S-007 I command=49 room=23 Spa_Bathroom channel=0 scene=1
2023-04-19T19:57:34+01:00 set_scene S-007 I command=49 room=23 Spa_Bathroom channel=0 scene=0
2023-04-19T19:57:48+01:00 set_scene S-007 - command=49 room=50 Front_Porch_PIR channel=0 scene=1
2023-04-19T20:00:14+01:00 set_scene S-004 I command=49 room=23 Spa_Bathroom channel=0 scene=1
2023-04-19T20:00:28+01:00 set_scene S-004 I command=49 room=23 Spa_Bathroom channel=0 scene=0
2023-04-19T20:00:57+01:00 set_scene S-003 - command=49 room=50 Front_Porch_PIR channel=0 scene=0
2023-04-19T20:02:00+01:00 set_scene S-002 - command=49 room=32 Gate_Lights channel=0 scene=1
2023-04-19T20:02:00+01:00 set_scene S-002 - command=49 room=33 Front_Entrance_Pillars channel=0 scene=1
2023-04-19T21:51:18+01:00 set_scene S+107 I command=49 room=23 Spa_Bathroom channel=0 scene=1
2023-04-19T21:51:41+01:00 set_scene S+107 I command=49 room=23 Spa_Bathroom channel=0 scene=0
2023-04-19T22:05:04+01:00 set_scene S+121 I command=49 room=23 Spa_Bathroom channel=0 scene=1
2023-04-19T22:05:24+01:00 set_scene S+121 I command=49 room=21 Master_Bed channel=0 scene=2
2023-04-19T22:05:24+01:00 set_scene S+121 I command=49 room=21 Master_Bed channel=0 scene=1
2023-04-19T22:05:51+01:00 set_scene S+122 I command=49 room=21 Master_Bed channel=0 scene=0
2023-04-19T22:15:34+01:00 set_scene S+131 I command=49 room=14 Kitchen channel=0 scene=2
2023-04-19T22:17:29+01:00 set_scene S+133 I command=49 room=14 Kitchen channel=0 scene=0
2023-04-19T22:17:30+01:00 set_scene S+133 I command=49 room=15 Kitchen_Lounge channel=0 scene=0
2023-04-19T22:17:30+01:00 set_scene S+133 I command=49 room=15 Kitchen_Lounge channel=0 scene=0
2023-04-19T22:18:40+01:00 set_scene S+134 I command=49 room=23 Spa_Bathroom channel=0 scene=0
2023-04-19T22:19:43+01:00 set_scene S+135 I command=49 room=14 Kitchen channel=0 scene=1
2023-04-19T22:21:11+01:00 set_scene S+137 I command=49 room=14 Kitchen channel=0 scene=0
2023-04-19T22:21:11+01:00 set_scene S+137 I command=49 room=15 Kitchen_Lounge channel=0 scene=0
2023-04-19T22:21:12+01:00 set_scene S+137 I command=49 room=15 Kitchen_Lounge channel=0 scene=0
2023-04-19T22:23:41+01:00 set_scene S+139 I command=49 room=23 Spa_Bathroom channel=0 scene=1
2023-04-19T22:24:02+01:00 set_scene S+140 I command=49 room=23 Spa_Bathroom channel=0 scene=0
2023-04-19T23:03:12+01:00 set_scene S+179 - command=49 room=50 Front_Porch_PIR channel=0 scene=1
2023-04-19T23:04:09+01:00 set_scene S+180 I command=49 room=14 Kitchen channel=0 scene=1
2023-04-19T23:06:24+01:00 set_scene S+182 - command=49 room=50 Front_Porch_PIR channel=0 scene=0
2023-04-19T23:11:19+01:00 set_scene S+187 - command=49 room=50 Front_Porch_PIR channel=0 scene=1
2023-04-19T23:14:24+01:00 set_scene S+190 - command=49 room=50 Front_Porch_PIR channel=0 scene=0
2023-04-19T23:22:51+01:00 set_scene S+199 - command=49 room=50 Front_Porch_PIR channel=0 scene=1
2023-04-19T23:22:56+01:00 set_scene S+199 - command=49 room=50 Front_Porch_PIR channel=0 scene=1
2023-04-19T23:23:15+01:00 set_scene S+199 - command=49 room=50 Front_Porch_PIR channel=0 scene=1
2023-04-19T23:23:26+01:00 set_scene S+199 - command=49 room=50 Front_Porch_PIR channel=0 scene=1
2023-04-19T23:23:47+01:00 set_scene S+199 - command=49 room=50 Front_Porch_PIR channel=0 scene=1
2023-04-19T23:26:44+01:00 set_scene S+202 - command=49 room=50 Front_Porch_PIR channel=0 scene=0
2023-04-19T23:34:38+01:00 set_scene S+210 - command=49 room=50 Front_Porch_PIR channel=0 scene=1
2023-04-19T23:35:01+01:00 set_scene S+211 - command=49 room=50 Front_Porch_PIR channel=0 scene=1
2023-04-19T23:35:37+01:00 set_scene S+211 - command=49 room=50 Front_Porch_PIR channel=0 scene=1
2023-04-19T23:35:41+01:00 set_scene S+211 - command=49 room=50 Front_Porch_PIR channel=0 scene=1
2023-04-19T23:38:43+01:00 set_scene S+214 - command=49 room=50 Front_Porch_PIR channel=0 scene=0
2023-04-19T23:42:15+01:00 set_scene S+218 I command=49 room=23 Spa_Bathroom channel=0 scene=1
2023-04-19T23:46:18+01:00 set_scene S+222 I command=49 room=23 Spa_Bathroom channel=0 scene=0
