2023-11-29T00:30:00+00:00 set_scene R-432 - command=49 room=32 Gate_Lights channel=0 scene=0
2023-11-29T00:30:00+00:00 set_scene R-432 - command=49 room=33 Front_Entrance_Pillars channel=0 scene=0
2023-11-29T00:30:00+00:00 set_scene R-432 - command=49 room=34 Kitchen_External channel=0 scene=0
2023-11-29T00:30:01+00:00 set_scene R-432 - command=49 room=35 Garden_Path channel=0 scene=0
2023-11-29T00:30:01+00:00 set_scene R-432 - command=49 room=36 Garden_Flower_Beds channel=0 scene=0
2023-11-29T01:07:09+00:00 set_scene R-395 - command=49 room=50 Front_Porch_PIR channel=0 scene=0
2023-11-29T02:18:32+00:00 set_scene R-324 I command=49 room=06 Study channel=0 scene=0
2023-11-29T02:18:45+00:00 set_scene R-323 I command=49 room=14 Kitchen channel=0 scene=2
2023-11-29T02:19:22+00:00 set_scene R-323 I command=49 room=14 Kitchen channel=0 scene=0
2023-11-29T02:19:23+00:00 set_scene R-323 I command=49 room=15 Kitchen_Lounge channel=0 scene=0
2023-11-29T02:19:23+00:00 set_scene R-323 I command=49 room=15 Kitchen_Lounge channel=0 scene=0
2023-11-29T02:19:25+00:00 set_scene R-323 I command=49 room=09 Hall channel=0 scene=0
2023-11-29T07:17:21+00:00 set_scene R-025 I command=49 room=21 Master_Bed channel=0 scene=3
2023-11-29T07:18:56+00:00 set_scene R-023 I command=49 room=21 Master_Bed channel=0 scene=0
2023-11-29T07:19:30+00:00 set_scene R-023 I command=49 room=14 Kitchen channel=0 scene=1
2023-11-29T08:40:30+00:00 set_scene R+058 I command=49 room=21 Master_Bed channel=0 scene=2
2023-11-29T08:44:50+00:00 set_scene R+063 I command=49 room=14 Kitchen channel=0 scene=0
2023-11-29T08:44:51+00:00 set_scene R+063 I command=49 room=15 Kitchen_Lounge channel=0 scene=0
2023-11-29T08:44:51+00:00 set_scene R+063 I command=49 room=15 Kitchen_Lounge channel=0 scene=0
2023-11-29T09:14:16+00:00 set_scene R+092 I command=49 room=21 Master_Bed channel=0 scene=0
2023-11-29T09:33:37+00:00 set_scene R+111 - command=49 room=50 Front_Porch_PIR channel=0 scene=1
2023-11-29T09:33:47+00:00 set_scene R+112 - command=49 room=50 Front_Porch_PIR channel=0 scene=1
2023-11-29T09:36:44+00:00 set_scene R+115 - command=49 room=50 Front_Porch_PIR channel=0 scene=0
2023-11-29T11:32:02+00:00 set_scene R+230 - command=49 room=50 Front_Porch_PIR channel=0 scene=1
2023-11-29T11:35:11+00:00 set_scene R+233 - command=49 room=50 Front_Porch_PIR channel=0 scene=0
2023-11-29T11:40:57+00:00 set_scene R+239 - command=49 room=50 Front_Porch_PIR channel=0 scene=1
2023-11-29T11:44:13+00:00 set_scene R+242 - command=49 room=50 Front_Porch_PIR channel=0 scene=0
2023-11-29T11:58:50+00:00 set_scene S-234 - command=49 room=50 Front_Porch_PIR channel=0 scene=1
2023-11-29T11:59:58+00:00 set_scene S-233 - command=49 room=50 Front_Porch_PIR channel=0 scene=1
2023-11-29T12:03:07+00:00 set_scene S-230 - command=49 room=50 Front_Porch_PIR channel=0 scene=0
2023-11-29T12:57:18+00:00 set_scene S-175 - command=49 room=50 Front_Porch_PIR channel=0 scene=1
2023-11-29T12:57:20+00:00 set_scene S-175 - command=49 room=50 Front_Porch_PIR channel=0 scene=1
2023-11-29T13:00:26+00:00 set_scene S-172 - command=49 room=50 Front_Porch_PIR channel=0 scene=0
2023-11-29T13:05:53+00:00 set_scene S-167 I command=49 room=06 Study channel=0 scene=1
2023-11-29T13:43:30+00:00 set_scene S-129 - command=49 room=50 Front_Porch_PIR channel=0 scene=1
2023-11-29T13:44:30+00:00 set_scene S-128 - command=49 room=50 Front_Porch_PIR channel=0 scene=1
2023-11-29T13:47:38+00:00 set_scene S-125 - command=49 room=50 Front_Porch_PIR channel=0 scene=0
2023-11-29T13:49:51+00:00 set_scene S-123 - command=49 room=50 Front_Porch_PIR channel=0 scene=1
2023-11-29T13:50:15+00:00 set_scene S-123 - command=49 room=50 Front_Porch_PIR channel=0 scene=1
2023-11-29T13:50:23+00:00 set_scene S-122 - command=49 room=50 Front_Porch_PIR channel=0 scene=1
2023-11-29T13:53:21+00:00 set_scene S-119 - command=49 room=50 Front_Porch_PIR channel=0 scene=0
2023-11-29T15:48:01+00:00 set_scene S-005 - command=49 room=32 Gate_Lights channel=0 scene=1
2023-11-29T15:48:01+00:00 set_scene S-005 - command=49 room=33 Front_Entrance_Pillars channel=0 scene=1
2023-11-29T16:07:34+00:00 set_scene S+015 I command=49 room=14 Kitchen channel=0 scene=3
2023-11-29T16:11:09+00:00 set_scene S+018 I command=49 room=14 Kitchen channel=0 scene=0
2023-11-29T16:11:10+00:00 set_scene S+018 I command=49 room=15 Kitchen_Lounge channel=0 scene=0
2023-11-29T16:11:10+00:00 set_scene S+018 I command=49 room=15 Kitchen_Lounge channel=0 scene=0
2023-11-29T16:12:05+00:00 set_scene S+019 I command=49 room=05 Living_Room channel=0 scene=3
2023-11-29T17:35:21+00:00 set_scene S+103 I command=49 room=09 Hall channel=0 scene=4
2023-11-29T17:35:30+00:00 set_scene S+103 I command=49 room=14 Kitchen channel=0 scene=3
2023-11-29T17:42:16+00:00 set_scene S+109 - command=49 room=50 Front_Porch_PIR channel=0 scene=0
2023-11-29T18:56:41+00:00 set_scene S+184 - command=49 room=50 Front_Porch_PIR channel=0 scene=0
2023-11-29T19:04:27+00:00 set_scene S+192 I command=49 room=09 Hall channel=0 scene=2
2023-11-29T19:22:43+00:00 set_scene S+210 I command=49 room=14 Kitchen channel=0 scene=2
2023-11-29T19:39:18+00:00 set_scene S+227 - command=49 room=50 Front_Porch_PIR channel=0 scene=1
2023-11-29T19:39:39+00:00 set_scene S+227 - command=49 room=50 Front_Porch_PIR channel=0 scene=1
2023-11-29T19:39:47+00:00 set_scene S+227 - command=49 room=50 Front_Porch_PIR channel=0 scene=1
2023-11-29T19:40:28+00:00 set_scene S+228 - command=49 room=50 Front_Porch_PIR channel=0 scene=1
2023-11-29T19:40:48+00:00 set_scene S+228 - command=49 room=50 Front_Porch_PIR channel=0 scene=1
2023-11-29T19:40:58+00:00 set_scene S+228 - command=49 room=50 Front_Porch_PIR channel=0 scene=1
2023-11-29T19:41:00+00:00 set_scene S+228 - command=49 room=50 Front_Porch_PIR channel=0 scene=1
2023-11-29T19:41:07+00:00 set_scene S+228 - command=49 room=50 Front_Porch_PIR channel=0 scene=1
2023-11-29T19:41:17+00:00 set_scene S+228 - command=49 room=50 Front_Porch_PIR channel=0 scene=1
2023-11-29T19:41:26+00:00 set_scene S+229 - command=49 room=50 Front_Porch_PIR channel=0 scene=1
2023-11-29T19:41:30+00:00 set_scene S+229 - command=49 room=50 Front_Porch_PIR channel=0 scene=1
2023-11-29T19:41:39+00:00 set_scene S+229 - command=49 room=50 Front_Porch_PIR channel=0 scene=1
2023-11-29T19:44:57+00:00 set_scene S+232 - command=49 room=50 Front_Porch_PIR channel=0 scene=0
2023-11-29T19:51:51+00:00 set_scene S+239 I command=49 room=07 Dining_Room channel=0 scene=1
2023-11-29T19:52:07+00:00 set_scene S+239 I command=49 room=07 Dining_Room channel=0 scene=0
2023-11-29T19:55:52+00:00 set_scene S+243 I command=49 room=14 Kitchen channel=0 scene=0
2023-11-29T19:55:53+00:00 set_scene S+243 I command=49 room=15 Kitchen_Lounge channel=0 scene=0
2023-11-29T19:55:53+00:00 set_scene S+243 I command=49 room=15 Kitchen_Lounge channel=0 scene=0
2023-11-29T21:01:10+00:00 set_scene S+308 - command=49 room=50 Front_Porch_PIR channel=0 scene=0
2023-11-29T21:15:20+00:00 set_scene S+323 I command=49 room=07 Dining_Room channel=0 scene=1
2023-11-29T21:16:44+00:00 set_scene S+324 I command=49 room=14 Kitchen channel=0 scene=1
2023-11-29T21:23:53+00:00 set_scene S+331 I command=49 room=07 Dining_Room channel=0 scene=0
2023-11-29T21:24:20+00:00 set_scene S+332 I command=49 room=07 Dining_Room channel=0 scene=2
2023-11-29T21:25:03+00:00 set_scene S+332 I command=49 room=07 Dining_Room channel=0 scene=0
2023-11-29T21:51:18+00:00 set_scene S+358 I command=49 room=17 Play_Room channel=0 scene=1
2023-11-29T21:53:54+00:00 set_scene S+361 I command=49 room=14 Kitchen channel=0 scene=0
2023-11-29T21:53:54+00:00 set_scene S+361 I command=49 room=15 Kitchen_Lounge channel=0 scene=0
2023-11-29T21:53:54+00:00 set_scene S+361 I command=49 room=15 Kitchen_Lounge channel=0 scene=0
2023-11-29T21:55:55+00:00 set_scene S+363 I command=49 room=14 Kitchen channel=0 scene=1
2023-11-29T21:57:43+00:00 set_scene S+365 I command=49 room=17 Play_Room channel=0 scene=1
2023-11-29T22:07:59+00:00 set_scene S+375 I command=49 room=17 Play_Room channel=0 scene=0
2023-11-29T22:08:53+00:00 set_scene S+376 I command=49 room=09 Hall channel=0 scene=0
2023-11-29T22:09:01+00:00 set_scene S+376 I command=49 room=14 Kitchen channel=0 scene=0
2023-11-29T22:09:02+00:00 set_scene S+376 I command=49 room=15 Kitchen_Lounge channel=0 scene=0
2023-11-29T22:09:02+00:00 set_scene S+376 I command=49 room=15 Kitchen_Lounge channel=0 scene=0
2023-11-29T22:11:01+00:00 set_scene S+378 - command=49 room=50 Front_Porch_PIR channel=0 scene=0
2023-11-29T22:13:13+00:00 set_scene S+380 I command=49 room=23 Spa_Bathroom channel=0 scene=1
2023-11-29T22:13:14+00:00 set_scene S+380 I command=49 room=23 Spa_Bathroom channel=0 scene=1
2023-11-29T22:13:15+00:00 set_scene S+380 I command=49 room=23 Spa_Bathroom channel=0 scene=4
2023-11-29T22:13:15+00:00 set_scene S+380 I command=49 room=23 Spa_Bathroom channel=0 scene=0
2023-11-29T22:42:03+00:00 set_scene S+409 I command=49 room=09 Hall channel=0 scene=3
2023-11-29T22:42:12+00:00 set_scene S+409 I command=49 room=14 Kitchen channel=0 scene=3
2023-11-29T22:42:56+00:00 set_scene S+410 I command=49 room=14 Kitchen channel=0 scene=0
2023-11-29T22:42:56+00:00 set_scene S+410 I command=49 room=15 Kitchen_Lounge channel=0 scene=0
2023-11-29T22:42:57+00:00 set_scene S+410 I command=49 room=15 Kitchen_Lounge channel=0 scene=0
2023-11-29T23:04:40+00:00 set_scene S+432 I command=49 room=05 Living_Room channel=0 scene=0
2023-11-29T23:05:00+00:00 set_scene S+432 I command=49 room=14 Kitchen channel=0 scene=1
2023-11-29T23:06:42+00:00 set_scene S+434 I command=49 room=14 Kitchen channel=0 scene=0
2023-11-29T23:06:42+00:00 set_scene S+434 I command=49 room=15 Kitchen_Lounge channel=0 scene=0
2023-11-29T23:06:43+00:00 set_scene S+434 I command=49 room=15 Kitchen_Lounge channel=0 scene=0
2023-11-29T23:06:58+00:00 set_scene S+434 I command=49 room=09 Hall channel=0 scene=3
2023-11-29T23:07:26+00:00 set_scene S+435 I command=49 room=21 Master_Bed channel=0 scene=2
2023-11-29T23:09:07+00:00 set_scene S+436 I command=49 room=22 MBed_EnSuite channel=0 scene=4
2023-11-29T23:16:02+00:00 set_scene S+443 I command=49 room=22 MBed_EnSuite channel=0 scene=0
2023-11-29T23:18:03+00:00 set_scene S+445 I command=49 room=21 Master_Bed channel=0 scene=0
2023-11-29T23:18:14+00:00 set_scene S+445 I command=49 room=21 Master_Bed channel=0 scene=2
2023-11-29T23:20:01+00:00 set_scene S+447 I command=49 room=22 MBed_EnSuite channel=0 scene=3
2023-11-29T23:21:54+00:00 set_scene S+449 I command=49 room=22 MBed_EnSuite channel=0 scene=0
2023-11-29T23:22:03+00:00 set_scene S+449 I command=49 room=21 Master_Bed channel=0 scene=0
