2024-03-18T00:24:18+00:00 set_scene R-341 I command=49 room=14 Kitchen channel=0 scene=0
2024-03-18T00:24:18+00:00 set_scene R-341 I command=49 room=15 Kitchen_Lounge channel=0 scene=0
2024-03-18T00:24:18+00:00 set_scene R-341 I command=49 room=15 Kitchen_Lounge channel=0 scene=0
2024-03-18T00:26:27+00:00 set_scene R-339 I command=49 room=06 Study channel=0 scene=0
2024-03-18T00:26:31+00:00 set_scene R-339 I command=49 room=09 Hall channel=0 scene=3
2024-03-18T00:26:32+00:00 set_scene R-339 I command=49 room=09 Hall channel=0 scene=0
2024-03-18T00:26:37+00:00 set_scene R-339 I command=49 room=17 Play_Room channel=0 scene=1
2024-03-18T00:26:55+00:00 set_scene R-339 I command=49 room=17 Play_Room channel=0 scene=0
2024-03-18T00:27:19+00:00 set_scene R-338 - command=49 room=50 Front_Porch_PIR channel=0 scene=0
2024-03-18T00:30:01+00:00 set_scene R-336 - command=49 room=32 Gate_Lights channel=0 scene=0
2024-03-18T00:30:01+00:00 set_scene R-335 - command=49 room=33 Front_Entrance_Pillars channel=0 scene=0
2024-03-18T00:30:01+00:00 set_scene R-335 - command=49 room=34 Kitchen_External channel=0 scene=0
2024-03-18T00:30:02+00:00 set_scene R-335 - command=49 room=36 Garden_Flower_Beds channel=0 scene=0
2024-03-18T00:31:57+00:00 set_scene R-334 I command=49 room=10 Landing channel=0 scene=0
2024-03-18T09:40:25+00:00 set_scene R+215 - command=49 room=50 Front_Porch_PIR channel=0 scene=1
2024-03-18T09:43:31+00:00 set_scene R+218 - command=49 room=50 Front_Porch_PIR channel=0 scene=0
2024-03-18T09:53:57+00:00 set_scene R+228 - command=49 room=50 Front_Porch_PIR channel=0 scene=1
2024-03-18T09:54:05+00:00 set_scene R+229 - command=49 room=50 Front_Porch_PIR channel=0 scene=1
2024-03-18T09:57:07+00:00 set_scene R+232 - command=49 room=50 Front_Porch_PIR channel=0 scene=0
2024-03-18T11:03:37+00:00 set_scene R+298 I command=49 room=06 Study channel=0 scene=1
2024-03-18T11:42:18+00:00 set_scene R+337 - command=49 room=50 Front_Porch_PIR channel=0 scene=0
2024-03-18T12:43:15+00:00 set_scene S-327 - command=49 room=50 Front_Porch_PIR channel=0 scene=1
2024-03-18T12:43:44+00:00 set_scene S-327 - command=49 room=50 Front_Porch_PIR channel=0 scene=1
2024-03-18T12:44:15+00:00 set_scene S-326 - command=49 room=50 Front_Porch_PIR channel=0 scene=1
2024-03-18T12:44:36+00:00 set_scene S-326 - command=49 room=50 Front_Porch_PIR channel=0 scene=1
2024-03-18T12:56:15+00:00 set_scene S-314 - command=49 room=50 Front_Porch_PIR channel=0 scene=1
2024-03-18T12:56:17+00:00 set_scene S-314 - command=49 room=50 Front_Porch_PIR channel=0 scene=1
2024-03-18T12:56:27+00:00 set_scene S-314 - command=49 room=50 Front_Porch_PIR channel=0 scene=1
2024-03-18T12:59:31+00:00 set_scene S-311 - command=49 room=50 Front_Porch_PIR channel=0 scene=0
2024-03-18T14:05:39+00:00 set_scene S-245 I command=49 room=21 Master_Bed channel=0 scene=2
2024-03-18T14:55:22+00:00 set_scene S-195 I command=49 room=21 Master_Bed channel=0 scene=0
2024-03-18T14:58:08+00:00 set_scene S-192 - command=49 room=50 Front_Porch_PIR channel=0 scene=1
2024-03-18T16:20:46+00:00 set_scene S-110 - command=49 room=50 Front_Porch_PIR channel=0 scene=1
2024-03-18T16:21:06+00:00 set_scene S-109 - command=49 room=50 Front_Porch_PIR channel=0 scene=1
2024-03-18T16:24:13+00:00 set_scene S-106 - command=49 room=50 Front_Porch_PIR channel=0 scene=0
2024-03-18T16:28:55+00:00 set_scene S-101 I command=49 room=21 Master_Bed channel=0 scene=2
2024-03-18T16:54:12+00:00 set_scene S-076 I command=49 room=21 Master_Bed channel=0 scene=0
2024-03-18T16:55:28+00:00 set_scene S-075 I command=49 room=21 Master_Bed channel=0 scene=1
2024-03-18T16:55:35+00:00 set_scene S-075 I command=49 room=22 MBed_EnSuite channel=0 scene=1
2024-03-18T17:03:54+00:00 set_scene S-066 I command=49 room=22 MBed_EnSuite channel=0 scene=0
2024-03-18T17:04:04+00:00 set_scene S-066 I command=49 room=21 Master_Bed channel=0 scene=0
2024-03-18T17:05:27+00:00 set_scene S-065 - command=49 room=50 Front_Porch_PIR channel=0 scene=0
2024-03-18T17:20:44+00:00 set_scene S-050 - command=49 room=50 Front_Porch_PIR channel=0 scene=1
2024-03-18T17:20:47+00:00 set_scene S-050 - command=49 room=50 Front_Porch_PIR channel=0 scene=1
2024-03-18T17:20:55+00:00 set_scene S-049 - command=49 room=50 Front_Porch_PIR channel=0 scene=1
2024-03-18T17:20:57+00:00 set_scene S-049 - command=49 room=50 Front_Porch_PIR channel=0 scene=1
2024-03-18T17:21:11+00:00 set_scene S-049 - command=49 room=50 Front_Porch_PIR channel=0 scene=1
2024-03-18T17:21:16+00:00 set_scene S-049 - command=49 room=50 Front_Porch_PIR channel=0 scene=1
2024-03-18T17:21:22+00:00 set_scene S-049 - command=49 room=50 Front_Porch_PIR channel=0 scene=1
2024-03-18T17:21:25+00:00 set_scene S-049 - command=49 room=50 Front_Porch_PIR channel=0 scene=1
2024-03-18T17:21:36+00:00 set_scene S-049 - command=49 room=50 Front_Porch_PIR channel=0 scene=1
2024-03-18T17:24:39+00:00 set_scene S-046 - command=49 room=50 Front_Porch_PIR channel=0 scene=0
2024-03-18T17:50:14+00:00 set_scene S-020 I command=49 room=14 Kitchen channel=0 scene=2
2024-03-18T18:06:00+00:00 set_scene S-004 - command=49 room=32 Gate_Lights channel=0 scene=1
2024-03-18T18:06:01+00:00 set_scene S-004 - command=49 room=33 Front_Entrance_Pillars channel=0 scene=1
2024-03-18T18:38:48+00:00 set_scene S+028 I command=49 room=09 Hall channel=0 scene=2
2024-03-18T18:39:20+00:00 set_scene S+029 I command=49 room=21 Master_Bed channel=0 scene=1
2024-03-18T18:41:16+00:00 set_scene S+031 - command=49 room=50 Front_Porch_PIR channel=0 scene=0
2024-03-18T18:45:25+00:00 set_scene S+035 I command=49 room=14 Kitchen channel=0 scene=0
2024-03-18T18:45:25+00:00 set_scene S+035 I command=49 room=15 Kitchen_Lounge channel=0 scene=0
2024-03-18T18:45:25+00:00 set_scene S+035 I command=49 room=15 Kitchen_Lounge channel=0 scene=0
2024-03-18T18:47:39+00:00 set_scene S+037 I command=49 room=21 Master_Bed channel=0 scene=1
2024-03-18T18:49:00+00:00 set_scene S+039 - command=49 room=50 Front_Porch_PIR channel=0 scene=0
2024-03-18T18:49:52+00:00 set_scene S+040 I command=49 room=14 Kitchen channel=0 scene=1
2024-03-18T18:51:33+00:00 set_scene S+041 I command=49 room=14 Kitchen channel=0 scene=0
2024-03-18T18:51:34+00:00 set_scene S+041 I command=49 room=15 Kitchen_Lounge channel=0 scene=0
2024-03-18T18:51:34+00:00 set_scene S+041 I command=49 room=15 Kitchen_Lounge channel=0 scene=0
2024-03-18T18:51:49+00:00 set_scene S+041 - command=49 room=50 Front_Porch_PIR channel=0 scene=1
2024-03-18T18:51:50+00:00 set_scene S+042 - command=49 room=50 Front_Porch_PIR channel=0 scene=1
2024-03-18T18:53:20+00:00 set_scene S+043 I command=49 room=09 Hall channel=0 scene=3
2024-03-18T18:53:28+00:00 set_scene S+043 I command=49 room=06 Study channel=0 scene=0
2024-03-18T18:53:35+00:00 set_scene S+043 - command=49 room=50 Front_Porch_PIR channel=0 scene=1
2024-03-18T18:56:40+00:00 set_scene S+046 - command=49 room=50 Front_Porch_PIR channel=0 scene=0
2024-03-18T19:35:09+00:00 set_scene S+085 I command=49 room=23 Spa_Bathroom channel=0 scene=1
2024-03-18T19:36:08+00:00 set_scene S+086 I command=49 room=23 Spa_Bathroom channel=0 scene=3
2024-03-18T19:36:08+00:00 set_scene S+086 I command=49 room=23 Spa_Bathroom channel=0 scene=4
2024-03-18T20:57:51+00:00 set_scene S+168 I command=49 room=23 Spa_Bathroom channel=0 scene=1
2024-03-18T20:58:06+00:00 set_scene S+168 I command=49 room=23 Spa_Bathroom channel=0 scene=0
2024-03-18T21:02:47+00:00 set_scene S+172 I command=49 room=23 Spa_Bathroom channel=0 scene=1
2024-03-18T21:03:09+00:00 set_scene S+173 I command=49 room=23 Spa_Bathroom channel=0 scene=0
2024-03-18T21:03:15+00:00 set_scene S+173 I command=49 room=21 Master_Bed channel=0 scene=2
2024-03-18T21:04:05+00:00 set_scene S+174 I command=49 room=21 Master_Bed channel=0 scene=0
2024-03-18T21:04:11+00:00 set_scene S+174 I command=49 room=23 Spa_Bathroom channel=0 scene=1
2024-03-18T21:04:37+00:00 set_scene S+174 I command=49 room=23 Spa_Bathroom channel=0 scene=3
2024-03-18T21:04:38+00:00 set_scene S+174 I command=49 room=23 Spa_Bathroom channel=0 scene=0
2024-03-18T21:05:05+00:00 set_scene S+175 I command=49 room=14 Kitchen channel=0 scene=1
2024-03-18T21:08:25+00:00 set_scene S+178 I command=49 room=15 Kitchen_Lounge channel=0 scene=1
2024-03-18T21:35:17+00:00 set_scene S+205 I command=49 room=14 Kitchen channel=0 scene=0
2024-03-18T21:35:17+00:00 set_scene S+205 I command=49 room=15 Kitchen_Lounge channel=0 scene=0
2024-03-18T21:35:18+00:00 set_scene S+205 I command=49 room=15 Kitchen_Lounge channel=0 scene=0
2024-03-18T21:36:24+00:00 set_scene S+206 I command=49 room=23 Spa_Bathroom channel=0 scene=1
2024-03-18T21:37:22+00:00 set_scene S+207 I command=49 room=23 Spa_Bathroom channel=0 scene=0
2024-03-18T23:37:38+00:00 set_scene S+327 - command=49 room=50 Front_Porch_PIR channel=0 scene=1
2024-03-18T23:38:15+00:00 set_scene S+328 I command=49 room=14 Kitchen channel=0 scene=2
2024-03-18T23:44:57+00:00 set_scene S+335 - command=49 room=50 Front_Porch_PIR channel=0 scene=0
2024-03-18T23:45:03+00:00 set_scene S+335 I command=49 room=21 Master_Bed channel=0 scene=1
2024-03-18T23:45:03+00:00 set_scene S+335 I command=49 room=06 Study channel=0 scene=1
2024-03-18T23:48:40+00:00 set_scene S+338 I command=49 room=22 MBed_EnSuite channel=0 scene=4
2024-03-18T23:56:28+00:00 set_scene S+346 I command=49 room=22 MBed_EnSuite channel=0 scene=0
2024-03-18T23:58:59+00:00 set_scene S+349 I command=49 room=22 MBed_EnSuite channel=0 scene=2
