2024-03-12T00:30:00+00:00 set_scene R-349 - command=49 room=32 Gate_Lights channel=0 scene=0
2024-03-12T00:30:00+00:00 set_scene R-349 - command=49 room=33 Front_Entrance_Pillars channel=0 scene=0
2024-03-12T00:30:01+00:00 set_scene R-349 - command=49 room=34 Kitchen_External channel=0 scene=0
2024-03-12T00:30:01+00:00 set_scene R-349 - command=49 room=35 Garden_Path channel=0 scene=0
2024-03-12T00:30:01+00:00 set_scene R-349 - command=49 room=36 Garden_Flower_Beds channel=0 scene=0
2024-03-12T00:44:27+00:00 set_scene R-335 I command=49 room=10 Landing channel=0 scene=0
2024-03-12T07:56:04+00:00 set_scene R+097 I command=49 room=21 Master_Bed channel=0 scene=3
2024-03-12T07:59:57+00:00 set_scene R+101 - command=49 room=50 Front_Porch_PIR channel=0 scene=1
2024-03-12T08:00:00+00:00 set_scene R+101 - command=49 room=50 Front_Porch_PIR channel=0 scene=1
2024-03-12T08:00:06+00:00 set_scene R+101 - command=49 room=50 Front_Porch_PIR channel=0 scene=1
2024-03-12T08:00:15+00:00 set_scene R+101 - command=49 room=50 Front_Porch_PIR channel=0 scene=1
2024-03-12T08:00:16+00:00 set_scene R+101 - command=49 room=50 Front_Porch_PIR channel=0 scene=1
2024-03-12T08:00:21+00:00 set_scene R+101 - command=49 room=50 Front_Porch_PIR channel=0 scene=1
2024-03-12T08:00:25+00:00 set_scene R+101 - command=49 room=50 Front_Porch_PIR channel=0 scene=1
2024-03-12T08:03:23+00:00 set_scene R+104 - command=49 room=50 Front_Porch_PIR channel=0 scene=0
2024-03-12T08:38:05+00:00 set_scene R+139 I command=49 room=21 Master_Bed channel=0 scene=0
2024-03-12T08:56:02+00:00 set_scene R+157 - command=49 room=50 Front_Porch_PIR channel=0 scene=0
2024-03-12T09:06:31+00:00 set_scene R+167 - command=49 room=50 Front_Porch_PIR channel=0 scene=1
2024-03-12T09:09:35+00:00 set_scene R+170 - command=49 room=50 Front_Porch_PIR channel=0 scene=0
2024-03-12T09:17:25+00:00 set_scene R+178 - command=49 room=50 Front_Porch_PIR channel=0 scene=1
2024-03-12T09:17:34+00:00 set_scene R+178 - command=49 room=50 Front_Porch_PIR channel=0 scene=1
2024-03-12T09:17:42+00:00 set_scene R+178 - command=49 room=50 Front_Porch_PIR channel=0 scene=1
2024-03-12T09:17:50+00:00 set_scene R+178 - command=49 room=50 Front_Porch_PIR channel=0 scene=1
2024-03-12T09:17:59+00:00 set_scene R+179 - command=49 room=50 Front_Porch_PIR channel=0 scene=1
2024-03-12T09:18:03+00:00 set_scene R+179 - command=49 room=50 Front_Porch_PIR channel=0 scene=1
2024-03-12T09:21:00+00:00 set_scene R+182 - command=49 room=50 Front_Porch_PIR channel=0 scene=0
2024-03-12T09:45:25+00:00 set_scene R+206 I command=49 room=22 MBed_EnSuite channel=0 scene=1
2024-03-12T09:50:44+00:00 set_scene R+211 I command=49 room=21 Master_Bed channel=0 scene=1
2024-03-12T10:19:06+00:00 set_scene R+240 I command=49 room=22 MBed_EnSuite channel=0 scene=0
2024-03-12T10:43:38+00:00 set_scene R+264 I command=49 room=21 Master_Bed channel=0 scene=0
2024-03-12T11:28:30+00:00 set_scene R+309 - command=49 room=50 Front_Porch_PIR channel=0 scene=1
2024-03-12T11:31:08+00:00 set_scene R+312 - command=49 room=50 Front_Porch_PIR channel=0 scene=1
2024-03-12T11:31:14+00:00 set_scene R+312 - command=49 room=50 Front_Porch_PIR channel=0 scene=1
2024-03-12T11:32:24+00:00 set_scene R+313 - command=49 room=50 Front_Porch_PIR channel=0 scene=1
2024-03-12T11:35:33+00:00 set_scene R+316 - command=49 room=50 Front_Porch_PIR channel=0 scene=0
2024-03-12T12:11:09+00:00 set_scene S-349 - command=49 room=50 Front_Porch_PIR channel=0 scene=1
2024-03-12T12:14:17+00:00 set_scene S-345 - command=49 room=50 Front_Porch_PIR channel=0 scene=0
2024-03-12T12:50:27+00:00 set_scene S-309 - command=49 room=50 Front_Porch_PIR channel=0 scene=1
2024-03-12T12:50:35+00:00 set_scene S-309 - command=49 room=50 Front_Porch_PIR channel=0 scene=1
2024-03-12T12:50:38+00:00 set_scene S-309 - command=49 room=50 Front_Porch_PIR channel=0 scene=1
2024-03-12T12:50:45+00:00 set_scene S-309 - command=49 room=50 Front_Porch_PIR channel=0 scene=1
2024-03-12T12:50:49+00:00 set_scene S-309 - command=49 room=50 Front_Porch_PIR channel=0 scene=1
2024-03-12T12:50:58+00:00 set_scene S-309 - command=49 room=50 Front_Porch_PIR channel=0 scene=1
2024-03-12T12:51:01+00:00 set_scene S-309 - command=49 room=50 Front_Porch_PIR channel=0 scene=1
2024-03-12T12:52:53+00:00 set_scene S-307 - command=49 room=50 Front_Porch_PIR channel=0 scene=1
2024-03-12T12:53:04+00:00 set_scene S-307 - command=49 room=50 Front_Porch_PIR channel=0 scene=1
2024-03-12T12:53:12+00:00 set_scene S-307 - command=49 room=50 Front_Porch_PIR channel=0 scene=1
2024-03-12T12:56:14+00:00 set_scene S-304 - command=49 room=50 Front_Porch_PIR channel=0 scene=0
2024-03-12T13:16:01+00:00 set_scene S-284 - command=49 room=50 Front_Porch_PIR channel=0 scene=1
2024-03-12T13:16:10+00:00 set_scene S-284 - command=49 room=50 Front_Porch_PIR channel=0 scene=1
2024-03-12T13:16:14+00:00 set_scene S-284 - command=49 room=50 Front_Porch_PIR channel=0 scene=1
2024-03-12T13:17:22+00:00 set_scene S-282 - command=49 room=50 Front_Porch_PIR channel=0 scene=1
2024-03-12T13:20:29+00:00 set_scene S-279 - command=49 room=50 Front_Porch_PIR channel=0 scene=0
2024-03-12T14:04:01+00:00 set_scene S-236 - command=49 room=50 Front_Porch_PIR channel=0 scene=1
2024-03-12T14:07:07+00:00 set_scene S-233 - command=49 room=50 Front_Porch_PIR channel=0 scene=0
2024-03-12T14:34:58+00:00 set_scene S-205 - command=49 room=50 Front_Porch_PIR channel=0 scene=1
2024-03-12T14:35:02+00:00 set_scene S-205 - command=49 room=50 Front_Porch_PIR channel=0 scene=1
2024-03-12T14:38:09+00:00 set_scene S-202 - command=49 room=50 Front_Porch_PIR channel=0 scene=0
2024-03-12T17:54:35+00:00 set_scene S-005 I command=49 room=09 Hall channel=0 scene=2
2024-03-12T17:54:48+00:00 set_scene S-005 I command=49 room=14 Kitchen channel=0 scene=2
2024-03-12T17:56:00+00:00 set_scene S-004 - command=49 room=32 Gate_Lights channel=0 scene=1
2024-03-12T17:56:01+00:00 set_scene S-004 - command=49 room=33 Front_Entrance_Pillars channel=0 scene=1
2024-03-12T17:59:32+00:00 set_scene S+000 - command=49 room=50 Front_Porch_PIR channel=0 scene=0
2024-03-12T18:02:47+00:00 set_scene S+003 I command=49 room=05 Living_Room channel=0 scene=2
2024-03-12T18:14:31+00:00 set_scene S+015 I command=49 room=05 Living_Room channel=0 scene=0
2024-03-12T18:19:44+00:00 set_scene S+020 - command=49 room=50 Front_Porch_PIR channel=0 scene=1
2024-03-12T18:20:00+00:00 set_scene S+020 - command=49 room=50 Front_Porch_PIR channel=0 scene=1
2024-03-12T18:20:02+00:00 set_scene S+020 - command=49 room=50 Front_Porch_PIR channel=0 scene=1
2024-03-12T18:20:08+00:00 set_scene S+020 - command=49 room=50 Front_Porch_PIR channel=0 scene=1
2024-03-12T18:20:27+00:00 set_scene S+021 - command=49 room=50 Front_Porch_PIR channel=0 scene=1
2024-03-12T18:23:24+00:00 set_scene S+024 - command=49 room=50 Front_Porch_PIR channel=0 scene=0
2024-03-12T18:37:21+00:00 set_scene S+038 I command=49 room=15 Kitchen_Lounge channel=0 scene=2
2024-03-12T18:38:22+00:00 set_scene S+039 - command=49 room=50 Front_Porch_PIR channel=0 scene=0
2024-03-12T18:52:50+00:00 set_scene S+053 I command=49 room=06 Study channel=0 scene=1
2024-03-12T18:56:10+00:00 set_scene S+056 I command=49 room=14 Kitchen channel=0 scene=0
2024-03-12T18:56:11+00:00 set_scene S+056 I command=49 room=15 Kitchen_Lounge channel=0 scene=0
2024-03-12T18:56:11+00:00 set_scene S+056 I command=49 room=15 Kitchen_Lounge channel=0 scene=0
2024-03-12T18:56:27+00:00 set_scene S+057 I command=49 room=05 Living_Room channel=0 scene=3
2024-03-12T19:15:54+00:00 set_scene S+076 I command=49 room=14 Kitchen channel=0 scene=2
2024-03-12T19:24:14+00:00 set_scene S+084 I command=49 room=21 Master_Bed channel=0 scene=1
2024-03-12T19:26:57+00:00 set_scene S+087 I command=49 room=21 Master_Bed channel=0 scene=0
2024-03-12T20:04:45+00:00 set_scene S+125 I command=49 room=14 Kitchen channel=0 scene=0
2024-03-12T20:04:46+00:00 set_scene S+125 I command=49 room=15 Kitchen_Lounge channel=0 scene=0
2024-03-12T20:04:46+00:00 set_scene S+125 I command=49 room=15 Kitchen_Lounge channel=0 scene=0
2024-03-12T20:58:47+00:00 set_scene S+179 I command=49 room=14 Kitchen channel=0 scene=1
2024-03-12T21:06:25+00:00 set_scene S+187 I command=49 room=14 Kitchen channel=0 scene=0
2024-03-12T21:06:26+00:00 set_scene S+187 I command=49 room=15 Kitchen_Lounge channel=0 scene=0
2024-03-12T21:06:26+00:00 set_scene S+187 I command=49 room=15 Kitchen_Lounge channel=0 scene=0
2024-03-12T21:10:01+00:00 set_scene S+190 - command=49 room=50 Front_Porch_PIR channel=0 scene=0
2024-03-12T21:10:23+00:00 set_scene S+191 I command=49 room=14 Kitchen channel=0 scene=1
2024-03-12T21:16:58+00:00 set_scene S+197 I command=49 room=14 Kitchen channel=0 scene=0
2024-03-12T21:16:59+00:00 set_scene S+197 I command=49 room=15 Kitchen_Lounge channel=0 scene=0
2024-03-12T21:16:59+00:00 set_scene S+197 I command=49 room=15 Kitchen_Lounge channel=0 scene=0
2024-03-12T21:17:03+00:00 set_scene S+197 I command=49 room=17 Play_Room channel=0 scene=1
2024-03-12T21:18:26+00:00 set_scene S+199 I command=49 room=17 Play_Room channel=0 scene=0
2024-03-12T21:18:34+00:00 set_scene S+199 I command=49 room=14 Kitchen channel=0 scene=1
2024-03-12T21:19:13+00:00 set_scene S+199 I command=49 room=17 Play_Room channel=0 scene=1
2024-03-12T21:33:56+00:00 set_scene S+214 I command=49 room=17 Play_Room channel=0 scene=0
2024-03-12T21:34:02+00:00 set_scene S+214 I command=49 room=14 Kitchen channel=0 scene=0
2024-03-12T21:34:02+00:00 set_scene S+214 I command=49 room=15 Kitchen_Lounge channel=0 scene=0
2024-03-12T21:34:03+00:00 set_scene S+214 I command=49 room=15 Kitchen_Lounge channel=0 scene=0
2024-03-12T21:34:59+00:00 set_scene S+215 I command=49 room=23 Spa_Bathroom channel=0 scene=1
2024-03-12T21:36:05+00:00 set_scene S+216 I command=49 room=23 Spa_Bathroom channel=0 scene=0
2024-03-12T21:57:50+00:00 set_scene S+238 - command=49 room=50 Front_Porch_PIR channel=0 scene=1
2024-03-12T22:00:48+00:00 set_scene S+241 - command=49 room=50 Front_Porch_PIR channel=0 scene=0
2024-03-12T22:57:31+00:00 set_scene S+298 I command=49 room=14 Kitchen channel=0 scene=0
2024-03-12T22:57:32+00:00 set_scene S+298 I command=49 room=15 Kitchen_Lounge channel=0 scene=0
2024-03-12T22:57:32+00:00 set_scene S+298 I command=49 room=15 Kitchen_Lounge channel=0 scene=0
2024-03-12T22:58:19+00:00 set_scene S+299 I command=49 room=21 Master_Bed channel=0 scene=3
2024-03-12T23:00:49+00:00 set_scene S+301 I command=49 room=22 MBed_EnSuite channel=0 scene=3
2024-03-12T23:07:26+00:00 set_scene S+308 I command=49 room=09 Hall channel=0 scene=3
2024-03-12T23:09:29+00:00 set_scene S+310 - command=49 room=50 Front_Porch_PIR channel=0 scene=0
2024-03-12T23:10:09+00:00 set_scene S+310 I command=49 room=14 Kitchen channel=0 scene=1
2024-03-12T23:10:44+00:00 set_scene S+311 I command=49 room=14 Kitchen channel=0 scene=0
2024-03-12T23:10:44+00:00 set_scene S+311 I command=49 room=15 Kitchen_Lounge channel=0 scene=0
2024-03-12T23:10:44+00:00 set_scene S+311 I command=49 room=15 Kitchen_Lounge channel=0 scene=0
2024-03-12T23:10:50+00:00 set_scene S+311 I command=49 room=17 Play_Room channel=0 scene=1
2024-03-12T23:11:51+00:00 set_scene S+312 I command=49 room=22 MBed_EnSuite channel=0 scene=0
2024-03-12T23:20:58+00:00 set_scene S+321 I command=49 room=21 Master_Bed channel=0 scene=0
2024-03-12T23:58:04+00:00 set_scene S+358 I command=49 room=14 Kitchen channel=0 scene=2
