2023-04-15T00:01:21+01:00 set_scene R-362 I command=49 room=22 MBed_EnSuite channel=0 scene=3
2023-04-15T00:03:22+01:00 set_scene R-360 I command=49 room=22 MBed_EnSuite channel=0 scene=0
2023-04-15T00:16:56+01:00 set_scene R-346 I command=49 room=23 Spa_Bathroom channel=0 scene=2
2023-04-15T00:16:56+01:00 set_scene R-346 I command=49 room=23 Spa_Bathroom channel=0 scene=1
2023-04-15T00:19:39+01:00 set_scene R-343 I command=49 room=23 Spa_Bathroom channel=0 scene=0
2023-04-15T00:30:01+01:00 set_scene R-333 - command=49 room=32 Gate_Lights channel=0 scene=0
2023-04-15T00:30:01+01:00 set_scene R-333 - command=49 room=33 Front_Entrance_Pillars channel=0 scene=0
2023-04-15T00:30:01+01:00 set_scene R-333 - command=49 room=34 Kitchen_External channel=0 scene=0
2023-04-15T00:30:02+01:00 set_scene R-333 - command=49 room=35 Garden_Path channel=0 scene=0
2023-04-15T00:30:02+01:00 set_scene R-333 - command=49 room=36 Garden_Flower_Beds channel=0 scene=0
2023-04-15T00:32:49+01:00 set_scene R-330 - command=49 room=50 Front_Porch_PIR channel=0 scene=0
2023-04-15T00:33:14+01:00 set_scene R-330 I command=49 room=14 Kitchen channel=0 scene=0
2023-04-15T00:33:15+01:00 set_scene R-330 I command=49 room=15 Kitchen_Lounge channel=0 scene=0
2023-04-15T00:33:15+01:00 set_scene R-330 I command=49 room=15 Kitchen_Lounge channel=0 scene=0
2023-04-15T00:33:16+01:00 set_scene R-330 I command=49 room=09 Hall channel=0 scene=0
2023-04-15T00:35:23+01:00 set_scene R-327 I command=49 room=23 Spa_Bathroom channel=0 scene=1
2023-04-15T00:36:01+01:00 set_scene R-327 I command=49 room=23 Spa_Bathroom channel=0 scene=1
2023-04-15T00:36:02+01:00 set_scene R-327 I command=49 room=23 Spa_Bathroom channel=0 scene=4
2023-04-15T00:36:03+01:00 set_scene R-327 I command=49 room=23 Spa_Bathroom channel=0 scene=0
2023-04-15T01:41:11+01:00 set_scene R-262 I command=49 room=22 MBed_EnSuite channel=0 scene=2
2023-04-15T01:42:27+01:00 set_scene R-260 I command=49 room=22 MBed_EnSuite channel=0 scene=0
2023-04-15T05:21:15+01:00 set_scene R-042 - command=49 room=50 Front_Porch_PIR channel=0 scene=1
2023-04-15T05:24:11+01:00 set_scene R-039 - command=49 room=50 Front_Porch_PIR channel=0 scene=0
2023-04-15T08:43:57+01:00 set_scene R+161 - command=49 room=50 Front_Porch_PIR channel=0 scene=1
2023-04-15T08:44:17+01:00 set_scene R+161 - command=49 room=50 Front_Porch_PIR channel=0 scene=1
2023-04-15T08:44:21+01:00 set_scene R+161 - command=49 room=50 Front_Porch_PIR channel=0 scene=1
2023-04-15T08:44:32+01:00 set_scene R+162 - command=49 room=50 Front_Porch_PIR channel=0 scene=1
2023-04-15T08:47:39+01:00 set_scene R+165 - command=49 room=50 Front_Porch_PIR channel=0 scene=0
2023-04-15T11:15:33+01:00 set_scene R+313 I command=49 room=23 Spa_Bathroom channel=0 scene=0
2023-04-15T11:37:17+01:00 set_scene R+334 - command=49 room=50 Front_Porch_PIR channel=0 scene=1
2023-04-15T11:40:31+01:00 set_scene R+338 - command=49 room=50 Front_Porch_PIR channel=0 scene=0
2023-04-15T13:39:11+01:00 set_scene S-378 - command=49 room=50 Front_Porch_PIR channel=0 scene=1
2023-04-15T13:39:27+01:00 set_scene S-378 - command=49 room=50 Front_Porch_PIR channel=0 scene=1
2023-04-15T13:42:02+01:00 set_scene S-375 - command=49 room=50 Front_Porch_PIR channel=0 scene=1
2023-04-15T13:45:09+01:00 set_scene S-372 - command=49 room=50 Front_Porch_PIR channel=0 scene=0
2023-04-15T14:29:29+01:00 set_scene S-328 - command=49 room=50 Front_Porch_PIR channel=0 scene=1
2023-04-15T14:29:44+01:00 set_scene S-328 - command=49 room=50 Front_Porch_PIR channel=0 scene=1
2023-04-15T14:32:41+01:00 set_scene S-325 - command=49 room=50 Front_Porch_PIR channel=0 scene=0
2023-04-15T17:42:10+01:00 set_scene S-135 I command=49 room=17 Play_Room channel=0 scene=0
2023-04-15T17:45:33+01:00 set_scene S-132 I command=49 room=14 Kitchen channel=0 scene=2
2023-04-15T17:45:38+01:00 set_scene S-132 I command=49 room=17 Play_Room channel=0 scene=2
2023-04-15T17:46:52+01:00 set_scene S-131 I command=49 room=17 Play_Room channel=0 scene=0
2023-04-15T19:48:05+01:00 set_scene S-009 I command=49 room=15 Kitchen_Lounge channel=0 scene=2
2023-04-15T19:53:25+01:00 set_scene S-004 I command=49 room=23 Spa_Bathroom channel=0 scene=1
2023-04-15T19:54:00+01:00 set_scene S-003 - command=49 room=32 Gate_Lights channel=0 scene=1
2023-04-15T19:54:00+01:00 set_scene S-003 - command=49 room=33 Front_Entrance_Pillars channel=0 scene=1
2023-04-15T19:54:01+01:00 set_scene S-003 I command=49 room=23 Spa_Bathroom channel=0 scene=0
2023-04-15T19:57:52+01:00 set_scene S+000 - command=49 room=50 Front_Porch_PIR channel=0 scene=1
2023-04-15T19:57:54+01:00 set_scene S+000 - command=49 room=50 Front_Porch_PIR channel=0 scene=1
2023-04-15T19:58:02+01:00 set_scene S+001 - command=49 room=50 Front_Porch_PIR channel=0 scene=1
2023-04-15T19:58:27+01:00 set_scene S+001 - command=49 room=50 Front_Porch_PIR channel=0 scene=1
2023-04-15T19:58:32+01:00 set_scene S+001 I command=49 room=09 Hall channel=0 scene=2
2023-04-15T19:58:35+01:00 set_scene S+001 - command=49 room=50 Front_Porch_PIR channel=0 scene=1
2023-04-15T19:58:41+01:00 set_scene S+001 - command=49 room=50 Front_Porch_PIR channel=0 scene=1
2023-04-15T19:58:47+01:00 set_scene S+001 - command=49 room=50 Front_Porch_PIR channel=0 scene=1
2023-04-15T19:58:51+01:00 set_scene S+001 - command=49 room=50 Front_Porch_PIR channel=0 scene=1
2023-04-15T19:58:56+01:00 set_scene S+002 - command=49 room=50 Front_Porch_PIR channel=0 scene=1
2023-04-15T20:02:16+01:00 set_scene S+005 - command=49 room=50 Front_Porch_PIR channel=0 scene=0
2023-04-15T20:05:29+01:00 set_scene S+008 - command=49 room=50 Front_Porch_PIR channel=0 scene=1
2023-04-15T20:05:39+01:00 set_scene S+008 - command=49 room=50 Front_Porch_PIR channel=0 scene=1
2023-04-15T20:08:39+01:00 set_scene S+011 - command=49 room=50 Front_Porch_PIR channel=0 scene=0
2023-04-15T20:09:59+01:00 set_scene S+013 I command=49 room=05 Living_Room channel=0 scene=2
2023-04-15T20:26:40+01:00 set_scene S+029 I command=49 room=23 Spa_Bathroom channel=0 scene=2
2023-04-15T20:26:40+01:00 set_scene S+029 I command=49 room=23 Spa_Bathroom channel=0 scene=1
2023-04-15T20:27:55+01:00 set_scene S+030 I command=49 room=23 Spa_Bathroom channel=0 scene=0
2023-04-15T20:42:54+01:00 set_scene S+045 - command=49 room=50 Front_Porch_PIR channel=0 scene=0
2023-04-15T21:44:47+01:00 set_scene S+107 I command=49 room=23 Spa_Bathroom channel=0 scene=1
2023-04-15T21:45:52+01:00 set_scene S+108 I command=49 room=23 Spa_Bathroom channel=0 scene=0
2023-04-15T22:33:23+01:00 set_scene S+156 - command=49 room=50 Front_Porch_PIR channel=0 scene=1
2023-04-15T22:33:32+01:00 set_scene S+156 - command=49 room=50 Front_Porch_PIR channel=0 scene=1
2023-04-15T22:36:30+01:00 set_scene S+159 - command=49 room=50 Front_Porch_PIR channel=0 scene=0
2023-04-15T22:41:32+01:00 set_scene S+164 - command=49 room=50 Front_Porch_PIR channel=0 scene=0
2023-04-15T22:47:39+01:00 set_scene S+170 I command=49 room=10 Landing channel=0 scene=1
2023-04-15T22:47:39+01:00 set_scene S+170 I command=49 room=10 Landing channel=0 scene=2
2023-04-15T23:27:13+01:00 set_scene S+210 I command=49 room=05 Living_Room channel=0 scene=0
2023-04-15T23:30:03+01:00 set_scene S+213 I command=49 room=21 Master_Bed channel=0 scene=2
2023-04-15T23:30:42+01:00 set_scene S+213 I command=49 room=22 MBed_EnSuite channel=0 scene=2
2023-04-15T23:37:08+01:00 set_scene S+220 I command=49 room=23 Spa_Bathroom channel=0 scene=2
2023-04-15T23:37:22+01:00 set_scene S+220 I command=49 room=23 Spa_Bathroom channel=0 scene=0
2023-04-15T23:39:14+01:00 set_scene S+222 I command=49 room=22 MBed_EnSuite channel=0 scene=0
2023-04-15T23:44:03+01:00 set_scene S+227 I command=49 room=05 Living_Room channel=0 scene=1
2023-04-15T23:44:04+01:00 set_scene S+227 I command=49 room=05 Living_Room channel=0 scene=1
2023-04-15T23:46:04+01:00 set_scene S+229 I command=49 room=05 Living_Room channel=0 scene=0
2023-04-15T23:52:13+01:00 set_scene S+235 I command=49 room=21 Master_Bed channel=0 scene=0
