2023-04-13T00:07:06+01:00 set_scene R-360 I command=49 room=23 Spa_Bathroom channel=0 scene=1
2023-04-13T00:07:41+01:00 set_scene R-360 I command=49 room=23 Spa_Bathroom channel=0 scene=0
2023-04-13T00:30:01+01:00 set_scene R-337 - command=49 room=32 Gate_Lights channel=0 scene=0
2023-04-13T00:30:01+01:00 set_scene R-337 - command=49 room=33 Front_Entrance_Pillars channel=0 scene=0
2023-04-13T00:30:01+01:00 set_scene R-337 - command=49 room=34 Kitchen_External channel=0 scene=0
2023-04-13T00:30:02+01:00 set_scene R-337 - command=49 room=35 Garden_Path channel=0 scene=0
2023-04-13T00:30:02+01:00 set_scene R-337 - command=49 room=36 Garden_Flower_Beds channel=0 scene=0
2023-04-13T01:24:32+01:00 set_scene R-283 I command=49 room=14 Kitchen channel=0 scene=1
2023-04-13T01:24:56+01:00 set_scene R-282 I command=49 room=14 Kitchen channel=0 scene=0
2023-04-13T01:24:56+01:00 set_scene R-282 I command=49 room=15 Kitchen_Lounge channel=0 scene=0
2023-04-13T01:24:56+01:00 set_scene R-282 I command=49 room=15 Kitchen_Lounge channel=0 scene=0
2023-04-13T01:26:27+01:00 set_scene R-281 - command=49 room=50 Front_Porch_PIR channel=0 scene=0
2023-04-13T02:38:56+01:00 set_scene R-208 I command=49 room=06 Study channel=0 scene=4
2023-04-13T02:38:58+01:00 set_scene R-208 I command=49 room=06 Study channel=0 scene=0
2023-04-13T02:39:12+01:00 set_scene R-208 I command=49 room=14 Kitchen channel=0 scene=2
2023-04-13T02:39:35+01:00 set_scene R-208 I command=49 room=14 Kitchen channel=0 scene=0
2023-04-13T02:39:36+01:00 set_scene R-208 I command=49 room=15 Kitchen_Lounge channel=0 scene=0
2023-04-13T02:39:36+01:00 set_scene R-208 I command=49 room=15 Kitchen_Lounge channel=0 scene=0
2023-04-13T02:39:45+01:00 set_scene R-208 I command=49 room=09 Hall channel=0 scene=0
2023-04-13T07:59:46+01:00 set_scene R+112 - command=49 room=50 Front_Porch_PIR channel=0 scene=1
2023-04-13T07:59:54+01:00 set_scene R+113 - command=49 room=50 Front_Porch_PIR channel=0 scene=1
2023-04-13T07:59:59+01:00 set_scene R+113 - command=49 room=50 Front_Porch_PIR channel=0 scene=1
2023-04-13T08:02:33+01:00 set_scene R+115 I command=49 room=14 Kitchen channel=0 scene=1
2023-04-13T08:02:55+01:00 set_scene R+116 - command=49 room=50 Front_Porch_PIR channel=0 scene=0
2023-04-13T09:17:41+01:00 set_scene R+190 I command=49 room=14 Kitchen channel=0 scene=0
2023-04-13T09:17:41+01:00 set_scene R+190 I command=49 room=15 Kitchen_Lounge channel=0 scene=0
2023-04-13T09:17:42+01:00 set_scene R+190 I command=49 room=15 Kitchen_Lounge channel=0 scene=0
2023-04-13T09:18:17+01:00 set_scene R+191 I command=49 room=07 Dining_Room channel=0 scene=1
2023-04-13T09:20:16+01:00 set_scene R+193 I command=49 room=17 Play_Room channel=0 scene=1
2023-04-13T09:31:27+01:00 set_scene R+204 I command=49 room=07 Dining_Room channel=0 scene=0
2023-04-13T09:33:27+01:00 set_scene R+206 I command=49 room=09 Hall channel=0 scene=1
2023-04-13T09:33:43+01:00 set_scene R+206 - command=49 room=50 Front_Porch_PIR channel=0 scene=1
2023-04-13T09:36:50+01:00 set_scene R+210 - command=49 room=50 Front_Porch_PIR channel=0 scene=0
2023-04-13T09:40:30+01:00 set_scene R+213 I command=49 room=05 Living_Room channel=0 scene=1
2023-04-13T09:45:31+01:00 set_scene R+218 - command=49 room=50 Front_Porch_PIR channel=0 scene=0
2023-04-13T09:51:18+01:00 set_scene R+224 I command=49 room=17 Play_Room channel=0 scene=0
2023-04-13T09:54:36+01:00 set_scene R+227 I command=49 room=22 MBed_EnSuite channel=0 scene=1
2023-04-13T10:07:28+01:00 set_scene R+240 I command=49 room=22 MBed_EnSuite channel=0 scene=0
2023-04-13T10:31:43+01:00 set_scene R+264 - command=49 room=50 Front_Porch_PIR channel=0 scene=1
2023-04-13T10:34:41+01:00 set_scene R+267 - command=49 room=50 Front_Porch_PIR channel=0 scene=0
2023-04-13T10:34:56+01:00 set_scene R+268 I command=49 room=05 Living_Room channel=0 scene=0
2023-04-13T10:34:59+01:00 set_scene R+268 I command=49 room=05 Living_Room channel=0 scene=0
2023-04-13T10:38:08+01:00 set_scene R+271 I command=49 room=09 Hall channel=0 scene=0
2023-04-13T10:42:32+01:00 set_scene R+275 - command=49 room=50 Front_Porch_PIR channel=0 scene=1
2023-04-13T10:42:36+01:00 set_scene R+275 - command=49 room=50 Front_Porch_PIR channel=0 scene=1
2023-04-13T10:45:38+01:00 set_scene R+278 - command=49 room=50 Front_Porch_PIR channel=0 scene=0
2023-04-13T11:23:33+01:00 set_scene R+316 - command=49 room=50 Front_Porch_PIR channel=0 scene=1
2023-04-13T11:24:16+01:00 set_scene R+317 - command=49 room=50 Front_Porch_PIR channel=0 scene=1
2023-04-13T11:27:24+01:00 set_scene R+320 - command=49 room=50 Front_Porch_PIR channel=0 scene=0
2023-04-13T12:03:17+01:00 set_scene R+356 I command=49 room=21 Master_Bed channel=0 scene=2
2023-04-13T12:14:31+01:00 set_scene R+367 - command=49 room=50 Front_Porch_PIR channel=0 scene=1
2023-04-13T12:14:47+01:00 set_scene R+367 I command=49 room=21 Master_Bed channel=0 scene=0
2023-04-13T12:14:53+01:00 set_scene R+368 - command=49 room=50 Front_Porch_PIR channel=0 scene=1
2023-04-13T12:14:55+01:00 set_scene R+368 - command=49 room=50 Front_Porch_PIR channel=0 scene=1
2023-04-13T12:14:56+01:00 set_scene R+368 - command=49 room=50 Front_Porch_PIR channel=0 scene=1
2023-04-13T12:15:01+01:00 set_scene R+368 - command=49 room=50 Front_Porch_PIR channel=0 scene=1
2023-04-13T12:15:03+01:00 set_scene R+368 - command=49 room=50 Front_Porch_PIR channel=0 scene=1
2023-04-13T12:15:06+01:00 set_scene R+368 - command=49 room=50 Front_Porch_PIR channel=0 scene=1
2023-04-13T12:15:10+01:00 set_scene R+368 - command=49 room=50 Front_Porch_PIR channel=0 scene=1
2023-04-13T12:15:26+01:00 set_scene R+368 - command=49 room=50 Front_Porch_PIR channel=0 scene=1
2023-04-13T12:15:58+01:00 set_scene R+369 - command=49 room=50 Front_Porch_PIR channel=0 scene=1
2023-04-13T12:16:03+01:00 set_scene R+369 - command=49 room=50 Front_Porch_PIR channel=0 scene=1
2023-04-13T12:19:14+01:00 set_scene R+372 - command=49 room=50 Front_Porch_PIR channel=0 scene=0
2023-04-13T12:47:40+01:00 set_scene R+400 - command=49 room=50 Front_Porch_PIR channel=0 scene=1
2023-04-13T12:47:57+01:00 set_scene R+401 - command=49 room=50 Front_Porch_PIR channel=0 scene=1
2023-04-13T12:51:03+01:00 set_scene R+404 - command=49 room=50 Front_Porch_PIR channel=0 scene=0
2023-04-13T13:05:05+01:00 set_scene S-409 I command=49 room=23 Spa_Bathroom channel=0 scene=0
2023-04-13T13:05:51+01:00 set_scene S-408 - command=49 room=50 Front_Porch_PIR channel=0 scene=1
2023-04-13T13:08:58+01:00 set_scene S-405 - command=49 room=50 Front_Porch_PIR channel=0 scene=0
2023-04-13T13:13:10+01:00 set_scene S-401 - command=49 room=50 Front_Porch_PIR channel=0 scene=1
2023-04-13T13:16:16+01:00 set_scene S-398 - command=49 room=50 Front_Porch_PIR channel=0 scene=0
2023-04-13T14:35:47+01:00 set_scene S-318 I command=49 room=06 Study channel=0 scene=1
2023-04-13T15:25:41+01:00 set_scene S-268 - command=49 room=50 Front_Porch_PIR channel=0 scene=1
2023-04-13T15:26:23+01:00 set_scene S-268 - command=49 room=50 Front_Porch_PIR channel=0 scene=1
2023-04-13T15:26:34+01:00 set_scene S-267 - command=49 room=50 Front_Porch_PIR channel=0 scene=1
2023-04-13T15:26:50+01:00 set_scene S-267 - command=49 room=50 Front_Porch_PIR channel=0 scene=1
2023-04-13T15:29:57+01:00 set_scene S-264 - command=49 room=50 Front_Porch_PIR channel=0 scene=0
2023-04-13T18:24:50+01:00 set_scene S-089 I command=49 room=21 Master_Bed channel=0 scene=2
2023-04-13T18:28:48+01:00 set_scene S-085 I command=49 room=21 Master_Bed channel=0 scene=0
2023-04-13T19:27:13+01:00 set_scene S-027 I command=49 room=21 Master_Bed channel=0 scene=2
2023-04-13T19:33:14+01:00 set_scene S-021 - command=49 room=50 Front_Porch_PIR channel=0 scene=1
2023-04-13T19:33:27+01:00 set_scene S-021 - command=49 room=50 Front_Porch_PIR channel=0 scene=1
2023-04-13T19:33:32+01:00 set_scene S-020 - command=49 room=50 Front_Porch_PIR channel=0 scene=1
2023-04-13T19:33:36+01:00 set_scene S-020 - command=49 room=50 Front_Porch_PIR channel=0 scene=1
2023-04-13T19:33:48+01:00 set_scene S-020 - command=49 room=50 Front_Porch_PIR channel=0 scene=1
2023-04-13T19:33:50+01:00 set_scene S-020 - command=49 room=50 Front_Porch_PIR channel=0 scene=1
2023-04-13T19:33:54+01:00 set_scene S-020 - command=49 room=50 Front_Porch_PIR channel=0 scene=1
2023-04-13T19:34:06+01:00 set_scene S-020 I command=49 room=21 Master_Bed channel=0 scene=0
2023-04-13T19:34:06+01:00 set_scene S-020 - command=49 room=50 Front_Porch_PIR channel=0 scene=1
2023-04-13T19:34:12+01:00 set_scene S-020 - command=49 room=50 Front_Porch_PIR channel=0 scene=1
2023-04-13T19:34:16+01:00 set_scene S-020 - command=49 room=50 Front_Porch_PIR channel=0 scene=1
2023-04-13T19:34:17+01:00 set_scene S-020 I command=49 room=09 Hall channel=0 scene=2
2023-04-13T19:34:19+01:00 set_scene S-020 - command=49 room=50 Front_Porch_PIR channel=0 scene=1
2023-04-13T19:34:31+01:00 set_scene S-019 - command=49 room=50 Front_Porch_PIR channel=0 scene=1
2023-04-13T19:35:57+01:00 set_scene S-018 I command=49 room=14 Kitchen channel=0 scene=2
2023-04-13T19:37:29+01:00 set_scene S-017 - command=49 room=50 Front_Porch_PIR channel=0 scene=0
2023-04-13T19:40:44+01:00 set_scene S-013 I command=49 room=23 Spa_Bathroom channel=0 scene=0
2023-04-13T19:45:43+01:00 set_scene S-008 I command=49 room=15 Kitchen_Lounge channel=0 scene=3
2023-04-13T19:52:01+01:00 set_scene S-002 - command=49 room=32 Gate_Lights channel=0 scene=1
2023-04-13T19:52:01+01:00 set_scene S-002 - command=49 room=33 Front_Entrance_Pillars channel=0 scene=1
2023-04-13T20:38:15+01:00 set_scene S+044 I command=49 room=23 Spa_Bathroom channel=0 scene=1
2023-04-13T20:38:23+01:00 set_scene S+044 I command=49 room=23 Spa_Bathroom channel=0 scene=0
2023-04-13T20:40:42+01:00 set_scene S+047 I command=49 room=23 Spa_Bathroom channel=0 scene=2
2023-04-13T20:40:42+01:00 set_scene S+047 I command=49 room=23 Spa_Bathroom channel=0 scene=1
2023-04-13T20:40:59+01:00 set_scene S+047 I command=49 room=23 Spa_Bathroom channel=0 scene=0
2023-04-13T21:03:33+01:00 set_scene S+070 - command=49 room=50 Front_Porch_PIR channel=0 scene=0
2023-04-13T21:07:59+01:00 set_scene S+074 - command=49 room=50 Front_Porch_PIR channel=0 scene=0
2023-04-13T21:54:15+01:00 set_scene S+120 - command=49 room=50 Front_Porch_PIR channel=0 scene=0
2023-04-13T22:02:11+01:00 set_scene S+128 I command=49 room=23 Spa_Bathroom channel=0 scene=2
2023-04-13T22:02:33+01:00 set_scene S+129 I command=49 room=23 Spa_Bathroom channel=0 scene=4
2023-04-13T22:03:49+01:00 set_scene S+130 I command=49 room=06 Study channel=0 scene=0
2023-04-13T22:07:57+01:00 set_scene S+134 - command=49 room=50 Front_Porch_PIR channel=0 scene=0
2023-04-13T22:08:33+01:00 set_scene S+135 - command=49 room=50 Front_Porch_PIR channel=0 scene=1
2023-04-13T22:08:35+01:00 set_scene S+135 - command=49 room=50 Front_Porch_PIR channel=0 scene=1
2023-04-13T22:11:52+01:00 set_scene S+138 - command=49 room=50 Front_Porch_PIR channel=0 scene=0
2023-04-13T22:17:57+01:00 set_scene S+144 I command=49 room=21 Master_Bed channel=0 scene=0
2023-04-13T22:18:00+01:00 set_scene S+144 I command=49 room=21 Master_Bed channel=0 scene=2
2023-04-13T22:18:30+01:00 set_scene S+145 I command=49 room=22 MBed_EnSuite channel=0 scene=3
2023-04-13T22:32:44+01:00 set_scene S+159 I command=49 room=22 MBed_EnSuite channel=0 scene=0
2023-04-13T22:37:02+01:00 set_scene S+163 I command=49 room=21 Master_Bed channel=0 scene=0
2023-04-13T22:37:17+01:00 set_scene S+163 I command=49 room=22 MBed_EnSuite channel=0 scene=4
2023-04-13T22:38:58+01:00 set_scene S+165 I command=49 room=22 MBed_EnSuite channel=0 scene=0
2023-04-13T23:32:55+01:00 set_scene S+219 - command=49 room=50 Front_Porch_PIR channel=0 scene=0
2023-04-13T23:36:17+01:00 set_scene S+222 I command=49 room=22 MBed_EnSuite channel=0 scene=2
2023-04-13T23:37:23+01:00 set_scene S+223 I command=49 room=22 MBed_EnSuite channel=0 scene=0
2023-04-13T23:51:56+01:00 set_scene S+238 I command=49 room=23 Spa_Bathroom channel=0 scene=1
2023-04-13T23:55:00+01:00 set_scene S+241 I command=49 room=23 Spa_Bathroom channel=0 scene=0
