2023-11-26T00:25:28+00:00 set_scene R-432 - command=49 room=50 Front_Porch_PIR channel=0 scene=1
2023-11-26T00:26:50+00:00 set_scene R-431 I command=49 room=14 Kitchen channel=0 scene=3
2023-11-26T00:26:50+00:00 set_scene R-431 I command=49 room=14 Kitchen channel=0 scene=2
2023-11-26T00:28:40+00:00 set_scene R-429 - command=49 room=50 Front_Porch_PIR channel=0 scene=0
2023-11-26T00:30:00+00:00 set_scene R-428 - command=49 room=32 Gate_Lights channel=0 scene=0
2023-11-26T00:30:01+00:00 set_scene R-428 - command=49 room=33 Front_Entrance_Pillars channel=0 scene=0
2023-11-26T00:30:01+00:00 set_scene R-428 - command=49 room=34 Kitchen_External channel=0 scene=0
2023-11-26T00:30:01+00:00 set_scene R-428 - command=49 room=35 Garden_Path channel=0 scene=0
2023-11-26T00:30:02+00:00 set_scene R-428 - command=49 room=36 Garden_Flower_Beds channel=0 scene=0
2023-11-26T00:30:53+00:00 set_scene R-427 I command=49 room=21 Master_Bed channel=0 scene=2
2023-11-26T00:32:14+00:00 set_scene R-425 I command=49 room=22 MBed_EnSuite channel=0 scene=3
2023-11-26T00:43:07+00:00 set_scene R-414 I command=49 room=22 MBed_EnSuite channel=0 scene=0
2023-11-26T00:43:49+00:00 set_scene R-414 I command=49 room=21 Master_Bed channel=0 scene=0
2023-11-26T01:43:20+00:00 set_scene R-354 I command=49 room=14 Kitchen channel=0 scene=0
2023-11-26T01:43:20+00:00 set_scene R-354 I command=49 room=15 Kitchen_Lounge channel=0 scene=0
2023-11-26T01:43:20+00:00 set_scene R-354 I command=49 room=15 Kitchen_Lounge channel=0 scene=0
2023-11-26T01:44:44+00:00 set_scene R-353 I command=49 room=09 Hall channel=0 scene=0
2023-11-26T04:49:28+00:00 set_scene R-168 - command=49 room=50 Front_Porch_PIR channel=0 scene=1
2023-11-26T04:52:27+00:00 set_scene R-165 - command=49 room=50 Front_Porch_PIR channel=0 scene=0
2023-11-26T05:49:30+00:00 set_scene R-108 - command=49 room=50 Front_Porch_PIR channel=0 scene=1
2023-11-26T05:52:27+00:00 set_scene R-105 - command=49 room=50 Front_Porch_PIR channel=0 scene=0
2023-11-26T09:22:15+00:00 set_scene R+105 I command=49 room=21 Master_Bed channel=0 scene=2
2023-11-26T09:42:28+00:00 set_scene R+125 I command=49 room=21 Master_Bed channel=0 scene=0
2023-11-26T09:49:36+00:00 set_scene R+132 - command=49 room=50 Front_Porch_PIR channel=0 scene=1
2023-11-26T09:52:43+00:00 set_scene R+135 - command=49 room=50 Front_Porch_PIR channel=0 scene=0
2023-11-26T11:05:19+00:00 set_scene R+208 I command=49 room=23 Spa_Bathroom channel=0 scene=1
2023-11-26T11:11:20+00:00 set_scene R+214 I command=49 room=23 Spa_Bathroom channel=0 scene=0
2023-11-26T14:43:11+00:00 set_scene S-072 - command=49 room=50 Front_Porch_PIR channel=0 scene=1
2023-11-26T14:43:26+00:00 set_scene S-072 - command=49 room=50 Front_Porch_PIR channel=0 scene=1
2023-11-26T14:43:36+00:00 set_scene S-072 - command=49 room=50 Front_Porch_PIR channel=0 scene=1
2023-11-26T14:43:47+00:00 set_scene S-072 - command=49 room=50 Front_Porch_PIR channel=0 scene=1
2023-11-26T14:43:55+00:00 set_scene S-071 - command=49 room=50 Front_Porch_PIR channel=0 scene=1
2023-11-26T14:47:09+00:00 set_scene S-068 - command=49 room=50 Front_Porch_PIR channel=0 scene=0
2023-11-26T15:22:01+00:00 set_scene S-033 I command=49 room=23 Spa_Bathroom channel=0 scene=1
2023-11-26T15:22:47+00:00 set_scene S-033 I command=49 room=23 Spa_Bathroom channel=0 scene=0
2023-11-26T15:52:00+00:00 set_scene S-003 - command=49 room=32 Gate_Lights channel=0 scene=1
2023-11-26T15:52:01+00:00 set_scene S-003 - command=49 room=33 Front_Entrance_Pillars channel=0 scene=1
2023-11-26T17:26:17+00:00 set_scene S+091 - command=49 room=50 Front_Porch_PIR channel=0 scene=1
2023-11-26T17:26:19+00:00 set_scene S+091 - command=49 room=50 Front_Porch_PIR channel=0 scene=1
2023-11-26T17:26:25+00:00 set_scene S+091 - command=49 room=50 Front_Porch_PIR channel=0 scene=1
2023-11-26T17:26:47+00:00 set_scene S+091 I command=49 room=09 Hall channel=0 scene=2
2023-11-26T17:26:55+00:00 set_scene S+092 I command=49 room=14 Kitchen channel=0 scene=1
2023-11-26T17:29:12+00:00 set_scene S+094 I command=49 room=21 Master_Bed channel=0 scene=2
2023-11-26T17:29:23+00:00 set_scene S+094 - command=49 room=50 Front_Porch_PIR channel=0 scene=0
2023-11-26T17:40:35+00:00 set_scene S+105 I command=49 room=21 Master_Bed channel=0 scene=0
2023-11-26T17:51:02+00:00 set_scene S+116 I command=49 room=14 Kitchen channel=0 scene=0
2023-11-26T17:51:02+00:00 set_scene S+116 I command=49 room=15 Kitchen_Lounge channel=0 scene=0
2023-11-26T17:51:02+00:00 set_scene S+116 I command=49 room=15 Kitchen_Lounge channel=0 scene=0
2023-11-26T17:51:19+00:00 set_scene S+116 I command=49 room=05 Living_Room channel=0 scene=2
2023-11-26T18:44:39+00:00 set_scene S+169 I command=49 room=14 Kitchen channel=0 scene=2
2023-11-26T18:50:52+00:00 set_scene S+175 - command=49 room=50 Front_Porch_PIR channel=0 scene=0
2023-11-26T19:06:50+00:00 set_scene S+191 I command=49 room=17 Play_Room channel=0 scene=1
2023-11-26T19:17:10+00:00 set_scene S+202 I command=49 room=15 Kitchen_Lounge channel=0 scene=2
2023-11-26T19:30:57+00:00 set_scene S+216 I command=49 room=17 Play_Room channel=0 scene=0
2023-11-26T19:57:34+00:00 set_scene S+242 - command=49 room=50 Front_Porch_PIR channel=0 scene=1
2023-11-26T19:57:46+00:00 set_scene S+242 - command=49 room=50 Front_Porch_PIR channel=0 scene=1
2023-11-26T19:57:56+00:00 set_scene S+243 - command=49 room=50 Front_Porch_PIR channel=0 scene=1
2023-11-26T19:58:19+00:00 set_scene S+243 - command=49 room=50 Front_Porch_PIR channel=0 scene=1
2023-11-26T19:58:23+00:00 set_scene S+243 - command=49 room=50 Front_Porch_PIR channel=0 scene=1
2023-11-26T19:58:28+00:00 set_scene S+243 - command=49 room=50 Front_Porch_PIR channel=0 scene=1
2023-11-26T19:58:42+00:00 set_scene S+243 - command=49 room=50 Front_Porch_PIR channel=0 scene=1
2023-11-26T19:58:47+00:00 set_scene S+243 - command=49 room=50 Front_Porch_PIR channel=0 scene=1
2023-11-26T19:58:52+00:00 set_scene S+243 - command=49 room=50 Front_Porch_PIR channel=0 scene=1
2023-11-26T19:58:57+00:00 set_scene S+244 - command=49 room=50 Front_Porch_PIR channel=0 scene=1
2023-11-26T19:59:03+00:00 set_scene S+244 - command=49 room=50 Front_Porch_PIR channel=0 scene=1
2023-11-26T19:59:07+00:00 set_scene S+244 - command=49 room=50 Front_Porch_PIR channel=0 scene=1
2023-11-26T19:59:09+00:00 set_scene S+244 - command=49 room=50 Front_Porch_PIR channel=0 scene=1
2023-11-26T19:59:11+00:00 set_scene S+244 - command=49 room=50 Front_Porch_PIR channel=0 scene=1
2023-11-26T19:59:16+00:00 set_scene S+244 - command=49 room=50 Front_Porch_PIR channel=0 scene=1
2023-11-26T19:59:23+00:00 set_scene S+244 - command=49 room=50 Front_Porch_PIR channel=0 scene=1
2023-11-26T19:59:31+00:00 set_scene S+244 - command=49 room=50 Front_Porch_PIR channel=0 scene=1
2023-11-26T19:59:49+00:00 set_scene S+244 - command=49 room=50 Front_Porch_PIR channel=0 scene=1
2023-11-26T19:59:57+00:00 set_scene S+245 - command=49 room=50 Front_Porch_PIR channel=0 scene=1
2023-11-26T20:00:07+00:00 set_scene S+245 - command=49 room=50 Front_Porch_PIR channel=0 scene=1
2023-11-26T20:00:25+00:00 set_scene S+245 - command=49 room=50 Front_Porch_PIR channel=0 scene=1
2023-11-26T20:00:26+00:00 set_scene S+245 - command=49 room=50 Front_Porch_PIR channel=0 scene=1
2023-11-26T20:00:28+00:00 set_scene S+245 - command=49 room=50 Front_Porch_PIR channel=0 scene=1
2023-11-26T20:03:33+00:00 set_scene S+248 - command=49 room=50 Front_Porch_PIR channel=0 scene=0
2023-11-26T20:51:17+00:00 set_scene S+296 I command=49 room=21 Master_Bed channel=0 scene=2
2023-11-26T20:51:28+00:00 set_scene S+296 I command=49 room=22 MBed_EnSuite channel=0 scene=3
2023-11-26T20:54:35+00:00 set_scene S+299 I command=49 room=21 Master_Bed channel=0 scene=0
2023-11-26T22:01:16+00:00 set_scene S+366 - command=49 room=50 Front_Porch_PIR channel=0 scene=0
2023-11-26T23:02:52+00:00 set_scene S+427 I command=49 room=05 Living_Room channel=0 scene=0
2023-11-26T23:14:25+00:00 set_scene S+439 - command=49 room=50 Front_Porch_PIR channel=0 scene=1
2023-11-26T23:14:30+00:00 set_scene S+439 - command=49 room=50 Front_Porch_PIR channel=0 scene=1
2023-11-26T23:15:09+00:00 set_scene S+440 I command=49 room=09 Hall channel=0 scene=4
2023-11-26T23:15:31+00:00 set_scene S+440 I command=49 room=21 Master_Bed channel=0 scene=2
2023-11-26T23:15:51+00:00 set_scene S+440 I command=49 room=10 Landing channel=0 scene=2
2023-11-26T23:17:28+00:00 set_scene S+442 - command=49 room=50 Front_Porch_PIR channel=0 scene=0
2023-11-26T23:30:13+00:00 set_scene S+455 I command=49 room=07 Dining_Room channel=0 scene=1
2023-11-26T23:35:20+00:00 set_scene S+460 I command=49 room=07 Dining_Room channel=0 scene=0
2023-11-26T23:42:19+00:00 set_scene S+467 I command=49 room=22 MBed_EnSuite channel=0 scene=0
2023-11-26T23:45:23+00:00 set_scene S+470 I command=49 room=21 Master_Bed channel=0 scene=0
