2022-10-21T00:30:00+01:00 set_scene R-425 - command=49 room=32 Gate_Lights channel=0 scene=0
2022-10-21T00:30:00+01:00 set_scene R-425 - command=49 room=33 Front_Entrance_Pillars channel=0 scene=0
2022-10-21T00:30:00+01:00 set_scene R-425 - command=49 room=34 Kitchen_External channel=0 scene=0
2022-10-21T00:30:01+01:00 set_scene R-425 - command=49 room=35 Garden_Path channel=0 scene=0
2022-10-21T00:30:01+01:00 set_scene R-425 - command=49 room=36 Garden_Flower_Beds channel=0 scene=0
2022-10-21T01:27:26+01:00 set_scene R-367 I command=49 room=06 Study channel=0 scene=0
2022-10-21T01:27:43+01:00 set_scene R-367 I command=49 room=14 Kitchen channel=0 scene=2
2022-10-21T01:28:51+01:00 set_scene R-366 I command=49 room=14 Kitchen channel=0 scene=0
2022-10-21T01:28:51+01:00 set_scene R-366 I command=49 room=15 Kitchen_Lounge channel=0 scene=0
2022-10-21T01:28:52+01:00 set_scene R-366 I command=49 room=15 Kitchen_Lounge channel=0 scene=0
2022-10-21T01:29:24+01:00 set_scene R-365 I command=49 room=09 Hall channel=0 scene=0
2022-10-21T01:29:47+01:00 set_scene R-365 - command=49 room=52 Alarm_Interface channel=0 scene=4
2022-10-21T01:29:47+01:00 alarm_set
2022-10-21T06:08:46+01:00 set_scene R-086 - command=49 room=52 Alarm_Interface channel=0 scene=0
2022-10-21T06:08:46+01:00 alarm_unset
2022-10-21T06:24:22+01:00 set_scene R-070 I command=49 room=10 Landing channel=0 scene=4
2022-10-21T06:24:57+01:00 set_scene R-070 I command=49 room=09 Hall channel=0 scene=4
2022-10-21T06:26:13+01:00 set_scene R-068 I command=49 room=06 Study channel=0 scene=1
2022-10-21T06:26:45+01:00 set_scene R-068 I command=49 room=06 Study channel=0 scene=0
2022-10-21T06:27:39+01:00 set_scene R-067 - command=49 room=50 Front_Porch_PIR channel=0 scene=1
2022-10-21T06:27:41+01:00 set_scene R-067 - command=49 room=50 Front_Porch_PIR channel=0 scene=1
2022-10-21T06:30:49+01:00 set_scene R-064 - command=49 room=50 Front_Porch_PIR channel=0 scene=0
2022-10-21T07:32:53+01:00 set_scene R-002 I command=49 room=14 Kitchen channel=0 scene=3
2022-10-21T08:48:31+01:00 set_scene R+074 I command=49 room=21 Master_Bed channel=0 scene=2
2022-10-21T09:14:35+01:00 set_scene R+100 - command=49 room=50 Front_Porch_PIR channel=0 scene=1
2022-10-21T09:17:40+01:00 set_scene R+103 - command=49 room=50 Front_Porch_PIR channel=0 scene=0
2022-10-21T09:22:14+01:00 set_scene R+108 I command=49 room=21 Master_Bed channel=0 scene=0
2022-10-21T09:27:51+01:00 set_scene R+113 I command=49 room=21 Master_Bed channel=0 scene=2
2022-10-21T09:29:23+01:00 set_scene R+115 I command=49 room=21 Master_Bed channel=0 scene=0
2022-10-21T09:36:19+01:00 set_scene R+122 I command=49 room=09 Hall channel=0 scene=0
2022-10-21T09:37:07+01:00 set_scene R+123 - command=49 room=50 Front_Porch_PIR channel=0 scene=1
2022-10-21T09:37:09+01:00 set_scene R+123 - command=49 room=50 Front_Porch_PIR channel=0 scene=1
2022-10-21T09:40:14+01:00 set_scene R+126 - command=49 room=50 Front_Porch_PIR channel=0 scene=0
2022-10-21T11:03:29+01:00 set_scene R+209 - command=49 room=50 Front_Porch_PIR channel=0 scene=1
2022-10-21T11:03:46+01:00 set_scene R+209 - command=49 room=50 Front_Porch_PIR channel=0 scene=1
2022-10-21T11:04:15+01:00 set_scene R+210 I command=49 room=14 Kitchen channel=0 scene=0
2022-10-21T11:04:15+01:00 set_scene R+210 I command=49 room=15 Kitchen_Lounge channel=0 scene=0
2022-10-21T11:04:15+01:00 set_scene R+210 I command=49 room=15 Kitchen_Lounge channel=0 scene=0
2022-10-21T11:06:44+01:00 set_scene R+212 - command=49 room=50 Front_Porch_PIR channel=0 scene=0
2022-10-21T11:55:44+01:00 set_scene R+261 I command=49 room=21 Master_Bed channel=0 scene=1
2022-10-21T12:27:59+01:00 set_scene R+293 I command=49 room=21 Master_Bed channel=0 scene=0
2022-10-21T12:29:39+01:00 set_scene R+295 I command=49 room=10 Landing channel=0 scene=0
2022-10-21T13:41:20+01:00 set_scene S-252 - command=49 room=50 Front_Porch_PIR channel=0 scene=0
2022-10-21T13:42:09+01:00 set_scene S-251 - command=49 room=50 Front_Porch_PIR channel=0 scene=1
2022-10-21T13:45:14+01:00 set_scene S-248 - command=49 room=50 Front_Porch_PIR channel=0 scene=0
2022-10-21T16:39:48+01:00 set_scene S-073 I command=49 room=23 Spa_Bathroom channel=0 scene=0
2022-10-21T16:41:07+01:00 set_scene S-072 - command=49 room=50 Front_Porch_PIR channel=0 scene=1
2022-10-21T16:41:21+01:00 set_scene S-072 - command=49 room=50 Front_Porch_PIR channel=0 scene=1
2022-10-21T16:44:18+01:00 set_scene S-069 - command=49 room=50 Front_Porch_PIR channel=0 scene=0
2022-10-21T16:47:17+01:00 set_scene S-066 I command=49 room=21 Master_Bed channel=0 scene=2
2022-10-21T16:56:51+01:00 set_scene S-056 I command=49 room=21 Master_Bed channel=0 scene=0
2022-10-21T17:39:22+01:00 set_scene S-013 I command=49 room=05 Living_Room channel=0 scene=2
2022-10-21T17:50:01+01:00 set_scene S-003 - command=49 room=32 Gate_Lights channel=0 scene=1
2022-10-21T17:50:01+01:00 set_scene S-003 - command=49 room=33 Front_Entrance_Pillars channel=0 scene=1
2022-10-21T18:31:08+01:00 set_scene S+038 I command=49 room=05 Living_Room channel=0 scene=0
2022-10-21T18:31:14+01:00 set_scene S+038 I command=49 room=09 Hall channel=0 scene=1
2022-10-21T18:31:23+01:00 set_scene S+039 I command=49 room=14 Kitchen channel=0 scene=2
2022-10-21T18:38:55+01:00 set_scene S+046 - command=49 room=50 Front_Porch_PIR channel=0 scene=0
2022-10-21T19:30:05+01:00 set_scene S+097 I command=49 room=15 Kitchen_Lounge channel=0 scene=2
2022-10-21T19:59:59+01:00 set_scene S+127 - command=49 room=50 Front_Porch_PIR channel=0 scene=1
2022-10-21T20:00:14+01:00 set_scene S+127 - command=49 room=50 Front_Porch_PIR channel=0 scene=1
2022-10-21T20:00:19+01:00 set_scene S+127 - command=49 room=50 Front_Porch_PIR channel=0 scene=1
2022-10-21T20:03:24+01:00 set_scene S+131 - command=49 room=50 Front_Porch_PIR channel=0 scene=0
2022-10-21T20:10:54+01:00 set_scene S+138 I command=49 room=23 Spa_Bathroom channel=0 scene=1
2022-10-21T20:11:01+01:00 set_scene S+138 I command=49 room=23 Spa_Bathroom channel=0 scene=0
2022-10-21T21:12:42+01:00 set_scene S+200 - command=49 room=50 Front_Porch_PIR channel=0 scene=0
2022-10-21T21:15:15+01:00 set_scene S+202 I command=49 room=10 Landing channel=0 scene=1
2022-10-21T21:16:46+01:00 set_scene S+204 I command=49 room=14 Kitchen channel=0 scene=0
2022-10-21T21:16:47+01:00 set_scene S+204 I command=49 room=15 Kitchen_Lounge channel=0 scene=0
2022-10-21T21:16:47+01:00 set_scene S+204 I command=49 room=15 Kitchen_Lounge channel=0 scene=0
2022-10-21T21:17:07+01:00 set_scene S+204 I command=49 room=05 Living_Room channel=0 scene=2
2022-10-21T21:22:58+01:00 set_scene S+210 - command=49 room=50 Front_Porch_PIR channel=0 scene=0
2022-10-21T21:40:31+01:00 set_scene S+228 - command=49 room=50 Front_Porch_PIR channel=0 scene=0
2022-10-21T23:19:51+01:00 set_scene S+327 I command=49 room=05 Living_Room channel=0 scene=0
2022-10-21T23:20:03+01:00 set_scene S+327 I command=49 room=14 Kitchen channel=0 scene=3
2022-10-21T23:24:47+01:00 set_scene S+332 I command=49 room=14 Kitchen channel=0 scene=0
2022-10-21T23:24:48+01:00 set_scene S+332 I command=49 room=15 Kitchen_Lounge channel=0 scene=0
2022-10-21T23:24:48+01:00 set_scene S+332 I command=49 room=15 Kitchen_Lounge channel=0 scene=0
2022-10-21T23:25:37+01:00 set_scene S+333 I command=49 room=09 Hall channel=0 scene=4
2022-10-21T23:26:11+01:00 set_scene S+333 I command=49 room=10 Landing channel=0 scene=4
2022-10-21T23:26:15+01:00 set_scene S+333 I command=49 room=21 Master_Bed channel=0 scene=2
2022-10-21T23:32:13+01:00 set_scene S+339 I command=49 room=22 MBed_EnSuite channel=0 scene=3
2022-10-21T23:32:45+01:00 set_scene S+340 I command=49 room=23 Spa_Bathroom channel=0 scene=2
2022-10-21T23:32:47+01:00 set_scene S+340 I command=49 room=23 Spa_Bathroom channel=0 scene=1
2022-10-21T23:40:36+01:00 set_scene S+348 I command=49 room=21 Master_Bed channel=0 scene=0
2022-10-21T23:40:58+01:00 set_scene S+348 I command=49 room=22 MBed_EnSuite channel=0 scene=0
2022-10-21T23:43:12+01:00 set_scene S+350 I command=49 room=23 Spa_Bathroom channel=0 scene=1
2022-10-21T23:51:55+01:00 set_scene S+359 I command=49 room=22 MBed_EnSuite channel=0 scene=3
2022-10-21T23:53:15+01:00 set_scene S+360 I command=49 room=22 MBed_EnSuite channel=0 scene=0
2022-10-21T23:57:57+01:00 set_scene S+365 I command=49 room=23 Spa_Bathroom channel=0 scene=1
