2023-11-19T00:03:02+00:00 set_scene R-443 - command=49 room=50 Front_Porch_PIR channel=0 scene=1
2023-11-19T00:03:21+00:00 set_scene R-443 - command=49 room=50 Front_Porch_PIR channel=0 scene=1
2023-11-19T00:03:43+00:00 set_scene R-442 I command=49 room=14 Kitchen channel=0 scene=2
2023-11-19T00:06:03+00:00 set_scene R-440 I command=49 room=15 Kitchen_Lounge channel=0 scene=2
2023-11-19T00:08:42+00:00 set_scene R-437 - command=49 room=50 Front_Porch_PIR channel=0 scene=0
2023-11-19T00:09:26+00:00 set_scene R-437 I command=49 room=21 Master_Bed channel=0 scene=2
2023-11-19T00:17:16+00:00 set_scene R-429 I command=49 room=23 Spa_Bathroom channel=0 scene=1
2023-11-19T00:17:26+00:00 set_scene R-429 I command=49 room=23 Spa_Bathroom channel=0 scene=0
2023-11-19T00:26:25+00:00 set_scene R-420 - command=49 room=50 Front_Porch_PIR channel=0 scene=0
2023-11-19T00:30:01+00:00 set_scene R-416 - command=49 room=32 Gate_Lights channel=0 scene=0
2023-11-19T00:30:01+00:00 set_scene R-416 - command=49 room=33 Front_Entrance_Pillars channel=0 scene=0
2023-11-19T00:30:01+00:00 set_scene R-416 - command=49 room=34 Kitchen_External channel=0 scene=0
2023-11-19T00:30:02+00:00 set_scene R-416 - command=49 room=35 Garden_Path channel=0 scene=0
2023-11-19T00:30:02+00:00 set_scene R-416 - command=49 room=36 Garden_Flower_Beds channel=0 scene=0
2023-11-19T00:36:25+00:00 set_scene R-410 I command=49 room=22 MBed_EnSuite channel=0 scene=2
2023-11-19T00:43:11+00:00 set_scene R-403 I command=49 room=22 MBed_EnSuite channel=0 scene=0
2023-11-19T00:49:31+00:00 set_scene R-397 I command=49 room=21 Master_Bed channel=0 scene=0
2023-11-19T02:43:45+00:00 set_scene R-282 I command=49 room=14 Kitchen channel=0 scene=0
2023-11-19T02:43:45+00:00 set_scene R-282 I command=49 room=15 Kitchen_Lounge channel=0 scene=0
2023-11-19T02:43:46+00:00 set_scene R-282 I command=49 room=15 Kitchen_Lounge channel=0 scene=0
2023-11-19T02:43:47+00:00 set_scene R-282 I command=49 room=09 Hall channel=0 scene=0
2023-11-19T04:25:53+00:00 set_scene R-180 I command=49 room=10 Landing channel=0 scene=2
2023-11-19T04:26:36+00:00 set_scene R-179 I command=49 room=09 Hall channel=0 scene=2
2023-11-19T04:27:31+00:00 set_scene R-179 I command=49 room=10 Landing channel=0 scene=0
2023-11-19T04:27:32+00:00 set_scene R-179 I command=49 room=10 Landing channel=0 scene=4
2023-11-19T04:27:43+00:00 set_scene R-178 I command=49 room=10 Landing channel=0 scene=0
2023-11-19T09:28:35+00:00 set_scene R+123 I command=49 room=21 Master_Bed channel=0 scene=2
2023-11-19T09:43:04+00:00 set_scene R+137 I command=49 room=21 Master_Bed channel=0 scene=0
2023-11-19T09:44:39+00:00 set_scene R+139 - command=49 room=50 Front_Porch_PIR channel=0 scene=1
2023-11-19T09:47:47+00:00 set_scene R+142 - command=49 room=50 Front_Porch_PIR channel=0 scene=0
2023-11-19T13:08:27+00:00 set_scene S-175 I command=49 room=05 Living_Room channel=0 scene=1
2023-11-19T13:08:47+00:00 set_scene S-174 I command=49 room=05 Living_Room channel=0 scene=0
2023-11-19T13:53:44+00:00 set_scene S-129 I command=49 room=05 Living_Room channel=0 scene=2
2023-11-19T13:54:13+00:00 set_scene S-129 I command=49 room=05 Living_Room channel=0 scene=0
2023-11-19T14:29:22+00:00 set_scene S-094 - command=49 room=50 Front_Porch_PIR channel=0 scene=0
2023-11-19T14:46:12+00:00 set_scene S-077 - command=49 room=50 Front_Porch_PIR channel=0 scene=1
2023-11-19T14:46:22+00:00 set_scene S-077 - command=49 room=52 Alarm_Interface channel=0 scene=4
2023-11-19T14:46:22+00:00 alarm_set
2023-11-19T14:49:28+00:00 set_scene S-074 - command=49 room=50 Front_Porch_PIR channel=0 scene=0
2023-11-19T15:58:00+00:00 set_scene S-005 - command=49 room=32 Gate_Lights channel=0 scene=1
2023-11-19T15:58:00+00:00 set_scene S-005 - command=49 room=33 Front_Entrance_Pillars channel=0 scene=1
2023-11-19T16:01:58+00:00 set_scene S-001 - command=49 room=50 Front_Porch_PIR channel=0 scene=1
2023-11-19T16:02:04+00:00 set_scene S-001 - command=49 room=50 Front_Porch_PIR channel=0 scene=1
2023-11-19T16:02:09+00:00 set_scene S-001 - command=49 room=50 Front_Porch_PIR channel=0 scene=1
2023-11-19T16:02:22+00:00 set_scene S-001 - command=49 room=52 Alarm_Interface channel=0 scene=0
2023-11-19T16:02:22+00:00 alarm_unset
2023-11-19T16:02:59+00:00 set_scene S+000 I command=49 room=14 Kitchen channel=0 scene=2
2023-11-19T16:04:01+00:00 set_scene S+001 I command=49 room=17 Play_Room channel=0 scene=1
2023-11-19T16:04:10+00:00 set_scene S+001 I command=49 room=17 Play_Room channel=0 scene=0
2023-11-19T16:04:23+00:00 set_scene S+001 I command=49 room=09 Hall channel=0 scene=1
2023-11-19T16:04:46+00:00 set_scene S+002 I command=49 room=23 Spa_Bathroom channel=0 scene=1
2023-11-19T16:05:05+00:00 set_scene S+002 I command=49 room=15 Kitchen_Lounge channel=0 scene=2
2023-11-19T16:05:40+00:00 set_scene S+003 - command=49 room=50 Front_Porch_PIR channel=0 scene=0
2023-11-19T16:13:08+00:00 set_scene S+010 - command=49 room=50 Front_Porch_PIR channel=0 scene=1
2023-11-19T16:13:18+00:00 set_scene S+010 - command=49 room=50 Front_Porch_PIR channel=0 scene=1
2023-11-19T16:17:37+00:00 set_scene S+015 - command=49 room=50 Front_Porch_PIR channel=0 scene=0
2023-11-19T16:42:57+00:00 set_scene S+040 I command=49 room=05 Living_Room channel=0 scene=2
2023-11-19T17:23:28+00:00 set_scene S+080 I command=49 room=10 Landing channel=0 scene=0
2023-11-19T18:04:12+00:00 set_scene S+121 - command=49 room=50 Front_Porch_PIR channel=0 scene=0
2023-11-19T18:23:27+00:00 set_scene S+140 - command=49 room=50 Front_Porch_PIR channel=0 scene=1
2023-11-19T18:23:40+00:00 set_scene S+141 - command=49 room=50 Front_Porch_PIR channel=0 scene=1
2023-11-19T18:26:50+00:00 set_scene S+144 - command=49 room=50 Front_Porch_PIR channel=0 scene=0
2023-11-19T18:38:31+00:00 set_scene S+155 - command=49 room=50 Front_Porch_PIR channel=0 scene=1
2023-11-19T18:38:45+00:00 set_scene S+156 - command=49 room=50 Front_Porch_PIR channel=0 scene=1
2023-11-19T18:38:51+00:00 set_scene S+156 I command=49 room=05 Living_Room channel=0 scene=0
2023-11-19T18:41:43+00:00 set_scene S+159 - command=49 room=50 Front_Porch_PIR channel=0 scene=0
2023-11-19T19:03:21+00:00 set_scene S+180 I command=49 room=23 Spa_Bathroom channel=0 scene=4
2023-11-19T19:03:21+00:00 set_scene S+180 I command=49 room=23 Spa_Bathroom channel=0 scene=0
2023-11-19T19:12:39+00:00 set_scene S+190 I command=49 room=05 Living_Room channel=0 scene=2
2023-11-19T19:23:16+00:00 set_scene S+200 - command=49 room=50 Front_Porch_PIR channel=0 scene=0
2023-11-19T22:47:19+00:00 set_scene S+404 I command=49 room=05 Living_Room channel=0 scene=0
2023-11-19T23:01:04+00:00 set_scene S+418 I command=49 room=21 Master_Bed channel=0 scene=2
2023-11-19T23:01:23+00:00 set_scene S+418 I command=49 room=22 MBed_EnSuite channel=0 scene=3
2023-11-19T23:14:47+00:00 set_scene S+432 I command=49 room=22 MBed_EnSuite channel=0 scene=0
2023-11-19T23:32:25+00:00 set_scene S+449 I command=49 room=21 Master_Bed channel=0 scene=0
