2024-03-11T00:27:53+00:00 set_scene R-354 I command=49 room=22 MBed_EnSuite channel=0 scene=4
2024-03-11T00:28:55+00:00 set_scene R-353 I command=49 room=22 MBed_EnSuite channel=0 scene=0
2024-03-11T00:28:57+00:00 set_scene R-353 I command=49 room=22 MBed_EnSuite channel=0 scene=2
2024-03-11T00:29:07+00:00 set_scene R-353 I command=49 room=22 MBed_EnSuite channel=0 scene=0
2024-03-11T00:30:01+00:00 set_scene R-352 - command=49 room=32 Gate_Lights channel=0 scene=0
2024-03-11T00:30:02+00:00 set_scene R-352 - command=49 room=33 Front_Entrance_Pillars channel=0 scene=0
2024-03-11T00:30:02+00:00 set_scene R-352 - command=49 room=34 Kitchen_External channel=0 scene=0
2024-03-11T00:30:02+00:00 set_scene R-352 - command=49 room=35 Garden_Path channel=0 scene=0
2024-03-11T00:30:02+00:00 set_scene R-352 - command=49 room=36 Garden_Flower_Beds channel=0 scene=0
2024-03-11T07:59:34+00:00 set_scene R+098 I command=49 room=23 Spa_Bathroom channel=0 scene=1
2024-03-11T08:00:38+00:00 set_scene R+099 I command=49 room=23 Spa_Bathroom channel=0 scene=0
2024-03-11T08:08:30+00:00 set_scene R+107 I command=49 room=21 Master_Bed channel=0 scene=2
2024-03-11T09:05:26+00:00 set_scene R+164 I command=49 room=21 Master_Bed channel=0 scene=0
2024-03-11T09:30:12+00:00 set_scene R+188 I command=49 room=21 Master_Bed channel=0 scene=2
2024-03-11T09:34:28+00:00 set_scene R+193 - command=49 room=50 Front_Porch_PIR channel=0 scene=1
2024-03-11T09:35:17+00:00 set_scene R+194 I command=49 room=21 Master_Bed channel=0 scene=0
2024-03-11T09:37:35+00:00 set_scene R+196 - command=49 room=50 Front_Porch_PIR channel=0 scene=0
2024-03-11T10:07:04+00:00 set_scene R+225 I command=49 room=09 Hall channel=0 scene=2
2024-03-11T10:07:30+00:00 set_scene R+226 - command=49 room=50 Front_Porch_PIR channel=0 scene=1
2024-03-11T10:07:37+00:00 set_scene R+226 - command=49 room=50 Front_Porch_PIR channel=0 scene=1
2024-03-11T10:07:39+00:00 set_scene R+226 I command=49 room=09 Hall channel=0 scene=0
2024-03-11T10:07:41+00:00 set_scene R+226 - command=49 room=50 Front_Porch_PIR channel=0 scene=1
2024-03-11T10:10:50+00:00 set_scene R+229 - command=49 room=50 Front_Porch_PIR channel=0 scene=0
2024-03-11T11:08:55+00:00 set_scene R+287 - command=49 room=50 Front_Porch_PIR channel=0 scene=1
2024-03-11T11:09:10+00:00 set_scene R+287 - command=49 room=50 Front_Porch_PIR channel=0 scene=1
2024-03-11T11:09:17+00:00 set_scene R+288 - command=49 room=50 Front_Porch_PIR channel=0 scene=1
2024-03-11T11:09:27+00:00 set_scene R+288 - command=49 room=50 Front_Porch_PIR channel=0 scene=1
2024-03-11T11:09:41+00:00 set_scene R+288 - command=49 room=50 Front_Porch_PIR channel=0 scene=1
2024-03-11T11:09:47+00:00 set_scene R+288 - command=49 room=50 Front_Porch_PIR channel=0 scene=1
2024-03-11T11:12:45+00:00 set_scene R+291 - command=49 room=50 Front_Porch_PIR channel=0 scene=0
2024-03-11T12:03:55+00:00 set_scene R+342 - command=49 room=50 Front_Porch_PIR channel=0 scene=1
2024-03-11T12:07:03+00:00 set_scene R+345 - command=49 room=50 Front_Porch_PIR channel=0 scene=0
2024-03-11T12:55:53+00:00 set_scene S-302 I command=49 room=21 Master_Bed channel=0 scene=1
2024-03-11T13:07:21+00:00 set_scene S-291 - command=49 room=50 Front_Porch_PIR channel=0 scene=0
2024-03-11T13:24:16+00:00 set_scene S-274 I command=49 room=21 Master_Bed channel=0 scene=0
2024-03-11T13:29:16+00:00 set_scene S-269 - command=49 room=50 Front_Porch_PIR channel=0 scene=1
2024-03-11T13:32:22+00:00 set_scene S-266 - command=49 room=50 Front_Porch_PIR channel=0 scene=0
2024-03-11T17:36:13+00:00 set_scene S-022 - command=49 room=50 Front_Porch_PIR channel=0 scene=1
2024-03-11T17:36:51+00:00 set_scene S-021 I command=49 room=14 Kitchen channel=0 scene=1
2024-03-11T17:39:22+00:00 set_scene S-019 - command=49 room=50 Front_Porch_PIR channel=0 scene=0
2024-03-11T17:40:04+00:00 set_scene S-018 I command=49 room=09 Hall channel=0 scene=2
2024-03-11T17:42:43+00:00 set_scene S-015 - command=49 room=50 Front_Porch_PIR channel=0 scene=0
2024-03-11T17:54:01+00:00 set_scene S-004 - command=49 room=32 Gate_Lights channel=0 scene=1
2024-03-11T17:54:01+00:00 set_scene S-004 - command=49 room=33 Front_Entrance_Pillars channel=0 scene=1
2024-03-11T17:55:56+00:00 set_scene S-002 I command=49 room=21 Master_Bed channel=0 scene=1
2024-03-11T17:56:30+00:00 set_scene S-001 I command=49 room=21 Master_Bed channel=0 scene=0
2024-03-11T18:21:12+00:00 set_scene S+023 I command=49 room=21 Master_Bed channel=0 scene=1
2024-03-11T18:59:21+00:00 set_scene S+061 I command=49 room=21 Master_Bed channel=0 scene=0
2024-03-11T19:10:21+00:00 set_scene S+072 I command=49 room=14 Kitchen channel=0 scene=0
2024-03-11T19:10:22+00:00 set_scene S+072 I command=49 room=15 Kitchen_Lounge channel=0 scene=0
2024-03-11T19:10:22+00:00 set_scene S+072 I command=49 room=15 Kitchen_Lounge channel=0 scene=0
2024-03-11T19:10:40+00:00 set_scene S+073 I command=49 room=05 Living_Room channel=0 scene=2
2024-03-11T20:08:01+00:00 set_scene S+130 I command=49 room=14 Kitchen channel=0 scene=2
2024-03-11T20:09:04+00:00 set_scene S+131 I command=49 room=14 Kitchen channel=0 scene=0
2024-03-11T20:09:04+00:00 set_scene S+131 I command=49 room=15 Kitchen_Lounge channel=0 scene=0
2024-03-11T20:09:05+00:00 set_scene S+131 I command=49 room=15 Kitchen_Lounge channel=0 scene=0
2024-03-11T20:12:10+00:00 set_scene S+134 - command=49 room=50 Front_Porch_PIR channel=0 scene=0
2024-03-11T21:21:24+00:00 set_scene S+203 I command=49 room=14 Kitchen channel=0 scene=1
2024-03-11T21:22:57+00:00 set_scene S+205 I command=49 room=14 Kitchen channel=0 scene=0
2024-03-11T21:22:57+00:00 set_scene S+205 I command=49 room=15 Kitchen_Lounge channel=0 scene=0
2024-03-11T21:22:58+00:00 set_scene S+205 I command=49 room=15 Kitchen_Lounge channel=0 scene=0
2024-03-11T21:23:04+00:00 set_scene S+205 I command=49 room=17 Play_Room channel=0 scene=1
2024-03-11T21:28:01+00:00 set_scene S+210 - command=49 room=50 Front_Porch_PIR channel=0 scene=0
2024-03-11T21:31:47+00:00 set_scene S+214 I command=49 room=14 Kitchen channel=0 scene=1
2024-03-11T21:32:08+00:00 set_scene S+214 I command=49 room=14 Kitchen channel=0 scene=0
2024-03-11T21:32:08+00:00 set_scene S+214 I command=49 room=15 Kitchen_Lounge channel=0 scene=0
2024-03-11T21:32:09+00:00 set_scene S+214 I command=49 room=15 Kitchen_Lounge channel=0 scene=0
2024-03-11T21:34:24+00:00 set_scene S+216 I command=49 room=17 Play_Room channel=0 scene=0
2024-03-11T21:38:39+00:00 set_scene S+221 - command=49 room=50 Front_Porch_PIR channel=0 scene=0
2024-03-11T22:37:58+00:00 set_scene S+280 I command=49 room=05 Living_Room channel=0 scene=0
2024-03-11T22:38:33+00:00 set_scene S+281 I command=49 room=14 Kitchen channel=0 scene=3
2024-03-11T22:45:40+00:00 set_scene S+288 I command=49 room=14 Kitchen channel=0 scene=0
2024-03-11T22:45:40+00:00 set_scene S+288 I command=49 room=15 Kitchen_Lounge channel=0 scene=0
2024-03-11T22:45:40+00:00 set_scene S+288 I command=49 room=15 Kitchen_Lounge channel=0 scene=0
2024-03-11T22:46:24+00:00 set_scene S+288 I command=49 room=09 Hall channel=0 scene=0
2024-03-11T22:46:33+00:00 set_scene S+289 I command=49 room=09 Hall channel=0 scene=2
2024-03-11T22:46:47+00:00 set_scene S+289 I command=49 room=09 Hall channel=0 scene=0
2024-03-11T22:47:17+00:00 set_scene S+289 I command=49 room=21 Master_Bed channel=0 scene=1
2024-03-11T22:47:56+00:00 set_scene S+290 I command=49 room=10 Landing channel=0 scene=2
2024-03-11T22:48:09+00:00 set_scene S+290 I command=49 room=09 Hall channel=0 scene=2
2024-03-11T22:48:16+00:00 set_scene S+290 I command=49 room=14 Kitchen channel=0 scene=1
2024-03-11T22:48:49+00:00 set_scene S+291 I command=49 room=14 Kitchen channel=0 scene=0
2024-03-11T22:48:50+00:00 set_scene S+291 I command=49 room=15 Kitchen_Lounge channel=0 scene=0
2024-03-11T22:48:50+00:00 set_scene S+291 I command=49 room=15 Kitchen_Lounge channel=0 scene=0
2024-03-11T22:48:57+00:00 set_scene S+291 I command=49 room=09 Hall channel=0 scene=0
2024-03-11T23:01:30+00:00 set_scene S+304 I command=49 room=22 MBed_EnSuite channel=0 scene=2
2024-03-11T23:11:52+00:00 set_scene S+314 I command=49 room=22 MBed_EnSuite channel=0 scene=0
2024-03-11T23:12:25+00:00 set_scene S+314 I command=49 room=10 Landing channel=0 scene=0
2024-03-11T23:13:06+00:00 set_scene S+315 I command=49 room=10 Landing channel=0 scene=3
2024-03-11T23:15:42+00:00 set_scene S+318 I command=49 room=21 Master_Bed channel=0 scene=0
