2024-03-19T00:00:14+00:00 set_scene R-363 I command=49 room=22 MBed_EnSuite channel=0 scene=0
2024-03-19T00:00:30+00:00 set_scene R-363 I command=49 room=21 Master_Bed channel=0 scene=0
2024-03-19T00:30:01+00:00 set_scene R-333 - command=49 room=32 Gate_Lights channel=0 scene=0
2024-03-19T00:30:01+00:00 set_scene R-333 - command=49 room=33 Front_Entrance_Pillars channel=0 scene=0
2024-03-19T00:30:01+00:00 set_scene R-333 - command=49 room=34 Kitchen_External channel=0 scene=0
2024-03-19T00:30:02+00:00 set_scene R-333 - command=49 room=35 Garden_Path channel=0 scene=0
2024-03-19T00:30:02+00:00 set_scene R-333 - command=49 room=36 Garden_Flower_Beds channel=0 scene=0
2024-03-19T00:34:47+00:00 set_scene R-328 I command=49 room=05 Living_Room channel=0 scene=1
2024-03-19T00:34:59+00:00 set_scene R-328 I command=49 room=05 Living_Room channel=0 scene=0
2024-03-19T00:59:05+00:00 set_scene R-304 I command=49 room=06 Study channel=0 scene=0
2024-03-19T00:59:52+00:00 set_scene R-303 I command=49 room=14 Kitchen channel=0 scene=0
2024-03-19T00:59:53+00:00 set_scene R-303 I command=49 room=15 Kitchen_Lounge channel=0 scene=0
2024-03-19T00:59:53+00:00 set_scene R-303 I command=49 room=15 Kitchen_Lounge channel=0 scene=0
2024-03-19T00:59:54+00:00 set_scene R-303 I command=49 room=09 Hall channel=0 scene=0
2024-03-19T03:55:10+00:00 set_scene R-128 I command=49 room=22 MBed_EnSuite channel=0 scene=3
2024-03-19T11:05:53+00:00 set_scene R+303 - command=49 room=50 Front_Porch_PIR channel=0 scene=1
2024-03-19T11:06:16+00:00 set_scene R+303 - command=49 room=50 Front_Porch_PIR channel=0 scene=1
2024-03-19T11:09:18+00:00 set_scene R+306 - command=49 room=50 Front_Porch_PIR channel=0 scene=0
2024-03-19T11:41:14+00:00 set_scene R+338 - command=49 room=50 Front_Porch_PIR channel=0 scene=1
2024-03-19T11:41:43+00:00 set_scene R+339 - command=49 room=50 Front_Porch_PIR channel=0 scene=1
2024-03-19T11:44:51+00:00 set_scene R+342 - command=49 room=50 Front_Porch_PIR channel=0 scene=0
2024-03-19T11:44:56+00:00 set_scene R+342 - command=49 room=50 Front_Porch_PIR channel=0 scene=1
2024-03-19T11:45:10+00:00 set_scene R+342 - command=49 room=50 Front_Porch_PIR channel=0 scene=1
2024-03-19T11:45:14+00:00 set_scene R+342 - command=49 room=50 Front_Porch_PIR channel=0 scene=1
2024-03-19T11:45:21+00:00 set_scene R+342 - command=49 room=50 Front_Porch_PIR channel=0 scene=1
2024-03-19T11:45:30+00:00 set_scene R+342 - command=49 room=50 Front_Porch_PIR channel=0 scene=1
2024-03-19T11:45:35+00:00 set_scene R+342 - command=49 room=50 Front_Porch_PIR channel=0 scene=1
2024-03-19T11:45:46+00:00 set_scene R+343 - command=49 room=50 Front_Porch_PIR channel=0 scene=1
2024-03-19T11:48:55+00:00 set_scene R+346 - command=49 room=50 Front_Porch_PIR channel=0 scene=0
2024-03-19T13:06:52+00:00 set_scene S-305 I command=49 room=06 Study channel=0 scene=1
2024-03-19T13:10:57+00:00 set_scene S-301 - command=49 room=50 Front_Porch_PIR channel=0 scene=0
2024-03-19T13:34:32+00:00 set_scene S-278 - command=49 room=50 Front_Porch_PIR channel=0 scene=1
2024-03-19T13:34:43+00:00 set_scene S-277 - command=49 room=50 Front_Porch_PIR channel=0 scene=1
2024-03-19T13:35:11+00:00 set_scene S-277 - command=49 room=50 Front_Porch_PIR channel=0 scene=1
2024-03-19T14:06:09+00:00 set_scene S-246 I command=49 room=21 Master_Bed channel=0 scene=0
2024-03-19T14:19:27+00:00 set_scene S-233 - command=49 room=50 Front_Porch_PIR channel=0 scene=0
2024-03-19T14:21:16+00:00 set_scene S-231 I command=49 room=21 Master_Bed channel=0 scene=2
2024-03-19T15:09:56+00:00 set_scene S-182 I command=49 room=21 Master_Bed channel=0 scene=0
2024-03-19T18:08:00+00:00 set_scene S-004 - command=49 room=32 Gate_Lights channel=0 scene=1
2024-03-19T18:08:01+00:00 set_scene S-004 - command=49 room=33 Front_Entrance_Pillars channel=0 scene=1
2024-03-19T18:22:12+00:00 set_scene S+010 I command=49 room=21 Master_Bed channel=0 scene=1
2024-03-19T19:03:52+00:00 set_scene S+052 I command=49 room=09 Hall channel=0 scene=4
2024-03-19T19:09:57+00:00 set_scene S+058 I command=49 room=09 Hall channel=0 scene=2
2024-03-19T19:10:15+00:00 set_scene S+058 I command=49 room=21 Master_Bed channel=0 scene=1
2024-03-19T19:17:30+00:00 set_scene S+065 I command=49 room=21 Master_Bed channel=0 scene=0
2024-03-19T19:31:11+00:00 set_scene S+079 I command=49 room=15 Kitchen_Lounge channel=0 scene=2
2024-03-19T19:38:16+00:00 set_scene S+086 - command=49 room=50 Front_Porch_PIR channel=0 scene=0
2024-03-19T20:07:45+00:00 set_scene S+116 I command=49 room=14 Kitchen channel=0 scene=0
2024-03-19T20:07:45+00:00 set_scene S+116 I command=49 room=15 Kitchen_Lounge channel=0 scene=0
2024-03-19T20:07:45+00:00 set_scene S+116 I command=49 room=15 Kitchen_Lounge channel=0 scene=0
2024-03-19T20:08:16+00:00 set_scene S+116 I command=49 room=21 Master_Bed channel=0 scene=1
2024-03-19T20:23:13+00:00 set_scene S+131 I command=49 room=05 Living_Room channel=0 scene=2
2024-03-19T20:24:31+00:00 set_scene S+132 I command=49 room=14 Kitchen channel=0 scene=1
2024-03-19T20:24:51+00:00 set_scene S+133 I command=49 room=14 Kitchen channel=0 scene=0
2024-03-19T20:24:51+00:00 set_scene S+133 I command=49 room=15 Kitchen_Lounge channel=0 scene=0
2024-03-19T20:24:51+00:00 set_scene S+133 I command=49 room=15 Kitchen_Lounge channel=0 scene=0
2024-03-19T20:54:47+00:00 set_scene S+163 I command=49 room=14 Kitchen channel=0 scene=3
2024-03-19T20:55:11+00:00 set_scene S+163 I command=49 room=14 Kitchen channel=0 scene=0
2024-03-19T20:55:11+00:00 set_scene S+163 I command=49 room=15 Kitchen_Lounge channel=0 scene=0
2024-03-19T20:55:12+00:00 set_scene S+163 I command=49 room=15 Kitchen_Lounge channel=0 scene=0
2024-03-19T20:55:35+00:00 set_scene S+164 I command=49 room=14 Kitchen channel=0 scene=2
2024-03-19T20:55:53+00:00 set_scene S+164 I command=49 room=14 Kitchen channel=0 scene=0
2024-03-19T20:55:54+00:00 set_scene S+164 I command=49 room=15 Kitchen_Lounge channel=0 scene=0
2024-03-19T20:55:54+00:00 set_scene S+164 I command=49 room=15 Kitchen_Lounge channel=0 scene=0
2024-03-19T21:06:01+00:00 set_scene S+174 I command=49 room=14 Kitchen channel=0 scene=1
2024-03-19T21:07:09+00:00 set_scene S+175 I command=49 room=14 Kitchen channel=0 scene=0
2024-03-19T21:07:10+00:00 set_scene S+175 I command=49 room=15 Kitchen_Lounge channel=0 scene=0
2024-03-19T21:07:10+00:00 set_scene S+175 I command=49 room=15 Kitchen_Lounge channel=0 scene=0
2024-03-19T21:09:32+00:00 set_scene S+177 I command=49 room=14 Kitchen channel=0 scene=1
2024-03-19T21:10:05+00:00 set_scene S+178 I command=49 room=14 Kitchen channel=0 scene=0
2024-03-19T21:10:06+00:00 set_scene S+178 I command=49 room=15 Kitchen_Lounge channel=0 scene=0
2024-03-19T21:10:06+00:00 set_scene S+178 I command=49 room=15 Kitchen_Lounge channel=0 scene=0
2024-03-19T21:11:56+00:00 set_scene S+180 I command=49 room=23 Spa_Bathroom channel=0 scene=1
2024-03-19T21:12:25+00:00 set_scene S+180 I command=49 room=23 Spa_Bathroom channel=0 scene=0
2024-03-19T22:02:07+00:00 set_scene S+230 I command=49 room=14 Kitchen channel=0 scene=2
2024-03-19T22:02:30+00:00 set_scene S+230 I command=49 room=14 Kitchen channel=0 scene=0
2024-03-19T22:02:30+00:00 set_scene S+230 I command=49 room=15 Kitchen_Lounge channel=0 scene=0
2024-03-19T22:02:31+00:00 set_scene S+230 I command=49 room=15 Kitchen_Lounge channel=0 scene=0
2024-03-19T22:02:39+00:00 set_scene S+231 I command=49 room=07 Dining_Room channel=0 scene=1
2024-03-19T22:03:18+00:00 set_scene S+231 I command=49 room=07 Dining_Room channel=0 scene=0
2024-03-19T22:33:47+00:00 set_scene S+262 I command=49 room=21 Master_Bed channel=0 scene=2
2024-03-19T22:36:36+00:00 set_scene S+265 I command=49 room=09 Hall channel=0 scene=3
2024-03-19T22:38:14+00:00 set_scene S+266 I command=49 room=22 MBed_EnSuite channel=0 scene=3
2024-03-19T22:41:11+00:00 set_scene S+269 I command=49 room=14 Kitchen channel=0 scene=1
2024-03-19T22:41:32+00:00 set_scene S+269 I command=49 room=17 Play_Room channel=0 scene=1
2024-03-19T22:44:28+00:00 set_scene S+272 I command=49 room=17 Play_Room channel=0 scene=0
2024-03-19T22:46:50+00:00 set_scene S+275 I command=49 room=14 Kitchen channel=0 scene=0
2024-03-19T22:46:50+00:00 set_scene S+275 I command=49 room=15 Kitchen_Lounge channel=0 scene=0
2024-03-19T22:50:39+00:00 set_scene S+279 I command=49 room=10 Landing channel=0 scene=1
2024-03-19T22:57:13+00:00 set_scene S+285 I command=49 room=10 Landing channel=0 scene=0
2024-03-19T22:57:16+00:00 set_scene S+285 I command=49 room=10 Landing channel=0 scene=4
2024-03-19T23:04:23+00:00 set_scene S+292 I command=49 room=22 MBed_EnSuite channel=0 scene=0
2024-03-19T23:04:51+00:00 set_scene S+293 I command=49 room=21 Master_Bed channel=0 scene=0
