2024-03-10T00:30:01+00:00 set_scene R-354 - command=49 room=32 Gate_Lights channel=0 scene=0
2024-03-10T00:30:01+00:00 set_scene R-354 - command=49 room=33 Front_Entrance_Pillars channel=0 scene=0
2024-03-10T00:30:01+00:00 set_scene R-354 - command=49 room=34 Kitchen_External channel=0 scene=0
2024-03-10T00:30:02+00:00 set_scene R-354 - command=49 room=35 Garden_Path channel=0 scene=0
2024-03-10T00:30:02+00:00 set_scene R-354 - command=49 room=36 Garden_Flower_Beds channel=0 scene=0
2024-03-10T09:15:51+00:00 set_scene R+172 I command=49 room=21 Master_Bed channel=0 scene=3
2024-03-10T11:16:38+00:00 set_scene R+293 I command=49 room=21 Master_Bed channel=0 scene=1
2024-03-10T12:13:47+00:00 set_scene S-342 I command=49 room=23 Spa_Bathroom channel=0 scene=2
2024-03-10T12:13:47+00:00 set_scene S-342 I command=49 room=23 Spa_Bathroom channel=0 scene=1
2024-03-10T12:17:38+00:00 set_scene S-339 I command=49 room=23 Spa_Bathroom channel=0 scene=0
2024-03-10T13:12:52+00:00 set_scene S-283 I command=49 room=21 Master_Bed channel=0 scene=0
2024-03-10T14:12:51+00:00 set_scene S-223 I command=49 room=05 Living_Room channel=0 scene=2
2024-03-10T14:55:46+00:00 set_scene S-180 I command=49 room=21 Master_Bed channel=0 scene=2
2024-03-10T15:40:59+00:00 set_scene S-135 I command=49 room=21 Master_Bed channel=0 scene=0
2024-03-10T17:52:01+00:00 set_scene S-004 - command=49 room=32 Gate_Lights channel=0 scene=1
2024-03-10T17:52:01+00:00 set_scene S-004 - command=49 room=33 Front_Entrance_Pillars channel=0 scene=1
2024-03-10T17:58:15+00:00 set_scene S+002 I command=49 room=09 Hall channel=0 scene=2
2024-03-10T17:58:24+00:00 set_scene S+002 I command=49 room=14 Kitchen channel=0 scene=2
2024-03-10T18:01:18+00:00 set_scene S+005 I command=49 room=14 Kitchen channel=0 scene=0
2024-03-10T18:01:18+00:00 set_scene S+005 I command=49 room=15 Kitchen_Lounge channel=0 scene=0
2024-03-10T18:01:19+00:00 set_scene S+005 I command=49 room=15 Kitchen_Lounge channel=0 scene=0
2024-03-10T19:18:02+00:00 set_scene S+082 I command=49 room=14 Kitchen channel=0 scene=2
2024-03-10T19:32:28+00:00 set_scene S+096 I command=49 room=14 Kitchen channel=0 scene=4
2024-03-10T19:32:28+00:00 set_scene S+096 I command=49 room=14 Kitchen channel=0 scene=0
2024-03-10T19:32:28+00:00 set_scene S+096 I command=49 room=15 Kitchen_Lounge channel=0 scene=0
2024-03-10T19:32:29+00:00 set_scene S+096 I command=49 room=15 Kitchen_Lounge channel=0 scene=0
2024-03-10T19:32:36+00:00 set_scene S+096 I command=49 room=17 Play_Room channel=0 scene=1
2024-03-10T19:32:50+00:00 set_scene S+097 I command=49 room=17 Play_Room channel=0 scene=0
2024-03-10T19:34:38+00:00 set_scene S+098 I command=49 room=14 Kitchen channel=0 scene=1
2024-03-10T20:09:56+00:00 set_scene S+134 I command=49 room=05 Living_Room channel=0 scene=0
2024-03-10T20:20:46+00:00 set_scene S+145 I command=49 room=15 Kitchen_Lounge channel=0 scene=2
2024-03-10T20:55:28+00:00 set_scene S+179 I command=49 room=14 Kitchen channel=0 scene=0
2024-03-10T20:55:28+00:00 set_scene S+179 I command=49 room=15 Kitchen_Lounge channel=0 scene=0
2024-03-10T20:55:29+00:00 set_scene S+179 I command=49 room=15 Kitchen_Lounge channel=0 scene=0
2024-03-10T20:55:41+00:00 set_scene S+179 I command=49 room=14 Kitchen channel=0 scene=2
2024-03-10T21:26:34+00:00 set_scene S+210 I command=49 room=14 Kitchen channel=0 scene=0
2024-03-10T21:26:35+00:00 set_scene S+210 I command=49 room=15 Kitchen_Lounge channel=0 scene=0
2024-03-10T21:26:35+00:00 set_scene S+210 I command=49 room=15 Kitchen_Lounge channel=0 scene=0
2024-03-10T21:26:53+00:00 set_scene S+211 I command=49 room=05 Living_Room channel=0 scene=2
2024-03-10T21:29:49+00:00 set_scene S+214 I command=49 room=15 Kitchen_Lounge channel=0 scene=1
2024-03-10T21:33:18+00:00 set_scene S+217 I command=49 room=07 Dining_Room channel=0 scene=1
2024-03-10T21:34:36+00:00 set_scene S+218 I command=49 room=07 Dining_Room channel=0 scene=0
2024-03-10T21:35:01+00:00 set_scene S+219 I command=49 room=14 Kitchen channel=0 scene=0
2024-03-10T21:35:01+00:00 set_scene S+219 I command=49 room=15 Kitchen_Lounge channel=0 scene=0
2024-03-10T21:35:02+00:00 set_scene S+219 I command=49 room=15 Kitchen_Lounge channel=0 scene=0
2024-03-10T23:13:04+00:00 set_scene S+317 I command=49 room=05 Living_Room channel=0 scene=0
2024-03-10T23:15:10+00:00 set_scene S+319 I command=49 room=14 Kitchen channel=0 scene=2
2024-03-10T23:16:22+00:00 set_scene S+320 I command=49 room=14 Kitchen channel=0 scene=0
2024-03-10T23:16:22+00:00 set_scene S+320 I command=49 room=15 Kitchen_Lounge channel=0 scene=0
2024-03-10T23:16:23+00:00 set_scene S+320 I command=49 room=15 Kitchen_Lounge channel=0 scene=0
2024-03-10T23:16:36+00:00 set_scene S+320 I command=49 room=09 Hall channel=0 scene=0
2024-03-10T23:17:00+00:00 set_scene S+321 I command=49 room=21 Master_Bed channel=0 scene=1
2024-03-10T23:38:12+00:00 set_scene S+342 I command=49 room=21 Master_Bed channel=0 scene=0
