2023-11-15T00:30:00+00:00 set_scene R-409 - command=49 room=32 Gate_Lights channel=0 scene=0
2023-11-15T00:30:00+00:00 set_scene R-409 - command=49 room=33 Front_Entrance_Pillars channel=0 scene=0
2023-11-15T00:30:00+00:00 set_scene R-409 - command=49 room=34 Kitchen_External channel=0 scene=0
2023-11-15T00:30:01+00:00 set_scene R-409 - command=49 room=35 Garden_Path channel=0 scene=0
2023-11-15T00:30:01+00:00 set_scene R-409 - command=49 room=36 Garden_Flower_Beds channel=0 scene=0
2023-11-15T00:35:00+00:00 set_scene R-404 I command=49 room=22 MBed_EnSuite channel=0 scene=4
2023-11-15T00:37:19+00:00 set_scene R-402 I command=49 room=22 MBed_EnSuite channel=0 scene=0
2023-11-15T07:08:19+00:00 set_scene R-011 I command=49 room=22 MBed_EnSuite channel=0 scene=2
2023-11-15T07:14:44+00:00 set_scene R-004 I command=49 room=14 Kitchen channel=0 scene=3
2023-11-15T07:21:15+00:00 set_scene R+002 I command=49 room=22 MBed_EnSuite channel=0 scene=0
2023-11-15T09:12:53+00:00 set_scene R+114 - command=49 room=50 Front_Porch_PIR channel=0 scene=1
2023-11-15T09:14:22+00:00 set_scene R+115 I command=49 room=14 Kitchen channel=0 scene=0
2023-11-15T09:14:22+00:00 set_scene R+115 I command=49 room=15 Kitchen_Lounge channel=0 scene=0
2023-11-15T09:14:22+00:00 set_scene R+115 I command=49 room=15 Kitchen_Lounge channel=0 scene=0
2023-11-15T09:14:51+00:00 set_scene R+116 I command=49 room=21 Master_Bed channel=0 scene=1
2023-11-15T09:15:59+00:00 set_scene R+117 - command=49 room=50 Front_Porch_PIR channel=0 scene=0
2023-11-15T09:49:28+00:00 set_scene R+150 I command=49 room=21 Master_Bed channel=0 scene=0
2023-11-15T09:49:49+00:00 set_scene R+151 I command=49 room=09 Hall channel=0 scene=1
2023-11-15T10:00:30+00:00 set_scene R+161 - command=49 room=50 Front_Porch_PIR channel=0 scene=1
2023-11-15T10:00:32+00:00 set_scene R+161 - command=49 room=50 Front_Porch_PIR channel=0 scene=1
2023-11-15T10:01:17+00:00 set_scene R+162 - command=49 room=50 Front_Porch_PIR channel=0 scene=1
2023-11-15T10:01:48+00:00 set_scene R+163 - command=49 room=50 Front_Porch_PIR channel=0 scene=1
2023-11-15T10:02:20+00:00 set_scene R+163 - command=49 room=50 Front_Porch_PIR channel=0 scene=1
2023-11-15T10:02:33+00:00 set_scene R+163 - command=49 room=50 Front_Porch_PIR channel=0 scene=1
2023-11-15T10:02:34+00:00 set_scene R+163 - command=49 room=50 Front_Porch_PIR channel=0 scene=1
2023-11-15T10:02:57+00:00 set_scene R+164 - command=49 room=50 Front_Porch_PIR channel=0 scene=1
2023-11-15T10:03:14+00:00 set_scene R+164 - command=49 room=50 Front_Porch_PIR channel=0 scene=1
2023-11-15T10:03:25+00:00 set_scene R+164 - command=49 room=50 Front_Porch_PIR channel=0 scene=1
2023-11-15T10:03:38+00:00 set_scene R+165 - command=49 room=50 Front_Porch_PIR channel=0 scene=1
2023-11-15T10:06:43+00:00 set_scene R+168 - command=49 room=50 Front_Porch_PIR channel=0 scene=0
2023-11-15T10:09:42+00:00 set_scene R+171 I command=49 room=09 Hall channel=0 scene=0
2023-11-15T10:10:26+00:00 set_scene R+171 - command=49 room=50 Front_Porch_PIR channel=0 scene=1
2023-11-15T10:10:35+00:00 set_scene R+171 - command=49 room=52 Alarm_Interface channel=0 scene=4
2023-11-15T10:10:35+00:00 alarm_set
2023-11-15T10:13:38+00:00 set_scene R+175 - command=49 room=50 Front_Porch_PIR channel=0 scene=0
2023-11-15T10:53:16+00:00 set_scene R+214 - command=49 room=50 Front_Porch_PIR channel=0 scene=1
2023-11-15T10:53:35+00:00 set_scene R+214 - command=49 room=50 Front_Porch_PIR channel=0 scene=1
2023-11-15T10:53:44+00:00 set_scene R+215 - command=49 room=50 Front_Porch_PIR channel=0 scene=1
2023-11-15T10:53:50+00:00 set_scene R+215 - command=49 room=50 Front_Porch_PIR channel=0 scene=1
2023-11-15T10:54:01+00:00 set_scene R+215 - command=49 room=50 Front_Porch_PIR channel=0 scene=1
2023-11-15T10:54:08+00:00 set_scene R+215 - command=49 room=50 Front_Porch_PIR channel=0 scene=1
2023-11-15T10:54:20+00:00 set_scene R+215 - command=49 room=50 Front_Porch_PIR channel=0 scene=1
2023-11-15T10:54:28+00:00 set_scene R+215 - command=49 room=50 Front_Porch_PIR channel=0 scene=1
2023-11-15T10:56:02+00:00 set_scene R+217 - command=49 room=50 Front_Porch_PIR channel=0 scene=1
2023-11-15T10:56:10+00:00 set_scene R+217 - command=49 room=50 Front_Porch_PIR channel=0 scene=1
2023-11-15T10:59:10+00:00 set_scene R+220 - command=49 room=50 Front_Porch_PIR channel=0 scene=0
2023-11-15T16:04:01+00:00 set_scene S-004 - command=49 room=32 Gate_Lights channel=0 scene=1
2023-11-15T16:04:01+00:00 set_scene S-004 - command=49 room=33 Front_Entrance_Pillars channel=0 scene=1
2023-11-15T21:08:57+00:00 set_scene S+301 - command=49 room=52 Alarm_Interface channel=0 scene=0
2023-11-15T21:08:57+00:00 alarm_unset
2023-11-15T21:08:59+00:00 set_scene S+301 I command=49 room=09 Hall channel=0 scene=1
2023-11-15T21:09:19+00:00 set_scene S+301 I command=49 room=14 Kitchen channel=0 scene=1
2023-11-15T21:14:51+00:00 set_scene S+306 I command=49 room=17 Play_Room channel=0 scene=1
2023-11-15T21:32:00+00:00 set_scene S+324 I command=49 room=17 Play_Room channel=0 scene=0
2023-11-15T21:32:01+00:00 set_scene S+324 I command=49 room=17 Play_Room channel=0 scene=0
2023-11-15T21:32:26+00:00 set_scene S+324 I command=49 room=14 Kitchen channel=0 scene=0
2023-11-15T21:32:26+00:00 set_scene S+324 I command=49 room=15 Kitchen_Lounge channel=0 scene=0
2023-11-15T21:32:27+00:00 set_scene S+324 I command=49 room=15 Kitchen_Lounge channel=0 scene=0
2023-11-15T21:37:45+00:00 set_scene S+329 I command=49 room=17 Play_Room channel=0 scene=1
2023-11-15T21:37:53+00:00 set_scene S+329 I command=49 room=17 Play_Room channel=0 scene=0
2023-11-15T23:40:36+00:00 set_scene S+452 I command=49 room=14 Kitchen channel=0 scene=1
2023-11-15T23:41:47+00:00 set_scene S+453 I command=49 room=14 Kitchen channel=0 scene=0
2023-11-15T23:41:47+00:00 set_scene S+453 I command=49 room=15 Kitchen_Lounge channel=0 scene=0
2023-11-15T23:41:47+00:00 set_scene S+453 I command=49 room=15 Kitchen_Lounge channel=0 scene=0
2023-11-15T23:41:53+00:00 set_scene S+454 I command=49 room=17 Play_Room channel=0 scene=1
2023-11-15T23:44:40+00:00 set_scene S+456 I command=49 room=17 Play_Room channel=0 scene=0
2023-11-15T23:44:47+00:00 set_scene S+456 I command=49 room=14 Kitchen channel=0 scene=1
2023-11-15T23:45:48+00:00 set_scene S+457 I command=49 room=14 Kitchen channel=0 scene=0
2023-11-15T23:45:48+00:00 set_scene S+457 I command=49 room=15 Kitchen_Lounge channel=0 scene=0
2023-11-15T23:45:48+00:00 set_scene S+457 I command=49 room=15 Kitchen_Lounge channel=0 scene=0
2023-11-15T23:45:53+00:00 set_scene S+458 I command=49 room=17 Play_Room channel=0 scene=1
2023-11-15T23:47:39+00:00 set_scene S+459 I command=49 room=17 Play_Room channel=0 scene=0
2023-11-15T23:47:44+00:00 set_scene S+459 I command=49 room=14 Kitchen channel=0 scene=1
2023-11-15T23:48:20+00:00 set_scene S+460 I command=49 room=14 Kitchen channel=0 scene=0
2023-11-15T23:48:20+00:00 set_scene S+460 I command=49 room=15 Kitchen_Lounge channel=0 scene=0
2023-11-15T23:48:20+00:00 set_scene S+460 I command=49 room=15 Kitchen_Lounge channel=0 scene=0
2023-11-15T23:48:52+00:00 set_scene S+460 I command=49 room=09 Hall channel=0 scene=0
2023-11-15T23:48:57+00:00 set_scene S+461 I command=49 room=09 Hall channel=0 scene=0
2023-11-15T23:49:02+00:00 set_scene S+461 I command=49 room=09 Hall channel=0 scene=0
