2024-03-14T00:30:00+00:00 set_scene R-345 - command=49 room=32 Gate_Lights channel=0 scene=0
2024-03-14T00:30:00+00:00 set_scene R-345 - command=49 room=33 Front_Entrance_Pillars channel=0 scene=0
2024-03-14T00:30:01+00:00 set_scene R-345 - command=49 room=34 Kitchen_External channel=0 scene=0
2024-03-14T00:30:01+00:00 set_scene R-345 - command=49 room=35 Garden_Path channel=0 scene=0
2024-03-14T00:51:25+00:00 set_scene R-323 I command=49 room=06 Study channel=0 scene=0
2024-03-14T00:51:56+00:00 set_scene R-323 I command=49 room=15 Kitchen_Lounge channel=0 scene=0
2024-03-14T00:51:56+00:00 set_scene R-323 I command=49 room=15 Kitchen_Lounge channel=0 scene=0
2024-03-14T01:07:50+00:00 set_scene R-307 I command=49 room=05 Living_Room channel=0 scene=0
2024-03-14T01:10:27+00:00 set_scene R-304 I command=49 room=06 Study channel=0 scene=1
2024-03-14T01:12:49+00:00 set_scene R-302 I command=49 room=05 Living_Room channel=0 scene=1
2024-03-14T01:17:53+00:00 set_scene R-297 I command=49 room=05 Living_Room channel=0 scene=0
2024-03-14T01:17:58+00:00 set_scene R-297 I command=49 room=06 Study channel=0 scene=0
2024-03-14T01:18:08+00:00 set_scene R-297 I command=49 room=09 Hall channel=0 scene=0
2024-03-14T07:57:48+00:00 set_scene R+103 - command=49 room=50 Front_Porch_PIR channel=0 scene=1
2024-03-14T07:57:57+00:00 set_scene R+103 - command=49 room=50 Front_Porch_PIR channel=0 scene=1
2024-03-14T08:04:03+00:00 set_scene R+109 I command=49 room=14 Kitchen channel=0 scene=1
2024-03-14T08:19:35+00:00 set_scene R+125 I command=49 room=21 Master_Bed channel=0 scene=1
2024-03-14T08:49:29+00:00 set_scene R+155 I command=49 room=14 Kitchen channel=0 scene=0
2024-03-14T08:49:29+00:00 set_scene R+155 I command=49 room=15 Kitchen_Lounge channel=0 scene=0
2024-03-14T08:49:30+00:00 set_scene R+155 I command=49 room=15 Kitchen_Lounge channel=0 scene=0
2024-03-14T08:53:05+00:00 set_scene R+158 - command=49 room=50 Front_Porch_PIR channel=0 scene=0
2024-03-14T09:03:44+00:00 set_scene R+169 I command=49 room=17 Play_Room channel=0 scene=0
2024-03-14T09:16:47+00:00 set_scene R+182 I command=49 room=05 Living_Room channel=0 scene=0
2024-03-14T09:21:43+00:00 set_scene R+187 - command=49 room=50 Front_Porch_PIR channel=0 scene=1
2024-03-14T09:24:48+00:00 set_scene R+190 - command=49 room=50 Front_Porch_PIR channel=0 scene=0
2024-03-14T09:26:33+00:00 set_scene R+192 I command=49 room=21 Master_Bed channel=0 scene=0
2024-03-14T09:35:26+00:00 set_scene R+201 I command=49 room=06 Study channel=0 scene=1
2024-03-14T09:40:06+00:00 set_scene R+205 I command=49 room=09 Hall channel=0 scene=0
2024-03-14T10:20:39+00:00 set_scene R+246 - command=49 room=50 Front_Porch_PIR channel=0 scene=1
2024-03-14T10:23:46+00:00 set_scene R+249 - command=49 room=50 Front_Porch_PIR channel=0 scene=0
2024-03-14T10:52:56+00:00 set_scene R+278 - command=49 room=50 Front_Porch_PIR channel=0 scene=1
2024-03-14T10:53:18+00:00 set_scene R+278 - command=49 room=50 Front_Porch_PIR channel=0 scene=1
2024-03-14T11:27:19+00:00 set_scene R+313 - command=49 room=50 Front_Porch_PIR channel=0 scene=1
2024-03-14T11:28:12+00:00 set_scene R+313 - command=49 room=50 Front_Porch_PIR channel=0 scene=1
2024-03-14T11:43:02+00:00 set_scene R+328 - command=49 room=50 Front_Porch_PIR channel=0 scene=1
2024-03-14T11:43:06+00:00 set_scene R+328 - command=49 room=50 Front_Porch_PIR channel=0 scene=1
2024-03-14T11:43:08+00:00 set_scene R+328 - command=49 room=50 Front_Porch_PIR channel=0 scene=1
2024-03-14T11:43:14+00:00 set_scene R+328 - command=49 room=50 Front_Porch_PIR channel=0 scene=1
2024-03-14T11:43:17+00:00 set_scene R+328 - command=49 room=50 Front_Porch_PIR channel=0 scene=1
2024-03-14T11:43:22+00:00 set_scene R+329 - command=49 room=50 Front_Porch_PIR channel=0 scene=1
2024-03-14T11:43:26+00:00 set_scene R+329 - command=49 room=50 Front_Porch_PIR channel=0 scene=1
2024-03-14T11:43:40+00:00 set_scene R+329 - command=49 room=50 Front_Porch_PIR channel=0 scene=1
2024-03-14T11:43:43+00:00 set_scene R+329 - command=49 room=50 Front_Porch_PIR channel=0 scene=1
2024-03-14T11:43:46+00:00 set_scene R+329 - command=49 room=50 Front_Porch_PIR channel=0 scene=1
2024-03-14T11:43:51+00:00 set_scene R+329 - command=49 room=50 Front_Porch_PIR channel=0 scene=1
2024-03-14T11:44:00+00:00 set_scene R+329 - command=49 room=50 Front_Porch_PIR channel=0 scene=1
2024-03-14T11:44:07+00:00 set_scene R+329 - command=49 room=50 Front_Porch_PIR channel=0 scene=1
2024-03-14T11:44:18+00:00 set_scene R+330 - command=49 room=50 Front_Porch_PIR channel=0 scene=1
2024-03-14T11:44:22+00:00 set_scene R+330 - command=49 room=50 Front_Porch_PIR channel=0 scene=1
2024-03-14T11:44:31+00:00 set_scene R+330 - command=49 room=50 Front_Porch_PIR channel=0 scene=1
2024-03-14T11:44:39+00:00 set_scene R+330 - command=49 room=50 Front_Porch_PIR channel=0 scene=1
2024-03-14T11:44:45+00:00 set_scene R+330 - command=49 room=50 Front_Porch_PIR channel=0 scene=1
2024-03-14T11:45:05+00:00 set_scene R+330 - command=49 room=50 Front_Porch_PIR channel=0 scene=1
2024-03-14T11:45:20+00:00 set_scene R+331 - command=49 room=50 Front_Porch_PIR channel=0 scene=1
2024-03-14T11:45:25+00:00 set_scene R+331 - command=49 room=50 Front_Porch_PIR channel=0 scene=1
2024-03-14T11:45:32+00:00 set_scene R+331 - command=49 room=50 Front_Porch_PIR channel=0 scene=1
2024-03-14T11:45:34+00:00 set_scene R+331 - command=49 room=50 Front_Porch_PIR channel=0 scene=1
2024-03-14T11:45:38+00:00 set_scene R+331 - command=49 room=50 Front_Porch_PIR channel=0 scene=1
2024-03-14T11:45:43+00:00 set_scene R+331 - command=49 room=50 Front_Porch_PIR channel=0 scene=1
2024-03-14T11:45:53+00:00 set_scene R+331 - command=49 room=50 Front_Porch_PIR channel=0 scene=1
2024-03-14T11:45:55+00:00 set_scene R+331 - command=49 room=50 Front_Porch_PIR channel=0 scene=1
2024-03-14T11:45:59+00:00 set_scene R+331 - command=49 room=50 Front_Porch_PIR channel=0 scene=1
2024-03-14T11:46:03+00:00 set_scene R+331 - command=49 room=50 Front_Porch_PIR channel=0 scene=1
2024-03-14T11:46:12+00:00 set_scene R+331 - command=49 room=50 Front_Porch_PIR channel=0 scene=1
2024-03-14T11:46:14+00:00 set_scene R+331 - command=49 room=50 Front_Porch_PIR channel=0 scene=1
2024-03-14T11:46:24+00:00 set_scene R+332 - command=49 room=50 Front_Porch_PIR channel=0 scene=1
2024-03-14T11:46:34+00:00 set_scene R+332 - command=49 room=50 Front_Porch_PIR channel=0 scene=1
2024-03-14T11:46:50+00:00 set_scene R+332 - command=49 room=50 Front_Porch_PIR channel=0 scene=1
2024-03-14T11:47:00+00:00 set_scene R+332 - command=49 room=50 Front_Porch_PIR channel=0 scene=1
2024-03-14T11:47:06+00:00 set_scene R+332 - command=49 room=50 Front_Porch_PIR channel=0 scene=1
2024-03-14T11:47:17+00:00 set_scene R+332 - command=49 room=50 Front_Porch_PIR channel=0 scene=1
2024-03-14T11:47:21+00:00 set_scene R+333 - command=49 room=50 Front_Porch_PIR channel=0 scene=1
2024-03-14T11:47:32+00:00 set_scene R+333 - command=49 room=50 Front_Porch_PIR channel=0 scene=1
2024-03-14T11:47:38+00:00 set_scene R+333 - command=49 room=50 Front_Porch_PIR channel=0 scene=1
2024-03-14T11:47:50+00:00 set_scene R+333 - command=49 room=50 Front_Porch_PIR channel=0 scene=1
2024-03-14T11:47:53+00:00 set_scene R+333 - command=49 room=50 Front_Porch_PIR channel=0 scene=1
2024-03-14T11:48:01+00:00 set_scene R+333 - command=49 room=50 Front_Porch_PIR channel=0 scene=1
2024-03-14T11:48:07+00:00 set_scene R+333 - command=49 room=50 Front_Porch_PIR channel=0 scene=1
2024-03-14T11:48:48+00:00 set_scene R+334 - command=49 room=50 Front_Porch_PIR channel=0 scene=1
2024-03-14T11:53:09+00:00 set_scene R+338 - command=49 room=50 Front_Porch_PIR channel=0 scene=1
2024-03-14T11:53:24+00:00 set_scene R+339 - command=49 room=50 Front_Porch_PIR channel=0 scene=1
2024-03-14T11:53:41+00:00 set_scene R+339 - command=49 room=50 Front_Porch_PIR channel=0 scene=1
2024-03-14T11:53:48+00:00 set_scene R+339 - command=49 room=50 Front_Porch_PIR channel=0 scene=1
2024-03-14T11:54:09+00:00 set_scene R+339 - command=49 room=50 Front_Porch_PIR channel=0 scene=1
2024-03-14T11:55:08+00:00 set_scene R+340 - command=49 room=50 Front_Porch_PIR channel=0 scene=1
2024-03-14T11:55:22+00:00 set_scene R+341 - command=49 room=50 Front_Porch_PIR channel=0 scene=1
2024-03-14T11:55:29+00:00 set_scene R+341 - command=49 room=50 Front_Porch_PIR channel=0 scene=1
2024-03-14T11:55:32+00:00 set_scene R+341 - command=49 room=50 Front_Porch_PIR channel=0 scene=1
2024-03-14T11:55:36+00:00 set_scene R+341 - command=49 room=50 Front_Porch_PIR channel=0 scene=1
2024-03-14T11:56:43+00:00 set_scene R+342 - command=49 room=50 Front_Porch_PIR channel=0 scene=1
2024-03-14T11:56:49+00:00 set_scene R+342 - command=49 room=50 Front_Porch_PIR channel=0 scene=1
2024-03-14T11:56:58+00:00 set_scene R+342 - command=49 room=50 Front_Porch_PIR channel=0 scene=1
2024-03-14T11:57:06+00:00 set_scene R+342 - command=49 room=50 Front_Porch_PIR channel=0 scene=1
2024-03-14T11:57:08+00:00 set_scene R+342 - command=49 room=50 Front_Porch_PIR channel=0 scene=1
2024-03-14T11:57:17+00:00 set_scene R+342 - command=49 room=50 Front_Porch_PIR channel=0 scene=1
2024-03-14T11:57:35+00:00 set_scene R+343 - command=49 room=50 Front_Porch_PIR channel=0 scene=1
2024-03-14T11:57:40+00:00 set_scene R+343 - command=49 room=50 Front_Porch_PIR channel=0 scene=1
2024-03-14T11:58:12+00:00 set_scene R+343 - command=49 room=50 Front_Porch_PIR channel=0 scene=1
2024-03-14T11:58:15+00:00 set_scene R+343 - command=49 room=50 Front_Porch_PIR channel=0 scene=1
2024-03-14T11:58:25+00:00 set_scene R+344 - command=49 room=50 Front_Porch_PIR channel=0 scene=1
2024-03-14T11:58:28+00:00 set_scene R+344 - command=49 room=50 Front_Porch_PIR channel=0 scene=1
2024-03-14T11:58:32+00:00 set_scene R+344 - command=49 room=50 Front_Porch_PIR channel=0 scene=1
2024-03-14T11:58:44+00:00 set_scene R+344 - command=49 room=50 Front_Porch_PIR channel=0 scene=1
2024-03-14T11:58:52+00:00 set_scene R+344 - command=49 room=50 Front_Porch_PIR channel=0 scene=1
2024-03-14T11:58:57+00:00 set_scene R+344 - command=49 room=50 Front_Porch_PIR channel=0 scene=1
2024-03-14T11:59:08+00:00 set_scene R+344 - command=49 room=50 Front_Porch_PIR channel=0 scene=1
2024-03-14T11:59:20+00:00 set_scene R+345 - command=49 room=50 Front_Porch_PIR channel=0 scene=1
2024-03-14T11:59:25+00:00 set_scene R+345 - command=49 room=50 Front_Porch_PIR channel=0 scene=1
2024-03-14T11:59:31+00:00 set_scene R+345 - command=49 room=50 Front_Porch_PIR channel=0 scene=1
2024-03-14T11:59:53+00:00 set_scene R+345 - command=49 room=50 Front_Porch_PIR channel=0 scene=1
2024-03-14T12:00:13+00:00 set_scene R+345 - command=49 room=50 Front_Porch_PIR channel=0 scene=1
2024-03-14T12:00:33+00:00 set_scene R+346 - command=49 room=50 Front_Porch_PIR channel=0 scene=1
2024-03-14T12:00:39+00:00 set_scene R+346 - command=49 room=50 Front_Porch_PIR channel=0 scene=1
2024-03-14T12:00:42+00:00 set_scene R+346 - command=49 room=50 Front_Porch_PIR channel=0 scene=1
2024-03-14T12:00:55+00:00 set_scene R+346 - command=49 room=50 Front_Porch_PIR channel=0 scene=1
2024-03-14T12:01:13+00:00 set_scene R+346 - command=49 room=50 Front_Porch_PIR channel=0 scene=1
2024-03-14T12:01:26+00:00 set_scene R+347 - command=49 room=50 Front_Porch_PIR channel=0 scene=1
2024-03-14T12:01:32+00:00 set_scene R+347 - command=49 room=50 Front_Porch_PIR channel=0 scene=1
2024-03-14T12:01:35+00:00 set_scene R+347 - command=49 room=50 Front_Porch_PIR channel=0 scene=1
2024-03-14T12:01:43+00:00 set_scene R+347 - command=49 room=50 Front_Porch_PIR channel=0 scene=1
2024-03-14T12:01:49+00:00 set_scene R+347 - command=49 room=50 Front_Porch_PIR channel=0 scene=1
2024-03-14T12:01:58+00:00 set_scene R+347 - command=49 room=50 Front_Porch_PIR channel=0 scene=1
2024-03-14T12:02:07+00:00 set_scene R+347 - command=49 room=50 Front_Porch_PIR channel=0 scene=1
2024-03-14T12:02:33+00:00 set_scene R+348 - command=49 room=50 Front_Porch_PIR channel=0 scene=1
2024-03-14T12:02:43+00:00 set_scene R+348 - command=49 room=50 Front_Porch_PIR channel=0 scene=1
2024-03-14T12:02:50+00:00 set_scene R+348 - command=49 room=50 Front_Porch_PIR channel=0 scene=1
2024-03-14T12:03:24+00:00 set_scene R+349 - command=49 room=50 Front_Porch_PIR channel=0 scene=1
2024-03-14T12:03:33+00:00 set_scene R+349 - command=49 room=50 Front_Porch_PIR channel=0 scene=1
2024-03-14T12:03:37+00:00 set_scene R+349 - command=49 room=50 Front_Porch_PIR channel=0 scene=1
2024-03-14T12:03:40+00:00 set_scene R+349 - command=49 room=50 Front_Porch_PIR channel=0 scene=1
2024-03-14T12:04:25+00:00 set_scene R+350 - command=49 room=50 Front_Porch_PIR channel=0 scene=1
2024-03-14T12:04:31+00:00 set_scene R+350 - command=49 room=50 Front_Porch_PIR channel=0 scene=1
2024-03-14T12:04:53+00:00 set_scene R+350 - command=49 room=50 Front_Porch_PIR channel=0 scene=1
2024-03-14T12:05:01+00:00 set_scene R+350 - command=49 room=50 Front_Porch_PIR channel=0 scene=1
2024-03-14T12:05:20+00:00 set_scene R+351 - command=49 room=50 Front_Porch_PIR channel=0 scene=1
2024-03-14T12:05:24+00:00 set_scene R+351 - command=49 room=50 Front_Porch_PIR channel=0 scene=1
2024-03-14T12:08:21+00:00 set_scene R+354 - command=49 room=50 Front_Porch_PIR channel=0 scene=0
2024-03-14T12:24:04+00:00 set_scene S-339 - command=49 room=50 Front_Porch_PIR channel=0 scene=1
2024-03-14T12:24:08+00:00 set_scene S-339 - command=49 room=50 Front_Porch_PIR channel=0 scene=1
2024-03-14T12:27:09+00:00 set_scene S-336 - command=49 room=50 Front_Porch_PIR channel=0 scene=0
2024-03-14T12:33:25+00:00 set_scene S-330 - command=49 room=50 Front_Porch_PIR channel=0 scene=1
2024-03-14T12:33:28+00:00 set_scene S-330 - command=49 room=50 Front_Porch_PIR channel=0 scene=1
2024-03-14T12:33:30+00:00 set_scene S-330 - command=49 room=50 Front_Porch_PIR channel=0 scene=1
2024-03-14T12:33:40+00:00 set_scene S-330 - command=49 room=50 Front_Porch_PIR channel=0 scene=1
2024-03-14T12:33:54+00:00 set_scene S-329 - command=49 room=50 Front_Porch_PIR channel=0 scene=1
2024-03-14T12:33:59+00:00 set_scene S-329 - command=49 room=50 Front_Porch_PIR channel=0 scene=1
2024-03-14T12:36:50+00:00 set_scene S-326 - command=49 room=50 Front_Porch_PIR channel=0 scene=1
2024-03-14T12:37:02+00:00 set_scene S-326 - command=49 room=50 Front_Porch_PIR channel=0 scene=1
2024-03-14T12:37:07+00:00 set_scene S-326 - command=49 room=50 Front_Porch_PIR channel=0 scene=1
2024-03-14T12:37:13+00:00 set_scene S-326 - command=49 room=50 Front_Porch_PIR channel=0 scene=1
2024-03-14T12:37:18+00:00 set_scene S-326 - command=49 room=50 Front_Porch_PIR channel=0 scene=1
2024-03-14T12:37:28+00:00 set_scene S-326 - command=49 room=50 Front_Porch_PIR channel=0 scene=1
2024-03-14T12:37:33+00:00 set_scene S-326 - command=49 room=50 Front_Porch_PIR channel=0 scene=1
2024-03-14T12:37:35+00:00 set_scene S-326 - command=49 room=50 Front_Porch_PIR channel=0 scene=1
2024-03-14T12:37:57+00:00 set_scene S-325 - command=49 room=50 Front_Porch_PIR channel=0 scene=1
2024-03-14T12:38:08+00:00 set_scene S-325 - command=49 room=50 Front_Porch_PIR channel=0 scene=1
2024-03-14T12:38:30+00:00 set_scene S-325 - command=49 room=50 Front_Porch_PIR channel=0 scene=1
2024-03-14T12:41:12+00:00 set_scene S-322 - command=49 room=50 Front_Porch_PIR channel=0 scene=1
2024-03-14T12:41:26+00:00 set_scene S-322 - command=49 room=50 Front_Porch_PIR channel=0 scene=1
2024-03-14T12:41:33+00:00 set_scene S-322 - command=49 room=50 Front_Porch_PIR channel=0 scene=1
2024-03-14T12:44:35+00:00 set_scene S-319 - command=49 room=50 Front_Porch_PIR channel=0 scene=0
2024-03-14T12:45:31+00:00 set_scene S-318 - command=49 room=50 Front_Porch_PIR channel=0 scene=1
2024-03-14T12:46:05+00:00 set_scene S-317 - command=49 room=50 Front_Porch_PIR channel=0 scene=1
2024-03-14T12:46:20+00:00 set_scene S-317 - command=49 room=50 Front_Porch_PIR channel=0 scene=1
2024-03-14T12:46:47+00:00 set_scene S-317 - command=49 room=50 Front_Porch_PIR channel=0 scene=1
2024-03-14T12:46:57+00:00 set_scene S-316 - command=49 room=50 Front_Porch_PIR channel=0 scene=1
2024-03-14T12:47:00+00:00 set_scene S-316 - command=49 room=50 Front_Porch_PIR channel=0 scene=1
2024-03-14T12:47:15+00:00 set_scene S-316 - command=49 room=50 Front_Porch_PIR channel=0 scene=1
2024-03-14T12:47:23+00:00 set_scene S-316 - command=49 room=50 Front_Porch_PIR channel=0 scene=1
2024-03-14T12:48:48+00:00 set_scene S-314 - command=49 room=50 Front_Porch_PIR channel=0 scene=1
2024-03-14T12:49:14+00:00 set_scene S-314 - command=49 room=50 Front_Porch_PIR channel=0 scene=1
2024-03-14T12:49:21+00:00 set_scene S-314 - command=49 room=50 Front_Porch_PIR channel=0 scene=1
2024-03-14T12:49:42+00:00 set_scene S-314 - command=49 room=50 Front_Porch_PIR channel=0 scene=1
2024-03-14T12:49:46+00:00 set_scene S-314 - command=49 room=50 Front_Porch_PIR channel=0 scene=1
2024-03-14T12:49:49+00:00 set_scene S-313 - command=49 room=50 Front_Porch_PIR channel=0 scene=1
2024-03-14T12:50:02+00:00 set_scene S-313 - command=49 room=50 Front_Porch_PIR channel=0 scene=1
2024-03-14T12:50:13+00:00 set_scene S-313 - command=49 room=50 Front_Porch_PIR channel=0 scene=1
2024-03-14T12:50:20+00:00 set_scene S-313 - command=49 room=50 Front_Porch_PIR channel=0 scene=1
2024-03-14T12:51:17+00:00 set_scene S-312 - command=49 room=50 Front_Porch_PIR channel=0 scene=1
2024-03-14T12:51:26+00:00 set_scene S-312 - command=49 room=50 Front_Porch_PIR channel=0 scene=1
2024-03-14T12:51:35+00:00 set_scene S-312 - command=49 room=50 Front_Porch_PIR channel=0 scene=1
2024-03-14T12:51:54+00:00 set_scene S-311 - command=49 room=50 Front_Porch_PIR channel=0 scene=1
2024-03-14T12:52:29+00:00 set_scene S-311 - command=49 room=50 Front_Porch_PIR channel=0 scene=1
2024-03-14T12:52:42+00:00 set_scene S-311 - command=49 room=50 Front_Porch_PIR channel=0 scene=1
2024-03-14T12:52:59+00:00 set_scene S-310 - command=49 room=50 Front_Porch_PIR channel=0 scene=1
2024-03-14T12:53:16+00:00 set_scene S-310 - command=49 room=50 Front_Porch_PIR channel=0 scene=1
2024-03-14T12:53:32+00:00 set_scene S-310 - command=49 room=50 Front_Porch_PIR channel=0 scene=1
2024-03-14T12:53:34+00:00 set_scene S-310 - command=49 room=50 Front_Porch_PIR channel=0 scene=1
2024-03-14T12:53:49+00:00 set_scene S-309 - command=49 room=50 Front_Porch_PIR channel=0 scene=1
2024-03-14T12:53:54+00:00 set_scene S-309 - command=49 room=50 Front_Porch_PIR channel=0 scene=1
2024-03-14T12:54:47+00:00 set_scene S-309 - command=49 room=50 Front_Porch_PIR channel=0 scene=1
2024-03-14T12:54:55+00:00 set_scene S-308 - command=49 room=50 Front_Porch_PIR channel=0 scene=1
2024-03-14T12:55:14+00:00 set_scene S-308 - command=49 room=50 Front_Porch_PIR channel=0 scene=1
2024-03-14T12:55:28+00:00 set_scene S-308 - command=49 room=50 Front_Porch_PIR channel=0 scene=1
2024-03-14T12:55:37+00:00 set_scene S-308 - command=49 room=50 Front_Porch_PIR channel=0 scene=1
2024-03-14T12:55:47+00:00 set_scene S-308 - command=49 room=50 Front_Porch_PIR channel=0 scene=1
2024-03-14T12:56:01+00:00 set_scene S-307 - command=49 room=50 Front_Porch_PIR channel=0 scene=1
2024-03-14T12:56:07+00:00 set_scene S-307 - command=49 room=50 Front_Porch_PIR channel=0 scene=1
2024-03-14T12:56:13+00:00 set_scene S-307 - command=49 room=50 Front_Porch_PIR channel=0 scene=1
2024-03-14T12:56:27+00:00 set_scene S-307 - command=49 room=50 Front_Porch_PIR channel=0 scene=1
2024-03-14T12:57:19+00:00 set_scene S-306 - command=49 room=50 Front_Porch_PIR channel=0 scene=1
2024-03-14T12:59:01+00:00 set_scene S-304 - command=49 room=50 Front_Porch_PIR channel=0 scene=1
2024-03-14T12:59:06+00:00 set_scene S-304 - command=49 room=50 Front_Porch_PIR channel=0 scene=1
2024-03-14T13:03:17+00:00 set_scene S-300 - command=49 room=50 Front_Porch_PIR channel=0 scene=1
2024-03-14T13:04:30+00:00 set_scene S-299 - command=49 room=50 Front_Porch_PIR channel=0 scene=1
2024-03-14T13:04:32+00:00 set_scene S-299 - command=49 room=50 Front_Porch_PIR channel=0 scene=1
2024-03-14T13:04:56+00:00 set_scene S-298 - command=49 room=50 Front_Porch_PIR channel=0 scene=1
2024-03-14T13:05:04+00:00 set_scene S-298 - command=49 room=50 Front_Porch_PIR channel=0 scene=1
2024-03-14T13:08:08+00:00 set_scene S-295 - command=49 room=50 Front_Porch_PIR channel=0 scene=0
2024-03-14T13:24:26+00:00 set_scene S-279 - command=49 room=50 Front_Porch_PIR channel=0 scene=1
2024-03-14T13:27:26+00:00 set_scene S-276 - command=49 room=50 Front_Porch_PIR channel=0 scene=0
2024-03-14T14:05:45+00:00 set_scene S-238 - command=49 room=50 Front_Porch_PIR channel=0 scene=1
2024-03-14T14:08:14+00:00 set_scene S-235 - command=49 room=50 Front_Porch_PIR channel=0 scene=1
2024-03-14T14:11:13+00:00 set_scene S-232 - command=49 room=50 Front_Porch_PIR channel=0 scene=0
2024-03-14T14:19:41+00:00 set_scene S-224 - command=49 room=50 Front_Porch_PIR channel=0 scene=1
2024-03-14T14:20:02+00:00 set_scene S-223 - command=49 room=50 Front_Porch_PIR channel=0 scene=1
2024-03-14T14:20:29+00:00 set_scene S-223 - command=49 room=50 Front_Porch_PIR channel=0 scene=1
2024-03-14T14:20:43+00:00 set_scene S-223 - command=49 room=50 Front_Porch_PIR channel=0 scene=1
2024-03-14T14:25:07+00:00 set_scene S-218 - command=49 room=50 Front_Porch_PIR channel=0 scene=1
2024-03-14T14:28:14+00:00 set_scene S-215 - command=49 room=50 Front_Porch_PIR channel=0 scene=0
2024-03-14T14:45:06+00:00 set_scene S-198 - command=49 room=50 Front_Porch_PIR channel=0 scene=1
2024-03-14T14:45:10+00:00 set_scene S-198 - command=49 room=50 Front_Porch_PIR channel=0 scene=1
2024-03-14T14:48:17+00:00 set_scene S-195 - command=49 room=50 Front_Porch_PIR channel=0 scene=0
2024-03-14T15:29:33+00:00 set_scene S-154 - command=49 room=50 Front_Porch_PIR channel=0 scene=1
2024-03-14T15:29:54+00:00 set_scene S-153 - command=49 room=50 Front_Porch_PIR channel=0 scene=1
2024-03-14T15:33:01+00:00 set_scene S-150 - command=49 room=50 Front_Porch_PIR channel=0 scene=0
2024-03-14T17:31:36+00:00 set_scene S-032 - command=49 room=50 Front_Porch_PIR channel=0 scene=0
2024-03-14T17:34:12+00:00 set_scene S-029 I command=49 room=14 Kitchen channel=0 scene=2
2024-03-14T18:00:00+00:00 set_scene S-003 - command=49 room=32 Gate_Lights channel=0 scene=1
2024-03-14T18:00:01+00:00 set_scene S-003 - command=49 room=33 Front_Entrance_Pillars channel=0 scene=1
2024-03-14T18:16:05+00:00 set_scene S+013 I command=49 room=21 Master_Bed channel=0 scene=3
2024-03-14T18:16:36+00:00 set_scene S+013 I command=49 room=21 Master_Bed channel=0 scene=3
2024-03-14T18:16:39+00:00 set_scene S+013 I command=49 room=21 Master_Bed channel=0 scene=3
2024-03-14T18:16:40+00:00 set_scene S+013 - command=49 room=50 Front_Porch_PIR channel=0 scene=0
2024-03-14T18:16:41+00:00 set_scene S+013 I command=49 room=21 Master_Bed channel=0 scene=2
2024-03-14T18:19:57+00:00 set_scene S+017 I command=49 room=10 Landing channel=0 scene=2
2024-03-14T19:13:30+00:00 set_scene S+070 I command=49 room=21 Master_Bed channel=0 scene=0
2024-03-14T19:39:39+00:00 set_scene S+096 I command=49 room=09 Hall channel=0 scene=4
2024-03-14T19:50:00+00:00 set_scene S+107 I command=49 room=09 Hall channel=0 scene=2
2024-03-14T19:52:51+00:00 set_scene S+110 I command=49 room=15 Kitchen_Lounge channel=0 scene=2
2024-03-14T20:12:29+00:00 set_scene S+129 I command=49 room=14 Kitchen channel=0 scene=0
2024-03-14T20:12:30+00:00 set_scene S+129 I command=49 room=15 Kitchen_Lounge channel=0 scene=0
2024-03-14T20:12:30+00:00 set_scene S+129 I command=49 room=15 Kitchen_Lounge channel=0 scene=0
2024-03-14T20:13:41+00:00 set_scene S+130 I command=49 room=05 Living_Room channel=0 scene=3
2024-03-14T20:14:18+00:00 set_scene S+131 I command=49 room=14 Kitchen channel=0 scene=1
2024-03-14T20:14:44+00:00 set_scene S+131 I command=49 room=14 Kitchen channel=0 scene=0
2024-03-14T20:14:44+00:00 set_scene S+131 I command=49 room=15 Kitchen_Lounge channel=0 scene=0
2024-03-14T21:06:50+00:00 set_scene S+184 I command=49 room=14 Kitchen channel=0 scene=0
2024-03-14T21:06:51+00:00 set_scene S+184 I command=49 room=15 Kitchen_Lounge channel=0 scene=0
2024-03-14T21:06:51+00:00 set_scene S+184 I command=49 room=15 Kitchen_Lounge channel=0 scene=0
2024-03-14T21:07:55+00:00 set_scene S+185 - command=49 room=50 Front_Porch_PIR channel=0 scene=0
2024-03-14T21:08:00+00:00 set_scene S+185 I command=49 room=14 Kitchen channel=0 scene=1
2024-03-14T21:08:26+00:00 set_scene S+185 I command=49 room=14 Kitchen channel=0 scene=0
2024-03-14T21:08:27+00:00 set_scene S+185 I command=49 room=15 Kitchen_Lounge channel=0 scene=0
2024-03-14T21:15:11+00:00 set_scene S+192 I command=49 room=17 Play_Room channel=0 scene=1
2024-03-14T21:17:59+00:00 set_scene S+195 I command=49 room=17 Play_Room channel=0 scene=0
2024-03-14T21:18:36+00:00 set_scene S+195 I command=49 room=14 Kitchen channel=0 scene=0
2024-03-14T21:18:37+00:00 set_scene S+195 I command=49 room=15 Kitchen_Lounge channel=0 scene=0
2024-03-14T21:34:36+00:00 set_scene S+211 I command=49 room=14 Kitchen channel=0 scene=2
2024-03-14T21:37:17+00:00 set_scene S+214 I command=49 room=15 Kitchen_Lounge channel=0 scene=0
2024-03-14T21:37:18+00:00 set_scene S+214 I command=49 room=15 Kitchen_Lounge channel=0 scene=0
2024-03-14T22:23:06+00:00 set_scene S+260 I command=49 room=14 Kitchen channel=0 scene=2
2024-03-14T22:23:36+00:00 set_scene S+260 I command=49 room=17 Play_Room channel=0 scene=2
2024-03-14T22:23:37+00:00 set_scene S+260 I command=49 room=17 Play_Room channel=0 scene=1
2024-03-14T22:34:19+00:00 set_scene S+271 I command=49 room=14 Kitchen channel=0 scene=0
2024-03-14T22:34:19+00:00 set_scene S+271 I command=49 room=15 Kitchen_Lounge channel=0 scene=0
2024-03-14T22:34:19+00:00 set_scene S+271 I command=49 room=15 Kitchen_Lounge channel=0 scene=0
2024-03-14T22:34:49+00:00 set_scene S+272 I command=49 room=23 Spa_Bathroom channel=0 scene=1
2024-03-14T22:36:00+00:00 set_scene S+273 I command=49 room=23 Spa_Bathroom channel=0 scene=0
2024-03-14T22:44:04+00:00 set_scene S+281 I command=49 room=05 Living_Room channel=0 scene=0
2024-03-14T22:44:24+00:00 set_scene S+281 I command=49 room=17 Play_Room channel=0 scene=0
2024-03-14T22:44:36+00:00 set_scene S+281 I command=49 room=14 Kitchen channel=0 scene=4
2024-03-14T22:45:18+00:00 set_scene S+282 I command=49 room=14 Kitchen channel=0 scene=3
2024-03-14T22:45:50+00:00 set_scene S+283 I command=49 room=14 Kitchen channel=0 scene=0
2024-03-14T22:45:50+00:00 set_scene S+283 I command=49 room=15 Kitchen_Lounge channel=0 scene=0
2024-03-14T22:45:50+00:00 set_scene S+283 I command=49 room=15 Kitchen_Lounge channel=0 scene=0
2024-03-14T22:47:13+00:00 set_scene S+284 I command=49 room=09 Hall channel=0 scene=4
2024-03-14T22:47:28+00:00 set_scene S+284 I command=49 room=05 Living_Room channel=0 scene=2
2024-03-14T22:47:28+00:00 set_scene S+284 I command=49 room=05 Living_Room channel=0 scene=1
2024-03-14T22:47:41+00:00 set_scene S+284 I command=49 room=05 Living_Room channel=0 scene=0
2024-03-14T22:48:27+00:00 set_scene S+285 I command=49 room=21 Master_Bed channel=0 scene=2
2024-03-14T22:51:11+00:00 set_scene S+288 I command=49 room=22 MBed_EnSuite channel=0 scene=2
2024-03-14T22:54:48+00:00 set_scene S+292 I command=49 room=05 Living_Room channel=0 scene=1
2024-03-14T22:56:32+00:00 set_scene S+293 I command=49 room=05 Living_Room channel=0 scene=0
2024-03-14T23:16:55+00:00 set_scene S+314 I command=49 room=23 Spa_Bathroom channel=0 scene=2
2024-03-14T23:17:10+00:00 set_scene S+314 I command=49 room=23 Spa_Bathroom channel=0 scene=0
2024-03-14T23:17:23+00:00 set_scene S+314 I command=49 room=10 Landing channel=0 scene=0
2024-03-14T23:17:50+00:00 set_scene S+315 I command=49 room=22 MBed_EnSuite channel=0 scene=0
2024-03-14T23:18:12+00:00 set_scene S+315 I command=49 room=21 Master_Bed channel=0 scene=0
2024-03-14T23:18:19+00:00 set_scene S+315 - command=49 room=50 Front_Porch_PIR channel=0 scene=0
