2023-04-14T00:06:52+01:00 set_scene R-358 I command=49 room=23 Spa_Bathroom channel=0 scene=2
2023-04-14T00:06:52+01:00 set_scene R-358 I command=49 room=23 Spa_Bathroom channel=0 scene=1
2023-04-14T00:07:42+01:00 set_scene R-357 I command=49 room=23 Spa_Bathroom channel=0 scene=0
2023-04-14T00:11:48+01:00 set_scene R-353 I command=49 room=09 Hall channel=0 scene=4
2023-04-14T00:12:13+01:00 set_scene R-353 I command=49 room=21 Master_Bed channel=0 scene=2
2023-04-14T00:12:13+01:00 set_scene R-353 I command=49 room=21 Master_Bed channel=0 scene=3
2023-04-14T00:13:30+01:00 set_scene R-352 I command=49 room=21 Master_Bed channel=0 scene=0
2023-04-14T00:30:01+01:00 set_scene R-335 - command=49 room=32 Gate_Lights channel=0 scene=0
2023-04-14T00:30:01+01:00 set_scene R-335 - command=49 room=33 Front_Entrance_Pillars channel=0 scene=0
2023-04-14T00:30:02+01:00 set_scene R-335 - command=49 room=34 Kitchen_External channel=0 scene=0
2023-04-14T00:30:02+01:00 set_scene R-335 - command=49 room=35 Garden_Path channel=0 scene=0
2023-04-14T00:30:02+01:00 set_scene R-335 - command=49 room=36 Garden_Flower_Beds channel=0 scene=0
2023-04-14T02:14:08+01:00 set_scene R-231 I command=49 room=14 Kitchen channel=0 scene=0
2023-04-14T02:14:08+01:00 set_scene R-231 I command=49 room=15 Kitchen_Lounge channel=0 scene=0
2023-04-14T02:14:09+01:00 set_scene R-231 I command=49 room=15 Kitchen_Lounge channel=0 scene=0
2023-04-14T02:14:10+01:00 set_scene R-231 I command=49 room=09 Hall channel=0 scene=0
2023-04-14T08:49:11+01:00 set_scene R+164 - command=49 room=50 Front_Porch_PIR channel=0 scene=1
2023-04-14T08:52:18+01:00 set_scene R+167 - command=49 room=50 Front_Porch_PIR channel=0 scene=0
2023-04-14T09:11:36+01:00 set_scene R+187 - command=49 room=50 Front_Porch_PIR channel=0 scene=1
2023-04-14T09:11:41+01:00 set_scene R+187 - command=49 room=50 Front_Porch_PIR channel=0 scene=1
2023-04-14T09:14:41+01:00 set_scene R+190 - command=49 room=50 Front_Porch_PIR channel=0 scene=0
2023-04-14T09:50:03+01:00 set_scene R+225 - command=49 room=50 Front_Porch_PIR channel=0 scene=1
2023-04-14T09:52:17+01:00 set_scene R+227 I command=49 room=21 Master_Bed channel=0 scene=2
2023-04-14T09:52:18+01:00 set_scene R+227 I command=49 room=21 Master_Bed channel=0 scene=0
2023-04-14T09:53:20+01:00 set_scene R+228 - command=49 room=50 Front_Porch_PIR channel=0 scene=0
2023-04-14T10:02:27+01:00 set_scene R+237 - command=49 room=50 Front_Porch_PIR channel=0 scene=1
2023-04-14T10:02:52+01:00 set_scene R+238 - command=49 room=50 Front_Porch_PIR channel=0 scene=1
2023-04-14T10:03:06+01:00 set_scene R+238 - command=49 room=50 Front_Porch_PIR channel=0 scene=1
2023-04-14T10:05:16+01:00 set_scene R+240 - command=49 room=50 Front_Porch_PIR channel=0 scene=1
2023-04-14T10:08:20+01:00 set_scene R+243 - command=49 room=50 Front_Porch_PIR channel=0 scene=0
2023-04-14T10:15:59+01:00 set_scene R+251 - command=49 room=50 Front_Porch_PIR channel=0 scene=1
2023-04-14T10:18:41+01:00 set_scene R+254 - command=49 room=50 Front_Porch_PIR channel=0 scene=1
2023-04-14T10:18:46+01:00 set_scene R+254 - command=49 room=50 Front_Porch_PIR channel=0 scene=1
2023-04-14T10:18:56+01:00 set_scene R+254 - command=49 room=50 Front_Porch_PIR channel=0 scene=1
2023-04-14T10:19:07+01:00 set_scene R+254 - command=49 room=50 Front_Porch_PIR channel=0 scene=1
2023-04-14T10:21:18+01:00 set_scene R+256 I command=49 room=23 Spa_Bathroom channel=0 scene=0
2023-04-14T10:22:05+01:00 set_scene R+257 - command=49 room=50 Front_Porch_PIR channel=0 scene=0
2023-04-14T10:43:37+01:00 set_scene R+279 - command=49 room=50 Front_Porch_PIR channel=0 scene=1
2023-04-14T10:43:53+01:00 set_scene R+279 - command=49 room=50 Front_Porch_PIR channel=0 scene=1
2023-04-14T10:44:03+01:00 set_scene R+279 - command=49 room=50 Front_Porch_PIR channel=0 scene=1
2023-04-14T10:44:04+01:00 set_scene R+279 - command=49 room=50 Front_Porch_PIR channel=0 scene=1
2023-04-14T10:44:13+01:00 set_scene R+279 - command=49 room=50 Front_Porch_PIR channel=0 scene=1
2023-04-14T10:44:30+01:00 set_scene R+279 - command=49 room=50 Front_Porch_PIR channel=0 scene=1
2023-04-14T10:44:37+01:00 set_scene R+280 - command=49 room=50 Front_Porch_PIR channel=0 scene=1
2023-04-14T10:44:50+01:00 set_scene R+280 - command=49 room=50 Front_Porch_PIR channel=0 scene=1
2023-04-14T10:47:53+01:00 set_scene R+283 - command=49 room=50 Front_Porch_PIR channel=0 scene=0
2023-04-14T11:47:30+01:00 set_scene R+342 - command=49 room=50 Front_Porch_PIR channel=0 scene=1
2023-04-14T11:47:55+01:00 set_scene R+343 - command=49 room=50 Front_Porch_PIR channel=0 scene=1
2023-04-14T11:48:04+01:00 set_scene R+343 - command=49 room=50 Front_Porch_PIR channel=0 scene=1
2023-04-14T11:51:01+01:00 set_scene R+346 - command=49 room=50 Front_Porch_PIR channel=0 scene=0
2023-04-14T12:06:58+01:00 set_scene R+362 I command=49 room=06 Study channel=0 scene=1
2023-04-14T12:52:06+01:00 set_scene R+407 I command=49 room=21 Master_Bed channel=0 scene=0
2023-04-14T12:58:27+01:00 set_scene R+413 - command=49 room=50 Front_Porch_PIR channel=0 scene=1
2023-04-14T12:58:40+01:00 set_scene R+414 - command=49 room=50 Front_Porch_PIR channel=0 scene=1
2023-04-14T12:59:03+01:00 set_scene R+414 - command=49 room=50 Front_Porch_PIR channel=0 scene=1
2023-04-14T13:02:18+01:00 set_scene S-413 - command=49 room=50 Front_Porch_PIR channel=0 scene=0
2023-04-14T13:33:37+01:00 set_scene S-382 - command=49 room=50 Front_Porch_PIR channel=0 scene=0
2023-04-14T13:33:57+01:00 set_scene S-382 - command=49 room=50 Front_Porch_PIR channel=0 scene=1
2023-04-14T13:34:06+01:00 set_scene S-382 - command=49 room=50 Front_Porch_PIR channel=0 scene=1
2023-04-14T13:34:13+01:00 set_scene S-382 - command=49 room=50 Front_Porch_PIR channel=0 scene=1
2023-04-14T13:34:23+01:00 set_scene S-381 - command=49 room=50 Front_Porch_PIR channel=0 scene=1
2023-04-14T13:34:30+01:00 set_scene S-381 - command=49 room=50 Front_Porch_PIR channel=0 scene=1
2023-04-14T13:36:48+01:00 set_scene S-379 - command=49 room=50 Front_Porch_PIR channel=0 scene=1
2023-04-14T13:36:50+01:00 set_scene S-379 - command=49 room=50 Front_Porch_PIR channel=0 scene=1
2023-04-14T13:36:59+01:00 set_scene S-379 - command=49 room=50 Front_Porch_PIR channel=0 scene=1
2023-04-14T13:39:57+01:00 set_scene S-376 - command=49 room=50 Front_Porch_PIR channel=0 scene=0
2023-04-14T14:15:07+01:00 set_scene S-341 I command=49 room=23 Spa_Bathroom channel=0 scene=0
2023-04-14T14:49:14+01:00 set_scene S-306 I command=49 room=23 Spa_Bathroom channel=0 scene=0
2023-04-14T15:06:20+01:00 set_scene S-289 - command=49 room=50 Front_Porch_PIR channel=0 scene=1
2023-04-14T15:06:55+01:00 set_scene S-289 - command=49 room=50 Front_Porch_PIR channel=0 scene=1
2023-04-14T15:10:00+01:00 set_scene S-286 - command=49 room=50 Front_Porch_PIR channel=0 scene=0
2023-04-14T15:10:17+01:00 set_scene S-285 - command=49 room=50 Front_Porch_PIR channel=0 scene=1
2023-04-14T15:10:28+01:00 set_scene S-285 - command=49 room=50 Front_Porch_PIR channel=0 scene=1
2023-04-14T15:10:38+01:00 set_scene S-285 - command=49 room=50 Front_Porch_PIR channel=0 scene=1
2023-04-14T15:10:42+01:00 set_scene S-285 - command=49 room=50 Front_Porch_PIR channel=0 scene=1
2023-04-14T15:10:45+01:00 set_scene S-285 - command=49 room=50 Front_Porch_PIR channel=0 scene=1
2023-04-14T15:13:49+01:00 set_scene S-282 - command=49 room=50 Front_Porch_PIR channel=0 scene=0
2023-04-14T16:52:10+01:00 set_scene S-184 I command=49 room=23 Spa_Bathroom channel=0 scene=0
2023-04-14T17:56:49+01:00 set_scene S-119 I command=49 room=14 Kitchen channel=0 scene=2
2023-04-14T17:57:41+01:00 set_scene S-118 - command=49 room=50 Front_Porch_PIR channel=0 scene=0
2023-04-14T17:58:33+01:00 set_scene S-117 I command=49 room=09 Hall channel=0 scene=2
2023-04-14T17:59:00+01:00 set_scene S-117 - command=49 room=50 Front_Porch_PIR channel=0 scene=1
2023-04-14T17:59:02+01:00 set_scene S-117 - command=49 room=50 Front_Porch_PIR channel=0 scene=1
2023-04-14T17:59:12+01:00 set_scene S-117 - command=49 room=50 Front_Porch_PIR channel=0 scene=1
2023-04-14T17:59:28+01:00 set_scene S-116 - command=49 room=50 Front_Porch_PIR channel=0 scene=1
2023-04-14T17:59:39+01:00 set_scene S-116 - command=49 room=50 Front_Porch_PIR channel=0 scene=1
2023-04-14T18:02:39+01:00 set_scene S-113 - command=49 room=50 Front_Porch_PIR channel=0 scene=0
2023-04-14T18:04:26+01:00 set_scene S-111 I command=49 room=21 Master_Bed channel=0 scene=2
2023-04-14T18:39:21+01:00 set_scene S-076 I command=49 room=21 Master_Bed channel=0 scene=0
2023-04-14T19:25:17+01:00 set_scene S-030 I command=49 room=15 Kitchen_Lounge channel=0 scene=1
2023-04-14T19:52:01+01:00 set_scene S-004 - command=49 room=32 Gate_Lights channel=0 scene=1
2023-04-14T19:52:01+01:00 set_scene S-004 - command=49 room=33 Front_Entrance_Pillars channel=0 scene=1
2023-04-14T20:01:42+01:00 set_scene S+006 I command=49 room=17 Play_Room channel=0 scene=1
2023-04-14T20:01:52+01:00 set_scene S+006 I command=49 room=17 Play_Room channel=0 scene=0
2023-04-14T20:09:03+01:00 set_scene S+013 I command=49 room=23 Spa_Bathroom channel=0 scene=1
2023-04-14T20:10:01+01:00 set_scene S+014 I command=49 room=23 Spa_Bathroom channel=0 scene=0
2023-04-14T20:11:33+01:00 set_scene S+016 I command=49 room=14 Kitchen channel=0 scene=0
2023-04-14T20:11:33+01:00 set_scene S+016 I command=49 room=15 Kitchen_Lounge channel=0 scene=0
2023-04-14T20:11:34+01:00 set_scene S+016 I command=49 room=15 Kitchen_Lounge channel=0 scene=0
2023-04-14T20:11:43+01:00 set_scene S+016 I command=49 room=10 Landing channel=0 scene=1
2023-04-14T20:13:47+01:00 set_scene S+018 I command=49 room=14 Kitchen channel=0 scene=2
2023-04-14T20:14:20+01:00 set_scene S+019 I command=49 room=14 Kitchen channel=0 scene=0
2023-04-14T20:14:20+01:00 set_scene S+019 I command=49 room=15 Kitchen_Lounge channel=0 scene=0
2023-04-14T20:14:21+01:00 set_scene S+019 I command=49 room=15 Kitchen_Lounge channel=0 scene=0
2023-04-14T20:15:07+01:00 set_scene S+019 I command=49 room=21 Master_Bed channel=0 scene=2
2023-04-14T20:15:17+01:00 set_scene S+020 I command=49 room=22 MBed_EnSuite channel=0 scene=2
2023-04-14T20:15:58+01:00 set_scene S+020 I command=49 room=23 Spa_Bathroom channel=0 scene=1
2023-04-14T20:16:14+01:00 set_scene S+021 I command=49 room=23 Spa_Bathroom channel=0 scene=0
2023-04-14T20:17:36+01:00 set_scene S+022 I command=49 room=22 MBed_EnSuite channel=0 scene=0
2023-04-14T20:17:37+01:00 set_scene S+022 I command=49 room=22 MBed_EnSuite channel=0 scene=0
2023-04-14T20:26:52+01:00 set_scene S+031 I command=49 room=21 Master_Bed channel=0 scene=0
2023-04-14T20:27:42+01:00 set_scene S+032 I command=49 room=06 Study channel=0 scene=0
2023-04-14T20:33:21+01:00 set_scene S+038 - command=49 room=50 Front_Porch_PIR channel=0 scene=0
2023-04-14T20:37:24+01:00 set_scene S+042 - command=49 room=50 Front_Porch_PIR channel=0 scene=1
2023-04-14T20:37:26+01:00 set_scene S+042 - command=49 room=50 Front_Porch_PIR channel=0 scene=1
2023-04-14T20:40:34+01:00 set_scene S+045 - command=49 room=50 Front_Porch_PIR channel=0 scene=0
2023-04-14T20:57:13+01:00 set_scene S+062 I command=49 room=05 Living_Room channel=0 scene=1
2023-04-14T21:02:22+01:00 set_scene S+067 - command=49 room=50 Front_Porch_PIR channel=0 scene=0
2023-04-14T21:52:51+01:00 set_scene S+117 I command=49 room=14 Kitchen channel=0 scene=1
2023-04-14T21:55:46+01:00 set_scene S+120 I command=49 room=14 Kitchen channel=0 scene=0
2023-04-14T21:55:46+01:00 set_scene S+120 I command=49 room=15 Kitchen_Lounge channel=0 scene=0
2023-04-14T21:55:46+01:00 set_scene S+120 I command=49 room=15 Kitchen_Lounge channel=0 scene=0
2023-04-14T22:48:04+01:00 set_scene S+172 I command=49 room=14 Kitchen channel=0 scene=1
2023-04-14T22:48:20+01:00 set_scene S+173 I command=49 room=14 Kitchen channel=0 scene=0
2023-04-14T22:48:20+01:00 set_scene S+173 I command=49 room=15 Kitchen_Lounge channel=0 scene=0
2023-04-14T22:48:21+01:00 set_scene S+173 I command=49 room=15 Kitchen_Lounge channel=0 scene=0
2023-04-14T22:48:27+01:00 set_scene S+173 I command=49 room=17 Play_Room channel=0 scene=1
2023-04-14T22:52:36+01:00 set_scene S+177 I command=49 room=14 Kitchen channel=0 scene=1
2023-04-14T23:01:48+01:00 set_scene S+186 I command=49 room=17 Play_Room channel=0 scene=0
2023-04-14T23:02:22+01:00 set_scene S+187 I command=49 room=14 Kitchen channel=0 scene=0
2023-04-14T23:02:22+01:00 set_scene S+187 I command=49 room=15 Kitchen_Lounge channel=0 scene=0
2023-04-14T23:02:23+01:00 set_scene S+187 I command=49 room=15 Kitchen_Lounge channel=0 scene=0
2023-04-14T23:02:29+01:00 set_scene S+187 I command=49 room=17 Play_Room channel=0 scene=1
2023-04-14T23:03:25+01:00 set_scene S+188 I command=49 room=14 Kitchen channel=0 scene=1
2023-04-14T23:06:38+01:00 set_scene S+191 I command=49 room=17 Play_Room channel=0 scene=0
2023-04-14T23:07:03+01:00 set_scene S+191 I command=49 room=23 Spa_Bathroom channel=0 scene=1
2023-04-14T23:08:19+01:00 set_scene S+193 I command=49 room=23 Spa_Bathroom channel=0 scene=0
2023-04-14T23:08:20+01:00 set_scene S+193 I command=49 room=23 Spa_Bathroom channel=0 scene=0
2023-04-14T23:09:44+01:00 set_scene S+194 I command=49 room=07 Dining_Room channel=0 scene=1
2023-04-14T23:11:04+01:00 set_scene S+195 I command=49 room=07 Dining_Room channel=0 scene=0
2023-04-14T23:11:18+01:00 set_scene S+196 I command=49 room=14 Kitchen channel=0 scene=0
2023-04-14T23:11:18+01:00 set_scene S+196 I command=49 room=15 Kitchen_Lounge channel=0 scene=0
2023-04-14T23:11:18+01:00 set_scene S+196 I command=49 room=15 Kitchen_Lounge channel=0 scene=0
2023-04-14T23:12:00+01:00 set_scene S+196 I command=49 room=05 Living_Room channel=0 scene=0
2023-04-14T23:12:02+01:00 set_scene S+196 I command=49 room=05 Living_Room channel=0 scene=1
2023-04-14T23:12:29+01:00 set_scene S+197 I command=49 room=05 Living_Room channel=0 scene=0
2023-04-14T23:23:53+01:00 set_scene S+208 - command=49 room=50 Front_Porch_PIR channel=0 scene=1
2023-04-14T23:24:07+01:00 set_scene S+208 - command=49 room=50 Front_Porch_PIR channel=0 scene=1
2023-04-14T23:24:11+01:00 set_scene S+208 - command=49 room=50 Front_Porch_PIR channel=0 scene=1
2023-04-14T23:24:49+01:00 set_scene S+209 I command=49 room=14 Kitchen channel=0 scene=2
2023-04-14T23:27:08+01:00 set_scene S+211 - command=49 room=50 Front_Porch_PIR channel=0 scene=0
2023-04-14T23:41:34+01:00 set_scene S+226 I command=49 room=21 Master_Bed channel=0 scene=2
2023-04-14T23:45:56+01:00 set_scene S+230 I command=49 room=22 MBed_EnSuite channel=0 scene=2
2023-04-14T23:54:42+01:00 set_scene S+239 I command=49 room=22 MBed_EnSuite channel=0 scene=0
2023-04-14T23:57:31+01:00 set_scene S+242 I command=49 room=10 Landing channel=0 scene=4
2023-04-14T23:58:05+01:00 set_scene S+242 I command=49 room=21 Master_Bed channel=0 scene=0
