2023-11-25T00:30:00+00:00 set_scene R-426 - command=49 room=32 Gate_Lights channel=0 scene=0
2023-11-25T00:30:01+00:00 set_scene R-426 - command=49 room=33 Front_Entrance_Pillars channel=0 scene=0
2023-11-25T00:30:01+00:00 set_scene R-426 - command=49 room=34 Kitchen_External channel=0 scene=0
2023-11-25T00:30:01+00:00 set_scene R-426 - command=49 room=35 Garden_Path channel=0 scene=0
2023-11-25T00:30:02+00:00 set_scene R-426 - command=49 room=36 Garden_Flower_Beds channel=0 scene=0
2023-11-25T00:59:46+00:00 set_scene R-396 I command=49 room=05 Living_Room channel=0 scene=0
2023-11-25T00:59:59+00:00 set_scene R-396 I command=49 room=14 Kitchen channel=0 scene=2
2023-11-25T01:00:16+00:00 set_scene R-396 I command=49 room=14 Kitchen channel=0 scene=0
2023-11-25T01:00:16+00:00 set_scene R-396 I command=49 room=15 Kitchen_Lounge channel=0 scene=0
2023-11-25T01:00:17+00:00 set_scene R-396 I command=49 room=15 Kitchen_Lounge channel=0 scene=0
2023-11-25T01:00:22+00:00 set_scene R-396 I command=49 room=09 Hall channel=0 scene=0
2023-11-25T02:58:46+00:00 set_scene R-277 - command=49 room=50 Front_Porch_PIR channel=0 scene=1
2023-11-25T02:58:48+00:00 set_scene R-277 - command=49 room=50 Front_Porch_PIR channel=0 scene=1
2023-11-25T03:01:46+00:00 set_scene R-274 - command=49 room=50 Front_Porch_PIR channel=0 scene=0
2023-11-25T03:35:26+00:00 set_scene R-241 - command=49 room=50 Front_Porch_PIR channel=0 scene=1
2023-11-25T03:35:45+00:00 set_scene R-240 - command=49 room=50 Front_Porch_PIR channel=0 scene=1
2023-11-25T03:38:44+00:00 set_scene R-237 - command=49 room=50 Front_Porch_PIR channel=0 scene=0
2023-11-25T07:12:52+00:00 set_scene R-023 - command=49 room=50 Front_Porch_PIR channel=0 scene=1
2023-11-25T07:13:08+00:00 set_scene R-023 - command=49 room=50 Front_Porch_PIR channel=0 scene=1
2023-11-25T07:13:17+00:00 set_scene R-023 - command=49 room=50 Front_Porch_PIR channel=0 scene=1
2023-11-25T07:13:27+00:00 set_scene R-023 - command=49 room=50 Front_Porch_PIR channel=0 scene=1
2023-11-25T07:14:11+00:00 set_scene R-022 I command=49 room=14 Kitchen channel=0 scene=2
2023-11-25T07:15:33+00:00 set_scene R-020 I command=49 room=09 Hall channel=0 scene=2
2023-11-25T07:16:37+00:00 set_scene R-019 - command=49 room=50 Front_Porch_PIR channel=0 scene=0
2023-11-25T09:03:17+00:00 set_scene R+087 - command=49 room=50 Front_Porch_PIR channel=0 scene=1
2023-11-25T09:06:23+00:00 set_scene R+090 - command=49 room=50 Front_Porch_PIR channel=0 scene=0
2023-11-25T11:41:46+00:00 set_scene R+246 I command=49 room=21 Master_Bed channel=0 scene=2
2023-11-25T12:20:06+00:00 set_scene S-216 I command=49 room=21 Master_Bed channel=0 scene=0
2023-11-25T12:20:25+00:00 set_scene S-216 I command=49 room=09 Hall channel=0 scene=0
2023-11-25T13:13:38+00:00 set_scene S-163 I command=49 room=21 Master_Bed channel=0 scene=1
2023-11-25T13:33:52+00:00 set_scene S-142 I command=49 room=21 Master_Bed channel=0 scene=0
2023-11-25T13:47:48+00:00 set_scene S-129 - command=49 room=50 Front_Porch_PIR channel=0 scene=1
2023-11-25T13:50:57+00:00 set_scene S-125 - command=49 room=50 Front_Porch_PIR channel=0 scene=0
2023-11-25T15:04:34+00:00 set_scene S-052 I command=49 room=14 Kitchen channel=0 scene=0
2023-11-25T15:04:34+00:00 set_scene S-052 I command=49 room=15 Kitchen_Lounge channel=0 scene=0
2023-11-25T15:04:34+00:00 set_scene S-052 I command=49 room=15 Kitchen_Lounge channel=0 scene=0
2023-11-25T15:06:43+00:00 set_scene S-050 I command=49 room=21 Master_Bed channel=0 scene=2
2023-11-25T15:26:23+00:00 set_scene S-030 - command=49 room=50 Front_Porch_PIR channel=0 scene=0
2023-11-25T15:32:02+00:00 set_scene S-024 I command=49 room=21 Master_Bed channel=0 scene=0
2023-11-25T15:32:33+00:00 set_scene S-024 I command=49 room=09 Hall channel=0 scene=2
2023-11-25T15:54:01+00:00 set_scene S-002 - command=49 room=32 Gate_Lights channel=0 scene=1
2023-11-25T15:54:01+00:00 set_scene S-002 - command=49 room=33 Front_Entrance_Pillars channel=0 scene=1
2023-11-25T15:58:29+00:00 set_scene S+002 - command=49 room=50 Front_Porch_PIR channel=0 scene=0
2023-11-25T15:58:45+00:00 set_scene S+002 I command=49 room=06 Study channel=0 scene=1
2023-11-25T15:58:54+00:00 set_scene S+003 I command=49 room=06 Study channel=0 scene=0
2023-11-25T16:01:51+00:00 set_scene S+006 I command=49 room=09 Hall channel=0 scene=3
2023-11-25T16:01:58+00:00 set_scene S+006 - command=49 room=50 Front_Porch_PIR channel=0 scene=1
2023-11-25T16:05:08+00:00 set_scene S+009 - command=49 room=50 Front_Porch_PIR channel=0 scene=0
2023-11-25T16:24:05+00:00 set_scene S+028 I command=49 room=17 Play_Room channel=0 scene=1
2023-11-25T16:24:15+00:00 set_scene S+028 I command=49 room=17 Play_Room channel=0 scene=2
2023-11-25T16:26:15+00:00 set_scene S+030 I command=49 room=14 Kitchen channel=0 scene=1
2023-11-25T16:26:45+00:00 set_scene S+030 I command=49 room=10 Landing channel=0 scene=1
2023-11-25T16:26:46+00:00 set_scene S+030 I command=49 room=10 Landing channel=0 scene=1
2023-11-25T16:26:48+00:00 set_scene S+030 I command=49 room=10 Landing channel=0 scene=1
2023-11-25T16:26:51+00:00 set_scene S+031 I command=49 room=10 Landing channel=0 scene=1
2023-11-25T16:27:02+00:00 set_scene S+031 I command=49 room=10 Landing channel=0 scene=0
2023-11-25T16:33:10+00:00 set_scene S+037 I command=49 room=17 Play_Room channel=0 scene=1
2023-11-25T17:03:12+00:00 set_scene S+067 I command=49 room=17 Play_Room channel=0 scene=0
2023-11-25T17:05:19+00:00 set_scene S+069 I command=49 room=14 Kitchen channel=0 scene=0
2023-11-25T17:05:19+00:00 set_scene S+069 I command=49 room=15 Kitchen_Lounge channel=0 scene=0
2023-11-25T17:05:19+00:00 set_scene S+069 I command=49 room=15 Kitchen_Lounge channel=0 scene=0
2023-11-25T17:05:40+00:00 set_scene S+069 I command=49 room=17 Play_Room channel=0 scene=1
2023-11-25T17:06:29+00:00 set_scene S+070 I command=49 room=17 Play_Room channel=0 scene=0
2023-11-25T17:06:54+00:00 set_scene S+071 I command=49 room=23 Spa_Bathroom channel=0 scene=1
2023-11-25T17:07:05+00:00 set_scene S+071 I command=49 room=23 Spa_Bathroom channel=0 scene=0
2023-11-25T18:39:10+00:00 set_scene S+163 I command=49 room=17 Play_Room channel=0 scene=1
2023-11-25T18:42:49+00:00 set_scene S+166 I command=49 room=14 Kitchen channel=0 scene=1
2023-11-25T18:46:49+00:00 set_scene S+170 I command=49 room=14 Kitchen channel=0 scene=0
2023-11-25T18:46:50+00:00 set_scene S+170 I command=49 room=15 Kitchen_Lounge channel=0 scene=0
2023-11-25T18:46:50+00:00 set_scene S+170 I command=49 room=15 Kitchen_Lounge channel=0 scene=0
2023-11-25T18:46:59+00:00 set_scene S+171 I command=49 room=05 Living_Room channel=0 scene=1
2023-11-25T18:47:01+00:00 set_scene S+171 I command=49 room=05 Living_Room channel=0 scene=0
2023-11-25T18:58:31+00:00 set_scene S+182 I command=49 room=05 Living_Room channel=0 scene=1
2023-11-25T19:02:36+00:00 set_scene S+186 - command=49 room=50 Front_Porch_PIR channel=0 scene=1
2023-11-25T19:02:50+00:00 set_scene S+186 - command=49 room=50 Front_Porch_PIR channel=0 scene=1
2023-11-25T19:02:58+00:00 set_scene S+187 - command=49 room=50 Front_Porch_PIR channel=0 scene=1
2023-11-25T19:03:15+00:00 set_scene S+187 I command=49 room=14 Kitchen channel=0 scene=1
2023-11-25T19:05:56+00:00 set_scene S+190 - command=49 room=50 Front_Porch_PIR channel=0 scene=0
2023-11-25T19:33:40+00:00 set_scene S+217 I command=49 room=14 Kitchen channel=0 scene=0
2023-11-25T19:33:40+00:00 set_scene S+217 I command=49 room=15 Kitchen_Lounge channel=0 scene=0
2023-11-25T19:33:41+00:00 set_scene S+217 I command=49 room=15 Kitchen_Lounge channel=0 scene=0
2023-11-25T19:39:43+00:00 set_scene S+223 - command=49 room=50 Front_Porch_PIR channel=0 scene=0
2023-11-25T20:04:50+00:00 set_scene S+249 I command=49 room=17 Play_Room channel=0 scene=0
2023-11-25T20:04:58+00:00 set_scene S+249 I command=49 room=14 Kitchen channel=0 scene=1
2023-11-25T20:05:30+00:00 set_scene S+249 I command=49 room=14 Kitchen channel=0 scene=0
2023-11-25T20:05:30+00:00 set_scene S+249 I command=49 room=15 Kitchen_Lounge channel=0 scene=0
2023-11-25T20:05:30+00:00 set_scene S+249 I command=49 room=15 Kitchen_Lounge channel=0 scene=0
2023-11-25T21:13:51+00:00 set_scene S+318 - command=49 room=50 Front_Porch_PIR channel=0 scene=1
2023-11-25T21:16:47+00:00 set_scene S+320 - command=49 room=50 Front_Porch_PIR channel=0 scene=0
2023-11-25T22:54:52+00:00 set_scene S+419 I command=49 room=05 Living_Room channel=0 scene=0
2023-11-25T22:55:08+00:00 set_scene S+419 I command=49 room=14 Kitchen channel=0 scene=1
2023-11-25T23:23:17+00:00 set_scene S+447 - command=49 room=50 Front_Porch_PIR channel=0 scene=1
2023-11-25T23:26:16+00:00 set_scene S+450 - command=49 room=50 Front_Porch_PIR channel=0 scene=0
2023-11-25T23:37:04+00:00 set_scene S+461 I command=49 room=05 Living_Room channel=0 scene=1
2023-11-25T23:50:15+00:00 set_scene S+474 I command=49 room=05 Living_Room channel=0 scene=4
2023-11-25T23:50:16+00:00 set_scene S+474 I command=49 room=05 Living_Room channel=0 scene=0
2023-11-25T23:50:32+00:00 set_scene S+474 I command=49 room=14 Kitchen channel=0 scene=0
2023-11-25T23:50:32+00:00 set_scene S+474 I command=49 room=15 Kitchen_Lounge channel=0 scene=0
2023-11-25T23:50:33+00:00 set_scene S+474 I command=49 room=15 Kitchen_Lounge channel=0 scene=0
2023-11-25T23:50:53+00:00 set_scene S+475 I command=49 room=17 Play_Room channel=0 scene=1
2023-11-25T23:51:19+00:00 set_scene S+475 I command=49 room=17 Play_Room channel=0 scene=0
