2022-10-17T01:07:49+01:00 set_scene S-282 I command=49 room=05 Living_Room channel=0 scene=4
2022-10-17T01:07:58+01:00 set_scene S-268 I command=49 room=05 Living_Room channel=0 scene=3
2022-10-17T00:30:00+01:00 set_scene R-417 - command=49 room=32 Gate_Lights channel=0 scene=0
2022-10-17T00:30:00+01:00 set_scene R-417 - command=49 room=33 Front_Entrance_Pillars channel=0 scene=0
2022-10-17T00:30:01+01:00 set_scene R-417 - command=49 room=34 Kitchen_External channel=0 scene=0
2022-10-17T00:30:01+01:00 set_scene R-417 - command=49 room=35 Garden_Path channel=0 scene=0
2022-10-17T00:30:01+01:00 set_scene R-417 - command=49 room=36 Garden_Flower_Beds channel=0 scene=0
2022-10-17T02:40:29+01:00 set_scene R-287 I command=49 room=14 Kitchen channel=0 scene=0
2022-10-17T02:40:30+01:00 set_scene R-287 I command=49 room=15 Kitchen_Lounge channel=0 scene=0
2022-10-17T02:40:30+01:00 set_scene R-287 I command=49 room=15 Kitchen_Lounge channel=0 scene=0
2022-10-17T02:40:53+01:00 set_scene R-287 I command=49 room=09 Hall channel=0 scene=0
2022-10-17T02:41:16+01:00 set_scene R-286 - command=49 room=52 Alarm_Interface channel=0 scene=4
2022-10-17T02:41:16+01:00 alarm_set
2022-10-17T06:08:48+01:00 set_scene R-079 - command=49 room=52 Alarm_Interface channel=0 scene=0
2022-10-17T06:08:48+01:00 alarm_unset
2022-10-17T07:08:59+01:00 set_scene R-018 I command=49 room=22 MBed_EnSuite channel=0 scene=1
2022-10-17T07:20:06+01:00 set_scene R-007 I command=49 room=22 MBed_EnSuite channel=0 scene=0
2022-10-17T07:20:08+01:00 set_scene R-007 I command=49 room=22 MBed_EnSuite channel=0 scene=1
2022-10-17T07:20:09+01:00 set_scene R-007 I command=49 room=22 MBed_EnSuite channel=0 scene=3
2022-10-17T07:27:28+01:00 set_scene R+000 I command=49 room=14 Kitchen channel=0 scene=1
2022-10-17T07:31:56+01:00 set_scene R+004 I command=49 room=22 MBed_EnSuite channel=0 scene=3
2022-10-17T07:31:57+01:00 set_scene R+004 I command=49 room=22 MBed_EnSuite channel=0 scene=0
2022-10-17T07:49:31+01:00 set_scene R+022 I command=49 room=23 Spa_Bathroom channel=0 scene=1
2022-10-17T07:57:19+01:00 set_scene R+030 I command=49 room=23 Spa_Bathroom channel=0 scene=0
2022-10-17T08:45:30+01:00 set_scene R+078 I command=49 room=21 Master_Bed channel=0 scene=2
2022-10-17T09:14:29+01:00 set_scene R+107 I command=49 room=21 Master_Bed channel=0 scene=0
2022-10-17T09:20:02+01:00 set_scene R+113 I command=49 room=07 Dining_Room channel=0 scene=1
2022-10-17T09:31:51+01:00 set_scene R+124 I command=49 room=07 Dining_Room channel=0 scene=0
2022-10-17T09:46:47+01:00 set_scene R+139 - command=49 room=50 Front_Porch_PIR channel=0 scene=1
2022-10-17T09:46:49+01:00 set_scene R+139 - command=49 room=50 Front_Porch_PIR channel=0 scene=1
2022-10-17T09:46:56+01:00 set_scene R+139 - command=49 room=50 Front_Porch_PIR channel=0 scene=1
2022-10-17T09:47:00+01:00 set_scene R+140 - command=49 room=50 Front_Porch_PIR channel=0 scene=1
2022-10-17T09:50:04+01:00 set_scene R+143 - command=49 room=50 Front_Porch_PIR channel=0 scene=0
2022-10-17T11:11:06+01:00 set_scene R+224 - command=49 room=50 Front_Porch_PIR channel=0 scene=1
2022-10-17T11:14:09+01:00 set_scene R+227 - command=49 room=50 Front_Porch_PIR channel=0 scene=0
2022-10-17T11:15:10+01:00 set_scene R+228 I command=49 room=14 Kitchen channel=0 scene=0
2022-10-17T11:15:10+01:00 set_scene R+228 I command=49 room=15 Kitchen_Lounge channel=0 scene=0
2022-10-17T11:15:11+01:00 set_scene R+228 I command=49 room=15 Kitchen_Lounge channel=0 scene=0
2022-10-17T11:46:42+01:00 set_scene R+259 I command=49 room=06 Study channel=0 scene=1
2022-10-17T12:38:36+01:00 set_scene R+311 - command=49 room=50 Front_Porch_PIR channel=0 scene=1
2022-10-17T12:41:44+01:00 set_scene R+314 - command=49 room=50 Front_Porch_PIR channel=0 scene=0
2022-10-17T13:19:49+01:00 set_scene S-282 I command=49 room=05 Living_Room channel=0 scene=2
2022-10-17T13:33:32+01:00 set_scene S-268 I command=49 room=05 Living_Room channel=0 scene=0
2022-10-17T13:36:36+01:00 set_scene S-265 - command=49 room=50 Front_Porch_PIR channel=0 scene=1
2022-10-17T13:39:42+01:00 set_scene S-262 - command=49 room=50 Front_Porch_PIR channel=0 scene=0
2022-10-17T14:44:11+01:00 set_scene S-197 - command=49 room=50 Front_Porch_PIR channel=0 scene=1
2022-10-17T14:44:24+01:00 set_scene S-197 - command=49 room=50 Front_Porch_PIR channel=0 scene=1
2022-10-17T14:44:29+01:00 set_scene S-197 - command=49 room=50 Front_Porch_PIR channel=0 scene=1
2022-10-17T14:44:47+01:00 set_scene S-197 - command=49 room=50 Front_Porch_PIR channel=0 scene=1
2022-10-17T14:44:56+01:00 set_scene S-196 - command=49 room=50 Front_Porch_PIR channel=0 scene=1
2022-10-17T14:47:57+01:00 set_scene S-193 - command=49 room=50 Front_Porch_PIR channel=0 scene=0
2022-10-17T14:49:02+01:00 set_scene S-192 - command=49 room=50 Front_Porch_PIR channel=0 scene=1
2022-10-17T14:49:40+01:00 set_scene S-192 - command=49 room=50 Front_Porch_PIR channel=0 scene=1
2022-10-17T14:52:51+01:00 set_scene S-189 - command=49 room=50 Front_Porch_PIR channel=0 scene=0
2022-10-17T17:23:08+01:00 set_scene S-038 - command=49 room=50 Front_Porch_PIR channel=0 scene=1
2022-10-17T17:26:12+01:00 set_scene S-035 - command=49 room=50 Front_Porch_PIR channel=0 scene=0
2022-10-17T17:58:00+01:00 set_scene S-003 - command=49 room=32 Gate_Lights channel=0 scene=1
2022-10-17T17:58:01+01:00 set_scene S-003 - command=49 room=33 Front_Entrance_Pillars channel=0 scene=1
2022-10-17T18:28:16+01:00 set_scene S+027 I command=49 room=09 Hall channel=0 scene=4
2022-10-17T19:28:06+01:00 set_scene S+087 I command=49 room=14 Kitchen channel=0 scene=4
2022-10-17T19:28:08+01:00 set_scene S+087 I command=49 room=14 Kitchen channel=0 scene=3
2022-10-17T19:28:08+01:00 set_scene S+087 I command=49 room=14 Kitchen channel=0 scene=1
2022-10-17T20:08:58+01:00 set_scene S+128 - command=49 room=50 Front_Porch_PIR channel=0 scene=1
2022-10-17T20:12:51+01:00 set_scene S+131 - command=49 room=50 Front_Porch_PIR channel=0 scene=0
2022-10-17T20:17:29+01:00 set_scene S+136 I command=49 room=07 Dining_Room channel=0 scene=2
2022-10-17T20:17:41+01:00 set_scene S+136 I command=49 room=07 Dining_Room channel=0 scene=0
2022-10-17T20:28:09+01:00 set_scene S+147 I command=49 room=17 Play_Room channel=0 scene=1
2022-10-17T20:30:50+01:00 set_scene S+149 I command=49 room=05 Living_Room channel=0 scene=2
2022-10-17T20:32:15+01:00 set_scene S+151 I command=49 room=17 Play_Room channel=0 scene=0
2022-10-17T20:51:19+01:00 set_scene S+170 - command=49 room=50 Front_Porch_PIR channel=0 scene=0
2022-10-17T20:52:45+01:00 set_scene S+171 I command=49 room=21 Master_Bed channel=0 scene=2
2022-10-17T21:27:22+01:00 set_scene S+206 I command=49 room=21 Master_Bed channel=0 scene=0
2022-10-17T21:35:48+01:00 set_scene S+214 I command=49 room=14 Kitchen channel=0 scene=4
2022-10-17T21:53:41+01:00 set_scene S+232 I command=49 room=14 Kitchen channel=0 scene=1
2022-10-17T22:05:32+01:00 set_scene S+244 I command=49 room=14 Kitchen channel=0 scene=0
2022-10-17T22:05:32+01:00 set_scene S+244 I command=49 room=15 Kitchen_Lounge channel=0 scene=0
2022-10-17T22:05:32+01:00 set_scene S+244 I command=49 room=15 Kitchen_Lounge channel=0 scene=0
2022-10-17T22:31:08+01:00 set_scene S+270 I command=49 room=23 Spa_Bathroom channel=0 scene=1
2022-10-17T22:32:12+01:00 set_scene S+271 I command=49 room=23 Spa_Bathroom channel=0 scene=0
2022-10-17T22:32:38+01:00 set_scene S+271 I command=49 room=05 Living_Room channel=0 scene=0
2022-10-17T22:32:52+01:00 set_scene S+271 I command=49 room=14 Kitchen channel=0 scene=3
2022-10-17T22:34:39+01:00 set_scene S+273 I command=49 room=14 Kitchen channel=0 scene=0
2022-10-17T22:34:40+01:00 set_scene S+273 I command=49 room=15 Kitchen_Lounge channel=0 scene=0
2022-10-17T22:34:40+01:00 set_scene S+273 I command=49 room=15 Kitchen_Lounge channel=0 scene=0
2022-10-17T22:35:25+01:00 set_scene S+274 I command=49 room=21 Master_Bed channel=0 scene=3
2022-10-17T22:36:02+01:00 set_scene S+275 I command=49 room=22 MBed_EnSuite channel=0 scene=3
2022-10-17T22:43:27+01:00 set_scene S+282 I command=49 room=22 MBed_EnSuite channel=0 scene=0
2022-10-17T22:43:53+01:00 set_scene S+283 I command=49 room=21 Master_Bed channel=0 scene=0
2022-10-17T22:44:10+01:00 set_scene S+283 I command=49 room=22 MBed_EnSuite channel=0 scene=1
2022-10-17T22:46:26+01:00 set_scene S+285 I command=49 room=22 MBed_EnSuite channel=0 scene=0
2022-10-17T23:40:34+01:00 set_scene S+339 I command=49 room=23 Spa_Bathroom channel=0 scene=1
2022-10-17T23:40:36+01:00 set_scene S+339 I command=49 room=23 Spa_Bathroom channel=0 scene=1
2022-10-17T23:46:12+01:00 set_scene S+345 I command=49 room=23 Spa_Bathroom channel=0 scene=0
