2023-11-13T00:28:27+00:00 set_scene R-407 I command=49 room=22 MBed_EnSuite channel=0 scene=2
2023-11-13T00:29:45+00:00 set_scene R-406 I command=49 room=22 MBed_EnSuite channel=0 scene=0
2023-11-13T00:29:53+00:00 set_scene R-406 I command=49 room=22 MBed_EnSuite channel=0 scene=3
2023-11-13T00:30:00+00:00 set_scene R-406 - command=49 room=32 Gate_Lights channel=0 scene=0
2023-11-13T00:30:01+00:00 set_scene R-406 - command=49 room=33 Front_Entrance_Pillars channel=0 scene=0
2023-11-13T00:30:01+00:00 set_scene R-406 - command=49 room=34 Kitchen_External channel=0 scene=0
2023-11-13T00:30:01+00:00 set_scene R-406 - command=49 room=35 Garden_Path channel=0 scene=0
2023-11-13T00:30:02+00:00 set_scene R-406 - command=49 room=36 Garden_Flower_Beds channel=0 scene=0
2023-11-13T00:30:02+00:00 set_scene R-406 I command=49 room=22 MBed_EnSuite channel=0 scene=0
2023-11-13T00:39:05+00:00 set_scene R-396 - command=49 room=50 Front_Porch_PIR channel=0 scene=1
2023-11-13T00:42:04+00:00 set_scene R-394 - command=49 room=50 Front_Porch_PIR channel=0 scene=0
2023-11-13T05:03:22+00:00 set_scene R-132 I command=49 room=22 MBed_EnSuite channel=0 scene=4
2023-11-13T05:04:11+00:00 set_scene R-131 I command=49 room=22 MBed_EnSuite channel=0 scene=0
2023-11-13T07:08:26+00:00 set_scene R-007 I command=49 room=22 MBed_EnSuite channel=0 scene=1
2023-11-13T07:19:57+00:00 set_scene R+004 I command=49 room=22 MBed_EnSuite channel=0 scene=0
2023-11-13T07:21:53+00:00 set_scene R+006 I command=49 room=14 Kitchen channel=0 scene=2
2023-11-13T08:19:42+00:00 set_scene R+064 I command=49 room=14 Kitchen channel=0 scene=0
2023-11-13T08:19:43+00:00 set_scene R+064 I command=49 room=15 Kitchen_Lounge channel=0 scene=0
2023-11-13T08:19:43+00:00 set_scene R+064 I command=49 room=15 Kitchen_Lounge channel=0 scene=0
2023-11-13T08:20:23+00:00 set_scene R+065 I command=49 room=21 Master_Bed channel=0 scene=1
2023-11-13T08:40:49+00:00 set_scene R+085 I command=49 room=21 Master_Bed channel=0 scene=0
2023-11-13T08:43:05+00:00 set_scene R+088 I command=49 room=15 Kitchen_Lounge channel=0 scene=1
2023-11-13T08:43:13+00:00 set_scene R+088 I command=49 room=15 Kitchen_Lounge channel=0 scene=0
2023-11-13T08:44:23+00:00 set_scene R+089 - command=49 room=50 Front_Porch_PIR channel=0 scene=0
2023-11-13T08:48:02+00:00 set_scene R+092 - command=49 room=50 Front_Porch_PIR channel=0 scene=1
2023-11-13T08:48:09+00:00 set_scene R+093 - command=49 room=52 Alarm_Interface channel=0 scene=4
2023-11-13T08:48:09+00:00 alarm_set
2023-11-13T08:51:13+00:00 set_scene R+096 - command=49 room=50 Front_Porch_PIR channel=0 scene=0
2023-11-13T09:06:41+00:00 set_scene R+111 - command=49 room=50 Front_Porch_PIR channel=0 scene=1
2023-11-13T09:09:47+00:00 set_scene R+114 - command=49 room=50 Front_Porch_PIR channel=0 scene=0
2023-11-13T09:50:37+00:00 set_scene R+155 - command=49 room=50 Front_Porch_PIR channel=0 scene=1
2023-11-13T09:53:36+00:00 set_scene R+158 - command=49 room=50 Front_Porch_PIR channel=0 scene=0
2023-11-13T10:20:28+00:00 set_scene R+185 - command=49 room=50 Front_Porch_PIR channel=0 scene=1
2023-11-13T10:23:27+00:00 set_scene R+188 - command=49 room=50 Front_Porch_PIR channel=0 scene=0
2023-11-13T10:35:59+00:00 set_scene R+200 - command=49 room=50 Front_Porch_PIR channel=0 scene=1
2023-11-13T10:36:20+00:00 set_scene R+201 - command=49 room=52 Alarm_Interface channel=0 scene=0
2023-11-13T10:36:20+00:00 alarm_unset
2023-11-13T10:39:07+00:00 set_scene R+204 - command=49 room=50 Front_Porch_PIR channel=0 scene=0
2023-11-13T10:47:28+00:00 set_scene R+212 - command=49 room=50 Front_Porch_PIR channel=0 scene=1
2023-11-13T10:50:25+00:00 set_scene R+215 - command=49 room=50 Front_Porch_PIR channel=0 scene=0
2023-11-13T11:17:10+00:00 set_scene R+242 - command=49 room=50 Front_Porch_PIR channel=0 scene=1
2023-11-13T11:17:23+00:00 set_scene R+242 - command=49 room=50 Front_Porch_PIR channel=0 scene=1
2023-11-13T11:17:25+00:00 set_scene R+242 - command=49 room=50 Front_Porch_PIR channel=0 scene=1
2023-11-13T11:20:34+00:00 set_scene R+245 - command=49 room=50 Front_Porch_PIR channel=0 scene=0
2023-11-13T12:13:48+00:00 set_scene S-237 - command=49 room=50 Front_Porch_PIR channel=0 scene=1
2023-11-13T12:16:45+00:00 set_scene S-235 - command=49 room=50 Front_Porch_PIR channel=0 scene=0
2023-11-13T13:11:56+00:00 set_scene S-179 I command=49 room=21 Master_Bed channel=0 scene=2
2023-11-13T13:50:38+00:00 set_scene S-141 I command=49 room=21 Master_Bed channel=0 scene=0
2023-11-13T13:56:54+00:00 set_scene S-134 - command=49 room=52 Alarm_Interface channel=0 scene=4
2023-11-13T13:56:54+00:00 alarm_set
2023-11-13T14:27:10+00:00 set_scene S-104 - command=49 room=52 Alarm_Interface channel=0 scene=0
2023-11-13T14:27:10+00:00 alarm_unset
2023-11-13T15:19:41+00:00 set_scene S-052 I command=49 room=07 Dining_Room channel=0 scene=2
2023-11-13T15:43:05+00:00 set_scene S-028 I command=49 room=07 Dining_Room channel=0 scene=0
2023-11-13T15:43:08+00:00 set_scene S-028 I command=49 room=14 Kitchen channel=0 scene=2
2023-11-13T15:52:18+00:00 set_scene S-019 I command=49 room=06 Study channel=0 scene=1
2023-11-13T15:58:17+00:00 set_scene S-013 I command=49 room=06 Study channel=0 scene=0
2023-11-13T16:06:00+00:00 set_scene S-005 - command=49 room=32 Gate_Lights channel=0 scene=1
2023-11-13T16:06:01+00:00 set_scene S-005 - command=49 room=33 Front_Entrance_Pillars channel=0 scene=1
2023-11-13T16:33:02+00:00 set_scene S+022 I command=49 room=14 Kitchen channel=0 scene=0
2023-11-13T16:33:02+00:00 set_scene S+022 I command=49 room=15 Kitchen_Lounge channel=0 scene=0
2023-11-13T16:33:02+00:00 set_scene S+022 I command=49 room=15 Kitchen_Lounge channel=0 scene=0
2023-11-13T16:33:12+00:00 set_scene S+022 I command=49 room=09 Hall channel=0 scene=2
2023-11-13T16:36:01+00:00 set_scene S+025 I command=49 room=21 Master_Bed channel=0 scene=2
2023-11-13T16:36:51+00:00 set_scene S+026 I command=49 room=14 Kitchen channel=0 scene=2
2023-11-13T16:38:31+00:00 set_scene S+027 - command=49 room=50 Front_Porch_PIR channel=0 scene=1
2023-11-13T16:38:42+00:00 set_scene S+027 - command=49 room=50 Front_Porch_PIR channel=0 scene=1
2023-11-13T16:38:50+00:00 set_scene S+028 - command=49 room=50 Front_Porch_PIR channel=0 scene=1
2023-11-13T16:42:06+00:00 set_scene S+031 - command=49 room=50 Front_Porch_PIR channel=0 scene=0
2023-11-13T16:59:39+00:00 set_scene S+048 I command=49 room=21 Master_Bed channel=0 scene=0
2023-11-13T17:01:51+00:00 set_scene S+051 I command=49 room=07 Dining_Room channel=0 scene=0
2023-11-13T17:06:10+00:00 set_scene S+055 I command=49 room=14 Kitchen channel=0 scene=0
2023-11-13T17:06:10+00:00 set_scene S+055 I command=49 room=15 Kitchen_Lounge channel=0 scene=0
2023-11-13T17:06:10+00:00 set_scene S+055 I command=49 room=15 Kitchen_Lounge channel=0 scene=0
2023-11-13T17:06:32+00:00 set_scene S+055 I command=49 room=05 Living_Room channel=0 scene=2
2023-11-13T17:07:43+00:00 set_scene S+056 I command=49 room=14 Kitchen channel=0 scene=2
2023-11-13T17:09:08+00:00 set_scene S+058 I command=49 room=14 Kitchen channel=0 scene=0
2023-11-13T17:09:09+00:00 set_scene S+058 I command=49 room=15 Kitchen_Lounge channel=0 scene=0
2023-11-13T17:09:09+00:00 set_scene S+058 I command=49 room=15 Kitchen_Lounge channel=0 scene=0
2023-11-13T18:45:00+00:00 set_scene S+154 I command=49 room=14 Kitchen channel=0 scene=2
2023-11-13T18:58:47+00:00 set_scene S+167 I command=49 room=14 Kitchen channel=0 scene=0
2023-11-13T18:58:47+00:00 set_scene S+167 I command=49 room=15 Kitchen_Lounge channel=0 scene=0
2023-11-13T18:58:47+00:00 set_scene S+167 I command=49 room=15 Kitchen_Lounge channel=0 scene=0
2023-11-13T20:41:04+00:00 set_scene S+270 I command=49 room=14 Kitchen channel=0 scene=2
2023-11-13T20:43:01+00:00 set_scene S+272 I command=49 room=21 Master_Bed channel=0 scene=2
2023-11-13T21:17:46+00:00 set_scene S+306 I command=49 room=05 Living_Room channel=0 scene=0
2023-11-13T21:17:52+00:00 set_scene S+307 I command=49 room=23 Spa_Bathroom channel=0 scene=0
2023-11-13T21:17:55+00:00 set_scene S+307 I command=49 room=17 Play_Room channel=0 scene=1
2023-11-13T21:18:33+00:00 set_scene S+307 I command=49 room=21 Master_Bed channel=0 scene=0
2023-11-13T21:27:08+00:00 set_scene S+316 I command=49 room=17 Play_Room channel=0 scene=0
2023-11-13T21:28:56+00:00 set_scene S+318 I command=49 room=17 Play_Room channel=0 scene=1
2023-11-13T21:31:09+00:00 set_scene S+320 I command=49 room=14 Kitchen channel=0 scene=0
2023-11-13T21:31:09+00:00 set_scene S+320 I command=49 room=15 Kitchen_Lounge channel=0 scene=0
2023-11-13T21:31:09+00:00 set_scene S+320 I command=49 room=15 Kitchen_Lounge channel=0 scene=0
2023-11-13T21:31:23+00:00 set_scene S+320 I command=49 room=05 Living_Room channel=0 scene=2
2023-11-13T21:37:17+00:00 set_scene S+326 I command=49 room=17 Play_Room channel=0 scene=0
2023-11-13T21:37:21+00:00 set_scene S+326 I command=49 room=14 Kitchen channel=0 scene=1
2023-11-13T21:39:42+00:00 set_scene S+328 I command=49 room=17 Play_Room channel=0 scene=1
2023-11-13T21:50:48+00:00 set_scene S+340 I command=49 room=14 Kitchen channel=0 scene=0
2023-11-13T21:50:48+00:00 set_scene S+340 I command=49 room=15 Kitchen_Lounge channel=0 scene=0
2023-11-13T21:50:49+00:00 set_scene S+340 I command=49 room=15 Kitchen_Lounge channel=0 scene=0
2023-11-13T23:02:40+00:00 set_scene S+411 I command=49 room=14 Kitchen channel=0 scene=1
2023-11-13T23:11:26+00:00 set_scene S+420 I command=49 room=17 Play_Room channel=0 scene=0
2023-11-13T23:12:12+00:00 set_scene S+421 I command=49 room=14 Kitchen channel=0 scene=0
2023-11-13T23:12:12+00:00 set_scene S+421 I command=49 room=15 Kitchen_Lounge channel=0 scene=0
2023-11-13T23:12:12+00:00 set_scene S+421 I command=49 room=15 Kitchen_Lounge channel=0 scene=0
2023-11-13T23:25:26+00:00 set_scene S+434 I command=49 room=05 Living_Room channel=0 scene=0
2023-11-13T23:26:07+00:00 set_scene S+435 I command=49 room=14 Kitchen channel=0 scene=3
2023-11-13T23:27:17+00:00 set_scene S+436 I command=49 room=14 Kitchen channel=0 scene=0
2023-11-13T23:27:17+00:00 set_scene S+436 I command=49 room=15 Kitchen_Lounge channel=0 scene=0
2023-11-13T23:27:18+00:00 set_scene S+436 I command=49 room=15 Kitchen_Lounge channel=0 scene=0
2023-11-13T23:28:11+00:00 set_scene S+437 I command=49 room=09 Hall channel=0 scene=0
2023-11-13T23:28:28+00:00 set_scene S+437 I command=49 room=09 Hall channel=0 scene=0
2023-11-13T23:28:54+00:00 set_scene S+438 I command=49 room=21 Master_Bed channel=0 scene=2
2023-11-13T23:29:49+00:00 set_scene S+439 I command=49 room=10 Landing channel=0 scene=2
2023-11-13T23:30:17+00:00 set_scene S+439 I command=49 room=14 Kitchen channel=0 scene=2
2023-11-13T23:30:29+00:00 set_scene S+439 I command=49 room=14 Kitchen channel=0 scene=0
2023-11-13T23:30:29+00:00 set_scene S+439 I command=49 room=15 Kitchen_Lounge channel=0 scene=0
2023-11-13T23:30:30+00:00 set_scene S+439 I command=49 room=15 Kitchen_Lounge channel=0 scene=0
2023-11-13T23:33:18+00:00 set_scene S+442 I command=49 room=22 MBed_EnSuite channel=0 scene=3
2023-11-13T23:44:42+00:00 set_scene S+453 I command=49 room=22 MBed_EnSuite channel=0 scene=0
2023-11-13T23:45:07+00:00 set_scene S+454 - command=49 room=50 Front_Porch_PIR channel=0 scene=1
2023-11-13T23:48:05+00:00 set_scene S+457 - command=49 room=50 Front_Porch_PIR channel=0 scene=0
2023-11-13T23:50:29+00:00 set_scene S+459 I command=49 room=10 Landing channel=0 scene=3
2023-11-13T23:50:46+00:00 set_scene S+459 I command=49 room=09 Hall channel=0 scene=3
2023-11-13T23:51:32+00:00 set_scene S+460 I command=49 room=09 Hall channel=0 scene=0
2023-11-13T23:54:40+00:00 set_scene S+463 I command=49 room=21 Master_Bed channel=0 scene=0
