2023-11-17T00:06:12+00:00 set_scene R-436 I command=49 room=09 Hall channel=0 scene=4
2023-11-17T00:06:13+00:00 set_scene R-436 I command=49 room=09 Hall channel=0 scene=0
2023-11-17T00:23:18+00:00 set_scene R-419 - command=49 room=50 Front_Porch_PIR channel=0 scene=1
2023-11-17T00:26:16+00:00 set_scene R-416 - command=49 room=50 Front_Porch_PIR channel=0 scene=0
2023-11-17T00:30:00+00:00 set_scene R-413 - command=49 room=32 Gate_Lights channel=0 scene=0
2023-11-17T00:30:00+00:00 set_scene R-413 - command=49 room=33 Front_Entrance_Pillars channel=0 scene=0
2023-11-17T00:30:01+00:00 set_scene R-413 - command=49 room=34 Kitchen_External channel=0 scene=0
2023-11-17T00:30:01+00:00 set_scene R-413 - command=49 room=35 Garden_Path channel=0 scene=0
2023-11-17T00:30:01+00:00 set_scene R-413 - command=49 room=36 Garden_Flower_Beds channel=0 scene=0
2023-11-17T04:44:38+00:00 set_scene R-158 - command=49 room=50 Front_Porch_PIR channel=0 scene=1
2023-11-17T04:44:42+00:00 set_scene R-158 - command=49 room=50 Front_Porch_PIR channel=0 scene=1
2023-11-17T04:44:43+00:00 set_scene R-158 - command=49 room=50 Front_Porch_PIR channel=0 scene=1
2023-11-17T04:44:46+00:00 set_scene R-158 - command=49 room=50 Front_Porch_PIR channel=0 scene=1
2023-11-17T04:47:45+00:00 set_scene R-155 - command=49 room=50 Front_Porch_PIR channel=0 scene=0
2023-11-17T07:07:16+00:00 set_scene R-015 I command=49 room=21 Master_Bed channel=0 scene=3
2023-11-17T07:07:16+00:00 set_scene R-015 I command=49 room=21 Master_Bed channel=0 scene=2
2023-11-17T07:07:23+00:00 set_scene R-015 I command=49 room=22 MBed_EnSuite channel=0 scene=1
2023-11-17T07:16:06+00:00 set_scene R-007 I command=49 room=22 MBed_EnSuite channel=0 scene=0
2023-11-17T07:20:48+00:00 set_scene R-002 I command=49 room=14 Kitchen channel=0 scene=1
2023-11-17T07:40:32+00:00 set_scene R+018 I command=49 room=14 Kitchen channel=0 scene=0
2023-11-17T07:40:32+00:00 set_scene R+018 I command=49 room=15 Kitchen_Lounge channel=0 scene=0
2023-11-17T07:40:33+00:00 set_scene R+018 I command=49 room=15 Kitchen_Lounge channel=0 scene=0
2023-11-17T07:41:23+00:00 set_scene R+019 I command=49 room=21 Master_Bed channel=0 scene=0
2023-11-17T09:04:38+00:00 set_scene R+102 - command=49 room=50 Front_Porch_PIR channel=0 scene=1
2023-11-17T09:07:41+00:00 set_scene R+105 - command=49 room=50 Front_Porch_PIR channel=0 scene=0
2023-11-17T09:23:11+00:00 set_scene R+121 - command=49 room=50 Front_Porch_PIR channel=0 scene=1
2023-11-17T09:25:41+00:00 set_scene R+123 I command=49 room=06 Study channel=0 scene=1
2023-11-17T09:27:45+00:00 set_scene R+125 - command=49 room=50 Front_Porch_PIR channel=0 scene=0
2023-11-17T12:18:58+00:00 set_scene S-227 - command=49 room=50 Front_Porch_PIR channel=0 scene=1
2023-11-17T12:19:08+00:00 set_scene S-227 - command=49 room=50 Front_Porch_PIR channel=0 scene=1
2023-11-17T12:21:01+00:00 set_scene S-225 - command=49 room=50 Front_Porch_PIR channel=0 scene=1
2023-11-17T12:21:11+00:00 set_scene S-224 - command=49 room=50 Front_Porch_PIR channel=0 scene=1
2023-11-17T12:21:19+00:00 set_scene S-224 - command=49 room=50 Front_Porch_PIR channel=0 scene=1
2023-11-17T12:21:27+00:00 set_scene S-224 - command=49 room=50 Front_Porch_PIR channel=0 scene=1
2023-11-17T12:22:32+00:00 set_scene S-223 - command=49 room=50 Front_Porch_PIR channel=0 scene=1
2023-11-17T12:23:15+00:00 set_scene S-222 - command=49 room=50 Front_Porch_PIR channel=0 scene=1
2023-11-17T12:23:25+00:00 set_scene S-222 - command=49 room=50 Front_Porch_PIR channel=0 scene=1
2023-11-17T12:23:42+00:00 set_scene S-222 - command=49 room=50 Front_Porch_PIR channel=0 scene=1
2023-11-17T12:24:06+00:00 set_scene S-222 - command=49 room=50 Front_Porch_PIR channel=0 scene=1
2023-11-17T12:24:10+00:00 set_scene S-221 - command=49 room=50 Front_Porch_PIR channel=0 scene=1
2023-11-17T12:24:13+00:00 set_scene S-221 - command=49 room=50 Front_Porch_PIR channel=0 scene=1
2023-11-17T12:24:30+00:00 set_scene S-221 - command=49 room=50 Front_Porch_PIR channel=0 scene=1
2023-11-17T12:24:49+00:00 set_scene S-221 - command=49 room=50 Front_Porch_PIR channel=0 scene=1
2023-11-17T12:25:00+00:00 set_scene S-221 - command=49 room=50 Front_Porch_PIR channel=0 scene=1
2023-11-17T12:25:27+00:00 set_scene S-220 - command=49 room=50 Front_Porch_PIR channel=0 scene=1
2023-11-17T12:25:41+00:00 set_scene S-220 - command=49 room=50 Front_Porch_PIR channel=0 scene=1
2023-11-17T12:25:48+00:00 set_scene S-220 - command=49 room=50 Front_Porch_PIR channel=0 scene=1
2023-11-17T12:26:06+00:00 set_scene S-220 - command=49 room=50 Front_Porch_PIR channel=0 scene=1
2023-11-17T12:26:12+00:00 set_scene S-219 - command=49 room=50 Front_Porch_PIR channel=0 scene=1
2023-11-17T12:26:15+00:00 set_scene S-219 - command=49 room=50 Front_Porch_PIR channel=0 scene=1
2023-11-17T12:26:34+00:00 set_scene S-219 - command=49 room=50 Front_Porch_PIR channel=0 scene=1
2023-11-17T12:26:53+00:00 set_scene S-219 - command=49 room=50 Front_Porch_PIR channel=0 scene=1
2023-11-17T12:27:01+00:00 set_scene S-219 - command=49 room=50 Front_Porch_PIR channel=0 scene=1
2023-11-17T12:27:16+00:00 set_scene S-218 - command=49 room=50 Front_Porch_PIR channel=0 scene=1
2023-11-17T12:27:24+00:00 set_scene S-218 - command=49 room=50 Front_Porch_PIR channel=0 scene=1
2023-11-17T12:27:46+00:00 set_scene S-218 - command=49 room=50 Front_Porch_PIR channel=0 scene=1
2023-11-17T12:27:53+00:00 set_scene S-218 - command=49 room=50 Front_Porch_PIR channel=0 scene=1
2023-11-17T12:27:57+00:00 set_scene S-218 - command=49 room=50 Front_Porch_PIR channel=0 scene=1
2023-11-17T12:28:22+00:00 set_scene S-217 - command=49 room=50 Front_Porch_PIR channel=0 scene=1
2023-11-17T12:28:45+00:00 set_scene S-217 - command=49 room=50 Front_Porch_PIR channel=0 scene=1
2023-11-17T12:28:49+00:00 set_scene S-217 - command=49 room=50 Front_Porch_PIR channel=0 scene=1
2023-11-17T12:31:48+00:00 set_scene S-214 - command=49 room=50 Front_Porch_PIR channel=0 scene=0
2023-11-17T12:36:59+00:00 set_scene S-209 - command=49 room=50 Front_Porch_PIR channel=0 scene=1
2023-11-17T12:37:04+00:00 set_scene S-209 - command=49 room=50 Front_Porch_PIR channel=0 scene=1
2023-11-17T12:40:05+00:00 set_scene S-206 - command=49 room=50 Front_Porch_PIR channel=0 scene=0
2023-11-17T12:41:14+00:00 set_scene S-204 - command=49 room=50 Front_Porch_PIR channel=0 scene=1
2023-11-17T12:42:09+00:00 set_scene S-203 - command=49 room=50 Front_Porch_PIR channel=0 scene=1
2023-11-17T12:42:32+00:00 set_scene S-203 - command=49 room=50 Front_Porch_PIR channel=0 scene=1
2023-11-17T12:42:39+00:00 set_scene S-203 - command=49 room=50 Front_Porch_PIR channel=0 scene=1
2023-11-17T12:42:47+00:00 set_scene S-203 - command=49 room=50 Front_Porch_PIR channel=0 scene=1
2023-11-17T12:42:53+00:00 set_scene S-203 - command=49 room=50 Front_Porch_PIR channel=0 scene=1
2023-11-17T12:42:54+00:00 set_scene S-203 - command=49 room=50 Front_Porch_PIR channel=0 scene=1
2023-11-17T12:45:56+00:00 set_scene S-200 - command=49 room=50 Front_Porch_PIR channel=0 scene=0
2023-11-17T13:47:55+00:00 set_scene S-138 - command=49 room=50 Front_Porch_PIR channel=0 scene=1
2023-11-17T13:48:11+00:00 set_scene S-137 - command=49 room=50 Front_Porch_PIR channel=0 scene=1
2023-11-17T13:48:30+00:00 set_scene S-137 - command=49 room=50 Front_Porch_PIR channel=0 scene=1
2023-11-17T13:48:55+00:00 set_scene S-137 - command=49 room=50 Front_Porch_PIR channel=0 scene=1
2023-11-17T13:49:12+00:00 set_scene S-136 - command=49 room=50 Front_Porch_PIR channel=0 scene=1
2023-11-17T13:52:09+00:00 set_scene S-133 - command=49 room=50 Front_Porch_PIR channel=0 scene=0
2023-11-17T14:04:11+00:00 set_scene S-121 - command=49 room=50 Front_Porch_PIR channel=0 scene=1
2023-11-17T14:05:34+00:00 set_scene S-120 - command=49 room=50 Front_Porch_PIR channel=0 scene=1
2023-11-17T14:08:41+00:00 set_scene S-117 - command=49 room=50 Front_Porch_PIR channel=0 scene=0
2023-11-17T14:11:02+00:00 set_scene S-115 - command=49 room=50 Front_Porch_PIR channel=0 scene=1
2023-11-17T14:13:26+00:00 set_scene S-112 I command=49 room=21 Master_Bed channel=0 scene=2
2023-11-17T14:14:10+00:00 set_scene S-111 - command=49 room=50 Front_Porch_PIR channel=0 scene=0
2023-11-17T14:14:36+00:00 set_scene S-111 I command=49 room=21 Master_Bed channel=0 scene=0
2023-11-17T16:00:35+00:00 set_scene S-005 I command=49 room=14 Kitchen channel=0 scene=3
2023-11-17T16:02:00+00:00 set_scene S-004 - command=49 room=32 Gate_Lights channel=0 scene=1
2023-11-17T16:02:01+00:00 set_scene S-004 - command=49 room=33 Front_Entrance_Pillars channel=0 scene=1
2023-11-17T16:10:20+00:00 set_scene S+005 I command=49 room=14 Kitchen channel=0 scene=0
2023-11-17T16:10:20+00:00 set_scene S+005 I command=49 room=15 Kitchen_Lounge channel=0 scene=0
2023-11-17T16:10:21+00:00 set_scene S+005 I command=49 room=15 Kitchen_Lounge channel=0 scene=0
2023-11-17T16:13:23+00:00 set_scene S+008 I command=49 room=21 Master_Bed channel=0 scene=2
2023-11-17T16:18:43+00:00 set_scene S+013 I command=49 room=21 Master_Bed channel=0 scene=0
2023-11-17T16:19:15+00:00 set_scene S+014 I command=49 room=05 Living_Room channel=0 scene=2
2023-11-17T16:35:19+00:00 set_scene S+030 I command=49 room=09 Hall channel=0 scene=4
2023-11-17T16:35:20+00:00 set_scene S+030 I command=49 room=09 Hall channel=0 scene=3
2023-11-17T16:35:30+00:00 set_scene S+030 I command=49 room=14 Kitchen channel=0 scene=3
2023-11-17T16:35:31+00:00 set_scene S+030 I command=49 room=14 Kitchen channel=0 scene=2
2023-11-17T16:36:45+00:00 set_scene S+031 I command=49 room=14 Kitchen channel=0 scene=0
2023-11-17T16:36:45+00:00 set_scene S+031 I command=49 room=15 Kitchen_Lounge channel=0 scene=0
2023-11-17T16:36:46+00:00 set_scene S+031 I command=49 room=15 Kitchen_Lounge channel=0 scene=0
2023-11-17T16:38:35+00:00 set_scene S+033 I command=49 room=14 Kitchen channel=0 scene=2
2023-11-17T16:40:14+00:00 set_scene S+035 - command=49 room=50 Front_Porch_PIR channel=0 scene=0
2023-11-17T16:44:51+00:00 set_scene S+039 I command=49 room=23 Spa_Bathroom channel=0 scene=1
2023-11-17T16:44:53+00:00 set_scene S+039 I command=49 room=23 Spa_Bathroom channel=0 scene=1
2023-11-17T16:45:08+00:00 set_scene S+039 I command=49 room=23 Spa_Bathroom channel=0 scene=0
2023-11-17T16:45:48+00:00 set_scene S+040 I command=49 room=14 Kitchen channel=0 scene=0
2023-11-17T16:45:49+00:00 set_scene S+040 I command=49 room=15 Kitchen_Lounge channel=0 scene=0
2023-11-17T16:45:49+00:00 set_scene S+040 I command=49 room=15 Kitchen_Lounge channel=0 scene=0
2023-11-17T17:27:31+00:00 set_scene S+082 I command=49 room=14 Kitchen channel=0 scene=2
2023-11-17T17:57:36+00:00 set_scene S+112 - command=49 room=50 Front_Porch_PIR channel=0 scene=1
2023-11-17T18:00:36+00:00 set_scene S+115 - command=49 room=50 Front_Porch_PIR channel=0 scene=0
2023-11-17T18:28:00+00:00 set_scene S+142 - command=49 room=50 Front_Porch_PIR channel=0 scene=0
2023-11-17T18:39:51+00:00 set_scene S+154 I command=49 room=14 Kitchen channel=0 scene=0
2023-11-17T18:39:51+00:00 set_scene S+154 I command=49 room=15 Kitchen_Lounge channel=0 scene=0
2023-11-17T18:39:52+00:00 set_scene S+154 I command=49 room=15 Kitchen_Lounge channel=0 scene=0
2023-11-17T18:40:32+00:00 set_scene S+155 I command=49 room=14 Kitchen channel=0 scene=2
2023-11-17T18:41:24+00:00 set_scene S+156 I command=49 room=14 Kitchen channel=0 scene=0
2023-11-17T18:41:24+00:00 set_scene S+156 I command=49 room=15 Kitchen_Lounge channel=0 scene=0
2023-11-17T18:41:24+00:00 set_scene S+156 I command=49 room=15 Kitchen_Lounge channel=0 scene=0
2023-11-17T18:54:56+00:00 set_scene S+169 I command=49 room=23 Spa_Bathroom channel=0 scene=1
2023-11-17T18:55:13+00:00 set_scene S+170 I command=49 room=23 Spa_Bathroom channel=0 scene=0
2023-11-17T18:55:50+00:00 set_scene S+170 I command=49 room=14 Kitchen channel=0 scene=1
2023-11-17T18:57:06+00:00 set_scene S+171 I command=49 room=17 Play_Room channel=0 scene=1
2023-11-17T19:18:52+00:00 set_scene S+193 I command=49 room=14 Kitchen channel=0 scene=0
2023-11-17T19:18:52+00:00 set_scene S+193 I command=49 room=15 Kitchen_Lounge channel=0 scene=0
2023-11-17T19:18:52+00:00 set_scene S+193 I command=49 room=15 Kitchen_Lounge channel=0 scene=0
2023-11-17T19:50:56+00:00 set_scene S+225 I command=49 room=17 Play_Room channel=0 scene=0
2023-11-17T19:51:01+00:00 set_scene S+225 I command=49 room=14 Kitchen channel=0 scene=2
2023-11-17T19:54:43+00:00 set_scene S+229 - command=49 room=50 Front_Porch_PIR channel=0 scene=0
2023-11-17T19:54:55+00:00 set_scene S+229 I command=49 room=14 Kitchen channel=0 scene=0
2023-11-17T19:54:56+00:00 set_scene S+229 I command=49 room=15 Kitchen_Lounge channel=0 scene=0
2023-11-17T19:54:56+00:00 set_scene S+229 I command=49 room=15 Kitchen_Lounge channel=0 scene=0
2023-11-17T20:03:12+00:00 set_scene S+238 I command=49 room=21 Master_Bed channel=0 scene=2
2023-11-17T20:09:07+00:00 set_scene S+243 I command=49 room=21 Master_Bed channel=0 scene=0
2023-11-17T20:09:44+00:00 set_scene S+244 I command=49 room=14 Kitchen channel=0 scene=3
2023-11-17T20:11:17+00:00 set_scene S+246 I command=49 room=14 Kitchen channel=0 scene=0
2023-11-17T20:11:17+00:00 set_scene S+246 I command=49 room=15 Kitchen_Lounge channel=0 scene=0
2023-11-17T20:11:17+00:00 set_scene S+246 I command=49 room=15 Kitchen_Lounge channel=0 scene=0
2023-11-17T20:59:43+00:00 set_scene S+294 I command=49 room=14 Kitchen channel=0 scene=1
2023-11-17T21:00:23+00:00 set_scene S+295 I command=49 room=17 Play_Room channel=0 scene=1
2023-11-17T21:01:17+00:00 set_scene S+296 I command=49 room=17 Play_Room channel=0 scene=0
2023-11-17T21:02:06+00:00 set_scene S+296 I command=49 room=14 Kitchen channel=0 scene=0
2023-11-17T21:02:07+00:00 set_scene S+296 I command=49 room=15 Kitchen_Lounge channel=0 scene=0
2023-11-17T21:02:07+00:00 set_scene S+296 I command=49 room=15 Kitchen_Lounge channel=0 scene=0
2023-11-17T21:03:09+00:00 set_scene S+298 I command=49 room=23 Spa_Bathroom channel=0 scene=1
2023-11-17T21:04:10+00:00 set_scene S+299 I command=49 room=23 Spa_Bathroom channel=0 scene=0
2023-11-17T21:45:22+00:00 set_scene S+340 - command=49 room=50 Front_Porch_PIR channel=0 scene=0
2023-11-17T22:07:49+00:00 set_scene S+362 I command=49 room=14 Kitchen channel=0 scene=2
2023-11-17T22:08:45+00:00 set_scene S+363 I command=49 room=14 Kitchen channel=0 scene=0
2023-11-17T22:08:45+00:00 set_scene S+363 I command=49 room=15 Kitchen_Lounge channel=0 scene=0
2023-11-17T22:08:45+00:00 set_scene S+363 I command=49 room=15 Kitchen_Lounge channel=0 scene=0
2023-11-17T23:04:43+00:00 set_scene S+419 I command=49 room=05 Living_Room channel=0 scene=0
2023-11-17T23:04:59+00:00 set_scene S+419 I command=49 room=14 Kitchen channel=0 scene=2
2023-11-17T23:07:57+00:00 set_scene S+422 I command=49 room=14 Kitchen channel=0 scene=0
2023-11-17T23:07:57+00:00 set_scene S+422 I command=49 room=15 Kitchen_Lounge channel=0 scene=0
2023-11-17T23:07:57+00:00 set_scene S+422 I command=49 room=15 Kitchen_Lounge channel=0 scene=0
2023-11-17T23:08:42+00:00 set_scene S+423 I command=49 room=21 Master_Bed channel=0 scene=2
2023-11-17T23:12:18+00:00 set_scene S+427 I command=49 room=22 MBed_EnSuite channel=0 scene=2
2023-11-17T23:13:36+00:00 set_scene S+428 I command=49 room=06 Study channel=0 scene=0
2023-11-17T23:13:50+00:00 set_scene S+428 I command=49 room=14 Kitchen channel=0 scene=2
2023-11-17T23:14:21+00:00 set_scene S+429 I command=49 room=14 Kitchen channel=0 scene=0
2023-11-17T23:14:21+00:00 set_scene S+429 I command=49 room=15 Kitchen_Lounge channel=0 scene=0
2023-11-17T23:14:22+00:00 set_scene S+429 I command=49 room=15 Kitchen_Lounge channel=0 scene=0
2023-11-17T23:14:22+00:00 set_scene S+429 I command=49 room=09 Hall channel=0 scene=0
2023-11-17T23:15:25+00:00 set_scene S+430 - command=49 room=50 Front_Porch_PIR channel=0 scene=0
2023-11-17T23:17:49+00:00 set_scene S+432 I command=49 room=14 Kitchen channel=0 scene=1
2023-11-17T23:18:29+00:00 set_scene S+433 I command=49 room=17 Play_Room channel=0 scene=1
2023-11-17T23:22:48+00:00 set_scene S+437 I command=49 room=22 MBed_EnSuite channel=0 scene=0
2023-11-17T23:25:12+00:00 set_scene S+440 I command=49 room=21 Master_Bed channel=0 scene=0
2023-11-17T23:42:15+00:00 set_scene S+457 I command=49 room=17 Play_Room channel=0 scene=0
2023-11-17T23:42:23+00:00 set_scene S+457 I command=49 room=14 Kitchen channel=0 scene=0
2023-11-17T23:42:24+00:00 set_scene S+457 I command=49 room=15 Kitchen_Lounge channel=0 scene=0
2023-11-17T23:42:24+00:00 set_scene S+457 I command=49 room=15 Kitchen_Lounge channel=0 scene=0
2023-11-17T23:42:34+00:00 set_scene S+457 I command=49 room=22 MBed_EnSuite channel=0 scene=4
2023-11-17T23:44:03+00:00 set_scene S+458 I command=49 room=22 MBed_EnSuite channel=0 scene=0
