2023-11-23T00:30:00+00:00 set_scene R-423 - command=49 room=32 Gate_Lights channel=0 scene=0
2023-11-23T00:30:00+00:00 set_scene R-423 - command=49 room=33 Front_Entrance_Pillars channel=0 scene=0
2023-11-23T00:30:00+00:00 set_scene R-423 - command=49 room=34 Kitchen_External channel=0 scene=0
2023-11-23T00:30:01+00:00 set_scene R-423 - command=49 room=35 Garden_Path channel=0 scene=0
2023-11-23T00:30:01+00:00 set_scene R-423 - command=49 room=36 Garden_Flower_Beds channel=0 scene=0
2023-11-23T00:43:57+00:00 set_scene R-409 - command=49 room=50 Front_Porch_PIR channel=0 scene=1
2023-11-23T00:44:00+00:00 set_scene R-409 - command=49 room=50 Front_Porch_PIR channel=0 scene=1
2023-11-23T00:44:07+00:00 set_scene R-409 - command=49 room=50 Front_Porch_PIR channel=0 scene=1
2023-11-23T00:44:23+00:00 set_scene R-408 - command=49 room=50 Front_Porch_PIR channel=0 scene=1
2023-11-23T00:44:30+00:00 set_scene R-408 - command=49 room=50 Front_Porch_PIR channel=0 scene=1
2023-11-23T00:45:45+00:00 set_scene R-407 - command=49 room=50 Front_Porch_PIR channel=0 scene=1
2023-11-23T00:48:42+00:00 set_scene R-404 - command=49 room=50 Front_Porch_PIR channel=0 scene=0
2023-11-23T01:11:19+00:00 set_scene R-381 - command=49 room=50 Front_Porch_PIR channel=0 scene=1
2023-11-23T01:11:21+00:00 set_scene R-381 - command=49 room=50 Front_Porch_PIR channel=0 scene=1
2023-11-23T01:11:37+00:00 set_scene R-381 - command=49 room=50 Front_Porch_PIR channel=0 scene=1
2023-11-23T01:11:57+00:00 set_scene R-381 - command=49 room=50 Front_Porch_PIR channel=0 scene=1
2023-11-23T01:12:21+00:00 set_scene R-380 - command=49 room=50 Front_Porch_PIR channel=0 scene=1
2023-11-23T01:12:24+00:00 set_scene R-380 - command=49 room=50 Front_Porch_PIR channel=0 scene=1
2023-11-23T01:12:58+00:00 set_scene R-380 - command=49 room=50 Front_Porch_PIR channel=0 scene=1
2023-11-23T01:15:57+00:00 set_scene R-377 - command=49 room=50 Front_Porch_PIR channel=0 scene=0
2023-11-23T01:21:59+00:00 set_scene R-371 I command=49 room=06 Study channel=0 scene=0
2023-11-23T01:22:56+00:00 set_scene R-370 I command=49 room=14 Kitchen channel=0 scene=0
2023-11-23T01:22:56+00:00 set_scene R-370 I command=49 room=15 Kitchen_Lounge channel=0 scene=0
2023-11-23T01:22:57+00:00 set_scene R-370 I command=49 room=15 Kitchen_Lounge channel=0 scene=0
2023-11-23T01:24:39+00:00 set_scene R-368 I command=49 room=09 Hall channel=0 scene=0
2023-11-23T01:25:05+00:00 set_scene R-368 I command=49 room=10 Landing channel=0 scene=4
2023-11-23T01:25:07+00:00 set_scene R-368 - command=49 room=50 Front_Porch_PIR channel=0 scene=0
2023-11-23T01:54:28+00:00 set_scene R-338 - command=49 room=50 Front_Porch_PIR channel=0 scene=1
2023-11-23T01:57:27+00:00 set_scene R-335 - command=49 room=50 Front_Porch_PIR channel=0 scene=0
2023-11-23T02:32:29+00:00 set_scene R-300 - command=49 room=50 Front_Porch_PIR channel=0 scene=1
2023-11-23T02:35:26+00:00 set_scene R-297 - command=49 room=50 Front_Porch_PIR channel=0 scene=0
2023-11-23T02:37:13+00:00 set_scene R-296 - command=49 room=50 Front_Porch_PIR channel=0 scene=1
2023-11-23T02:40:11+00:00 set_scene R-293 - command=49 room=50 Front_Porch_PIR channel=0 scene=0
2023-11-23T02:51:15+00:00 set_scene R-282 - command=49 room=50 Front_Porch_PIR channel=0 scene=1
2023-11-23T02:51:20+00:00 set_scene R-281 - command=49 room=50 Front_Porch_PIR channel=0 scene=1
2023-11-23T02:54:17+00:00 set_scene R-278 - command=49 room=50 Front_Porch_PIR channel=0 scene=0
2023-11-23T04:50:58+00:00 set_scene R-162 I command=49 room=09 Hall channel=0 scene=3
2023-11-23T04:53:05+00:00 set_scene R-160 I command=49 room=31 Cloakroom_Plate channel=0 scene=1
2023-11-23T04:53:05+00:00 set_scene R-160 I command=49 room=09 Hall channel=0 scene=1
2023-11-23T04:53:32+00:00 set_scene R-159 - command=49 room=50 Front_Porch_PIR channel=0 scene=1
2023-11-23T04:53:33+00:00 set_scene R-159 I command=49 room=09 Hall channel=0 scene=4
2023-11-23T04:53:34+00:00 set_scene R-159 - command=49 room=50 Front_Porch_PIR channel=0 scene=1
2023-11-23T04:56:42+00:00 set_scene R-156 - command=49 room=50 Front_Porch_PIR channel=0 scene=0
2023-11-23T06:41:30+00:00 set_scene R-051 - command=49 room=50 Front_Porch_PIR channel=0 scene=1
2023-11-23T06:42:11+00:00 set_scene R-051 - command=49 room=50 Front_Porch_PIR channel=0 scene=1
2023-11-23T06:45:08+00:00 set_scene R-048 - command=49 room=50 Front_Porch_PIR channel=0 scene=0
2023-11-23T07:17:49+00:00 set_scene R-015 I command=49 room=14 Kitchen channel=0 scene=2
2023-11-23T08:01:11+00:00 set_scene R+028 I command=49 room=23 Spa_Bathroom channel=0 scene=1
2023-11-23T08:02:22+00:00 set_scene R+030 I command=49 room=23 Spa_Bathroom channel=0 scene=0
2023-11-23T08:03:06+00:00 set_scene R+030 - command=49 room=50 Front_Porch_PIR channel=0 scene=1
2023-11-23T08:03:27+00:00 set_scene R+031 I command=49 room=09 Hall channel=0 scene=1
2023-11-23T08:06:13+00:00 set_scene R+033 - command=49 room=50 Front_Porch_PIR channel=0 scene=0
2023-11-23T08:33:36+00:00 set_scene R+061 I command=49 room=21 Master_Bed channel=0 scene=2
2023-11-23T09:04:11+00:00 set_scene R+091 I command=49 room=21 Master_Bed channel=0 scene=0
2023-11-23T09:04:57+00:00 set_scene R+092 - command=49 room=50 Front_Porch_PIR channel=0 scene=1
2023-11-23T09:08:07+00:00 set_scene R+095 - command=49 room=50 Front_Porch_PIR channel=0 scene=0
2023-11-23T09:23:06+00:00 set_scene R+110 I command=49 room=17 Play_Room channel=0 scene=1
2023-11-23T09:26:28+00:00 set_scene R+114 - command=49 room=50 Front_Porch_PIR channel=0 scene=0
2023-11-23T09:35:21+00:00 set_scene R+123 I command=49 room=14 Kitchen channel=0 scene=0
2023-11-23T09:35:21+00:00 set_scene R+123 I command=49 room=15 Kitchen_Lounge channel=0 scene=0
2023-11-23T09:35:21+00:00 set_scene R+123 I command=49 room=15 Kitchen_Lounge channel=0 scene=0
2023-11-23T09:35:30+00:00 set_scene R+123 - command=49 room=50 Front_Porch_PIR channel=0 scene=1
2023-11-23T09:37:17+00:00 set_scene R+125 I command=49 room=05 Living_Room channel=0 scene=1
2023-11-23T09:38:39+00:00 set_scene R+126 - command=49 room=50 Front_Porch_PIR channel=0 scene=0
2023-11-23T09:57:33+00:00 set_scene R+145 I command=49 room=17 Play_Room channel=0 scene=0
2023-11-23T09:57:36+00:00 set_scene R+145 I command=49 room=17 Play_Room channel=0 scene=0
2023-11-23T10:14:21+00:00 set_scene R+162 I command=49 room=05 Living_Room channel=0 scene=0
2023-11-23T10:29:31+00:00 set_scene R+177 I command=49 room=09 Hall channel=0 scene=0
2023-11-23T10:29:39+00:00 set_scene R+177 I command=49 room=09 Hall channel=0 scene=0
2023-11-23T10:29:43+00:00 set_scene R+177 I command=49 room=09 Hall channel=0 scene=0
2023-11-23T10:39:31+00:00 set_scene R+187 - command=49 room=50 Front_Porch_PIR channel=0 scene=1
2023-11-23T10:39:38+00:00 set_scene R+187 - command=49 room=52 Alarm_Interface channel=0 scene=4
2023-11-23T10:39:38+00:00 alarm_set
2023-11-23T10:42:48+00:00 set_scene R+190 - command=49 room=50 Front_Porch_PIR channel=0 scene=0
2023-11-23T10:50:05+00:00 set_scene R+197 - command=49 room=50 Front_Porch_PIR channel=0 scene=1
2023-11-23T10:50:12+00:00 set_scene R+197 - command=49 room=50 Front_Porch_PIR channel=0 scene=1
2023-11-23T10:52:35+00:00 set_scene R+200 - command=49 room=50 Front_Porch_PIR channel=0 scene=1
2023-11-23T10:52:53+00:00 set_scene R+200 - command=49 room=50 Front_Porch_PIR channel=0 scene=1
2023-11-23T10:53:05+00:00 set_scene R+200 - command=49 room=50 Front_Porch_PIR channel=0 scene=1
2023-11-23T10:54:24+00:00 set_scene R+202 - command=49 room=50 Front_Porch_PIR channel=0 scene=1
2023-11-23T10:54:29+00:00 set_scene R+202 - command=49 room=50 Front_Porch_PIR channel=0 scene=1
2023-11-23T10:54:32+00:00 set_scene R+202 - command=49 room=50 Front_Porch_PIR channel=0 scene=1
2023-11-23T10:54:44+00:00 set_scene R+202 - command=49 room=50 Front_Porch_PIR channel=0 scene=1
2023-11-23T10:57:50+00:00 set_scene R+205 - command=49 room=50 Front_Porch_PIR channel=0 scene=0
2023-11-23T11:13:59+00:00 set_scene R+221 - command=49 room=50 Front_Porch_PIR channel=0 scene=1
2023-11-23T11:14:06+00:00 set_scene R+221 - command=49 room=50 Front_Porch_PIR channel=0 scene=1
2023-11-23T11:14:19+00:00 set_scene R+222 - command=49 room=52 Alarm_Interface channel=0 scene=0
2023-11-23T11:14:19+00:00 alarm_unset
2023-11-23T11:14:46+00:00 set_scene R+222 - command=49 room=50 Front_Porch_PIR channel=0 scene=1
2023-11-23T11:15:18+00:00 set_scene R+223 - command=49 room=50 Front_Porch_PIR channel=0 scene=1
2023-11-23T11:15:40+00:00 set_scene R+223 - command=49 room=50 Front_Porch_PIR channel=0 scene=1
2023-11-23T11:15:46+00:00 set_scene R+223 - command=49 room=52 Alarm_Interface channel=0 scene=4
2023-11-23T11:15:46+00:00 alarm_set
2023-11-23T11:15:53+00:00 set_scene R+223 - command=49 room=50 Front_Porch_PIR channel=0 scene=1
2023-11-23T11:18:50+00:00 set_scene R+226 - command=49 room=50 Front_Porch_PIR channel=0 scene=0
2023-11-23T13:28:57+00:00 set_scene S-149 - command=49 room=50 Front_Porch_PIR channel=0 scene=1
2023-11-23T13:29:05+00:00 set_scene S-149 - command=49 room=50 Front_Porch_PIR channel=0 scene=1
2023-11-23T13:29:17+00:00 set_scene S-149 - command=49 room=52 Alarm_Interface channel=0 scene=0
2023-11-23T13:29:17+00:00 alarm_unset
2023-11-23T13:30:21+00:00 set_scene S-148 - command=49 room=50 Front_Porch_PIR channel=0 scene=1
2023-11-23T13:30:27+00:00 set_scene S-148 - command=49 room=52 Alarm_Interface channel=0 scene=4
2023-11-23T13:30:27+00:00 alarm_set
2023-11-23T13:33:31+00:00 set_scene S-145 - command=49 room=50 Front_Porch_PIR channel=0 scene=0
2023-11-23T13:45:53+00:00 set_scene S-133 - command=49 room=50 Front_Porch_PIR channel=0 scene=1
2023-11-23T13:46:12+00:00 set_scene S-132 - command=49 room=52 Alarm_Interface channel=0 scene=0
2023-11-23T13:46:12+00:00 alarm_unset
2023-11-23T13:49:00+00:00 set_scene S-129 - command=49 room=50 Front_Porch_PIR channel=0 scene=0
2023-11-23T15:10:49+00:00 set_scene S-048 I command=49 room=14 Kitchen channel=0 scene=2
2023-11-23T15:54:00+00:00 set_scene S-004 - command=49 room=32 Gate_Lights channel=0 scene=1
2023-11-23T15:54:00+00:00 set_scene S-004 - command=49 room=33 Front_Entrance_Pillars channel=0 scene=1
2023-11-23T15:57:51+00:00 set_scene S-001 I command=49 room=09 Hall channel=0 scene=2
2023-11-23T15:59:33+00:00 set_scene S+001 I command=49 room=06 Study channel=0 scene=1
2023-11-23T15:59:49+00:00 set_scene S+001 I command=49 room=06 Study channel=0 scene=0
2023-11-23T16:07:43+00:00 set_scene S+009 I command=49 room=14 Kitchen channel=0 scene=0
2023-11-23T16:07:43+00:00 set_scene S+009 I command=49 room=15 Kitchen_Lounge channel=0 scene=0
2023-11-23T16:07:43+00:00 set_scene S+009 I command=49 room=15 Kitchen_Lounge channel=0 scene=0
2023-11-23T16:08:42+00:00 set_scene S+010 - command=49 room=50 Front_Porch_PIR channel=0 scene=1
2023-11-23T16:08:49+00:00 set_scene S+010 - command=49 room=52 Alarm_Interface channel=0 scene=4
2023-11-23T16:08:49+00:00 alarm_set
2023-11-23T16:11:51+00:00 set_scene S+013 - command=49 room=50 Front_Porch_PIR channel=0 scene=0
2023-11-23T17:51:24+00:00 set_scene S+113 - command=49 room=50 Front_Porch_PIR channel=0 scene=1
2023-11-23T17:51:33+00:00 set_scene S+113 - command=49 room=50 Front_Porch_PIR channel=0 scene=1
2023-11-23T17:51:43+00:00 set_scene S+113 - command=49 room=52 Alarm_Interface channel=0 scene=0
2023-11-23T17:51:43+00:00 alarm_unset
2023-11-23T17:52:00+00:00 set_scene S+114 I command=49 room=14 Kitchen channel=0 scene=2
2023-11-23T17:55:56+00:00 set_scene S+118 - command=49 room=50 Front_Porch_PIR channel=0 scene=0
2023-11-23T17:58:18+00:00 set_scene S+120 I command=49 room=17 Play_Room channel=0 scene=1
2023-11-23T18:30:57+00:00 set_scene S+153 I command=49 room=15 Kitchen_Lounge channel=0 scene=2
2023-11-23T19:12:53+00:00 set_scene S+194 I command=49 room=05 Living_Room channel=0 scene=1
2023-11-23T19:13:23+00:00 set_scene S+195 I command=49 room=14 Kitchen channel=0 scene=0
2023-11-23T19:13:23+00:00 set_scene S+195 I command=49 room=15 Kitchen_Lounge channel=0 scene=0
2023-11-23T19:13:24+00:00 set_scene S+195 I command=49 room=15 Kitchen_Lounge channel=0 scene=0
2023-11-23T19:13:32+00:00 set_scene S+195 I command=49 room=17 Play_Room channel=0 scene=0
2023-11-23T19:14:12+00:00 set_scene S+196 I command=49 room=21 Master_Bed channel=0 scene=1
2023-11-23T19:18:57+00:00 set_scene S+201 I command=49 room=21 Master_Bed channel=0 scene=0
2023-11-23T22:21:33+00:00 set_scene S+383 - command=49 room=50 Front_Porch_PIR channel=0 scene=1
2023-11-23T22:24:30+00:00 set_scene S+386 - command=49 room=50 Front_Porch_PIR channel=0 scene=0
2023-11-23T22:58:31+00:00 set_scene S+420 I command=49 room=23 Spa_Bathroom channel=0 scene=1
2023-11-23T22:59:04+00:00 set_scene S+421 I command=49 room=23 Spa_Bathroom channel=0 scene=0
2023-11-23T22:59:32+00:00 set_scene S+421 I command=49 room=05 Living_Room channel=0 scene=0
2023-11-23T22:59:43+00:00 set_scene S+421 I command=49 room=14 Kitchen channel=0 scene=1
2023-11-23T23:12:27+00:00 set_scene S+434 I command=49 room=14 Kitchen channel=0 scene=0
2023-11-23T23:12:28+00:00 set_scene S+434 I command=49 room=15 Kitchen_Lounge channel=0 scene=0
2023-11-23T23:12:28+00:00 set_scene S+434 I command=49 room=15 Kitchen_Lounge channel=0 scene=0
2023-11-23T23:12:35+00:00 set_scene S+434 I command=49 room=09 Hall channel=0 scene=4
2023-11-23T23:12:42+00:00 set_scene S+434 I command=49 room=17 Play_Room channel=0 scene=3
2023-11-23T23:12:46+00:00 set_scene S+434 I command=49 room=17 Play_Room channel=0 scene=3
2023-11-23T23:12:48+00:00 set_scene S+434 I command=49 room=17 Play_Room channel=0 scene=2
2023-11-23T23:13:05+00:00 set_scene S+435 I command=49 room=21 Master_Bed channel=0 scene=0
2023-11-23T23:13:05+00:00 set_scene S+435 I command=49 room=21 Master_Bed channel=0 scene=4
2023-11-23T23:13:07+00:00 set_scene S+435 I command=49 room=21 Master_Bed channel=0 scene=2
2023-11-23T23:13:54+00:00 set_scene S+436 I command=49 room=22 MBed_EnSuite channel=0 scene=2
2023-11-23T23:18:18+00:00 set_scene S+440 I command=49 room=05 Living_Room channel=0 scene=3
2023-11-23T23:18:55+00:00 set_scene S+441 I command=49 room=05 Living_Room channel=0 scene=0
2023-11-23T23:24:00+00:00 set_scene S+446 I command=49 room=23 Spa_Bathroom channel=0 scene=2
2023-11-23T23:24:36+00:00 set_scene S+446 I command=49 room=23 Spa_Bathroom channel=0 scene=0
2023-11-23T23:26:44+00:00 set_scene S+448 I command=49 room=17 Play_Room channel=0 scene=0
2023-11-23T23:26:53+00:00 set_scene S+448 I command=49 room=09 Hall channel=0 scene=0
2023-11-23T23:28:30+00:00 set_scene S+450 I command=49 room=22 MBed_EnSuite channel=0 scene=0
2023-11-23T23:29:39+00:00 set_scene S+451 I command=49 room=21 Master_Bed channel=0 scene=0
