2022-07-04T00:30:01+01:00 set_scene R-255 - command=49 room=32 Gate_Lights channel=0 scene=0
2022-07-04T00:30:01+01:00 set_scene R-255 - command=49 room=33 Front_Entrance_Pillars channel=0 scene=0
2022-07-04T00:30:01+01:00 set_scene R-255 - command=49 room=34 Kitchen_External channel=0 scene=0
2022-07-04T00:30:02+01:00 set_scene R-255 - command=49 room=35 Garden_Path channel=0 scene=0
2022-07-04T00:30:02+01:00 set_scene R-255 - command=49 room=36 Garden_Flower_Beds channel=0 scene=0
2022-07-04T02:00:51+01:00 set_scene R-164 I command=49 room=05 Living_Room channel=0 scene=0
2022-07-04T02:01:17+01:00 set_scene R-163 I command=49 room=09 Hall channel=0 scene=0
2022-07-04T02:01:33+01:00 set_scene R-163 - command=49 room=52 Alarm_Interface channel=0 scene=4
2022-07-04T02:01:33+01:00 alarm_set
2022-07-04T06:09:40+01:00 set_scene R+085 - command=49 room=52 Alarm_Interface channel=0 scene=0
2022-07-04T06:09:40+01:00 alarm_unset
2022-07-04T08:00:52+01:00 set_scene R+196 I command=49 room=21 Master_Bed channel=0 scene=2
2022-07-04T08:14:56+01:00 set_scene R+210 I command=49 room=21 Master_Bed channel=0 scene=0
2022-07-04T08:24:38+01:00 set_scene R+220 - command=49 room=50 Front_Porch_PIR channel=0 scene=1
2022-07-04T08:27:44+01:00 set_scene R+223 - command=49 room=50 Front_Porch_PIR channel=0 scene=0
2022-07-04T09:05:37+01:00 set_scene R+261 - command=49 room=50 Front_Porch_PIR channel=0 scene=1
2022-07-04T09:05:50+01:00 set_scene R+261 - command=49 room=50 Front_Porch_PIR channel=0 scene=1
2022-07-04T09:05:58+01:00 set_scene R+261 - command=49 room=50 Front_Porch_PIR channel=0 scene=1
2022-07-04T09:06:25+01:00 set_scene R+262 - command=49 room=50 Front_Porch_PIR channel=0 scene=1
2022-07-04T09:06:47+01:00 set_scene R+262 - command=49 room=50 Front_Porch_PIR channel=0 scene=1
2022-07-04T09:09:46+01:00 set_scene R+265 - command=49 room=50 Front_Porch_PIR channel=0 scene=0
2022-07-04T09:29:01+01:00 set_scene R+284 - command=49 room=50 Front_Porch_PIR channel=0 scene=0
2022-07-04T11:15:24+01:00 set_scene R+391 I command=49 room=23 Spa_Bathroom channel=0 scene=1
2022-07-04T11:19:11+01:00 set_scene R+395 I command=49 room=23 Spa_Bathroom channel=0 scene=0
2022-07-04T11:19:12+01:00 set_scene R+395 I command=49 room=23 Spa_Bathroom channel=0 scene=0
2022-07-04T11:19:13+01:00 set_scene R+395 I command=49 room=23 Spa_Bathroom channel=0 scene=0
2022-07-04T11:43:14+01:00 set_scene R+419 - command=49 room=50 Front_Porch_PIR channel=0 scene=1
2022-07-04T11:43:49+01:00 set_scene R+419 - command=49 room=50 Front_Porch_PIR channel=0 scene=1
2022-07-04T11:46:54+01:00 set_scene R+422 - command=49 room=50 Front_Porch_PIR channel=0 scene=0
2022-07-04T12:13:37+01:00 set_scene R+449 - command=49 room=50 Front_Porch_PIR channel=0 scene=1
2022-07-04T12:13:47+01:00 set_scene R+449 - command=49 room=50 Front_Porch_PIR channel=0 scene=1
2022-07-04T12:13:55+01:00 set_scene R+449 - command=49 room=50 Front_Porch_PIR channel=0 scene=1
2022-07-04T12:14:33+01:00 set_scene R+450 - command=49 room=50 Front_Porch_PIR channel=0 scene=1
2022-07-04T12:17:43+01:00 set_scene R+453 - command=49 room=50 Front_Porch_PIR channel=0 scene=0
2022-07-04T12:39:17+01:00 set_scene R+475 I command=49 room=23 Spa_Bathroom channel=0 scene=4
2022-07-04T12:39:17+01:00 set_scene R+475 I command=49 room=23 Spa_Bathroom channel=0 scene=0
2022-07-04T12:57:07+01:00 set_scene R+493 I command=49 room=21 Master_Bed channel=0 scene=2
2022-07-04T12:58:09+01:00 set_scene R+494 I command=49 room=21 Master_Bed channel=0 scene=0
2022-07-04T13:30:58+01:00 set_scene S-472 - command=49 room=50 Front_Porch_PIR channel=0 scene=1
2022-07-04T13:31:01+01:00 set_scene S-472 - command=49 room=50 Front_Porch_PIR channel=0 scene=1
2022-07-04T13:31:30+01:00 set_scene S-471 - command=49 room=50 Front_Porch_PIR channel=0 scene=1
2022-07-04T13:34:44+01:00 set_scene S-468 - command=49 room=50 Front_Porch_PIR channel=0 scene=0
2022-07-04T13:36:11+01:00 set_scene S-467 - command=49 room=50 Front_Porch_PIR channel=0 scene=1
2022-07-04T13:36:23+01:00 set_scene S-467 - command=49 room=50 Front_Porch_PIR channel=0 scene=1
2022-07-04T13:39:29+01:00 set_scene S-463 - command=49 room=50 Front_Porch_PIR channel=0 scene=0
2022-07-04T15:25:29+01:00 set_scene S-357 I command=49 room=21 Master_Bed channel=0 scene=2
2022-07-04T15:31:24+01:00 set_scene S-352 I command=49 room=21 Master_Bed channel=0 scene=0
2022-07-04T18:32:44+01:00 set_scene S-170 - command=49 room=50 Front_Porch_PIR channel=0 scene=0
2022-07-04T19:13:15+01:00 set_scene S-130 I command=49 room=23 Spa_Bathroom channel=0 scene=1
2022-07-04T19:14:08+01:00 set_scene S-129 I command=49 room=23 Spa_Bathroom channel=0 scene=0
2022-07-04T21:01:57+01:00 set_scene S-021 I command=49 room=23 Spa_Bathroom channel=0 scene=1
2022-07-04T21:03:12+01:00 set_scene S-020 I command=49 room=23 Spa_Bathroom channel=0 scene=0
2022-07-04T21:04:25+01:00 set_scene S-019 I command=49 room=21 Master_Bed channel=0 scene=1
2022-07-04T21:04:30+01:00 set_scene S-018 I command=49 room=22 MBed_EnSuite channel=0 scene=1
2022-07-04T21:18:00+01:00 set_scene S-005 - command=49 room=32 Gate_Lights channel=0 scene=1
2022-07-04T21:18:01+01:00 set_scene S-005 - command=49 room=33 Front_Entrance_Pillars channel=0 scene=1
2022-07-04T21:22:14+01:00 set_scene S-001 I command=49 room=22 MBed_EnSuite channel=0 scene=0
2022-07-04T21:23:13+01:00 set_scene S+000 I command=49 room=21 Master_Bed channel=0 scene=0
2022-07-04T21:23:27+01:00 set_scene S+001 I command=49 room=23 Spa_Bathroom channel=0 scene=1
2022-07-04T21:23:54+01:00 set_scene S+001 I command=49 room=21 Master_Bed channel=0 scene=2
2022-07-04T21:24:40+01:00 set_scene S+002 I command=49 room=23 Spa_Bathroom channel=0 scene=0
2022-07-04T21:26:17+01:00 set_scene S+003 I command=49 room=05 Living_Room channel=0 scene=3
2022-07-04T21:29:59+01:00 set_scene S+007 I command=49 room=14 Kitchen channel=0 scene=2
2022-07-04T21:40:34+01:00 set_scene S+018 I command=49 room=14 Kitchen channel=0 scene=0
2022-07-04T21:40:34+01:00 set_scene S+018 I command=49 room=15 Kitchen_Lounge channel=0 scene=0
2022-07-04T21:40:34+01:00 set_scene S+018 I command=49 room=15 Kitchen_Lounge channel=0 scene=0
2022-07-04T21:53:35+01:00 set_scene S+031 I command=49 room=14 Kitchen channel=0 scene=1
2022-07-04T21:59:07+01:00 set_scene S+036 I command=49 room=14 Kitchen channel=0 scene=0
2022-07-04T21:59:07+01:00 set_scene S+036 I command=49 room=15 Kitchen_Lounge channel=0 scene=0
2022-07-04T21:59:08+01:00 set_scene S+036 I command=49 room=15 Kitchen_Lounge channel=0 scene=0
2022-07-04T21:59:18+01:00 set_scene S+036 I command=49 room=17 Play_Room channel=0 scene=1
2022-07-04T22:02:04+01:00 set_scene S+039 I command=49 room=17 Play_Room channel=0 scene=4
2022-07-04T22:02:05+01:00 set_scene S+039 I command=49 room=17 Play_Room channel=0 scene=0
2022-07-04T22:02:14+01:00 set_scene S+039 I command=49 room=14 Kitchen channel=0 scene=1
2022-07-04T22:06:05+01:00 set_scene S+043 I command=49 room=14 Kitchen channel=0 scene=0
2022-07-04T22:06:06+01:00 set_scene S+043 I command=49 room=15 Kitchen_Lounge channel=0 scene=0
2022-07-04T22:06:06+01:00 set_scene S+043 I command=49 room=15 Kitchen_Lounge channel=0 scene=0
2022-07-04T22:53:09+01:00 set_scene S+090 I command=49 room=09 Hall channel=0 scene=4
2022-07-04T22:54:18+01:00 set_scene S+091 I command=49 room=14 Kitchen channel=0 scene=1
2022-07-04T22:55:38+01:00 set_scene S+093 I command=49 room=14 Kitchen channel=0 scene=0
2022-07-04T22:55:38+01:00 set_scene S+093 I command=49 room=15 Kitchen_Lounge channel=0 scene=0
2022-07-04T22:55:39+01:00 set_scene S+093 I command=49 room=15 Kitchen_Lounge channel=0 scene=0
2022-07-04T22:56:45+01:00 set_scene S+094 I command=49 room=14 Kitchen channel=0 scene=1
2022-07-04T22:57:36+01:00 set_scene S+095 I command=49 room=14 Kitchen channel=0 scene=0
2022-07-04T22:57:36+01:00 set_scene S+095 I command=49 room=15 Kitchen_Lounge channel=0 scene=0
2022-07-04T22:57:37+01:00 set_scene S+095 I command=49 room=15 Kitchen_Lounge channel=0 scene=0
2022-07-04T22:57:46+01:00 set_scene S+095 I command=49 room=14 Kitchen channel=0 scene=3
2022-07-04T22:58:21+01:00 set_scene S+095 - command=49 room=50 Front_Porch_PIR channel=0 scene=0
2022-07-04T23:01:40+01:00 set_scene S+099 I command=49 room=14 Kitchen channel=0 scene=0
2022-07-04T23:01:40+01:00 set_scene S+099 I command=49 room=15 Kitchen_Lounge channel=0 scene=0
2022-07-04T23:01:40+01:00 set_scene S+099 I command=49 room=15 Kitchen_Lounge channel=0 scene=0
2022-07-04T23:03:27+01:00 set_scene S+100 I command=49 room=22 MBed_EnSuite channel=0 scene=4
2022-07-04T23:11:35+01:00 set_scene S+109 I command=49 room=22 MBed_EnSuite channel=0 scene=0
2022-07-04T23:12:27+01:00 set_scene S+110 I command=49 room=21 Master_Bed channel=0 scene=0
2022-07-04T23:14:07+01:00 set_scene S+111 I command=49 room=23 Spa_Bathroom channel=0 scene=1
2022-07-04T23:18:25+01:00 set_scene S+115 I command=49 room=23 Spa_Bathroom channel=0 scene=0
2022-07-04T23:25:23+01:00 set_scene S+122 I command=49 room=22 MBed_EnSuite channel=0 scene=4
2022-07-04T23:27:00+01:00 set_scene S+124 I command=49 room=22 MBed_EnSuite channel=0 scene=0
2022-07-04T23:36:16+01:00 set_scene S+133 I command=49 room=22 MBed_EnSuite channel=0 scene=4
2022-07-04T23:37:29+01:00 set_scene S+135 I command=49 room=22 MBed_EnSuite channel=0 scene=0
2022-07-04T23:39:11+01:00 set_scene S+136 I command=49 room=14 Kitchen channel=0 scene=4
2022-07-04T23:39:21+01:00 set_scene S+136 I command=49 room=14 Kitchen channel=0 scene=0
2022-07-04T23:39:22+01:00 set_scene S+136 I command=49 room=15 Kitchen_Lounge channel=0 scene=0
2022-07-04T23:39:22+01:00 set_scene S+136 I command=49 room=15 Kitchen_Lounge channel=0 scene=0
2022-07-04T23:42:29+01:00 set_scene S+140 I command=49 room=23 Spa_Bathroom channel=0 scene=1
2022-07-04T23:43:15+01:00 set_scene S+140 I command=49 room=23 Spa_Bathroom channel=0 scene=0
