2023-11-18T00:00:01+00:00 set_scene R-444 I command=49 room=22 MBed_EnSuite channel=0 scene=3
2023-11-18T00:01:11+00:00 set_scene R-443 I command=49 room=22 MBed_EnSuite channel=0 scene=0
2023-11-18T00:30:00+00:00 set_scene R-414 - command=49 room=32 Gate_Lights channel=0 scene=0
2023-11-18T00:30:00+00:00 set_scene R-414 - command=49 room=33 Front_Entrance_Pillars channel=0 scene=0
2023-11-18T00:30:00+00:00 set_scene R-414 - command=49 room=34 Kitchen_External channel=0 scene=0
2023-11-18T00:30:01+00:00 set_scene R-414 - command=49 room=35 Garden_Path channel=0 scene=0
2023-11-18T00:30:01+00:00 set_scene R-414 - command=49 room=36 Garden_Flower_Beds channel=0 scene=0
2023-11-18T08:38:32+00:00 set_scene R+074 I command=49 room=14 Kitchen channel=0 scene=2
2023-11-18T09:01:15+00:00 set_scene R+097 - command=49 room=50 Front_Porch_PIR channel=0 scene=1
2023-11-18T09:01:23+00:00 set_scene R+097 - command=49 room=50 Front_Porch_PIR channel=0 scene=1
2023-11-18T09:01:36+00:00 set_scene R+097 - command=49 room=50 Front_Porch_PIR channel=0 scene=1
2023-11-18T09:01:57+00:00 set_scene R+098 - command=49 room=50 Front_Porch_PIR channel=0 scene=1
2023-11-18T09:04:58+00:00 set_scene R+101 - command=49 room=50 Front_Porch_PIR channel=0 scene=0
2023-11-18T10:18:07+00:00 set_scene R+174 I command=49 room=22 MBed_EnSuite channel=0 scene=0
2023-11-18T11:03:28+00:00 set_scene R+219 - command=49 room=50 Front_Porch_PIR channel=0 scene=1
2023-11-18T11:03:36+00:00 set_scene R+219 - command=49 room=50 Front_Porch_PIR channel=0 scene=1
2023-11-18T11:06:39+00:00 set_scene R+222 - command=49 room=50 Front_Porch_PIR channel=0 scene=0
2023-11-18T11:26:45+00:00 set_scene R+242 - command=49 room=50 Front_Porch_PIR channel=0 scene=1
2023-11-18T11:27:10+00:00 set_scene R+243 - command=49 room=50 Front_Porch_PIR channel=0 scene=1
2023-11-18T11:27:33+00:00 set_scene R+243 - command=49 room=50 Front_Porch_PIR channel=0 scene=1
2023-11-18T11:27:37+00:00 set_scene R+243 - command=49 room=50 Front_Porch_PIR channel=0 scene=1
2023-11-18T11:27:50+00:00 set_scene R+243 - command=49 room=50 Front_Porch_PIR channel=0 scene=1
2023-11-18T11:28:40+00:00 set_scene R+244 - command=49 room=50 Front_Porch_PIR channel=0 scene=1
2023-11-18T11:28:43+00:00 set_scene R+244 - command=49 room=50 Front_Porch_PIR channel=0 scene=1
2023-11-18T11:28:48+00:00 set_scene R+244 - command=49 room=50 Front_Porch_PIR channel=0 scene=1
2023-11-18T11:28:57+00:00 set_scene R+245 - command=49 room=50 Front_Porch_PIR channel=0 scene=1
2023-11-18T11:29:07+00:00 set_scene R+245 - command=49 room=50 Front_Porch_PIR channel=0 scene=1
2023-11-18T11:29:12+00:00 set_scene R+245 - command=49 room=50 Front_Porch_PIR channel=0 scene=1
2023-11-18T11:32:09+00:00 set_scene R+248 - command=49 room=50 Front_Porch_PIR channel=0 scene=0
2023-11-18T11:49:30+00:00 set_scene S-255 I command=49 room=14 Kitchen channel=0 scene=0
2023-11-18T11:49:30+00:00 set_scene S-255 I command=49 room=15 Kitchen_Lounge channel=0 scene=0
2023-11-18T11:49:31+00:00 set_scene S-255 I command=49 room=15 Kitchen_Lounge channel=0 scene=0
2023-11-18T11:56:12+00:00 set_scene S-248 I command=49 room=23 Spa_Bathroom channel=0 scene=1
2023-11-18T11:58:25+00:00 set_scene S-246 I command=49 room=23 Spa_Bathroom channel=0 scene=4
2023-11-18T11:58:26+00:00 set_scene S-246 I command=49 room=23 Spa_Bathroom channel=0 scene=0
2023-11-18T11:59:33+00:00 set_scene S-245 I command=49 room=21 Master_Bed channel=0 scene=2
2023-11-18T12:44:02+00:00 set_scene S-200 I command=49 room=21 Master_Bed channel=0 scene=0
2023-11-18T12:59:48+00:00 set_scene S-185 I command=49 room=23 Spa_Bathroom channel=0 scene=0
2023-11-18T13:51:55+00:00 set_scene S-132 I command=49 room=21 Master_Bed channel=0 scene=2
2023-11-18T14:08:37+00:00 set_scene S-116 I command=49 room=21 Master_Bed channel=0 scene=0
2023-11-18T14:21:49+00:00 set_scene S-103 I command=49 room=21 Master_Bed channel=0 scene=1
2023-11-18T14:24:37+00:00 set_scene S-100 - command=49 room=50 Front_Porch_PIR channel=0 scene=0
2023-11-18T14:24:51+00:00 set_scene S-099 I command=49 room=21 Master_Bed channel=0 scene=0
2023-11-18T14:27:54+00:00 set_scene S-096 - command=49 room=50 Front_Porch_PIR channel=0 scene=1
2023-11-18T14:31:02+00:00 set_scene S-093 - command=49 room=50 Front_Porch_PIR channel=0 scene=0
2023-11-18T15:05:23+00:00 set_scene S-059 I command=49 room=23 Spa_Bathroom channel=0 scene=1
2023-11-18T15:05:27+00:00 set_scene S-059 I command=49 room=23 Spa_Bathroom channel=0 scene=1
2023-11-18T15:07:01+00:00 set_scene S-057 I command=49 room=23 Spa_Bathroom channel=0 scene=0
2023-11-18T15:13:18+00:00 set_scene S-051 - command=49 room=50 Front_Porch_PIR channel=0 scene=1
2023-11-18T15:16:31+00:00 set_scene S-048 - command=49 room=50 Front_Porch_PIR channel=0 scene=0
2023-11-18T15:22:42+00:00 set_scene S-042 I command=49 room=15 Kitchen_Lounge channel=0 scene=2
2023-11-18T15:45:11+00:00 set_scene S-019 I command=49 room=05 Living_Room channel=0 scene=2
2023-11-18T16:00:01+00:00 set_scene S-004 - command=49 room=32 Gate_Lights channel=0 scene=1
2023-11-18T16:00:01+00:00 set_scene S-004 - command=49 room=33 Front_Entrance_Pillars channel=0 scene=1
2023-11-18T16:02:20+00:00 set_scene S-002 - command=49 room=50 Front_Porch_PIR channel=0 scene=0
2023-11-18T16:04:29+00:00 set_scene S+000 I command=49 room=05 Living_Room channel=0 scene=0
2023-11-18T16:08:29+00:00 set_scene S+004 I command=49 room=05 Living_Room channel=0 scene=2
2023-11-18T17:17:52+00:00 set_scene S+074 I command=49 room=23 Spa_Bathroom channel=0 scene=1
2023-11-18T17:57:53+00:00 set_scene S+114 I command=49 room=05 Living_Room channel=0 scene=0
2023-11-18T17:57:58+00:00 set_scene S+114 I command=49 room=09 Hall channel=0 scene=2
2023-11-18T17:58:22+00:00 set_scene S+114 I command=49 room=21 Master_Bed channel=0 scene=2
2023-11-18T18:21:27+00:00 set_scene S+137 I command=49 room=21 Master_Bed channel=0 scene=0
2023-11-18T18:21:59+00:00 set_scene S+138 I command=49 room=14 Kitchen channel=0 scene=2
2023-11-18T18:24:49+00:00 set_scene S+140 I command=49 room=05 Living_Room channel=0 scene=2
2023-11-18T18:43:56+00:00 set_scene S+160 I command=49 room=21 Master_Bed channel=0 scene=1
2023-11-18T18:44:02+00:00 set_scene S+160 I command=49 room=22 MBed_EnSuite channel=0 scene=1
2023-11-18T18:58:26+00:00 set_scene S+174 I command=49 room=22 MBed_EnSuite channel=0 scene=0
2023-11-18T18:58:35+00:00 set_scene S+174 I command=49 room=21 Master_Bed channel=0 scene=0
2023-11-18T19:23:00+00:00 set_scene S+199 I command=49 room=21 Master_Bed channel=0 scene=1
2023-11-18T19:23:11+00:00 set_scene S+199 I command=49 room=21 Master_Bed channel=0 scene=0
2023-11-18T19:25:47+00:00 set_scene S+201 I command=49 room=23 Spa_Bathroom channel=0 scene=1
2023-11-18T19:27:48+00:00 set_scene S+203 I command=49 room=23 Spa_Bathroom channel=0 scene=0
2023-11-18T20:30:36+00:00 set_scene S+266 - command=49 room=50 Front_Porch_PIR channel=0 scene=0
2023-11-18T20:31:31+00:00 set_scene S+267 - command=49 room=50 Front_Porch_PIR channel=0 scene=1
2023-11-18T20:34:42+00:00 set_scene S+270 - command=49 room=50 Front_Porch_PIR channel=0 scene=0
2023-11-18T20:39:09+00:00 set_scene S+275 - command=49 room=50 Front_Porch_PIR channel=0 scene=1
2023-11-18T20:40:48+00:00 set_scene S+276 I command=49 room=21 Master_Bed channel=0 scene=2
2023-11-18T20:42:21+00:00 set_scene S+278 - command=49 room=50 Front_Porch_PIR channel=0 scene=0
2023-11-18T20:48:18+00:00 set_scene S+284 I command=49 room=21 Master_Bed channel=0 scene=0
2023-11-18T20:57:24+00:00 set_scene S+293 I command=49 room=14 Kitchen channel=0 scene=0
2023-11-18T20:57:24+00:00 set_scene S+293 I command=49 room=15 Kitchen_Lounge channel=0 scene=0
2023-11-18T20:57:24+00:00 set_scene S+293 I command=49 room=15 Kitchen_Lounge channel=0 scene=0
2023-11-18T20:58:15+00:00 set_scene S+294 I command=49 room=21 Master_Bed channel=0 scene=2
2023-11-18T21:04:56+00:00 set_scene S+301 I command=49 room=21 Master_Bed channel=0 scene=3
2023-11-18T21:16:00+00:00 set_scene S+312 I command=49 room=22 MBed_EnSuite channel=0 scene=2
2023-11-18T21:22:03+00:00 set_scene S+318 I command=49 room=22 MBed_EnSuite channel=0 scene=0
2023-11-18T21:22:36+00:00 set_scene S+318 I command=49 room=21 Master_Bed channel=0 scene=0
2023-11-18T21:23:13+00:00 set_scene S+319 I command=49 room=05 Living_Room channel=0 scene=0
2023-11-18T21:24:19+00:00 set_scene S+320 I command=49 room=14 Kitchen channel=0 scene=2
2023-11-18T21:25:46+00:00 set_scene S+321 I command=49 room=14 Kitchen channel=0 scene=4
2023-11-18T21:26:21+00:00 set_scene S+322 I command=49 room=09 Hall channel=0 scene=3
2023-11-18T21:26:34+00:00 set_scene S+322 - command=49 room=50 Front_Porch_PIR channel=0 scene=1
2023-11-18T21:26:39+00:00 set_scene S+322 - command=49 room=50 Front_Porch_PIR channel=0 scene=1
2023-11-18T21:26:57+00:00 set_scene S+323 - command=49 room=52 Alarm_Interface channel=0 scene=4
2023-11-18T21:26:57+00:00 alarm_set
2023-11-18T21:30:01+00:00 set_scene S+326 - command=49 room=50 Front_Porch_PIR channel=0 scene=0
2023-11-18T23:36:33+00:00 set_scene S+452 - command=49 room=50 Front_Porch_PIR channel=0 scene=1
2023-11-18T23:38:50+00:00 set_scene S+455 - command=49 room=50 Front_Porch_PIR channel=0 scene=1
2023-11-18T23:39:14+00:00 set_scene S+455 - command=49 room=52 Alarm_Interface channel=0 scene=0
2023-11-18T23:39:14+00:00 alarm_unset
2023-11-18T23:42:29+00:00 set_scene S+458 - command=49 room=50 Front_Porch_PIR channel=0 scene=0
2023-11-18T23:42:52+00:00 set_scene S+459 - command=49 room=50 Front_Porch_PIR channel=0 scene=1
2023-11-18T23:45:51+00:00 set_scene S+462 - command=49 room=50 Front_Porch_PIR channel=0 scene=0
