2023-04-12T00:00:46+01:00 set_scene R-369 I command=49 room=14 Kitchen channel=0 scene=0
2023-04-12T00:00:46+01:00 set_scene R-369 I command=49 room=15 Kitchen_Lounge channel=0 scene=0
2023-04-12T00:00:47+01:00 set_scene R-369 I command=49 room=15 Kitchen_Lounge channel=0 scene=0
2023-04-12T00:01:19+01:00 set_scene R-368 I command=49 room=10 Landing channel=0 scene=4
2023-04-12T00:01:49+01:00 set_scene R-368 I command=49 room=21 Master_Bed channel=0 scene=0
2023-04-12T00:03:38+01:00 set_scene R-366 I command=49 room=23 Spa_Bathroom channel=0 scene=0
2023-04-12T00:28:33+01:00 set_scene R-341 I command=49 room=22 MBed_EnSuite channel=0 scene=2
2023-04-12T00:30:00+01:00 set_scene R-340 - command=49 room=32 Gate_Lights channel=0 scene=0
2023-04-12T00:30:01+01:00 set_scene R-340 - command=49 room=33 Front_Entrance_Pillars channel=0 scene=0
2023-04-12T00:30:01+01:00 set_scene R-340 - command=49 room=34 Kitchen_External channel=0 scene=0
2023-04-12T00:30:01+01:00 set_scene R-340 - command=49 room=35 Garden_Path channel=0 scene=0
2023-04-12T00:30:02+01:00 set_scene R-340 - command=49 room=36 Garden_Flower_Beds channel=0 scene=0
2023-04-12T00:30:10+01:00 set_scene R-339 I command=49 room=22 MBed_EnSuite channel=0 scene=0
2023-04-12T00:32:55+01:00 set_scene R-337 I command=49 room=23 Spa_Bathroom channel=0 scene=1
2023-04-12T00:33:54+01:00 set_scene R-336 I command=49 room=23 Spa_Bathroom channel=0 scene=0
2023-04-12T01:30:36+01:00 set_scene R-279 I command=49 room=14 Kitchen channel=0 scene=1
2023-04-12T01:31:28+01:00 set_scene R-278 I command=49 room=14 Kitchen channel=0 scene=0
2023-04-12T01:31:28+01:00 set_scene R-278 I command=49 room=15 Kitchen_Lounge channel=0 scene=0
2023-04-12T01:31:28+01:00 set_scene R-278 I command=49 room=15 Kitchen_Lounge channel=0 scene=0
2023-04-12T02:15:33+01:00 set_scene R-234 I command=49 room=06 Study channel=0 scene=0
2023-04-12T02:15:56+01:00 set_scene R-234 I command=49 room=09 Hall channel=0 scene=4
2023-04-12T02:16:34+01:00 set_scene R-233 I command=49 room=10 Landing channel=0 scene=0
2023-04-12T09:15:50+01:00 set_scene R+186 - command=49 room=50 Front_Porch_PIR channel=0 scene=1
2023-04-12T09:15:59+01:00 set_scene R+186 - command=49 room=50 Front_Porch_PIR channel=0 scene=1
2023-04-12T09:18:59+01:00 set_scene R+189 - command=49 room=50 Front_Porch_PIR channel=0 scene=0
2023-04-12T10:16:14+01:00 set_scene R+247 I command=49 room=21 Master_Bed channel=0 scene=1
2023-04-12T10:16:20+01:00 set_scene R+247 I command=49 room=22 MBed_EnSuite channel=0 scene=1
2023-04-12T10:26:06+01:00 set_scene R+257 I command=49 room=06 Study channel=0 scene=1
2023-04-12T10:41:23+01:00 set_scene R+272 I command=49 room=22 MBed_EnSuite channel=0 scene=0
2023-04-12T10:41:33+01:00 set_scene R+272 I command=49 room=21 Master_Bed channel=0 scene=0
2023-04-12T11:02:23+01:00 set_scene R+293 - command=49 room=50 Front_Porch_PIR channel=0 scene=1
2023-04-12T11:02:43+01:00 set_scene R+293 - command=49 room=50 Front_Porch_PIR channel=0 scene=1
2023-04-12T11:03:40+01:00 set_scene R+294 - command=49 room=50 Front_Porch_PIR channel=0 scene=1
2023-04-12T11:04:09+01:00 set_scene R+295 - command=49 room=50 Front_Porch_PIR channel=0 scene=1
2023-04-12T11:04:25+01:00 set_scene R+295 - command=49 room=50 Front_Porch_PIR channel=0 scene=1
2023-04-12T11:06:21+01:00 set_scene R+297 - command=49 room=50 Front_Porch_PIR channel=0 scene=1
2023-04-12T11:06:24+01:00 set_scene R+297 - command=49 room=50 Front_Porch_PIR channel=0 scene=1
2023-04-12T11:06:26+01:00 set_scene R+297 - command=49 room=50 Front_Porch_PIR channel=0 scene=1
2023-04-12T11:06:32+01:00 set_scene R+297 - command=49 room=50 Front_Porch_PIR channel=0 scene=1
2023-04-12T11:07:03+01:00 set_scene R+297 - command=49 room=50 Front_Porch_PIR channel=0 scene=1
2023-04-12T11:07:06+01:00 set_scene R+298 - command=49 room=50 Front_Porch_PIR channel=0 scene=1
2023-04-12T11:07:11+01:00 set_scene R+298 - command=49 room=50 Front_Porch_PIR channel=0 scene=1
2023-04-12T11:07:14+01:00 set_scene R+298 - command=49 room=50 Front_Porch_PIR channel=0 scene=1
2023-04-12T11:07:16+01:00 set_scene R+298 - command=49 room=50 Front_Porch_PIR channel=0 scene=1
2023-04-12T11:07:20+01:00 set_scene R+298 - command=49 room=50 Front_Porch_PIR channel=0 scene=1
2023-04-12T11:07:23+01:00 set_scene R+298 - command=49 room=50 Front_Porch_PIR channel=0 scene=1
2023-04-12T11:07:30+01:00 set_scene R+298 - command=49 room=50 Front_Porch_PIR channel=0 scene=1
2023-04-12T11:07:46+01:00 set_scene R+298 - command=49 room=50 Front_Porch_PIR channel=0 scene=1
2023-04-12T11:08:00+01:00 set_scene R+298 - command=49 room=50 Front_Porch_PIR channel=0 scene=1
2023-04-12T11:08:14+01:00 set_scene R+299 - command=49 room=50 Front_Porch_PIR channel=0 scene=1
2023-04-12T11:08:54+01:00 set_scene R+299 - command=49 room=50 Front_Porch_PIR channel=0 scene=1
2023-04-12T11:09:55+01:00 set_scene R+300 - command=49 room=50 Front_Porch_PIR channel=0 scene=1
2023-04-12T11:10:58+01:00 set_scene R+301 - command=49 room=50 Front_Porch_PIR channel=0 scene=1
2023-04-12T11:11:51+01:00 set_scene R+302 - command=49 room=50 Front_Porch_PIR channel=0 scene=1
2023-04-12T11:12:14+01:00 set_scene R+303 - command=49 room=50 Front_Porch_PIR channel=0 scene=1
2023-04-12T11:12:21+01:00 set_scene R+303 - command=49 room=50 Front_Porch_PIR channel=0 scene=1
2023-04-12T11:13:44+01:00 set_scene R+304 - command=49 room=50 Front_Porch_PIR channel=0 scene=1
2023-04-12T11:14:47+01:00 set_scene R+305 - command=49 room=50 Front_Porch_PIR channel=0 scene=1
2023-04-12T11:15:04+01:00 set_scene R+306 - command=49 room=50 Front_Porch_PIR channel=0 scene=1
2023-04-12T11:16:24+01:00 set_scene R+307 - command=49 room=50 Front_Porch_PIR channel=0 scene=1
2023-04-12T11:18:29+01:00 set_scene R+309 - command=49 room=50 Front_Porch_PIR channel=0 scene=1
2023-04-12T11:19:21+01:00 set_scene R+310 - command=49 room=50 Front_Porch_PIR channel=0 scene=1
2023-04-12T11:19:46+01:00 set_scene R+310 - command=49 room=50 Front_Porch_PIR channel=0 scene=1
2023-04-12T11:22:07+01:00 set_scene R+313 - command=49 room=50 Front_Porch_PIR channel=0 scene=1
2023-04-12T11:22:49+01:00 set_scene R+313 - command=49 room=50 Front_Porch_PIR channel=0 scene=1
2023-04-12T11:22:58+01:00 set_scene R+313 - command=49 room=50 Front_Porch_PIR channel=0 scene=1
2023-04-12T11:23:15+01:00 set_scene R+314 - command=49 room=50 Front_Porch_PIR channel=0 scene=1
2023-04-12T11:23:19+01:00 set_scene R+314 - command=49 room=50 Front_Porch_PIR channel=0 scene=1
2023-04-12T11:23:22+01:00 set_scene R+314 - command=49 room=50 Front_Porch_PIR channel=0 scene=1
2023-04-12T11:23:34+01:00 set_scene R+314 - command=49 room=50 Front_Porch_PIR channel=0 scene=1
2023-04-12T11:23:35+01:00 set_scene R+314 - command=49 room=50 Front_Porch_PIR channel=0 scene=1
2023-04-12T11:23:38+01:00 set_scene R+314 - command=49 room=50 Front_Porch_PIR channel=0 scene=1
2023-04-12T11:26:19+01:00 set_scene R+317 I command=49 room=06 Study channel=0 scene=0
2023-04-12T11:26:35+01:00 set_scene R+317 - command=49 room=50 Front_Porch_PIR channel=0 scene=0
2023-04-12T12:47:40+01:00 set_scene R+398 I command=49 room=21 Master_Bed channel=0 scene=2
2023-04-12T12:49:55+01:00 set_scene R+400 I command=49 room=23 Spa_Bathroom channel=0 scene=1
2023-04-12T12:57:05+01:00 set_scene R+408 I command=49 room=06 Study channel=0 scene=1
2023-04-12T13:00:24+01:00 set_scene R+411 I command=49 room=23 Spa_Bathroom channel=0 scene=0
2023-04-12T13:01:12+01:00 set_scene S-411 I command=49 room=23 Spa_Bathroom channel=0 scene=0
2023-04-12T13:02:04+01:00 set_scene S-410 I command=49 room=21 Master_Bed channel=0 scene=0
2023-04-12T13:02:42+01:00 set_scene S-410 - command=49 room=50 Front_Porch_PIR channel=0 scene=1
2023-04-12T13:02:55+01:00 set_scene S-409 - command=49 room=50 Front_Porch_PIR channel=0 scene=1
2023-04-12T13:06:01+01:00 set_scene S-406 - command=49 room=50 Front_Porch_PIR channel=0 scene=0
2023-04-12T13:23:57+01:00 set_scene S-388 - command=49 room=50 Front_Porch_PIR channel=0 scene=1
2023-04-12T13:27:05+01:00 set_scene S-385 - command=49 room=50 Front_Porch_PIR channel=0 scene=0
2023-04-12T14:21:48+01:00 set_scene S-330 - command=49 room=50 Front_Porch_PIR channel=0 scene=1
2023-04-12T14:24:46+01:00 set_scene S-328 - command=49 room=50 Front_Porch_PIR channel=0 scene=0
2023-04-12T14:32:26+01:00 set_scene S-320 - command=49 room=50 Front_Porch_PIR channel=0 scene=1
2023-04-12T14:32:28+01:00 set_scene S-320 - command=49 room=50 Front_Porch_PIR channel=0 scene=1
2023-04-12T14:35:25+01:00 set_scene S-317 - command=49 room=50 Front_Porch_PIR channel=0 scene=0
2023-04-12T17:23:12+01:00 set_scene S-149 - command=49 room=50 Front_Porch_PIR channel=0 scene=1
2023-04-12T17:29:05+01:00 set_scene S-143 - command=49 room=50 Front_Porch_PIR channel=0 scene=0
2023-04-12T19:14:23+01:00 set_scene S-038 I command=49 room=14 Kitchen channel=0 scene=2
2023-04-12T19:21:08+01:00 set_scene S-031 - command=49 room=50 Front_Porch_PIR channel=0 scene=0
2023-04-12T19:49:17+01:00 set_scene S-003 - command=49 room=50 Front_Porch_PIR channel=0 scene=0
2023-04-12T19:50:00+01:00 set_scene S-002 - command=49 room=32 Gate_Lights channel=0 scene=1
2023-04-12T19:50:01+01:00 set_scene S-002 - command=49 room=33 Front_Entrance_Pillars channel=0 scene=1
2023-04-12T20:06:09+01:00 set_scene S+014 I command=49 room=07 Dining_Room channel=0 scene=2
2023-04-12T20:07:55+01:00 set_scene S+016 I command=49 room=07 Dining_Room channel=0 scene=0
2023-04-12T20:08:04+01:00 set_scene S+016 I command=49 room=15 Kitchen_Lounge channel=0 scene=2
2023-04-12T20:37:46+01:00 set_scene S+046 I command=49 room=09 Hall channel=0 scene=1
2023-04-12T20:42:24+01:00 set_scene S+050 I command=49 room=14 Kitchen channel=0 scene=0
2023-04-12T20:42:24+01:00 set_scene S+050 I command=49 room=15 Kitchen_Lounge channel=0 scene=0
2023-04-12T20:42:25+01:00 set_scene S+050 I command=49 room=15 Kitchen_Lounge channel=0 scene=0
2023-04-12T20:42:41+01:00 set_scene S+050 I command=49 room=05 Living_Room channel=0 scene=2
2023-04-12T20:47:09+01:00 set_scene S+055 I command=49 room=23 Spa_Bathroom channel=0 scene=1
2023-04-12T20:49:32+01:00 set_scene S+057 I command=49 room=23 Spa_Bathroom channel=0 scene=0
2023-04-12T21:13:40+01:00 set_scene S+081 I command=49 room=09 Hall channel=0 scene=3
2023-04-12T21:15:48+01:00 set_scene S+084 - command=49 room=50 Front_Porch_PIR channel=0 scene=0
2023-04-12T22:12:04+01:00 set_scene S+140 I command=49 room=14 Kitchen channel=0 scene=1
2023-04-12T22:12:25+01:00 set_scene S+140 - command=49 room=50 Front_Porch_PIR channel=0 scene=0
2023-04-12T22:12:56+01:00 set_scene S+141 I command=49 room=14 Kitchen channel=0 scene=0
2023-04-12T22:12:56+01:00 set_scene S+141 I command=49 room=15 Kitchen_Lounge channel=0 scene=0
2023-04-12T22:12:56+01:00 set_scene S+141 I command=49 room=15 Kitchen_Lounge channel=0 scene=0
2023-04-12T23:10:41+01:00 set_scene S+198 I command=49 room=14 Kitchen channel=0 scene=1
2023-04-12T23:11:58+01:00 set_scene S+200 I command=49 room=14 Kitchen channel=0 scene=0
2023-04-12T23:11:59+01:00 set_scene S+200 I command=49 room=15 Kitchen_Lounge channel=0 scene=0
2023-04-12T23:11:59+01:00 set_scene S+200 I command=49 room=15 Kitchen_Lounge channel=0 scene=0
2023-04-12T23:12:15+01:00 set_scene S+200 I command=49 room=05 Living_Room channel=0 scene=0
2023-04-12T23:12:37+01:00 set_scene S+200 I command=49 room=14 Kitchen channel=0 scene=3
2023-04-12T23:13:17+01:00 set_scene S+201 I command=49 room=14 Kitchen channel=0 scene=0
2023-04-12T23:13:18+01:00 set_scene S+201 I command=49 room=15 Kitchen_Lounge channel=0 scene=0
2023-04-12T23:13:18+01:00 set_scene S+201 I command=49 room=15 Kitchen_Lounge channel=0 scene=0
2023-04-12T23:14:01+01:00 set_scene S+202 I command=49 room=21 Master_Bed channel=0 scene=2
2023-04-12T23:15:35+01:00 set_scene S+203 I command=49 room=14 Kitchen channel=0 scene=2
2023-04-12T23:16:34+01:00 set_scene S+204 I command=49 room=14 Kitchen channel=0 scene=0
2023-04-12T23:16:34+01:00 set_scene S+204 I command=49 room=15 Kitchen_Lounge channel=0 scene=0
2023-04-12T23:16:34+01:00 set_scene S+204 I command=49 room=15 Kitchen_Lounge channel=0 scene=0
2023-04-12T23:16:54+01:00 set_scene S+205 I command=49 room=09 Hall channel=0 scene=4
2023-04-12T23:22:24+01:00 set_scene S+210 I command=49 room=22 MBed_EnSuite channel=0 scene=2
2023-04-12T23:32:20+01:00 set_scene S+220 I command=49 room=14 Kitchen channel=0 scene=3
2023-04-12T23:32:33+01:00 set_scene S+220 I command=49 room=14 Kitchen channel=0 scene=0
2023-04-12T23:32:33+01:00 set_scene S+220 I command=49 room=15 Kitchen_Lounge channel=0 scene=0
2023-04-12T23:32:34+01:00 set_scene S+220 I command=49 room=15 Kitchen_Lounge channel=0 scene=0
2023-04-12T23:34:10+01:00 set_scene S+222 I command=49 room=22 MBed_EnSuite channel=0 scene=0
2023-04-12T23:35:35+01:00 set_scene S+223 - command=49 room=50 Front_Porch_PIR channel=0 scene=0
2023-04-12T23:38:45+01:00 set_scene S+226 I command=49 room=21 Master_Bed channel=0 scene=0
2023-04-12T23:41:35+01:00 set_scene S+229 I command=49 room=23 Spa_Bathroom channel=0 scene=1
2023-04-12T23:46:43+01:00 set_scene S+234 I command=49 room=23 Spa_Bathroom channel=0 scene=0
2023-04-12T23:50:46+01:00 set_scene S+239 I command=49 room=22 MBed_EnSuite channel=0 scene=3
2023-04-12T23:51:39+01:00 set_scene S+239 I command=49 room=22 MBed_EnSuite channel=0 scene=0
