2023-11-11T00:16:35+00:00 set_scene R-415 I command=49 room=21 Master_Bed channel=0 scene=3
2023-11-11T00:17:52+00:00 set_scene R-414 I command=49 room=21 Master_Bed channel=0 scene=0
2023-11-11T00:30:00+00:00 set_scene R-402 - command=49 room=32 Gate_Lights channel=0 scene=0
2023-11-11T00:30:01+00:00 set_scene R-402 - command=49 room=33 Front_Entrance_Pillars channel=0 scene=0
2023-11-11T00:30:01+00:00 set_scene R-402 - command=49 room=34 Kitchen_External channel=0 scene=0
2023-11-11T00:30:01+00:00 set_scene R-402 - command=49 room=35 Garden_Path channel=0 scene=0
2023-11-11T00:30:02+00:00 set_scene R-402 - command=49 room=36 Garden_Flower_Beds channel=0 scene=0
2023-11-11T00:31:29+00:00 set_scene R-401 I command=49 room=22 MBed_EnSuite channel=0 scene=2
2023-11-11T00:32:37+00:00 set_scene R-399 I command=49 room=22 MBed_EnSuite channel=0 scene=0
2023-11-11T07:08:08+00:00 set_scene R-004 I command=49 room=22 MBed_EnSuite channel=0 scene=3
2023-11-11T07:20:10+00:00 set_scene R+008 I command=49 room=22 MBed_EnSuite channel=0 scene=0
2023-11-11T07:25:35+00:00 set_scene R+014 I command=49 room=14 Kitchen channel=0 scene=1
2023-11-11T07:39:57+00:00 set_scene R+028 I command=49 room=14 Kitchen channel=0 scene=0
2023-11-11T07:39:57+00:00 set_scene R+028 I command=49 room=15 Kitchen_Lounge channel=0 scene=0
2023-11-11T07:39:57+00:00 set_scene R+028 I command=49 room=15 Kitchen_Lounge channel=0 scene=0
2023-11-11T07:39:57+00:00 set_scene R+028 I command=49 room=14 Kitchen channel=0 scene=0
2023-11-11T07:39:58+00:00 set_scene R+028 I command=49 room=15 Kitchen_Lounge channel=0 scene=0
2023-11-11T07:39:58+00:00 set_scene R+028 I command=49 room=15 Kitchen_Lounge channel=0 scene=0
2023-11-11T08:45:43+00:00 set_scene R+094 - command=49 room=50 Front_Porch_PIR channel=0 scene=1
2023-11-11T08:45:49+00:00 set_scene R+094 - command=49 room=50 Front_Porch_PIR channel=0 scene=1
2023-11-11T08:48:49+00:00 set_scene R+097 - command=49 room=50 Front_Porch_PIR channel=0 scene=0
2023-11-11T09:40:40+00:00 set_scene R+149 I command=49 room=21 Master_Bed channel=0 scene=2
2023-11-11T09:57:34+00:00 set_scene R+166 I command=49 room=21 Master_Bed channel=0 scene=0
2023-11-11T10:01:14+00:00 set_scene R+169 - command=49 room=52 Alarm_Interface channel=0 scene=4
2023-11-11T10:01:14+00:00 alarm_set
2023-11-11T11:30:18+00:00 set_scene R+258 - command=49 room=50 Front_Porch_PIR channel=0 scene=1
2023-11-11T11:30:21+00:00 set_scene R+258 - command=49 room=50 Front_Porch_PIR channel=0 scene=1
2023-11-11T11:30:29+00:00 set_scene R+258 - command=49 room=50 Front_Porch_PIR channel=0 scene=1
2023-11-11T11:30:40+00:00 set_scene R+259 - command=49 room=52 Alarm_Interface channel=0 scene=0
2023-11-11T11:30:40+00:00 alarm_unset
2023-11-11T11:33:26+00:00 set_scene R+261 - command=49 room=50 Front_Porch_PIR channel=0 scene=0
2023-11-11T12:54:41+00:00 set_scene S-200 - command=49 room=50 Front_Porch_PIR channel=0 scene=1
2023-11-11T12:55:03+00:00 set_scene S-199 - command=49 room=50 Front_Porch_PIR channel=0 scene=1
2023-11-11T12:58:10+00:00 set_scene S-196 - command=49 room=50 Front_Porch_PIR channel=0 scene=0
2023-11-11T13:12:20+00:00 set_scene S-182 I command=49 room=21 Master_Bed channel=0 scene=1
2023-11-11T13:35:15+00:00 set_scene S-159 I command=49 room=21 Master_Bed channel=0 scene=0
2023-11-11T14:52:19+00:00 set_scene S-082 I command=49 room=05 Living_Room channel=0 scene=2
2023-11-11T16:10:00+00:00 set_scene S-004 - command=49 room=32 Gate_Lights channel=0 scene=1
2023-11-11T16:10:01+00:00 set_scene S-004 - command=49 room=33 Front_Entrance_Pillars channel=0 scene=1
2023-11-11T17:14:37+00:00 set_scene S+060 I command=49 room=21 Master_Bed channel=0 scene=1
2023-11-11T17:14:48+00:00 set_scene S+060 I command=49 room=22 MBed_EnSuite channel=0 scene=1
2023-11-11T17:23:32+00:00 set_scene S+069 I command=49 room=22 MBed_EnSuite channel=0 scene=0
2023-11-11T17:23:38+00:00 set_scene S+069 I command=49 room=21 Master_Bed channel=0 scene=0
2023-11-11T17:54:13+00:00 set_scene S+100 I command=49 room=23 Spa_Bathroom channel=0 scene=2
2023-11-11T17:54:13+00:00 set_scene S+100 I command=49 room=23 Spa_Bathroom channel=0 scene=1
2023-11-11T17:55:19+00:00 set_scene S+101 I command=49 room=23 Spa_Bathroom channel=0 scene=0
2023-11-11T17:58:25+00:00 set_scene S+104 I command=49 room=14 Kitchen channel=0 scene=1
2023-11-11T18:22:23+00:00 set_scene S+128 I command=49 room=15 Kitchen_Lounge channel=0 scene=2
2023-11-11T19:07:00+00:00 set_scene S+173 I command=49 room=23 Spa_Bathroom channel=0 scene=1
2023-11-11T19:07:14+00:00 set_scene S+173 I command=49 room=23 Spa_Bathroom channel=0 scene=0
2023-11-11T19:25:54+00:00 set_scene S+192 I command=49 room=14 Kitchen channel=0 scene=0
2023-11-11T19:25:55+00:00 set_scene S+192 I command=49 room=15 Kitchen_Lounge channel=0 scene=0
2023-11-11T19:25:55+00:00 set_scene S+192 I command=49 room=15 Kitchen_Lounge channel=0 scene=0
2023-11-11T19:26:13+00:00 set_scene S+192 I command=49 room=14 Kitchen channel=0 scene=2
2023-11-11T19:27:02+00:00 set_scene S+193 I command=49 room=09 Hall channel=0 scene=1
2023-11-11T19:27:28+00:00 set_scene S+193 I command=49 room=14 Kitchen channel=0 scene=0
2023-11-11T19:27:29+00:00 set_scene S+193 I command=49 room=15 Kitchen_Lounge channel=0 scene=0
2023-11-11T19:27:29+00:00 set_scene S+193 I command=49 room=15 Kitchen_Lounge channel=0 scene=0
2023-11-11T19:28:10+00:00 set_scene S+194 - command=49 room=50 Front_Porch_PIR channel=0 scene=0
2023-11-11T19:28:44+00:00 set_scene S+194 I command=49 room=05 Living_Room channel=0 scene=0
2023-11-11T19:29:20+00:00 set_scene S+195 - command=49 room=50 Front_Porch_PIR channel=0 scene=1
2023-11-11T19:29:23+00:00 set_scene S+195 - command=49 room=50 Front_Porch_PIR channel=0 scene=1
2023-11-11T19:32:31+00:00 set_scene S+198 - command=49 room=50 Front_Porch_PIR channel=0 scene=0
2023-11-11T19:45:19+00:00 set_scene S+211 - command=49 room=50 Front_Porch_PIR channel=0 scene=1
2023-11-11T19:45:28+00:00 set_scene S+211 - command=49 room=50 Front_Porch_PIR channel=0 scene=1
2023-11-11T19:47:57+00:00 set_scene S+214 I command=49 room=14 Kitchen channel=0 scene=2
2023-11-11T19:49:34+00:00 set_scene S+215 I command=49 room=14 Kitchen channel=0 scene=0
2023-11-11T19:49:34+00:00 set_scene S+215 I command=49 room=15 Kitchen_Lounge channel=0 scene=0
2023-11-11T19:49:35+00:00 set_scene S+215 I command=49 room=15 Kitchen_Lounge channel=0 scene=0
2023-11-11T19:49:48+00:00 set_scene S+215 - command=49 room=50 Front_Porch_PIR channel=0 scene=0
2023-11-11T19:49:53+00:00 set_scene S+216 I command=49 room=05 Living_Room channel=0 scene=2
2023-11-11T21:39:10+00:00 set_scene S+325 I command=49 room=21 Master_Bed channel=0 scene=2
2023-11-11T21:43:43+00:00 set_scene S+329 I command=49 room=23 Spa_Bathroom channel=0 scene=1
2023-11-11T21:43:44+00:00 set_scene S+329 I command=49 room=23 Spa_Bathroom channel=0 scene=1
2023-11-11T21:44:31+00:00 set_scene S+330 I command=49 room=23 Spa_Bathroom channel=0 scene=0
2023-11-11T22:51:54+00:00 set_scene S+398 I command=49 room=21 Master_Bed channel=0 scene=0
2023-11-11T22:52:40+00:00 set_scene S+398 I command=49 room=14 Kitchen channel=0 scene=2
2023-11-11T23:05:49+00:00 set_scene S+411 I command=49 room=14 Kitchen channel=0 scene=0
2023-11-11T23:05:49+00:00 set_scene S+411 I command=49 room=15 Kitchen_Lounge channel=0 scene=0
2023-11-11T23:05:50+00:00 set_scene S+411 I command=49 room=15 Kitchen_Lounge channel=0 scene=0
2023-11-11T23:09:03+00:00 set_scene S+415 - command=49 room=50 Front_Porch_PIR channel=0 scene=1
2023-11-11T23:12:09+00:00 set_scene S+418 - command=49 room=50 Front_Porch_PIR channel=0 scene=0
2023-11-11T23:20:33+00:00 set_scene S+426 - command=49 room=50 Front_Porch_PIR channel=0 scene=1
2023-11-11T23:22:46+00:00 set_scene S+428 I command=49 room=14 Kitchen channel=0 scene=1
2023-11-11T23:23:47+00:00 set_scene S+429 - command=49 room=50 Front_Porch_PIR channel=0 scene=0
2023-11-11T23:36:26+00:00 set_scene S+442 I command=49 room=05 Living_Room channel=0 scene=0
2023-11-11T23:43:18+00:00 set_scene S+449 I command=49 room=14 Kitchen channel=0 scene=0
2023-11-11T23:43:19+00:00 set_scene S+449 I command=49 room=15 Kitchen_Lounge channel=0 scene=0
2023-11-11T23:43:19+00:00 set_scene S+449 I command=49 room=15 Kitchen_Lounge channel=0 scene=0
2023-11-11T23:43:53+00:00 set_scene S+450 I command=49 room=05 Living_Room channel=0 scene=2
2023-11-11T23:44:07+00:00 set_scene S+450 I command=49 room=05 Living_Room channel=0 scene=0
2023-11-11T23:44:34+00:00 set_scene S+450 I command=49 room=09 Hall channel=0 scene=0
2023-11-11T23:45:00+00:00 set_scene S+451 I command=49 room=09 Hall channel=0 scene=0
2023-11-11T23:45:39+00:00 set_scene S+451 I command=49 room=21 Master_Bed channel=0 scene=2
2023-11-11T23:53:06+00:00 set_scene S+459 I command=49 room=22 MBed_EnSuite channel=0 scene=3
