2023-11-20T00:30:01+00:00 set_scene R-418 - command=49 room=32 Gate_Lights channel=0 scene=0
2023-11-20T00:30:01+00:00 set_scene R-418 - command=49 room=33 Front_Entrance_Pillars channel=0 scene=0
2023-11-20T00:30:02+00:00 set_scene R-418 - command=49 room=34 Kitchen_External channel=0 scene=0
2023-11-20T00:30:02+00:00 set_scene R-418 - command=49 room=35 Garden_Path channel=0 scene=0
2023-11-20T00:30:02+00:00 set_scene R-418 - command=49 room=36 Garden_Flower_Beds channel=0 scene=0
2023-11-20T01:20:59+00:00 set_scene R-367 I command=49 room=14 Kitchen channel=0 scene=0
2023-11-20T01:21:00+00:00 set_scene R-367 I command=49 room=15 Kitchen_Lounge channel=0 scene=0
2023-11-20T01:21:00+00:00 set_scene R-367 I command=49 room=15 Kitchen_Lounge channel=0 scene=0
2023-11-20T01:21:01+00:00 set_scene R-367 I command=49 room=09 Hall channel=0 scene=0
2023-11-20T07:08:25+00:00 set_scene R-019 I command=49 room=22 MBed_EnSuite channel=0 scene=2
2023-11-20T07:16:15+00:00 set_scene R-012 I command=49 room=14 Kitchen channel=0 scene=2
2023-11-20T07:19:26+00:00 set_scene R-008 I command=49 room=22 MBed_EnSuite channel=0 scene=0
2023-11-20T08:30:02+00:00 set_scene R+062 I command=49 room=14 Kitchen channel=0 scene=0
2023-11-20T08:30:02+00:00 set_scene R+062 I command=49 room=15 Kitchen_Lounge channel=0 scene=0
2023-11-20T08:30:03+00:00 set_scene R+062 I command=49 room=15 Kitchen_Lounge channel=0 scene=0
2023-11-20T08:30:36+00:00 set_scene R+063 I command=49 room=21 Master_Bed channel=0 scene=1
2023-11-20T08:42:20+00:00 set_scene R+075 I command=49 room=21 Master_Bed channel=0 scene=0
2023-11-20T08:45:15+00:00 set_scene R+077 - command=49 room=50 Front_Porch_PIR channel=0 scene=1
2023-11-20T08:48:22+00:00 set_scene R+081 - command=49 room=50 Front_Porch_PIR channel=0 scene=0
2023-11-20T10:17:01+00:00 set_scene R+169 - command=49 room=50 Front_Porch_PIR channel=0 scene=1
2023-11-20T10:17:15+00:00 set_scene R+169 - command=49 room=50 Front_Porch_PIR channel=0 scene=1
2023-11-20T10:17:42+00:00 set_scene R+170 - command=49 room=50 Front_Porch_PIR channel=0 scene=1
2023-11-20T10:19:38+00:00 set_scene R+172 - command=49 room=50 Front_Porch_PIR channel=0 scene=1
2023-11-20T10:22:46+00:00 set_scene R+175 - command=49 room=50 Front_Porch_PIR channel=0 scene=0
2023-11-20T10:41:07+00:00 set_scene R+193 - command=49 room=50 Front_Porch_PIR channel=0 scene=1
2023-11-20T10:41:17+00:00 set_scene R+194 - command=49 room=50 Front_Porch_PIR channel=0 scene=1
2023-11-20T10:41:20+00:00 set_scene R+194 - command=49 room=50 Front_Porch_PIR channel=0 scene=1
2023-11-20T10:44:20+00:00 set_scene R+197 - command=49 room=50 Front_Porch_PIR channel=0 scene=0
2023-11-20T11:05:16+00:00 set_scene R+217 I command=49 room=06 Study channel=0 scene=1
2023-11-20T11:52:02+00:00 set_scene S-250 - command=49 room=50 Front_Porch_PIR channel=0 scene=1
2023-11-20T11:52:04+00:00 set_scene S-250 - command=49 room=50 Front_Porch_PIR channel=0 scene=1
2023-11-20T11:52:28+00:00 set_scene S-249 - command=49 room=50 Front_Porch_PIR channel=0 scene=1
2023-11-20T11:52:34+00:00 set_scene S-249 - command=49 room=50 Front_Porch_PIR channel=0 scene=1
2023-11-20T11:55:42+00:00 set_scene S-246 - command=49 room=50 Front_Porch_PIR channel=0 scene=0
2023-11-20T14:53:08+00:00 set_scene S-069 - command=49 room=50 Front_Porch_PIR channel=0 scene=1
2023-11-20T14:56:14+00:00 set_scene S-066 - command=49 room=50 Front_Porch_PIR channel=0 scene=0
2023-11-20T15:58:01+00:00 set_scene S-004 - command=49 room=32 Gate_Lights channel=0 scene=1
2023-11-20T15:58:01+00:00 set_scene S-004 - command=49 room=33 Front_Entrance_Pillars channel=0 scene=1
2023-11-20T16:04:48+00:00 set_scene S+003 - command=49 room=50 Front_Porch_PIR channel=0 scene=1
2023-11-20T16:05:41+00:00 set_scene S+004 - command=49 room=50 Front_Porch_PIR channel=0 scene=1
2023-11-20T16:07:39+00:00 set_scene S+006 I command=49 room=14 Kitchen channel=0 scene=2
2023-11-20T16:08:55+00:00 set_scene S+007 - command=49 room=50 Front_Porch_PIR channel=0 scene=0
2023-11-20T16:38:38+00:00 set_scene S+037 I command=49 room=05 Living_Room channel=0 scene=1
2023-11-20T16:39:07+00:00 set_scene S+037 I command=49 room=05 Living_Room channel=0 scene=0
2023-11-20T16:41:31+00:00 set_scene S+040 - command=49 room=50 Front_Porch_PIR channel=0 scene=0
2023-11-20T16:55:36+00:00 set_scene S+054 - command=49 room=50 Front_Porch_PIR channel=0 scene=1
2023-11-20T16:55:46+00:00 set_scene S+054 - command=49 room=50 Front_Porch_PIR channel=0 scene=1
2023-11-20T16:56:01+00:00 set_scene S+054 - command=49 room=50 Front_Porch_PIR channel=0 scene=1
2023-11-20T16:56:05+00:00 set_scene S+054 - command=49 room=50 Front_Porch_PIR channel=0 scene=1
2023-11-20T16:56:12+00:00 set_scene S+054 - command=49 room=50 Front_Porch_PIR channel=0 scene=1
2023-11-20T16:59:31+00:00 set_scene S+058 - command=49 room=50 Front_Porch_PIR channel=0 scene=0
2023-11-20T17:43:44+00:00 set_scene S+102 I command=49 room=14 Kitchen channel=0 scene=0
2023-11-20T17:43:45+00:00 set_scene S+102 I command=49 room=15 Kitchen_Lounge channel=0 scene=0
2023-11-20T17:43:45+00:00 set_scene S+102 I command=49 room=15 Kitchen_Lounge channel=0 scene=0
2023-11-20T17:43:56+00:00 set_scene S+102 I command=49 room=09 Hall channel=0 scene=2
2023-11-20T17:44:27+00:00 set_scene S+103 I command=49 room=21 Master_Bed channel=0 scene=2
2023-11-20T18:11:09+00:00 set_scene S+129 I command=49 room=21 Master_Bed channel=0 scene=2
2023-11-20T18:13:56+00:00 set_scene S+132 I command=49 room=21 Master_Bed channel=0 scene=0
2023-11-20T18:14:39+00:00 set_scene S+133 I command=49 room=14 Kitchen channel=0 scene=2
2023-11-20T18:14:41+00:00 set_scene S+133 I command=49 room=17 Play_Room channel=0 scene=1
2023-11-20T18:15:12+00:00 set_scene S+133 I command=49 room=17 Play_Room channel=0 scene=0
2023-11-20T18:18:07+00:00 set_scene S+136 I command=49 room=17 Play_Room channel=0 scene=1
2023-11-20T18:20:04+00:00 set_scene S+138 I command=49 room=17 Play_Room channel=0 scene=0
2023-11-20T18:20:05+00:00 set_scene S+138 - command=49 room=50 Front_Porch_PIR channel=0 scene=0
2023-11-20T18:55:17+00:00 set_scene S+173 I command=49 room=15 Kitchen_Lounge channel=0 scene=2
2023-11-20T19:41:49+00:00 set_scene S+220 I command=49 room=14 Kitchen channel=0 scene=0
2023-11-20T19:41:49+00:00 set_scene S+220 I command=49 room=15 Kitchen_Lounge channel=0 scene=0
2023-11-20T19:41:49+00:00 set_scene S+220 I command=49 room=15 Kitchen_Lounge channel=0 scene=0
2023-11-20T19:42:41+00:00 set_scene S+221 I command=49 room=21 Master_Bed channel=0 scene=2
2023-11-20T19:44:19+00:00 set_scene S+222 I command=49 room=21 Master_Bed channel=0 scene=1
2023-11-20T20:03:49+00:00 set_scene S+242 I command=49 room=22 MBed_EnSuite channel=0 scene=2
2023-11-20T20:15:35+00:00 set_scene S+254 I command=49 room=23 Spa_Bathroom channel=0 scene=1
2023-11-20T20:16:59+00:00 set_scene S+255 I command=49 room=23 Spa_Bathroom channel=0 scene=0
2023-11-20T20:27:15+00:00 set_scene S+265 I command=49 room=10 Landing channel=0 scene=1
2023-11-20T20:29:16+00:00 set_scene S+267 I command=49 room=22 MBed_EnSuite channel=0 scene=0
2023-11-20T20:29:28+00:00 set_scene S+268 I command=49 room=21 Master_Bed channel=0 scene=0
2023-11-20T20:29:54+00:00 set_scene S+268 I command=49 room=14 Kitchen channel=0 scene=1
2023-11-20T20:33:09+00:00 set_scene S+271 I command=49 room=05 Living_Room channel=0 scene=2
2023-11-20T20:38:34+00:00 set_scene S+277 I command=49 room=06 Study channel=0 scene=0
2023-11-20T20:41:46+00:00 set_scene S+280 I command=49 room=14 Kitchen channel=0 scene=0
2023-11-20T20:41:46+00:00 set_scene S+280 I command=49 room=15 Kitchen_Lounge channel=0 scene=0
2023-11-20T20:41:46+00:00 set_scene S+280 I command=49 room=15 Kitchen_Lounge channel=0 scene=0
2023-11-20T21:15:11+00:00 set_scene S+313 I command=49 room=14 Kitchen channel=0 scene=2
2023-11-20T21:52:21+00:00 set_scene S+351 I command=49 room=14 Kitchen channel=0 scene=0
2023-11-20T21:52:22+00:00 set_scene S+351 I command=49 room=15 Kitchen_Lounge channel=0 scene=0
2023-11-20T21:52:22+00:00 set_scene S+351 I command=49 room=15 Kitchen_Lounge channel=0 scene=0
2023-11-20T21:53:40+00:00 set_scene S+352 I command=49 room=23 Spa_Bathroom channel=0 scene=1
2023-11-20T21:53:43+00:00 set_scene S+352 I command=49 room=23 Spa_Bathroom channel=0 scene=1
2023-11-20T21:54:51+00:00 set_scene S+353 I command=49 room=23 Spa_Bathroom channel=0 scene=4
2023-11-20T21:54:53+00:00 set_scene S+353 I command=49 room=23 Spa_Bathroom channel=0 scene=0
2023-11-20T22:01:48+00:00 set_scene S+360 I command=49 room=14 Kitchen channel=0 scene=1
2023-11-20T22:01:57+00:00 set_scene S+360 I command=49 room=14 Kitchen channel=0 scene=0
2023-11-20T22:01:57+00:00 set_scene S+360 I command=49 room=15 Kitchen_Lounge channel=0 scene=0
2023-11-20T22:01:57+00:00 set_scene S+360 I command=49 room=15 Kitchen_Lounge channel=0 scene=0
2023-11-20T22:38:40+00:00 set_scene S+397 I command=49 room=14 Kitchen channel=0 scene=1
2023-11-20T22:43:58+00:00 set_scene S+402 I command=49 room=21 Master_Bed channel=0 scene=2
2023-11-20T22:44:38+00:00 set_scene S+403 I command=49 room=22 MBed_EnSuite channel=0 scene=4
2023-11-20T22:53:59+00:00 set_scene S+412 I command=49 room=22 MBed_EnSuite channel=0 scene=0
2023-11-20T22:57:26+00:00 set_scene S+416 I command=49 room=14 Kitchen channel=0 scene=0
2023-11-20T22:57:26+00:00 set_scene S+416 I command=49 room=15 Kitchen_Lounge channel=0 scene=0
2023-11-20T22:57:26+00:00 set_scene S+416 I command=49 room=15 Kitchen_Lounge channel=0 scene=0
2023-11-20T22:59:10+00:00 set_scene S+417 I command=49 room=23 Spa_Bathroom channel=0 scene=1
2023-11-20T22:59:30+00:00 set_scene S+418 I command=49 room=23 Spa_Bathroom channel=0 scene=0
2023-11-20T23:01:10+00:00 set_scene S+419 I command=49 room=21 Master_Bed channel=0 scene=0
