2022-10-18T00:11:27+01:00 set_scene R-438 I command=49 room=06 Study channel=0 scene=0
2022-10-18T00:11:41+01:00 set_scene R-438 I command=49 room=14 Kitchen channel=0 scene=2
2022-10-18T00:12:19+01:00 set_scene R-437 I command=49 room=14 Kitchen channel=0 scene=0
2022-10-18T00:12:20+01:00 set_scene R-437 I command=49 room=15 Kitchen_Lounge channel=0 scene=0
2022-10-18T00:12:20+01:00 set_scene R-437 I command=49 room=15 Kitchen_Lounge channel=0 scene=0
2022-10-18T00:12:38+01:00 set_scene R-437 I command=49 room=09 Hall channel=0 scene=0
2022-10-18T00:30:00+01:00 set_scene R-419 - command=49 room=32 Gate_Lights channel=0 scene=0
2022-10-18T00:30:01+01:00 set_scene R-419 - command=49 room=33 Front_Entrance_Pillars channel=0 scene=0
2022-10-18T00:30:01+01:00 set_scene R-419 - command=49 room=34 Kitchen_External channel=0 scene=0
2022-10-18T00:30:01+01:00 set_scene R-419 - command=49 room=35 Garden_Path channel=0 scene=0
2022-10-18T00:30:01+01:00 set_scene R-419 - command=49 room=36 Garden_Flower_Beds channel=0 scene=0
2022-10-18T07:26:30+01:00 set_scene R-003 I command=49 room=09 Hall channel=0 scene=4
2022-10-18T07:27:29+01:00 set_scene R-002 I command=49 room=14 Kitchen channel=0 scene=3
2022-10-18T07:38:15+01:00 set_scene R+009 I command=49 room=23 Spa_Bathroom channel=0 scene=1
2022-10-18T07:40:49+01:00 set_scene R+012 I command=49 room=23 Spa_Bathroom channel=0 scene=1
2022-10-18T07:40:50+01:00 set_scene R+012 I command=49 room=23 Spa_Bathroom channel=0 scene=1
2022-10-18T07:46:43+01:00 set_scene R+017 I command=49 room=23 Spa_Bathroom channel=0 scene=4
2022-10-18T07:46:45+01:00 set_scene R+018 I command=49 room=23 Spa_Bathroom channel=0 scene=0
2022-10-18T08:02:09+01:00 set_scene R+033 I command=49 room=23 Spa_Bathroom channel=0 scene=1
2022-10-18T08:06:57+01:00 set_scene R+038 I command=49 room=23 Spa_Bathroom channel=0 scene=0
2022-10-18T08:06:59+01:00 set_scene R+038 I command=49 room=23 Spa_Bathroom channel=0 scene=0
2022-10-18T08:45:46+01:00 set_scene R+077 I command=49 room=21 Master_Bed channel=0 scene=2
2022-10-18T08:46:31+01:00 set_scene R+077 I command=49 room=14 Kitchen channel=0 scene=0
2022-10-18T08:46:31+01:00 set_scene R+077 I command=49 room=15 Kitchen_Lounge channel=0 scene=0
2022-10-18T08:46:32+01:00 set_scene R+077 I command=49 room=15 Kitchen_Lounge channel=0 scene=0
2022-10-18T09:29:37+01:00 set_scene R+120 I command=49 room=21 Master_Bed channel=0 scene=0
2022-10-18T09:43:07+01:00 set_scene R+134 I command=49 room=09 Hall channel=0 scene=0
2022-10-18T09:43:08+01:00 set_scene R+134 - command=49 room=50 Front_Porch_PIR channel=0 scene=1
2022-10-18T09:43:10+01:00 set_scene R+134 - command=49 room=50 Front_Porch_PIR channel=0 scene=1
2022-10-18T09:43:16+01:00 set_scene R+134 - command=49 room=52 Alarm_Interface channel=0 scene=4
2022-10-18T09:43:16+01:00 alarm_set
2022-10-18T09:46:19+01:00 set_scene R+137 - command=49 room=50 Front_Porch_PIR channel=0 scene=0
2022-10-18T10:20:08+01:00 set_scene R+171 - command=49 room=52 Alarm_Interface channel=0 scene=0
2022-10-18T10:20:08+01:00 alarm_unset
2022-10-18T11:50:32+01:00 set_scene R+261 - command=49 room=50 Front_Porch_PIR channel=0 scene=1
2022-10-18T11:51:02+01:00 set_scene R+262 - command=49 room=50 Front_Porch_PIR channel=0 scene=1
2022-10-18T11:51:11+01:00 set_scene R+262 - command=49 room=50 Front_Porch_PIR channel=0 scene=1
2022-10-18T11:54:10+01:00 set_scene R+265 - command=49 room=50 Front_Porch_PIR channel=0 scene=0
2022-10-18T13:25:01+01:00 set_scene S-274 - command=49 room=50 Front_Porch_PIR channel=0 scene=1
2022-10-18T13:25:21+01:00 set_scene S-274 - command=49 room=50 Front_Porch_PIR channel=0 scene=1
2022-10-18T13:28:28+01:00 set_scene S-271 - command=49 room=50 Front_Porch_PIR channel=0 scene=0
2022-10-18T16:04:55+01:00 set_scene S-114 I command=49 room=06 Study channel=0 scene=1
2022-10-18T17:53:35+01:00 set_scene S-006 - command=49 room=50 Front_Porch_PIR channel=0 scene=1
2022-10-18T17:53:57+01:00 set_scene S-005 - command=49 room=50 Front_Porch_PIR channel=0 scene=1
2022-10-18T17:54:02+01:00 set_scene S-005 - command=49 room=50 Front_Porch_PIR channel=0 scene=1
2022-10-18T17:54:21+01:00 set_scene S-005 - command=49 room=50 Front_Porch_PIR channel=0 scene=1
2022-10-18T17:54:25+01:00 set_scene S-005 - command=49 room=50 Front_Porch_PIR channel=0 scene=1
2022-10-18T17:56:01+01:00 set_scene S-003 - command=49 room=32 Gate_Lights channel=0 scene=1
2022-10-18T17:56:01+01:00 set_scene S-003 - command=49 room=33 Front_Entrance_Pillars channel=0 scene=1
2022-10-18T17:57:26+01:00 set_scene S-002 - command=49 room=50 Front_Porch_PIR channel=0 scene=0
2022-10-18T18:00:56+01:00 set_scene S+002 - command=49 room=50 Front_Porch_PIR channel=0 scene=0
2022-10-18T18:02:22+01:00 set_scene S+003 I command=49 room=21 Master_Bed channel=0 scene=2
2022-10-18T18:15:27+01:00 set_scene S+016 I command=49 room=14 Kitchen channel=0 scene=2
2022-10-18T18:19:10+01:00 set_scene S+020 I command=49 room=21 Master_Bed channel=0 scene=0
2022-10-18T18:29:03+01:00 set_scene S+030 I command=49 room=09 Hall channel=0 scene=4
2022-10-18T18:46:38+01:00 set_scene S+047 - command=49 room=50 Front_Porch_PIR channel=0 scene=1
2022-10-18T18:47:45+01:00 set_scene S+049 - command=49 room=50 Front_Porch_PIR channel=0 scene=1
2022-10-18T18:48:43+01:00 set_scene S+049 - command=49 room=50 Front_Porch_PIR channel=0 scene=1
2022-10-18T18:51:48+01:00 set_scene S+053 - command=49 room=50 Front_Porch_PIR channel=0 scene=0
2022-10-18T19:01:58+01:00 set_scene S+063 - command=49 room=50 Front_Porch_PIR channel=0 scene=1
2022-10-18T19:03:15+01:00 set_scene S+064 I command=49 room=23 Spa_Bathroom channel=0 scene=1
2022-10-18T19:06:41+01:00 set_scene S+067 - command=49 room=50 Front_Porch_PIR channel=0 scene=0
2022-10-18T19:09:26+01:00 set_scene S+070 I command=49 room=15 Kitchen_Lounge channel=0 scene=2
2022-10-18T19:33:16+01:00 set_scene S+094 I command=49 room=14 Kitchen channel=0 scene=0
2022-10-18T19:33:16+01:00 set_scene S+094 I command=49 room=15 Kitchen_Lounge channel=0 scene=0
2022-10-18T19:33:17+01:00 set_scene S+094 I command=49 room=15 Kitchen_Lounge channel=0 scene=0
2022-10-18T19:33:35+01:00 set_scene S+094 I command=49 room=05 Living_Room channel=0 scene=2
2022-10-18T19:35:16+01:00 set_scene S+096 I command=49 room=10 Landing channel=0 scene=2
2022-10-18T19:40:13+01:00 set_scene S+101 I command=49 room=14 Kitchen channel=0 scene=1
2022-10-18T19:41:33+01:00 set_scene S+102 I command=49 room=14 Kitchen channel=0 scene=0
2022-10-18T19:41:33+01:00 set_scene S+102 I command=49 room=15 Kitchen_Lounge channel=0 scene=0
2022-10-18T19:41:34+01:00 set_scene S+102 I command=49 room=15 Kitchen_Lounge channel=0 scene=0
2022-10-18T19:46:15+01:00 set_scene S+107 - command=49 room=50 Front_Porch_PIR channel=0 scene=0
2022-10-18T20:52:30+01:00 set_scene S+173 I command=49 room=21 Master_Bed channel=0 scene=2
2022-10-18T21:00:31+01:00 set_scene S+181 I command=49 room=21 Master_Bed channel=0 scene=0
2022-10-18T21:56:14+01:00 set_scene S+237 I command=49 room=14 Kitchen channel=0 scene=2
2022-10-18T21:57:01+01:00 set_scene S+238 I command=49 room=14 Kitchen channel=0 scene=0
2022-10-18T21:57:01+01:00 set_scene S+238 I command=49 room=15 Kitchen_Lounge channel=0 scene=0
2022-10-18T21:57:01+01:00 set_scene S+238 I command=49 room=15 Kitchen_Lounge channel=0 scene=0
2022-10-18T22:00:02+01:00 set_scene S+241 - command=49 room=50 Front_Porch_PIR channel=0 scene=0
2022-10-18T22:45:21+01:00 set_scene S+286 I command=49 room=14 Kitchen channel=0 scene=1
2022-10-18T22:52:08+01:00 set_scene S+293 I command=49 room=14 Kitchen channel=0 scene=0
2022-10-18T22:52:08+01:00 set_scene S+293 I command=49 room=15 Kitchen_Lounge channel=0 scene=0
2022-10-18T22:52:08+01:00 set_scene S+293 I command=49 room=15 Kitchen_Lounge channel=0 scene=0
2022-10-18T23:07:43+01:00 set_scene S+308 I command=49 room=21 Master_Bed channel=0 scene=2
2022-10-18T23:13:09+01:00 set_scene S+314 I command=49 room=22 MBed_EnSuite channel=0 scene=2
2022-10-18T23:13:12+01:00 set_scene S+314 I command=49 room=22 MBed_EnSuite channel=0 scene=3
2022-10-18T23:14:26+01:00 set_scene S+315 I command=49 room=23 Spa_Bathroom channel=0 scene=1
2022-10-18T23:14:59+01:00 set_scene S+316 I command=49 room=23 Spa_Bathroom channel=0 scene=0
2022-10-18T23:17:34+01:00 set_scene S+318 I command=49 room=14 Kitchen channel=0 scene=3
2022-10-18T23:18:43+01:00 set_scene S+319 I command=49 room=14 Kitchen channel=0 scene=0
2022-10-18T23:18:43+01:00 set_scene S+319 I command=49 room=15 Kitchen_Lounge channel=0 scene=0
2022-10-18T23:18:44+01:00 set_scene S+320 I command=49 room=15 Kitchen_Lounge channel=0 scene=0
2022-10-18T23:19:53+01:00 set_scene S+321 I command=49 room=10 Landing channel=0 scene=4
2022-10-18T23:26:39+01:00 set_scene S+327 I command=49 room=22 MBed_EnSuite channel=0 scene=0
2022-10-18T23:31:06+01:00 set_scene S+332 I command=49 room=21 Master_Bed channel=0 scene=0
