2023-11-24T00:26:04+00:00 set_scene R-428 - command=49 room=50 Front_Porch_PIR channel=0 scene=1
2023-11-24T00:26:19+00:00 set_scene R-428 I command=49 room=09 Hall channel=0 scene=4
2023-11-24T00:28:36+00:00 set_scene R-426 I command=49 room=14 Kitchen channel=0 scene=2
2023-11-24T00:30:01+00:00 set_scene R-424 - command=49 room=32 Gate_Lights channel=0 scene=0
2023-11-24T00:30:01+00:00 set_scene R-424 - command=49 room=33 Front_Entrance_Pillars channel=0 scene=0
2023-11-24T00:30:01+00:00 set_scene R-424 - command=49 room=34 Kitchen_External channel=0 scene=0
2023-11-24T00:30:02+00:00 set_scene R-424 - command=49 room=35 Garden_Path channel=0 scene=0
2023-11-24T00:30:02+00:00 set_scene R-424 - command=49 room=36 Garden_Flower_Beds channel=0 scene=0
2023-11-24T00:31:02+00:00 set_scene R-423 - command=49 room=50 Front_Porch_PIR channel=0 scene=0
2023-11-24T00:57:01+00:00 set_scene R-397 I command=49 room=06 Study channel=0 scene=1
2023-11-24T01:27:49+00:00 set_scene R-367 I command=49 room=06 Study channel=0 scene=0
2023-11-24T01:28:38+00:00 set_scene R-366 I command=49 room=14 Kitchen channel=0 scene=0
2023-11-24T01:28:38+00:00 set_scene R-366 I command=49 room=15 Kitchen_Lounge channel=0 scene=0
2023-11-24T01:28:38+00:00 set_scene R-366 I command=49 room=15 Kitchen_Lounge channel=0 scene=0
2023-11-24T01:29:05+00:00 set_scene R-365 I command=49 room=09 Hall channel=0 scene=0
2023-11-24T07:33:11+00:00 set_scene R-001 I command=49 room=14 Kitchen channel=0 scene=2
2023-11-24T08:03:25+00:00 set_scene R+029 - command=49 room=50 Front_Porch_PIR channel=0 scene=1
2023-11-24T08:06:31+00:00 set_scene R+032 - command=49 room=50 Front_Porch_PIR channel=0 scene=0
2023-11-24T08:24:13+00:00 set_scene R+050 I command=49 room=09 Hall channel=0 scene=2
2023-11-24T08:30:20+00:00 set_scene R+056 I command=49 room=21 Master_Bed channel=0 scene=1
2023-11-24T08:43:13+00:00 set_scene R+069 I command=49 room=21 Master_Bed channel=0 scene=0
2023-11-24T09:08:41+00:00 set_scene R+094 - command=49 room=50 Front_Porch_PIR channel=0 scene=1
2023-11-24T09:08:42+00:00 set_scene R+094 - command=49 room=50 Front_Porch_PIR channel=0 scene=1
2023-11-24T09:08:46+00:00 set_scene R+094 - command=49 room=50 Front_Porch_PIR channel=0 scene=1
2023-11-24T09:08:53+00:00 set_scene R+094 - command=49 room=50 Front_Porch_PIR channel=0 scene=1
2023-11-24T09:09:06+00:00 set_scene R+095 - command=49 room=50 Front_Porch_PIR channel=0 scene=1
2023-11-24T09:09:09+00:00 set_scene R+095 - command=49 room=50 Front_Porch_PIR channel=0 scene=1
2023-11-24T09:09:14+00:00 set_scene R+095 - command=49 room=50 Front_Porch_PIR channel=0 scene=1
2023-11-24T09:12:13+00:00 set_scene R+098 - command=49 room=50 Front_Porch_PIR channel=0 scene=0
2023-11-24T09:23:26+00:00 set_scene R+109 I command=49 room=14 Kitchen channel=0 scene=0
2023-11-24T09:23:27+00:00 set_scene R+109 I command=49 room=15 Kitchen_Lounge channel=0 scene=0
2023-11-24T09:23:27+00:00 set_scene R+109 I command=49 room=15 Kitchen_Lounge channel=0 scene=0
2023-11-24T09:24:19+00:00 set_scene R+110 I command=49 room=09 Hall channel=0 scene=0
2023-11-24T09:24:19+00:00 set_scene R+110 - command=49 room=50 Front_Porch_PIR channel=0 scene=1
2023-11-24T09:24:21+00:00 set_scene R+110 - command=49 room=50 Front_Porch_PIR channel=0 scene=1
2023-11-24T09:24:30+00:00 set_scene R+110 - command=49 room=52 Alarm_Interface channel=0 scene=4
2023-11-24T09:24:30+00:00 alarm_set
2023-11-24T09:25:32+00:00 set_scene R+111 - command=49 room=50 Front_Porch_PIR channel=0 scene=1
2023-11-24T09:25:38+00:00 set_scene R+111 - command=49 room=50 Front_Porch_PIR channel=0 scene=1
2023-11-24T09:25:48+00:00 set_scene R+111 - command=49 room=52 Alarm_Interface channel=0 scene=0
2023-11-24T09:25:48+00:00 alarm_unset
2023-11-24T09:26:49+00:00 set_scene R+112 - command=49 room=50 Front_Porch_PIR channel=0 scene=1
2023-11-24T09:26:57+00:00 set_scene R+113 - command=49 room=50 Front_Porch_PIR channel=0 scene=1
2023-11-24T09:26:58+00:00 set_scene R+113 - command=49 room=52 Alarm_Interface channel=0 scene=4
2023-11-24T09:26:58+00:00 alarm_set
2023-11-24T09:29:59+00:00 set_scene R+116 - command=49 room=50 Front_Porch_PIR channel=0 scene=0
2023-11-24T10:03:14+00:00 set_scene R+149 - command=49 room=52 Alarm_Interface channel=0 scene=0
2023-11-24T10:03:14+00:00 alarm_unset
2023-11-24T11:14:30+00:00 set_scene R+220 - command=49 room=50 Front_Porch_PIR channel=0 scene=1
2023-11-24T11:14:42+00:00 set_scene R+220 - command=49 room=50 Front_Porch_PIR channel=0 scene=1
2023-11-24T11:17:40+00:00 set_scene R+223 - command=49 room=50 Front_Porch_PIR channel=0 scene=0
2023-11-24T12:25:23+00:00 set_scene S-212 - command=49 room=50 Front_Porch_PIR channel=0 scene=1
2023-11-24T12:28:28+00:00 set_scene S-209 - command=49 room=50 Front_Porch_PIR channel=0 scene=1
2023-11-24T12:28:33+00:00 set_scene S-209 - command=49 room=50 Front_Porch_PIR channel=0 scene=1
2023-11-24T12:28:52+00:00 set_scene S-208 - command=49 room=50 Front_Porch_PIR channel=0 scene=1
2023-11-24T12:32:00+00:00 set_scene S-205 - command=49 room=50 Front_Porch_PIR channel=0 scene=0
2023-11-24T12:38:03+00:00 set_scene S-199 I command=49 room=06 Study channel=0 scene=1
2023-11-24T13:59:01+00:00 set_scene S-118 I command=49 room=06 Study channel=0 scene=0
2023-11-24T14:06:27+00:00 set_scene S-111 - command=49 room=50 Front_Porch_PIR channel=0 scene=1
2023-11-24T14:06:50+00:00 set_scene S-110 - command=49 room=52 Alarm_Interface channel=0 scene=4
2023-11-24T14:06:50+00:00 alarm_set
2023-11-24T14:09:54+00:00 set_scene S-107 - command=49 room=50 Front_Porch_PIR channel=0 scene=0
2023-11-24T15:54:00+00:00 set_scene S-003 - command=49 room=32 Gate_Lights channel=0 scene=1
2023-11-24T15:54:00+00:00 set_scene S-003 - command=49 room=33 Front_Entrance_Pillars channel=0 scene=1
2023-11-24T17:12:41+00:00 set_scene S+075 - command=49 room=50 Front_Porch_PIR channel=0 scene=1
2023-11-24T17:12:44+00:00 set_scene S+075 - command=49 room=50 Front_Porch_PIR channel=0 scene=1
2023-11-24T17:12:50+00:00 set_scene S+076 - command=49 room=50 Front_Porch_PIR channel=0 scene=1
2023-11-24T17:13:00+00:00 set_scene S+076 I command=49 room=09 Hall channel=0 scene=1
2023-11-24T17:13:03+00:00 set_scene S+076 - command=49 room=52 Alarm_Interface channel=0 scene=0
2023-11-24T17:13:03+00:00 alarm_unset
2023-11-24T17:14:16+00:00 set_scene S+077 I command=49 room=14 Kitchen channel=0 scene=4
2023-11-24T17:15:11+00:00 set_scene S+078 I command=49 room=14 Kitchen channel=0 scene=2
2023-11-24T17:15:49+00:00 set_scene S+078 - command=49 room=50 Front_Porch_PIR channel=0 scene=0
2023-11-24T17:22:55+00:00 set_scene S+086 - command=49 room=50 Front_Porch_PIR channel=0 scene=0
2023-11-24T17:46:20+00:00 set_scene S+109 I command=49 room=14 Kitchen channel=0 scene=0
2023-11-24T17:46:20+00:00 set_scene S+109 I command=49 room=15 Kitchen_Lounge channel=0 scene=0
2023-11-24T17:46:20+00:00 set_scene S+109 I command=49 room=15 Kitchen_Lounge channel=0 scene=0
2023-11-24T17:46:39+00:00 set_scene S+109 I command=49 room=05 Living_Room channel=0 scene=2
2023-11-24T19:02:13+00:00 set_scene S+185 - command=49 room=50 Front_Porch_PIR channel=0 scene=1
2023-11-24T19:02:30+00:00 set_scene S+185 - command=49 room=50 Front_Porch_PIR channel=0 scene=1
2023-11-24T19:06:05+00:00 set_scene S+189 - command=49 room=50 Front_Porch_PIR channel=0 scene=0
2023-11-24T19:37:56+00:00 set_scene S+221 I command=49 room=14 Kitchen channel=0 scene=2
2023-11-24T19:38:00+00:00 set_scene S+221 - command=49 room=50 Front_Porch_PIR channel=0 scene=1
2023-11-24T19:38:02+00:00 set_scene S+221 - command=49 room=50 Front_Porch_PIR channel=0 scene=1
2023-11-24T19:38:12+00:00 set_scene S+221 - command=49 room=50 Front_Porch_PIR channel=0 scene=1
2023-11-24T19:38:20+00:00 set_scene S+221 - command=49 room=50 Front_Porch_PIR channel=0 scene=1
2023-11-24T19:38:38+00:00 set_scene S+221 - command=49 room=50 Front_Porch_PIR channel=0 scene=1
2023-11-24T19:38:44+00:00 set_scene S+221 - command=49 room=50 Front_Porch_PIR channel=0 scene=1
2023-11-24T19:39:00+00:00 set_scene S+222 - command=49 room=50 Front_Porch_PIR channel=0 scene=1
2023-11-24T19:39:34+00:00 set_scene S+222 - command=49 room=50 Front_Porch_PIR channel=0 scene=1
2023-11-24T19:40:02+00:00 set_scene S+223 - command=49 room=50 Front_Porch_PIR channel=0 scene=1
2023-11-24T19:40:03+00:00 set_scene S+223 - command=49 room=50 Front_Porch_PIR channel=0 scene=1
2023-11-24T19:40:18+00:00 set_scene S+223 - command=49 room=50 Front_Porch_PIR channel=0 scene=1
2023-11-24T19:40:23+00:00 set_scene S+223 - command=49 room=50 Front_Porch_PIR channel=0 scene=1
2023-11-24T19:40:34+00:00 set_scene S+223 - command=49 room=50 Front_Porch_PIR channel=0 scene=1
2023-11-24T19:41:50+00:00 set_scene S+224 - command=49 room=50 Front_Porch_PIR channel=0 scene=1
2023-11-24T19:42:00+00:00 set_scene S+225 - command=49 room=50 Front_Porch_PIR channel=0 scene=1
2023-11-24T19:42:16+00:00 set_scene S+225 - command=49 room=50 Front_Porch_PIR channel=0 scene=1
2023-11-24T19:42:21+00:00 set_scene S+225 - command=49 room=50 Front_Porch_PIR channel=0 scene=1
2023-11-24T19:45:25+00:00 set_scene S+228 - command=49 room=50 Front_Porch_PIR channel=0 scene=0
2023-11-24T20:04:19+00:00 set_scene S+247 I command=49 room=06 Study channel=0 scene=1
2023-11-24T20:05:19+00:00 set_scene S+248 I command=49 room=14 Kitchen channel=0 scene=0
2023-11-24T20:05:20+00:00 set_scene S+248 I command=49 room=15 Kitchen_Lounge channel=0 scene=0
2023-11-24T20:05:20+00:00 set_scene S+248 I command=49 room=15 Kitchen_Lounge channel=0 scene=0
2023-11-24T20:06:39+00:00 set_scene S+249 I command=49 room=21 Master_Bed channel=0 scene=1
2023-11-24T20:06:50+00:00 set_scene S+250 I command=49 room=21 Master_Bed channel=0 scene=0
2023-11-24T20:23:27+00:00 set_scene S+266 I command=49 room=14 Kitchen channel=0 scene=2
2023-11-24T20:24:28+00:00 set_scene S+267 I command=49 room=14 Kitchen channel=0 scene=0
2023-11-24T20:24:28+00:00 set_scene S+267 I command=49 room=15 Kitchen_Lounge channel=0 scene=0
2023-11-24T20:24:28+00:00 set_scene S+267 I command=49 room=15 Kitchen_Lounge channel=0 scene=0
2023-11-24T21:10:51+00:00 set_scene S+314 I command=49 room=14 Kitchen channel=0 scene=1
2023-11-24T21:22:03+00:00 set_scene S+325 I command=49 room=17 Play_Room channel=0 scene=1
2023-11-24T21:27:03+00:00 set_scene S+330 I command=49 room=17 Play_Room channel=0 scene=0
2023-11-24T21:28:10+00:00 set_scene S+331 I command=49 room=17 Play_Room channel=0 scene=1
2023-11-24T21:28:11+00:00 set_scene S+331 I command=49 room=17 Play_Room channel=0 scene=1
2023-11-24T21:28:12+00:00 set_scene S+331 I command=49 room=17 Play_Room channel=0 scene=1
2023-11-24T21:39:22+00:00 set_scene S+342 I command=49 room=14 Kitchen channel=0 scene=0
2023-11-24T21:39:22+00:00 set_scene S+342 I command=49 room=15 Kitchen_Lounge channel=0 scene=0
2023-11-24T21:39:22+00:00 set_scene S+342 I command=49 room=15 Kitchen_Lounge channel=0 scene=0
2023-11-24T21:40:21+00:00 set_scene S+343 I command=49 room=23 Spa_Bathroom channel=0 scene=1
2023-11-24T21:41:23+00:00 set_scene S+344 I command=49 room=23 Spa_Bathroom channel=0 scene=0
2023-11-24T22:17:59+00:00 set_scene S+381 I command=49 room=14 Kitchen channel=0 scene=2
2023-11-24T22:19:19+00:00 set_scene S+382 I command=49 room=14 Kitchen channel=0 scene=0
2023-11-24T22:19:19+00:00 set_scene S+382 I command=49 room=15 Kitchen_Lounge channel=0 scene=0
2023-11-24T22:19:19+00:00 set_scene S+382 I command=49 room=15 Kitchen_Lounge channel=0 scene=0
2023-11-24T22:19:28+00:00 set_scene S+382 I command=49 room=17 Play_Room channel=0 scene=0
2023-11-24T23:05:28+00:00 set_scene S+428 I command=49 room=14 Kitchen channel=0 scene=1
2023-11-24T23:06:39+00:00 set_scene S+429 I command=49 room=14 Kitchen channel=0 scene=0
2023-11-24T23:06:39+00:00 set_scene S+429 I command=49 room=15 Kitchen_Lounge channel=0 scene=0
2023-11-24T23:06:39+00:00 set_scene S+429 I command=49 room=15 Kitchen_Lounge channel=0 scene=0
2023-11-24T23:07:05+00:00 set_scene S+430 I command=49 room=14 Kitchen channel=0 scene=2
2023-11-24T23:07:52+00:00 set_scene S+431 - command=49 room=50 Front_Porch_PIR channel=0 scene=0
2023-11-24T23:08:21+00:00 set_scene S+431 I command=49 room=14 Kitchen channel=0 scene=0
2023-11-24T23:08:21+00:00 set_scene S+431 I command=49 room=15 Kitchen_Lounge channel=0 scene=0
2023-11-24T23:08:21+00:00 set_scene S+431 I command=49 room=15 Kitchen_Lounge channel=0 scene=0
2023-11-24T23:08:34+00:00 set_scene S+431 I command=49 room=06 Study channel=0 scene=0
2023-11-24T23:18:35+00:00 set_scene S+441 I command=49 room=14 Kitchen channel=0 scene=1
2023-11-24T23:19:34+00:00 set_scene S+442 I command=49 room=14 Kitchen channel=0 scene=0
2023-11-24T23:19:35+00:00 set_scene S+442 I command=49 room=15 Kitchen_Lounge channel=0 scene=0
2023-11-24T23:19:35+00:00 set_scene S+442 I command=49 room=15 Kitchen_Lounge channel=0 scene=0
2023-11-24T23:19:37+00:00 set_scene S+442 I command=49 room=17 Play_Room channel=0 scene=1
2023-11-24T23:20:37+00:00 set_scene S+443 I command=49 room=21 Master_Bed channel=0 scene=2
2023-11-24T23:22:30+00:00 set_scene S+445 I command=49 room=17 Play_Room channel=0 scene=0
2023-11-24T23:22:35+00:00 set_scene S+445 I command=49 room=14 Kitchen channel=0 scene=1
2023-11-24T23:23:09+00:00 set_scene S+446 I command=49 room=14 Kitchen channel=0 scene=0
2023-11-24T23:23:09+00:00 set_scene S+446 I command=49 room=15 Kitchen_Lounge channel=0 scene=0
2023-11-24T23:23:10+00:00 set_scene S+446 I command=49 room=15 Kitchen_Lounge channel=0 scene=0
2023-11-24T23:23:39+00:00 set_scene S+446 I command=49 room=14 Kitchen channel=0 scene=2
2023-11-24T23:24:52+00:00 set_scene S+448 I command=49 room=14 Kitchen channel=0 scene=0
2023-11-24T23:24:52+00:00 set_scene S+448 I command=49 room=15 Kitchen_Lounge channel=0 scene=0
2023-11-24T23:24:52+00:00 set_scene S+448 I command=49 room=15 Kitchen_Lounge channel=0 scene=0
2023-11-24T23:27:37+00:00 set_scene S+450 I command=49 room=22 MBed_EnSuite channel=0 scene=2
2023-11-24T23:39:38+00:00 set_scene S+462 I command=49 room=22 MBed_EnSuite channel=0 scene=0
2023-11-24T23:44:38+00:00 set_scene S+467 I command=49 room=21 Master_Bed channel=0 scene=0
