2023-04-18T00:30:01+01:00 set_scene R-326 - command=49 room=32 Gate_Lights channel=0 scene=0
2023-04-18T00:30:01+01:00 set_scene R-326 - command=49 room=33 Front_Entrance_Pillars channel=0 scene=0
2023-04-18T00:30:02+01:00 set_scene R-326 - command=49 room=34 Kitchen_External channel=0 scene=0
2023-04-18T00:30:02+01:00 set_scene R-326 - command=49 room=35 Garden_Path channel=0 scene=0
2023-04-18T00:30:02+01:00 set_scene R-326 - command=49 room=36 Garden_Flower_Beds channel=0 scene=0
2023-04-18T00:41:03+01:00 set_scene R-315 I command=49 room=06 Study channel=0 scene=0
2023-04-18T00:41:10+01:00 set_scene R-315 I command=49 room=05 Living_Room channel=0 scene=0
2023-04-18T00:41:20+01:00 set_scene R-315 I command=49 room=14 Kitchen channel=0 scene=2
2023-04-18T00:41:45+01:00 set_scene R-315 I command=49 room=14 Kitchen channel=0 scene=0
2023-04-18T00:41:46+01:00 set_scene R-315 I command=49 room=15 Kitchen_Lounge channel=0 scene=0
2023-04-18T00:41:46+01:00 set_scene R-315 I command=49 room=15 Kitchen_Lounge channel=0 scene=0
2023-04-18T00:41:49+01:00 set_scene R-314 I command=49 room=09 Hall channel=0 scene=0
2023-04-18T07:37:31+01:00 set_scene R+101 I command=49 room=23 Spa_Bathroom channel=0 scene=1
2023-04-18T07:40:47+01:00 set_scene R+104 I command=49 room=23 Spa_Bathroom channel=0 scene=0
2023-04-18T08:02:48+01:00 set_scene R+126 - command=49 room=50 Front_Porch_PIR channel=0 scene=1
2023-04-18T08:02:55+01:00 set_scene R+127 - command=49 room=50 Front_Porch_PIR channel=0 scene=1
2023-04-18T08:05:54+01:00 set_scene R+130 - command=49 room=50 Front_Porch_PIR channel=0 scene=0
2023-04-18T08:18:43+01:00 set_scene R+142 I command=49 room=21 Master_Bed channel=0 scene=2
2023-04-18T09:26:54+01:00 set_scene R+211 I command=49 room=21 Master_Bed channel=0 scene=0
2023-04-18T09:39:15+01:00 set_scene R+223 I command=49 room=22 MBed_EnSuite channel=0 scene=1
2023-04-18T09:39:23+01:00 set_scene R+223 - command=49 room=50 Front_Porch_PIR channel=0 scene=1
2023-04-18T09:42:30+01:00 set_scene R+226 - command=49 room=50 Front_Porch_PIR channel=0 scene=0
2023-04-18T10:04:40+01:00 set_scene R+248 I command=49 room=22 MBed_EnSuite channel=0 scene=0
2023-04-18T11:27:02+01:00 set_scene R+331 - command=49 room=50 Front_Porch_PIR channel=0 scene=1
2023-04-18T11:28:24+01:00 set_scene R+332 - command=49 room=50 Front_Porch_PIR channel=0 scene=1
2023-04-18T11:31:34+01:00 set_scene R+335 - command=49 room=50 Front_Porch_PIR channel=0 scene=0
2023-04-18T11:51:57+01:00 set_scene R+356 - command=49 room=50 Front_Porch_PIR channel=0 scene=1
2023-04-18T11:55:04+01:00 set_scene R+359 - command=49 room=50 Front_Porch_PIR channel=0 scene=0
2023-04-18T12:29:55+01:00 set_scene R+394 - command=49 room=50 Front_Porch_PIR channel=0 scene=0
2023-04-18T13:08:08+01:00 set_scene S-414 - command=49 room=50 Front_Porch_PIR channel=0 scene=1
2023-04-18T13:09:37+01:00 set_scene S-413 - command=49 room=50 Front_Porch_PIR channel=0 scene=1
2023-04-18T13:12:44+01:00 set_scene S-410 - command=49 room=50 Front_Porch_PIR channel=0 scene=0
2023-04-18T13:47:56+01:00 set_scene S-375 I command=49 room=06 Study channel=0 scene=1
2023-04-18T15:57:34+01:00 set_scene S-245 - command=49 room=50 Front_Porch_PIR channel=0 scene=1
2023-04-18T15:57:37+01:00 set_scene S-245 - command=49 room=50 Front_Porch_PIR channel=0 scene=1
2023-04-18T15:57:50+01:00 set_scene S-245 - command=49 room=50 Front_Porch_PIR channel=0 scene=1
2023-04-18T15:57:56+01:00 set_scene S-245 - command=49 room=50 Front_Porch_PIR channel=0 scene=1
2023-04-18T15:58:03+01:00 set_scene S-245 - command=49 room=50 Front_Porch_PIR channel=0 scene=1
2023-04-18T15:58:06+01:00 set_scene S-245 - command=49 room=50 Front_Porch_PIR channel=0 scene=1
2023-04-18T15:58:17+01:00 set_scene S-244 - command=49 room=50 Front_Porch_PIR channel=0 scene=1
2023-04-18T15:58:30+01:00 set_scene S-244 - command=49 room=50 Front_Porch_PIR channel=0 scene=1
2023-04-18T16:01:35+01:00 set_scene S-241 - command=49 room=50 Front_Porch_PIR channel=0 scene=0
2023-04-18T17:24:55+01:00 set_scene S-158 - command=49 room=50 Front_Porch_PIR channel=0 scene=1
2023-04-18T17:28:07+01:00 set_scene S-155 - command=49 room=50 Front_Porch_PIR channel=0 scene=0
2023-04-18T17:35:38+01:00 set_scene S-147 I command=49 room=05 Living_Room channel=0 scene=1
2023-04-18T17:40:21+01:00 set_scene S-142 I command=49 room=05 Living_Room channel=0 scene=0
2023-04-18T18:17:34+01:00 set_scene S-105 - command=49 room=50 Front_Porch_PIR channel=0 scene=0
2023-04-18T18:38:52+01:00 set_scene S-084 - command=49 room=50 Front_Porch_PIR channel=0 scene=0
2023-04-18T19:13:09+01:00 set_scene S-049 I command=49 room=05 Living_Room channel=0 scene=3
2023-04-18T20:00:00+01:00 set_scene S-003 - command=49 room=32 Gate_Lights channel=0 scene=1
2023-04-18T20:00:00+01:00 set_scene S-003 - command=49 room=33 Front_Entrance_Pillars channel=0 scene=1
2023-04-18T20:31:12+01:00 set_scene S+029 I command=49 room=09 Hall channel=0 scene=2
2023-04-18T21:14:29+01:00 set_scene S+072 I command=49 room=14 Kitchen channel=0 scene=1
2023-04-18T21:15:25+01:00 set_scene S+073 I command=49 room=14 Kitchen channel=0 scene=0
2023-04-18T21:15:25+01:00 set_scene S+073 I command=49 room=15 Kitchen_Lounge channel=0 scene=0
2023-04-18T21:15:25+01:00 set_scene S+073 I command=49 room=15 Kitchen_Lounge channel=0 scene=0
2023-04-18T21:32:32+01:00 set_scene S+090 I command=49 room=14 Kitchen channel=0 scene=1
2023-04-18T21:32:32+01:00 set_scene S+090 I command=49 room=14 Kitchen channel=0 scene=1
2023-04-18T21:34:14+01:00 set_scene S+092 - command=49 room=50 Front_Porch_PIR channel=0 scene=0
2023-04-18T21:49:27+01:00 set_scene S+107 I command=49 room=14 Kitchen channel=0 scene=0
2023-04-18T21:49:27+01:00 set_scene S+107 I command=49 room=15 Kitchen_Lounge channel=0 scene=0
2023-04-18T21:49:27+01:00 set_scene S+107 I command=49 room=15 Kitchen_Lounge channel=0 scene=0
2023-04-18T21:52:32+01:00 set_scene S+110 - command=49 room=50 Front_Porch_PIR channel=0 scene=0
2023-04-18T22:16:31+01:00 set_scene S+134 I command=49 room=14 Kitchen channel=0 scene=2
2023-04-18T22:23:19+01:00 set_scene S+141 I command=49 room=23 Spa_Bathroom channel=0 scene=1
2023-04-18T22:23:38+01:00 set_scene S+141 I command=49 room=23 Spa_Bathroom channel=0 scene=0
2023-04-18T22:26:01+01:00 set_scene S+143 I command=49 room=05 Living_Room channel=0 scene=0
2023-04-18T22:26:59+01:00 set_scene S+144 I command=49 room=10 Landing channel=0 scene=1
2023-04-18T22:30:44+01:00 set_scene S+148 I command=49 room=21 Master_Bed channel=0 scene=2
2023-04-18T22:35:35+01:00 set_scene S+153 I command=49 room=14 Kitchen channel=0 scene=0
2023-04-18T22:35:35+01:00 set_scene S+153 I command=49 room=15 Kitchen_Lounge channel=0 scene=0
2023-04-18T22:35:36+01:00 set_scene S+153 I command=49 room=15 Kitchen_Lounge channel=0 scene=0
2023-04-18T22:36:46+01:00 set_scene S+154 I command=49 room=09 Hall channel=0 scene=2
2023-04-18T22:36:46+01:00 set_scene S+154 I command=49 room=09 Hall channel=0 scene=3
2023-04-18T22:37:12+01:00 set_scene S+155 I command=49 room=22 MBed_EnSuite channel=0 scene=2
2023-04-18T22:38:37+01:00 set_scene S+156 - command=49 room=50 Front_Porch_PIR channel=0 scene=0
2023-04-18T22:48:08+01:00 set_scene S+166 I command=49 room=14 Kitchen channel=0 scene=2
2023-04-18T22:48:28+01:00 set_scene S+166 I command=49 room=14 Kitchen channel=0 scene=0
2023-04-18T22:48:28+01:00 set_scene S+166 I command=49 room=15 Kitchen_Lounge channel=0 scene=0
2023-04-18T22:48:28+01:00 set_scene S+166 I command=49 room=15 Kitchen_Lounge channel=0 scene=0
2023-04-18T22:49:09+01:00 set_scene S+167 I command=49 room=10 Landing channel=0 scene=4
2023-04-18T22:52:37+01:00 set_scene S+170 I command=49 room=22 MBed_EnSuite channel=0 scene=0
2023-04-18T22:56:53+01:00 set_scene S+174 I command=49 room=21 Master_Bed channel=0 scene=0
2023-04-18T22:56:55+01:00 set_scene S+174 I command=49 room=21 Master_Bed channel=0 scene=0
2023-04-18T23:24:41+01:00 set_scene S+202 I command=49 room=23 Spa_Bathroom channel=0 scene=1
2023-04-18T23:25:08+01:00 set_scene S+203 I command=49 room=23 Spa_Bathroom channel=0 scene=0
2023-04-18T23:26:25+01:00 set_scene S+204 I command=49 room=14 Kitchen channel=0 scene=2
2023-04-18T23:27:26+01:00 set_scene S+205 I command=49 room=14 Kitchen channel=0 scene=0
2023-04-18T23:27:27+01:00 set_scene S+205 I command=49 room=15 Kitchen_Lounge channel=0 scene=0
2023-04-18T23:27:27+01:00 set_scene S+205 I command=49 room=15 Kitchen_Lounge channel=0 scene=0
2023-04-18T23:28:15+01:00 set_scene S+206 I command=49 room=23 Spa_Bathroom channel=0 scene=1
2023-04-18T23:29:19+01:00 set_scene S+207 I command=49 room=23 Spa_Bathroom channel=0 scene=0
