2023-04-17T00:14:10+01:00 set_scene R-344 I command=49 room=14 Kitchen channel=0 scene=0
2023-04-17T00:14:10+01:00 set_scene R-344 I command=49 room=15 Kitchen_Lounge channel=0 scene=0
2023-04-17T00:14:10+01:00 set_scene R-344 I command=49 room=15 Kitchen_Lounge channel=0 scene=0
2023-04-17T00:14:12+01:00 set_scene R-344 I command=49 room=09 Hall channel=0 scene=0
2023-04-17T00:14:40+01:00 set_scene R-344 I command=49 room=10 Landing channel=0 scene=0
2023-04-17T00:30:01+01:00 set_scene R-328 - command=49 room=32 Gate_Lights channel=0 scene=0
2023-04-17T00:30:01+01:00 set_scene R-328 - command=49 room=33 Front_Entrance_Pillars channel=0 scene=0
2023-04-17T00:30:01+01:00 set_scene R-328 - command=49 room=34 Kitchen_External channel=0 scene=0
2023-04-17T00:30:02+01:00 set_scene R-328 - command=49 room=35 Garden_Path channel=0 scene=0
2023-04-17T00:30:02+01:00 set_scene R-328 - command=49 room=36 Garden_Flower_Beds channel=0 scene=0
2023-04-17T07:32:34+01:00 set_scene R+094 I command=49 room=21 Master_Bed channel=0 scene=2
2023-04-17T07:34:42+01:00 set_scene R+096 I command=49 room=23 Spa_Bathroom channel=0 scene=1
2023-04-17T07:37:24+01:00 set_scene R+099 I command=49 room=23 Spa_Bathroom channel=0 scene=0
2023-04-17T07:49:10+01:00 set_scene R+111 I command=49 room=23 Spa_Bathroom channel=0 scene=1
2023-04-17T07:49:58+01:00 set_scene R+111 I command=49 room=23 Spa_Bathroom channel=0 scene=0
2023-04-17T07:51:03+01:00 set_scene R+113 I command=49 room=23 Spa_Bathroom channel=0 scene=1
2023-04-17T07:51:39+01:00 set_scene R+113 I command=49 room=23 Spa_Bathroom channel=0 scene=0
2023-04-17T07:54:28+01:00 set_scene R+116 I command=49 room=21 Master_Bed channel=0 scene=0
2023-04-17T07:57:17+01:00 set_scene R+119 - command=49 room=50 Front_Porch_PIR channel=0 scene=1
2023-04-17T08:00:30+01:00 set_scene R+122 - command=49 room=50 Front_Porch_PIR channel=0 scene=0
2023-04-17T09:05:31+01:00 set_scene R+187 - command=49 room=50 Front_Porch_PIR channel=0 scene=1
2023-04-17T09:08:38+01:00 set_scene R+190 - command=49 room=50 Front_Porch_PIR channel=0 scene=0
2023-04-17T09:29:23+01:00 set_scene R+211 - command=49 room=50 Front_Porch_PIR channel=0 scene=1
2023-04-17T09:29:46+01:00 set_scene R+211 - command=49 room=50 Front_Porch_PIR channel=0 scene=1
2023-04-17T09:30:08+01:00 set_scene R+212 - command=49 room=50 Front_Porch_PIR channel=0 scene=1
2023-04-17T09:30:24+01:00 set_scene R+212 - command=49 room=50 Front_Porch_PIR channel=0 scene=1
2023-04-17T09:30:27+01:00 set_scene R+212 - command=49 room=50 Front_Porch_PIR channel=0 scene=1
2023-04-17T09:33:35+01:00 set_scene R+215 - command=49 room=50 Front_Porch_PIR channel=0 scene=0
2023-04-17T10:22:09+01:00 set_scene R+264 I command=49 room=21 Master_Bed channel=0 scene=1
2023-04-17T10:25:12+01:00 set_scene R+267 I command=49 room=22 MBed_EnSuite channel=0 scene=1
2023-04-17T10:25:13+01:00 set_scene R+267 I command=49 room=22 MBed_EnSuite channel=0 scene=1
2023-04-17T10:45:43+01:00 set_scene R+287 I command=49 room=22 MBed_EnSuite channel=0 scene=0
2023-04-17T10:45:54+01:00 set_scene R+287 I command=49 room=21 Master_Bed channel=0 scene=0
2023-04-17T10:57:02+01:00 set_scene R+299 I command=49 room=21 Master_Bed channel=0 scene=2
2023-04-17T11:41:32+01:00 set_scene R+343 - command=49 room=50 Front_Porch_PIR channel=0 scene=1
2023-04-17T11:42:07+01:00 set_scene R+344 - command=49 room=50 Front_Porch_PIR channel=0 scene=1
2023-04-17T11:42:20+01:00 set_scene R+344 - command=49 room=50 Front_Porch_PIR channel=0 scene=1
2023-04-17T11:42:24+01:00 set_scene R+344 - command=49 room=50 Front_Porch_PIR channel=0 scene=1
2023-04-17T11:42:33+01:00 set_scene R+344 - command=49 room=50 Front_Porch_PIR channel=0 scene=1
2023-04-17T11:42:37+01:00 set_scene R+344 - command=49 room=50 Front_Porch_PIR channel=0 scene=1
2023-04-17T11:42:39+01:00 set_scene R+344 - command=49 room=50 Front_Porch_PIR channel=0 scene=1
2023-04-17T11:42:45+01:00 set_scene R+344 - command=49 room=50 Front_Porch_PIR channel=0 scene=1
2023-04-17T11:46:14+01:00 set_scene R+348 - command=49 room=50 Front_Porch_PIR channel=0 scene=0
2023-04-17T12:11:44+01:00 set_scene R+373 I command=49 room=21 Master_Bed channel=0 scene=0
2023-04-17T12:17:02+01:00 set_scene R+379 - command=49 room=50 Front_Porch_PIR channel=0 scene=1
2023-04-17T12:17:17+01:00 set_scene R+379 - command=49 room=50 Front_Porch_PIR channel=0 scene=1
2023-04-17T12:20:35+01:00 set_scene R+382 - command=49 room=50 Front_Porch_PIR channel=0 scene=0
2023-04-17T12:29:23+01:00 set_scene R+391 I command=49 room=06 Study channel=0 scene=1
2023-04-17T13:20:10+01:00 set_scene S-401 - command=49 room=50 Front_Porch_PIR channel=0 scene=1
2023-04-17T13:20:12+01:00 set_scene S-401 - command=49 room=50 Front_Porch_PIR channel=0 scene=1
2023-04-17T13:20:15+01:00 set_scene S-401 - command=49 room=50 Front_Porch_PIR channel=0 scene=1
2023-04-17T13:23:20+01:00 set_scene S-398 - command=49 room=50 Front_Porch_PIR channel=0 scene=0
2023-04-17T13:57:36+01:00 set_scene S-363 I command=49 room=21 Master_Bed channel=0 scene=2
2023-04-17T13:59:40+01:00 set_scene S-361 I command=49 room=21 Master_Bed channel=0 scene=0
2023-04-17T14:10:08+01:00 set_scene S-351 - command=49 room=50 Front_Porch_PIR channel=0 scene=1
2023-04-17T14:13:15+01:00 set_scene S-348 - command=49 room=50 Front_Porch_PIR channel=0 scene=0
2023-04-17T16:53:41+01:00 set_scene S-187 - command=49 room=50 Front_Porch_PIR channel=0 scene=1
2023-04-17T16:56:52+01:00 set_scene S-184 - command=49 room=50 Front_Porch_PIR channel=0 scene=0
2023-04-17T17:00:20+01:00 set_scene S-181 - command=49 room=50 Front_Porch_PIR channel=0 scene=0
2023-04-17T17:42:32+01:00 set_scene S-138 - command=49 room=50 Front_Porch_PIR channel=0 scene=1
2023-04-17T17:42:56+01:00 set_scene S-138 - command=49 room=50 Front_Porch_PIR channel=0 scene=1
2023-04-17T17:42:57+01:00 set_scene S-138 - command=49 room=50 Front_Porch_PIR channel=0 scene=1
2023-04-17T17:42:59+01:00 set_scene S-138 - command=49 room=50 Front_Porch_PIR channel=0 scene=1
2023-04-17T17:43:43+01:00 set_scene S-137 - command=49 room=50 Front_Porch_PIR channel=0 scene=1
2023-04-17T17:43:50+01:00 set_scene S-137 - command=49 room=50 Front_Porch_PIR channel=0 scene=1
2023-04-17T17:43:54+01:00 set_scene S-137 - command=49 room=50 Front_Porch_PIR channel=0 scene=1
2023-04-17T17:43:56+01:00 set_scene S-137 - command=49 room=50 Front_Porch_PIR channel=0 scene=1
2023-04-17T17:44:06+01:00 set_scene S-137 - command=49 room=50 Front_Porch_PIR channel=0 scene=1
2023-04-17T17:47:04+01:00 set_scene S-134 - command=49 room=50 Front_Porch_PIR channel=0 scene=0
2023-04-17T18:30:16+01:00 set_scene S-091 I command=49 room=21 Master_Bed channel=0 scene=2
2023-04-17T18:36:41+01:00 set_scene S-084 I command=49 room=21 Master_Bed channel=0 scene=0
2023-04-17T18:37:09+01:00 set_scene S-084 I command=49 room=14 Kitchen channel=0 scene=3
2023-04-17T18:47:52+01:00 set_scene S-073 I command=49 room=14 Kitchen channel=0 scene=0
2023-04-17T18:47:52+01:00 set_scene S-073 I command=49 room=15 Kitchen_Lounge channel=0 scene=0
2023-04-17T18:47:52+01:00 set_scene S-073 I command=49 room=15 Kitchen_Lounge channel=0 scene=0
2023-04-17T19:58:00+01:00 set_scene S-003 - command=49 room=32 Gate_Lights channel=0 scene=1
2023-04-17T19:58:01+01:00 set_scene S-003 - command=49 room=33 Front_Entrance_Pillars channel=0 scene=1
2023-04-17T20:03:21+01:00 set_scene S+002 I command=49 room=09 Hall channel=0 scene=4
2023-04-17T20:03:29+01:00 set_scene S+003 I command=49 room=14 Kitchen channel=0 scene=2
2023-04-17T20:04:47+01:00 set_scene S+004 I command=49 room=14 Kitchen channel=0 scene=0
2023-04-17T20:04:48+01:00 set_scene S+004 I command=49 room=15 Kitchen_Lounge channel=0 scene=0
2023-04-17T20:04:48+01:00 set_scene S+004 I command=49 room=15 Kitchen_Lounge channel=0 scene=0
2023-04-17T20:08:14+01:00 set_scene S+007 - command=49 room=50 Front_Porch_PIR channel=0 scene=0
2023-04-17T20:10:45+01:00 set_scene S+010 I command=49 room=14 Kitchen channel=0 scene=2
2023-04-17T20:11:28+01:00 set_scene S+011 I command=49 room=05 Living_Room channel=0 scene=2
2023-04-17T20:14:48+01:00 set_scene S+014 - command=49 room=50 Front_Porch_PIR channel=0 scene=1
2023-04-17T20:14:54+01:00 set_scene S+014 I command=49 room=14 Kitchen channel=0 scene=0
2023-04-17T20:14:55+01:00 set_scene S+014 I command=49 room=15 Kitchen_Lounge channel=0 scene=0
2023-04-17T20:14:55+01:00 set_scene S+014 I command=49 room=15 Kitchen_Lounge channel=0 scene=0
2023-04-17T20:17:55+01:00 set_scene S+017 - command=49 room=50 Front_Porch_PIR channel=0 scene=0
2023-04-17T20:23:10+01:00 set_scene S+022 - command=49 room=50 Front_Porch_PIR channel=0 scene=1
2023-04-17T20:23:18+01:00 set_scene S+022 - command=49 room=50 Front_Porch_PIR channel=0 scene=1
2023-04-17T20:23:20+01:00 set_scene S+022 - command=49 room=50 Front_Porch_PIR channel=0 scene=1
2023-04-17T20:24:00+01:00 set_scene S+023 - command=49 room=50 Front_Porch_PIR channel=0 scene=1
2023-04-17T20:24:02+01:00 set_scene S+023 - command=49 room=50 Front_Porch_PIR channel=0 scene=1
2023-04-17T20:24:09+01:00 set_scene S+023 - command=49 room=50 Front_Porch_PIR channel=0 scene=1
2023-04-17T20:25:02+01:00 set_scene S+024 I command=49 room=14 Kitchen channel=0 scene=1
2023-04-17T20:27:17+01:00 set_scene S+026 - command=49 room=50 Front_Porch_PIR channel=0 scene=0
2023-04-17T20:36:26+01:00 set_scene S+036 - command=49 room=50 Front_Porch_PIR channel=0 scene=0
2023-04-17T20:38:17+01:00 set_scene S+037 I command=49 room=14 Kitchen channel=0 scene=0
2023-04-17T20:38:17+01:00 set_scene S+037 I command=49 room=15 Kitchen_Lounge channel=0 scene=0
2023-04-17T20:38:17+01:00 set_scene S+037 I command=49 room=15 Kitchen_Lounge channel=0 scene=0
2023-04-17T20:45:37+01:00 set_scene S+045 I command=49 room=14 Kitchen channel=0 scene=2
2023-04-17T20:48:52+01:00 set_scene S+048 I command=49 room=14 Kitchen channel=0 scene=0
2023-04-17T20:48:53+01:00 set_scene S+048 I command=49 room=15 Kitchen_Lounge channel=0 scene=0
2023-04-17T20:48:53+01:00 set_scene S+048 I command=49 room=15 Kitchen_Lounge channel=0 scene=0
2023-04-17T21:54:41+01:00 set_scene S+114 I command=49 room=14 Kitchen channel=0 scene=2
2023-04-17T21:55:08+01:00 set_scene S+114 I command=49 room=14 Kitchen channel=0 scene=0
2023-04-17T21:55:09+01:00 set_scene S+114 I command=49 room=15 Kitchen_Lounge channel=0 scene=0
2023-04-17T21:55:09+01:00 set_scene S+114 I command=49 room=15 Kitchen_Lounge channel=0 scene=0
2023-04-17T21:56:46+01:00 set_scene S+116 - command=49 room=50 Front_Porch_PIR channel=0 scene=0
2023-04-17T22:03:47+01:00 set_scene S+123 - command=49 room=50 Front_Porch_PIR channel=0 scene=0
2023-04-17T22:28:16+01:00 set_scene S+147 I command=49 room=14 Kitchen channel=0 scene=1
2023-04-17T22:30:56+01:00 set_scene S+150 I command=49 room=17 Play_Room channel=0 scene=1
2023-04-17T22:30:57+01:00 set_scene S+150 I command=49 room=17 Play_Room channel=0 scene=1
2023-04-17T22:34:56+01:00 set_scene S+154 - command=49 room=50 Front_Porch_PIR channel=0 scene=0
2023-04-17T22:35:19+01:00 set_scene S+154 I command=49 room=17 Play_Room channel=0 scene=0
2023-04-17T22:40:29+01:00 set_scene S+160 I command=49 room=14 Kitchen channel=0 scene=0
2023-04-17T22:40:30+01:00 set_scene S+160 I command=49 room=15 Kitchen_Lounge channel=0 scene=0
2023-04-17T22:40:30+01:00 set_scene S+160 I command=49 room=15 Kitchen_Lounge channel=0 scene=0
2023-04-17T22:43:32+01:00 set_scene S+163 - command=49 room=50 Front_Porch_PIR channel=0 scene=0
2023-04-17T22:45:26+01:00 set_scene S+165 I command=49 room=14 Kitchen channel=0 scene=2
2023-04-17T22:46:36+01:00 set_scene S+166 I command=49 room=14 Kitchen channel=0 scene=0
2023-04-17T22:46:36+01:00 set_scene S+166 I command=49 room=15 Kitchen_Lounge channel=0 scene=0
2023-04-17T22:46:36+01:00 set_scene S+166 I command=49 room=15 Kitchen_Lounge channel=0 scene=0
2023-04-17T23:07:47+01:00 set_scene S+187 I command=49 room=14 Kitchen channel=0 scene=1
2023-04-17T23:08:38+01:00 set_scene S+188 I command=49 room=14 Kitchen channel=0 scene=0
2023-04-17T23:08:39+01:00 set_scene S+188 I command=49 room=15 Kitchen_Lounge channel=0 scene=0
2023-04-17T23:08:39+01:00 set_scene S+188 I command=49 room=15 Kitchen_Lounge channel=0 scene=0
2023-04-17T23:11:27+01:00 set_scene S+191 I command=49 room=21 Master_Bed channel=0 scene=2
2023-04-17T23:12:01+01:00 set_scene S+191 I command=49 room=22 MBed_EnSuite channel=0 scene=2
2023-04-17T23:21:40+01:00 set_scene S+201 I command=49 room=22 MBed_EnSuite channel=0 scene=0
2023-04-17T23:25:04+01:00 set_scene S+204 I command=49 room=21 Master_Bed channel=0 scene=0
2023-04-17T23:44:44+01:00 set_scene S+224 I command=49 room=23 Spa_Bathroom channel=0 scene=1
2023-04-17T23:48:41+01:00 set_scene S+228 I command=49 room=23 Spa_Bathroom channel=0 scene=0
