2023-11-22T00:30:00+00:00 set_scene R-421 - command=49 room=32 Gate_Lights channel=0 scene=0
2023-11-22T00:30:00+00:00 set_scene R-421 - command=49 room=33 Front_Entrance_Pillars channel=0 scene=0
2023-11-22T00:30:00+00:00 set_scene R-421 - command=49 room=34 Kitchen_External channel=0 scene=0
2023-11-22T00:30:01+00:00 set_scene R-421 - command=49 room=35 Garden_Path channel=0 scene=0
2023-11-22T00:30:01+00:00 set_scene R-421 - command=49 room=36 Garden_Flower_Beds channel=0 scene=0
2023-11-22T00:42:40+00:00 set_scene R-408 I command=49 room=06 Study channel=0 scene=0
2023-11-22T00:42:56+00:00 set_scene R-408 I command=49 room=14 Kitchen channel=0 scene=1
2023-11-22T00:43:58+00:00 set_scene R-407 I command=49 room=14 Kitchen channel=0 scene=0
2023-11-22T00:43:59+00:00 set_scene R-407 I command=49 room=15 Kitchen_Lounge channel=0 scene=0
2023-11-22T00:43:59+00:00 set_scene R-407 I command=49 room=15 Kitchen_Lounge channel=0 scene=0
2023-11-22T00:44:02+00:00 set_scene R-407 I command=49 room=09 Hall channel=0 scene=0
2023-11-22T00:44:35+00:00 set_scene R-407 I command=49 room=10 Landing channel=0 scene=0
2023-11-22T05:52:01+00:00 set_scene R-099 I command=49 room=22 MBed_EnSuite channel=0 scene=4
2023-11-22T05:53:19+00:00 set_scene R-098 I command=49 room=22 MBed_EnSuite channel=0 scene=0
2023-11-22T07:07:49+00:00 set_scene R-023 I command=49 room=22 MBed_EnSuite channel=0 scene=2
2023-11-22T07:08:09+00:00 set_scene R-023 I command=49 room=22 MBed_EnSuite channel=0 scene=0
2023-11-22T07:18:25+00:00 set_scene R-013 I command=49 room=14 Kitchen channel=0 scene=2
2023-11-22T08:24:51+00:00 set_scene R+054 I command=49 room=21 Master_Bed channel=0 scene=2
2023-11-22T08:34:16+00:00 set_scene R+063 I command=49 room=06 Study channel=0 scene=1
2023-11-22T08:40:43+00:00 set_scene R+070 I command=49 room=21 Master_Bed channel=0 scene=0
2023-11-22T08:45:53+00:00 set_scene R+075 I command=49 room=14 Kitchen channel=0 scene=0
2023-11-22T08:45:53+00:00 set_scene R+075 I command=49 room=15 Kitchen_Lounge channel=0 scene=0
2023-11-22T08:45:53+00:00 set_scene R+075 I command=49 room=15 Kitchen_Lounge channel=0 scene=0
2023-11-22T08:47:01+00:00 set_scene R+076 I command=49 room=09 Hall channel=0 scene=2
2023-11-22T08:48:37+00:00 set_scene R+077 - command=49 room=50 Front_Porch_PIR channel=0 scene=1
2023-11-22T08:48:49+00:00 set_scene R+078 - command=49 room=50 Front_Porch_PIR channel=0 scene=1
2023-11-22T08:49:02+00:00 set_scene R+078 - command=49 room=50 Front_Porch_PIR channel=0 scene=1
2023-11-22T08:49:12+00:00 set_scene R+078 - command=49 room=50 Front_Porch_PIR channel=0 scene=1
2023-11-22T08:49:19+00:00 set_scene R+078 - command=49 room=50 Front_Porch_PIR channel=0 scene=1
2023-11-22T08:49:20+00:00 set_scene R+078 - command=49 room=50 Front_Porch_PIR channel=0 scene=1
2023-11-22T08:49:52+00:00 set_scene R+079 - command=49 room=50 Front_Porch_PIR channel=0 scene=1
2023-11-22T08:52:42+00:00 set_scene R+082 - command=49 room=50 Front_Porch_PIR channel=0 scene=0
2023-11-22T09:28:28+00:00 set_scene R+117 - command=49 room=50 Front_Porch_PIR channel=0 scene=1
2023-11-22T09:31:32+00:00 set_scene R+120 - command=49 room=50 Front_Porch_PIR channel=0 scene=0
2023-11-22T10:38:23+00:00 set_scene R+187 - command=49 room=50 Front_Porch_PIR channel=0 scene=1
2023-11-22T10:38:28+00:00 set_scene R+187 - command=49 room=50 Front_Porch_PIR channel=0 scene=1
2023-11-22T10:38:32+00:00 set_scene R+187 - command=49 room=50 Front_Porch_PIR channel=0 scene=1
2023-11-22T10:41:35+00:00 set_scene R+190 - command=49 room=50 Front_Porch_PIR channel=0 scene=0
2023-11-22T11:45:32+00:00 set_scene S-254 - command=49 room=50 Front_Porch_PIR channel=0 scene=1
2023-11-22T11:46:30+00:00 set_scene S-253 - command=49 room=50 Front_Porch_PIR channel=0 scene=1
2023-11-22T11:49:37+00:00 set_scene S-250 - command=49 room=50 Front_Porch_PIR channel=0 scene=0
2023-11-22T12:40:41+00:00 set_scene S-199 I command=49 room=21 Master_Bed channel=0 scene=2
2023-11-22T12:41:33+00:00 set_scene S-198 I command=49 room=22 MBed_EnSuite channel=0 scene=1
2023-11-22T13:09:42+00:00 set_scene S-170 I command=49 room=22 MBed_EnSuite channel=0 scene=0
2023-11-22T13:10:05+00:00 set_scene S-169 I command=49 room=21 Master_Bed channel=0 scene=0
2023-11-22T13:10:29+00:00 set_scene S-169 I command=49 room=14 Kitchen channel=0 scene=2
2023-11-22T13:52:51+00:00 set_scene S-127 I command=49 room=06 Study channel=0 scene=0
2023-11-22T13:55:39+00:00 set_scene S-124 - command=49 room=50 Front_Porch_PIR channel=0 scene=1
2023-11-22T13:58:36+00:00 set_scene S-121 - command=49 room=50 Front_Porch_PIR channel=0 scene=0
2023-11-22T14:14:44+00:00 set_scene S-105 - command=49 room=50 Front_Porch_PIR channel=0 scene=1
2023-11-22T14:15:38+00:00 set_scene S-104 - command=49 room=50 Front_Porch_PIR channel=0 scene=1
2023-11-22T14:18:44+00:00 set_scene S-101 - command=49 room=50 Front_Porch_PIR channel=0 scene=0
2023-11-22T14:37:09+00:00 set_scene S-082 I command=49 room=21 Master_Bed channel=0 scene=2
2023-11-22T14:39:58+00:00 set_scene S-080 I command=49 room=21 Master_Bed channel=0 scene=0
2023-11-22T14:40:06+00:00 set_scene S-079 I command=49 room=23 Spa_Bathroom channel=0 scene=1
2023-11-22T14:42:18+00:00 set_scene S-077 I command=49 room=23 Spa_Bathroom channel=0 scene=0
2023-11-22T14:51:26+00:00 set_scene S-068 I command=49 room=14 Kitchen channel=0 scene=0
2023-11-22T14:51:26+00:00 set_scene S-068 I command=49 room=15 Kitchen_Lounge channel=0 scene=0
2023-11-22T14:51:27+00:00 set_scene S-068 I command=49 room=15 Kitchen_Lounge channel=0 scene=0
2023-11-22T15:01:03+00:00 set_scene S-058 - command=49 room=50 Front_Porch_PIR channel=0 scene=1
2023-11-22T15:01:30+00:00 set_scene S-058 - command=49 room=50 Front_Porch_PIR channel=0 scene=1
2023-11-22T15:02:13+00:00 set_scene S-057 I command=49 room=21 Master_Bed channel=0 scene=1
2023-11-22T15:04:36+00:00 set_scene S-055 - command=49 room=50 Front_Porch_PIR channel=0 scene=0
2023-11-22T15:32:17+00:00 set_scene S-027 I command=49 room=22 MBed_EnSuite channel=0 scene=1
2023-11-22T15:34:50+00:00 set_scene S-025 I command=49 room=22 MBed_EnSuite channel=0 scene=0
2023-11-22T15:54:59+00:00 set_scene S-005 I command=49 room=21 Master_Bed channel=0 scene=0
2023-11-22T15:55:48+00:00 set_scene S-004 I command=49 room=14 Kitchen channel=0 scene=2
2023-11-22T15:56:00+00:00 set_scene S-003 - command=49 room=32 Gate_Lights channel=0 scene=1
2023-11-22T15:56:00+00:00 set_scene S-003 - command=49 room=33 Front_Entrance_Pillars channel=0 scene=1
2023-11-22T16:41:06+00:00 set_scene S+042 I command=49 room=14 Kitchen channel=0 scene=0
2023-11-22T16:41:06+00:00 set_scene S+042 I command=49 room=15 Kitchen_Lounge channel=0 scene=0
2023-11-22T16:41:07+00:00 set_scene S+042 I command=49 room=15 Kitchen_Lounge channel=0 scene=0
2023-11-22T16:42:02+00:00 set_scene S+043 I command=49 room=21 Master_Bed channel=0 scene=2
2023-11-22T17:37:25+00:00 set_scene S+098 I command=49 room=21 Master_Bed channel=0 scene=0
2023-11-22T17:37:56+00:00 set_scene S+098 I command=49 room=14 Kitchen channel=0 scene=2
2023-11-22T17:43:21+00:00 set_scene S+104 I command=49 room=14 Kitchen channel=0 scene=0
2023-11-22T17:43:21+00:00 set_scene S+104 I command=49 room=15 Kitchen_Lounge channel=0 scene=0
2023-11-22T17:43:22+00:00 set_scene S+104 I command=49 room=15 Kitchen_Lounge channel=0 scene=0
2023-11-22T17:43:40+00:00 set_scene S+104 I command=49 room=05 Living_Room channel=0 scene=3
2023-11-22T18:43:15+00:00 set_scene S+164 - command=49 room=50 Front_Porch_PIR channel=0 scene=1
2023-11-22T18:45:17+00:00 set_scene S+166 I command=49 room=05 Living_Room channel=0 scene=0
2023-11-22T18:45:41+00:00 set_scene S+166 I command=49 room=14 Kitchen channel=0 scene=3
2023-11-22T18:45:51+00:00 set_scene S+166 I command=49 room=14 Kitchen channel=0 scene=0
2023-11-22T18:45:51+00:00 set_scene S+166 I command=49 room=15 Kitchen_Lounge channel=0 scene=0
2023-11-22T18:45:51+00:00 set_scene S+166 I command=49 room=15 Kitchen_Lounge channel=0 scene=0
2023-11-22T18:47:02+00:00 set_scene S+168 I command=49 room=21 Master_Bed channel=0 scene=2
2023-11-22T18:47:20+00:00 set_scene S+168 I command=49 room=22 MBed_EnSuite channel=0 scene=3
2023-11-22T18:48:19+00:00 set_scene S+169 - command=49 room=50 Front_Porch_PIR channel=0 scene=0
2023-11-22T19:32:20+00:00 set_scene S+213 I command=49 room=22 MBed_EnSuite channel=0 scene=0
2023-11-22T19:53:21+00:00 set_scene S+234 I command=49 room=22 MBed_EnSuite channel=0 scene=1
2023-11-22T19:57:48+00:00 set_scene S+238 I command=49 room=14 Kitchen channel=0 scene=2
2023-11-22T19:59:19+00:00 set_scene S+240 I command=49 room=22 MBed_EnSuite channel=0 scene=0
2023-11-22T19:59:26+00:00 set_scene S+240 I command=49 room=21 Master_Bed channel=0 scene=0
2023-11-22T19:59:47+00:00 set_scene S+240 I command=49 room=06 Study channel=0 scene=1
2023-11-22T20:26:49+00:00 set_scene S+267 I command=49 room=15 Kitchen_Lounge channel=0 scene=2
2023-11-22T20:42:41+00:00 set_scene S+283 I command=49 room=06 Study channel=0 scene=1
2023-11-22T20:42:42+00:00 set_scene S+283 I command=49 room=06 Study channel=0 scene=1
2023-11-22T20:42:43+00:00 set_scene S+283 I command=49 room=06 Study channel=0 scene=2
2023-11-22T20:42:44+00:00 set_scene S+283 I command=49 room=06 Study channel=0 scene=1
2023-11-22T20:42:45+00:00 set_scene S+283 I command=49 room=06 Study channel=0 scene=1
2023-11-22T20:42:47+00:00 set_scene S+283 I command=49 room=06 Study channel=0 scene=1
2023-11-22T20:42:48+00:00 set_scene S+283 I command=49 room=06 Study channel=0 scene=1
2023-11-22T20:43:02+00:00 set_scene S+284 - command=49 room=50 Front_Porch_PIR channel=0 scene=0
2023-11-22T20:50:58+00:00 set_scene S+291 I command=49 room=14 Kitchen channel=0 scene=0
2023-11-22T20:50:58+00:00 set_scene S+291 I command=49 room=15 Kitchen_Lounge channel=0 scene=0
2023-11-22T20:50:58+00:00 set_scene S+291 I command=49 room=15 Kitchen_Lounge channel=0 scene=0
2023-11-22T20:51:11+00:00 set_scene S+292 I command=49 room=05 Living_Room channel=0 scene=2
2023-11-22T21:10:13+00:00 set_scene S+311 I command=49 room=14 Kitchen channel=0 scene=2
2023-11-22T21:15:15+00:00 set_scene S+316 I command=49 room=14 Kitchen channel=0 scene=0
2023-11-22T21:15:16+00:00 set_scene S+316 I command=49 room=15 Kitchen_Lounge channel=0 scene=0
2023-11-22T21:15:16+00:00 set_scene S+316 I command=49 room=15 Kitchen_Lounge channel=0 scene=0
2023-11-22T22:20:09+00:00 set_scene S+381 I command=49 room=14 Kitchen channel=0 scene=2
2023-11-22T22:20:14+00:00 set_scene S+381 I command=49 room=15 Kitchen_Lounge channel=0 scene=2
2023-11-22T22:26:10+00:00 set_scene S+387 I command=49 room=05 Living_Room channel=0 scene=0
2023-11-22T22:29:04+00:00 set_scene S+390 I command=49 room=21 Master_Bed channel=0 scene=2
2023-11-22T22:30:27+00:00 set_scene S+391 I command=49 room=22 MBed_EnSuite channel=0 scene=3
2023-11-22T22:33:12+00:00 set_scene S+394 I command=49 room=17 Play_Room channel=0 scene=1
2023-11-22T22:38:53+00:00 set_scene S+399 I command=49 room=21 Master_Bed channel=0 scene=1
2023-11-22T22:41:08+00:00 set_scene S+402 I command=49 room=22 MBed_EnSuite channel=0 scene=0
2023-11-22T22:46:49+00:00 set_scene S+407 I command=49 room=21 Master_Bed channel=0 scene=0
2023-11-22T22:50:08+00:00 set_scene S+411 I command=49 room=17 Play_Room channel=0 scene=0
2023-11-22T22:50:52+00:00 set_scene S+411 I command=49 room=14 Kitchen channel=0 scene=0
2023-11-22T22:50:52+00:00 set_scene S+411 I command=49 room=15 Kitchen_Lounge channel=0 scene=0
2023-11-22T22:50:53+00:00 set_scene S+411 I command=49 room=15 Kitchen_Lounge channel=0 scene=0
2023-11-22T22:53:24+00:00 set_scene S+414 I command=49 room=14 Kitchen channel=0 scene=2
2023-11-22T22:53:37+00:00 set_scene S+414 I command=49 room=05 Living_Room channel=0 scene=2
2023-11-22T22:53:50+00:00 set_scene S+414 I command=49 room=05 Living_Room channel=0 scene=0
2023-11-22T22:56:49+00:00 set_scene S+417 I command=49 room=22 MBed_EnSuite channel=0 scene=3
2023-11-22T22:59:14+00:00 set_scene S+420 I command=49 room=22 MBed_EnSuite channel=0 scene=0
