2024-03-17T00:30:01+00:00 set_scene R-338 - command=49 room=32 Gate_Lights channel=0 scene=0
2024-03-17T00:30:02+00:00 set_scene R-338 - command=49 room=33 Front_Entrance_Pillars channel=0 scene=0
2024-03-17T00:30:02+00:00 set_scene R-338 - command=49 room=35 Garden_Path channel=0 scene=0
2024-03-17T00:30:03+00:00 set_scene R-338 - command=49 room=36 Garden_Flower_Beds channel=0 scene=0
2024-03-17T09:29:30+00:00 set_scene R+202 I command=49 room=23 Spa_Bathroom channel=0 scene=1
2024-03-17T09:29:49+00:00 set_scene R+202 I command=49 room=23 Spa_Bathroom channel=0 scene=4
2024-03-17T10:20:57+00:00 set_scene R+253 I command=49 room=21 Master_Bed channel=0 scene=1
2024-03-17T10:37:46+00:00 set_scene R+270 I command=49 room=21 Master_Bed channel=0 scene=4
2024-03-17T10:46:51+00:00 set_scene R+279 - command=49 room=50 Front_Porch_PIR channel=0 scene=1
2024-03-17T10:49:57+00:00 set_scene R+282 - command=49 room=50 Front_Porch_PIR channel=0 scene=0
2024-03-17T12:17:12+00:00 set_scene S-351 I command=49 room=23 Spa_Bathroom channel=0 scene=0
2024-03-17T12:34:52+00:00 set_scene S-334 - command=49 room=50 Front_Porch_PIR channel=0 scene=1
2024-03-17T12:35:10+00:00 set_scene S-333 - command=49 room=50 Front_Porch_PIR channel=0 scene=1
2024-03-17T12:35:21+00:00 set_scene S-333 - command=49 room=50 Front_Porch_PIR channel=0 scene=1
2024-03-17T12:35:39+00:00 set_scene S-333 - command=49 room=50 Front_Porch_PIR channel=0 scene=1
2024-03-17T12:35:57+00:00 set_scene S-333 - command=49 room=50 Front_Porch_PIR channel=0 scene=1
2024-03-17T12:36:03+00:00 set_scene S-333 - command=49 room=50 Front_Porch_PIR channel=0 scene=1
2024-03-17T12:36:13+00:00 set_scene S-332 - command=49 room=50 Front_Porch_PIR channel=0 scene=1
2024-03-17T12:36:44+00:00 set_scene S-332 - command=49 room=50 Front_Porch_PIR channel=0 scene=1
2024-03-17T12:36:53+00:00 set_scene S-332 - command=49 room=50 Front_Porch_PIR channel=0 scene=1
2024-03-17T12:36:55+00:00 set_scene S-332 - command=49 room=50 Front_Porch_PIR channel=0 scene=1
2024-03-17T12:37:05+00:00 set_scene S-331 - command=49 room=52 Alarm_Interface channel=0 scene=4
2024-03-17T12:37:05+00:00 alarm_set
2024-03-17T12:40:08+00:00 set_scene S-328 - command=49 room=50 Front_Porch_PIR channel=0 scene=0
2024-03-17T12:51:55+00:00 set_scene S-317 - command=49 room=50 Front_Porch_PIR channel=0 scene=1
2024-03-17T12:52:18+00:00 set_scene S-316 - command=49 room=50 Front_Porch_PIR channel=0 scene=1
2024-03-17T12:55:27+00:00 set_scene S-313 - command=49 room=50 Front_Porch_PIR channel=0 scene=0
2024-03-17T14:27:59+00:00 set_scene S-221 I command=49 room=21 Master_Bed channel=0 scene=2
2024-03-17T14:37:31+00:00 set_scene S-211 I command=49 room=21 Master_Bed channel=0 scene=0
2024-03-17T14:44:52+00:00 set_scene S-204 I command=49 room=21 Master_Bed channel=0 scene=0
2024-03-17T15:54:49+00:00 set_scene S-134 - command=49 room=50 Front_Porch_PIR channel=0 scene=1
2024-03-17T15:54:52+00:00 set_scene S-134 - command=49 room=50 Front_Porch_PIR channel=0 scene=1
2024-03-17T16:04:23+00:00 set_scene S-124 - command=49 room=50 Front_Porch_PIR channel=0 scene=1
2024-03-17T16:04:27+00:00 set_scene S-124 - command=49 room=50 Front_Porch_PIR channel=0 scene=1
2024-03-17T16:04:57+00:00 set_scene S-124 - command=49 room=50 Front_Porch_PIR channel=0 scene=1
2024-03-17T16:08:03+00:00 set_scene S-121 - command=49 room=50 Front_Porch_PIR channel=0 scene=0
2024-03-17T16:11:10+00:00 set_scene S-117 - command=49 room=50 Front_Porch_PIR channel=0 scene=1
2024-03-17T16:14:20+00:00 set_scene S-114 - command=49 room=50 Front_Porch_PIR channel=0 scene=0
2024-03-17T17:47:04+00:00 set_scene S-022 - command=49 room=50 Front_Porch_PIR channel=0 scene=0
2024-03-17T17:48:08+00:00 set_scene S-020 - command=49 room=50 Front_Porch_PIR channel=0 scene=1
2024-03-17T17:51:14+00:00 set_scene S-017 - command=49 room=50 Front_Porch_PIR channel=0 scene=0
2024-03-17T18:06:00+00:00 set_scene S-003 - command=49 room=32 Gate_Lights channel=0 scene=1
2024-03-17T18:06:01+00:00 set_scene S-003 - command=49 room=33 Front_Entrance_Pillars channel=0 scene=1
2024-03-17T18:48:00+00:00 set_scene S+039 - command=49 room=50 Front_Porch_PIR channel=0 scene=1
2024-03-17T18:48:55+00:00 set_scene S+040 I command=49 room=14 Kitchen channel=0 scene=2
2024-03-17T18:55:18+00:00 set_scene S+047 I command=49 room=15 Kitchen_Lounge channel=0 scene=2
2024-03-17T19:30:51+00:00 set_scene S+082 I command=49 room=10 Landing channel=0 scene=1
2024-03-17T19:31:07+00:00 set_scene S+083 I command=49 room=23 Spa_Bathroom channel=0 scene=1
2024-03-17T19:31:09+00:00 set_scene S+083 I command=49 room=23 Spa_Bathroom channel=0 scene=1
2024-03-17T19:31:33+00:00 set_scene S+083 I command=49 room=23 Spa_Bathroom channel=0 scene=0
2024-03-17T19:31:51+00:00 set_scene S+083 I command=49 room=10 Landing channel=0 scene=4
2024-03-17T20:09:23+00:00 set_scene S+121 - command=49 room=50 Front_Porch_PIR channel=0 scene=1
2024-03-17T20:09:33+00:00 set_scene S+121 - command=49 room=50 Front_Porch_PIR channel=0 scene=1
2024-03-17T20:09:35+00:00 set_scene S+121 - command=49 room=50 Front_Porch_PIR channel=0 scene=1
2024-03-17T20:12:32+00:00 set_scene S+124 - command=49 room=50 Front_Porch_PIR channel=0 scene=0
2024-03-17T21:12:58+00:00 set_scene S+184 I command=49 room=07 Dining_Room channel=0 scene=1
2024-03-17T21:15:00+00:00 set_scene S+186 I command=49 room=07 Dining_Room channel=0 scene=0
2024-03-17T21:19:38+00:00 set_scene S+191 I command=49 room=06 Study channel=0 scene=1
2024-03-17T21:20:12+00:00 set_scene S+192 I command=49 room=14 Kitchen channel=0 scene=0
2024-03-17T21:20:12+00:00 set_scene S+192 I command=49 room=15 Kitchen_Lounge channel=0 scene=0
2024-03-17T21:20:44+00:00 set_scene S+192 I command=49 room=05 Living_Room channel=0 scene=2
2024-03-17T21:51:22+00:00 set_scene S+223 I command=49 room=14 Kitchen channel=0 scene=1
2024-03-17T21:52:52+00:00 set_scene S+224 I command=49 room=14 Kitchen channel=0 scene=0
2024-03-17T21:52:52+00:00 set_scene S+224 I command=49 room=15 Kitchen_Lounge channel=0 scene=0
2024-03-17T21:52:52+00:00 set_scene S+224 I command=49 room=15 Kitchen_Lounge channel=0 scene=0
2024-03-17T21:53:10+00:00 set_scene S+225 - command=49 room=50 Front_Porch_PIR channel=0 scene=0
2024-03-17T22:04:45+00:00 set_scene S+236 I command=49 room=14 Kitchen channel=0 scene=2
2024-03-17T22:05:17+00:00 set_scene S+237 I command=49 room=15 Kitchen_Lounge channel=0 scene=2
2024-03-17T22:09:12+00:00 set_scene S+241 I command=49 room=21 Master_Bed channel=0 scene=2
2024-03-17T22:09:41+00:00 set_scene S+241 I command=49 room=21 Master_Bed channel=0 scene=0
2024-03-17T23:07:23+00:00 set_scene S+299 I command=49 room=05 Living_Room channel=0 scene=0
2024-03-17T23:15:35+00:00 set_scene S+307 I command=49 room=21 Master_Bed channel=0 scene=3
2024-03-17T23:15:55+00:00 set_scene S+307 I command=49 room=22 MBed_EnSuite channel=0 scene=2
2024-03-17T23:33:49+00:00 set_scene S+325 I command=49 room=22 MBed_EnSuite channel=0 scene=0
2024-03-17T23:41:24+00:00 set_scene S+333 I command=49 room=21 Master_Bed channel=0 scene=0
