2023-11-16T00:30:00+00:00 set_scene R-411 - command=49 room=32 Gate_Lights channel=0 scene=0
2023-11-16T00:30:00+00:00 set_scene R-411 - command=49 room=33 Front_Entrance_Pillars channel=0 scene=0
2023-11-16T00:30:01+00:00 set_scene R-411 - command=49 room=34 Kitchen_External channel=0 scene=0
2023-11-16T00:30:01+00:00 set_scene R-411 - command=49 room=35 Garden_Path channel=0 scene=0
2023-11-16T00:30:01+00:00 set_scene R-411 - command=49 room=36 Garden_Flower_Beds channel=0 scene=0
2023-11-16T07:07:40+00:00 set_scene R-013 I command=49 room=22 MBed_EnSuite channel=0 scene=1
2023-11-16T07:20:20+00:00 set_scene R-001 I command=49 room=22 MBed_EnSuite channel=0 scene=0
2023-11-16T07:27:55+00:00 set_scene R+007 I command=49 room=14 Kitchen channel=0 scene=1
2023-11-16T07:45:34+00:00 set_scene R+025 I command=49 room=14 Kitchen channel=0 scene=4
2023-11-16T07:55:52+00:00 set_scene R+035 - command=49 room=50 Front_Porch_PIR channel=0 scene=1
2023-11-16T07:55:56+00:00 set_scene R+035 - command=49 room=50 Front_Porch_PIR channel=0 scene=1
2023-11-16T07:56:04+00:00 set_scene R+035 - command=49 room=50 Front_Porch_PIR channel=0 scene=1
2023-11-16T07:56:08+00:00 set_scene R+035 I command=49 room=09 Hall channel=0 scene=1
2023-11-16T07:57:30+00:00 set_scene R+037 I command=49 room=14 Kitchen channel=0 scene=1
2023-11-16T07:59:02+00:00 set_scene R+038 - command=49 room=50 Front_Porch_PIR channel=0 scene=0
2023-11-16T08:00:22+00:00 set_scene R+039 I command=49 room=15 Kitchen_Lounge channel=0 scene=1
2023-11-16T08:01:21+00:00 set_scene R+040 I command=49 room=05 Living_Room channel=0 scene=1
2023-11-16T08:05:24+00:00 set_scene R+045 I command=49 room=17 Play_Room channel=0 scene=1
2023-11-16T08:06:29+00:00 set_scene R+046 I command=49 room=17 Play_Room channel=0 scene=0
2023-11-16T08:07:26+00:00 set_scene R+047 - command=49 room=50 Front_Porch_PIR channel=0 scene=0
2023-11-16T08:54:08+00:00 set_scene R+093 - command=49 room=50 Front_Porch_PIR channel=0 scene=0
2023-11-16T08:55:34+00:00 set_scene R+095 I command=49 room=07 Dining_Room channel=0 scene=1
2023-11-16T08:55:56+00:00 set_scene R+095 I command=49 room=07 Dining_Room channel=0 scene=0
2023-11-16T09:12:35+00:00 set_scene R+112 - command=49 room=50 Front_Porch_PIR channel=0 scene=1
2023-11-16T09:12:38+00:00 set_scene R+112 - command=49 room=50 Front_Porch_PIR channel=0 scene=1
2023-11-16T09:12:49+00:00 set_scene R+112 - command=49 room=50 Front_Porch_PIR channel=0 scene=1
2023-11-16T09:12:57+00:00 set_scene R+112 - command=49 room=50 Front_Porch_PIR channel=0 scene=1
2023-11-16T09:13:09+00:00 set_scene R+112 - command=49 room=50 Front_Porch_PIR channel=0 scene=1
2023-11-16T09:13:18+00:00 set_scene R+112 - command=49 room=50 Front_Porch_PIR channel=0 scene=1
2023-11-16T09:13:29+00:00 set_scene R+113 - command=49 room=50 Front_Porch_PIR channel=0 scene=1
2023-11-16T09:13:34+00:00 set_scene R+113 - command=49 room=50 Front_Porch_PIR channel=0 scene=1
2023-11-16T09:16:41+00:00 set_scene R+116 - command=49 room=50 Front_Porch_PIR channel=0 scene=0
2023-11-16T09:20:42+00:00 set_scene R+120 I command=49 room=17 Play_Room channel=0 scene=1
2023-11-16T09:22:20+00:00 set_scene R+121 I command=49 room=15 Kitchen_Lounge channel=0 scene=0
2023-11-16T09:23:13+00:00 set_scene R+122 I command=49 room=14 Kitchen channel=0 scene=0
2023-11-16T09:23:13+00:00 set_scene R+122 I command=49 room=15 Kitchen_Lounge channel=0 scene=0
2023-11-16T09:23:14+00:00 set_scene R+122 I command=49 room=15 Kitchen_Lounge channel=0 scene=0
2023-11-16T09:41:58+00:00 set_scene R+141 I command=49 room=17 Play_Room channel=0 scene=0
2023-11-16T09:59:59+00:00 set_scene R+159 I command=49 room=05 Living_Room channel=0 scene=0
2023-11-16T10:06:21+00:00 set_scene R+165 - command=49 room=50 Front_Porch_PIR channel=0 scene=0
2023-11-16T10:31:14+00:00 set_scene R+190 I command=49 room=09 Hall channel=0 scene=1
2023-11-16T10:31:17+00:00 set_scene R+190 I command=49 room=09 Hall channel=0 scene=0
2023-11-16T10:31:24+00:00 set_scene R+191 I command=49 room=09 Hall channel=0 scene=0
2023-11-16T10:31:59+00:00 set_scene R+191 - command=49 room=50 Front_Porch_PIR channel=0 scene=1
2023-11-16T10:32:07+00:00 set_scene R+191 - command=49 room=52 Alarm_Interface channel=0 scene=4
2023-11-16T10:32:07+00:00 alarm_set
2023-11-16T10:32:11+00:00 set_scene R+191 - command=49 room=50 Front_Porch_PIR channel=0 scene=1
2023-11-16T10:35:13+00:00 set_scene R+194 - command=49 room=50 Front_Porch_PIR channel=0 scene=0
2023-11-16T11:52:37+00:00 set_scene S-254 - command=49 room=50 Front_Porch_PIR channel=0 scene=1
2023-11-16T11:55:41+00:00 set_scene S-251 - command=49 room=50 Front_Porch_PIR channel=0 scene=0
2023-11-16T16:02:00+00:00 set_scene S-005 - command=49 room=32 Gate_Lights channel=0 scene=1
2023-11-16T16:02:01+00:00 set_scene S-005 - command=49 room=33 Front_Entrance_Pillars channel=0 scene=1
2023-11-16T21:10:23+00:00 set_scene S+303 - command=49 room=52 Alarm_Interface channel=0 scene=1
2023-11-16T21:10:23+00:00 alarm_sounding
2023-11-16T21:10:26+00:00 set_scene S+303 - command=49 room=52 Alarm_Interface channel=0 scene=0
2023-11-16T21:10:26+00:00 alarm_unset
2023-11-16T21:10:31+00:00 set_scene S+304 I command=49 room=09 Hall channel=0 scene=1
2023-11-16T21:15:59+00:00 set_scene S+309 I command=49 room=14 Kitchen channel=0 scene=1
2023-11-16T21:28:25+00:00 set_scene S+321 I command=49 room=17 Play_Room channel=0 scene=1
2023-11-16T21:42:47+00:00 set_scene S+336 - command=49 room=50 Front_Porch_PIR channel=0 scene=1
2023-11-16T21:42:49+00:00 set_scene S+336 - command=49 room=50 Front_Porch_PIR channel=0 scene=1
2023-11-16T21:42:57+00:00 set_scene S+336 - command=49 room=50 Front_Porch_PIR channel=0 scene=1
2023-11-16T21:45:55+00:00 set_scene S+339 - command=49 room=50 Front_Porch_PIR channel=0 scene=0
2023-11-16T21:52:43+00:00 set_scene S+346 I command=49 room=14 Kitchen channel=0 scene=0
2023-11-16T21:52:43+00:00 set_scene S+346 I command=49 room=15 Kitchen_Lounge channel=0 scene=0
2023-11-16T21:52:44+00:00 set_scene S+346 I command=49 room=15 Kitchen_Lounge channel=0 scene=0
2023-11-16T21:52:53+00:00 set_scene S+346 I command=49 room=17 Play_Room channel=0 scene=2
2023-11-16T21:52:55+00:00 set_scene S+346 I command=49 room=17 Play_Room channel=0 scene=1
2023-11-16T22:21:43+00:00 set_scene S+375 I command=49 room=17 Play_Room channel=0 scene=0
2023-11-16T22:22:19+00:00 set_scene S+375 I command=49 room=14 Kitchen channel=0 scene=1
2023-11-16T22:23:33+00:00 set_scene S+377 I command=49 room=14 Kitchen channel=0 scene=0
2023-11-16T22:23:33+00:00 set_scene S+377 I command=49 room=15 Kitchen_Lounge channel=0 scene=0
2023-11-16T22:23:34+00:00 set_scene S+377 I command=49 room=15 Kitchen_Lounge channel=0 scene=0
2023-11-16T22:23:34+00:00 set_scene S+377 I command=49 room=14 Kitchen channel=0 scene=4
2023-11-16T22:23:34+00:00 set_scene S+377 I command=49 room=14 Kitchen channel=0 scene=0
2023-11-16T22:23:35+00:00 set_scene S+377 I command=49 room=15 Kitchen_Lounge channel=0 scene=0
2023-11-16T22:23:35+00:00 set_scene S+377 I command=49 room=15 Kitchen_Lounge channel=0 scene=0
2023-11-16T22:23:35+00:00 set_scene S+377 I command=49 room=14 Kitchen channel=0 scene=0
2023-11-16T22:23:36+00:00 set_scene S+377 I command=49 room=15 Kitchen_Lounge channel=0 scene=0
2023-11-16T22:23:36+00:00 set_scene S+377 I command=49 room=15 Kitchen_Lounge channel=0 scene=0
2023-11-16T22:26:44+00:00 set_scene S+380 - command=49 room=50 Front_Porch_PIR channel=0 scene=0
2023-11-16T22:36:45+00:00 set_scene S+390 I command=49 room=23 Spa_Bathroom channel=0 scene=1
2023-11-16T22:41:10+00:00 set_scene S+394 I command=49 room=23 Spa_Bathroom channel=0 scene=0
2023-11-16T23:17:08+00:00 set_scene S+430 I command=49 room=14 Kitchen channel=0 scene=1
2023-11-16T23:29:43+00:00 set_scene S+443 I command=49 room=17 Play_Room channel=0 scene=1
2023-11-16T23:34:35+00:00 set_scene S+448 I command=49 room=17 Play_Room channel=0 scene=0
2023-11-16T23:36:50+00:00 set_scene S+450 I command=49 room=14 Kitchen channel=0 scene=0
2023-11-16T23:36:50+00:00 set_scene S+450 I command=49 room=15 Kitchen_Lounge channel=0 scene=0
2023-11-16T23:36:50+00:00 set_scene S+450 I command=49 room=15 Kitchen_Lounge channel=0 scene=0
