2023-11-21T00:09:38+00:00 set_scene R-440 I command=49 room=09 Hall channel=0 scene=2
2023-11-21T00:09:39+00:00 set_scene R-440 I command=49 room=14 Kitchen channel=0 scene=2
2023-11-21T00:10:17+00:00 set_scene R-439 I command=49 room=14 Kitchen channel=0 scene=0
2023-11-21T00:10:17+00:00 set_scene R-439 I command=49 room=15 Kitchen_Lounge channel=0 scene=0
2023-11-21T00:10:18+00:00 set_scene R-439 I command=49 room=15 Kitchen_Lounge channel=0 scene=0
2023-11-21T00:10:23+00:00 set_scene R-439 I command=49 room=09 Hall channel=0 scene=3
2023-11-21T00:30:01+00:00 set_scene R-419 - command=49 room=32 Gate_Lights channel=0 scene=0
2023-11-21T00:30:01+00:00 set_scene R-419 - command=49 room=33 Front_Entrance_Pillars channel=0 scene=0
2023-11-21T00:30:01+00:00 set_scene R-419 - command=49 room=34 Kitchen_External channel=0 scene=0
2023-11-21T00:30:02+00:00 set_scene R-419 - command=49 room=35 Garden_Path channel=0 scene=0
2023-11-21T00:30:02+00:00 set_scene R-419 - command=49 room=36 Garden_Flower_Beds channel=0 scene=0
2023-11-21T01:45:57+00:00 set_scene R-344 I command=49 room=05 Living_Room channel=0 scene=0
2023-11-21T01:46:08+00:00 set_scene R-343 I command=49 room=14 Kitchen channel=0 scene=2
2023-11-21T01:46:28+00:00 set_scene R-343 I command=49 room=14 Kitchen channel=0 scene=0
2023-11-21T01:46:29+00:00 set_scene R-343 I command=49 room=15 Kitchen_Lounge channel=0 scene=0
2023-11-21T01:46:29+00:00 set_scene R-343 I command=49 room=15 Kitchen_Lounge channel=0 scene=0
2023-11-21T01:46:30+00:00 set_scene R-343 I command=49 room=09 Hall channel=0 scene=0
2023-11-21T01:46:56+00:00 set_scene R-343 I command=49 room=10 Landing channel=0 scene=0
2023-11-21T05:49:18+00:00 set_scene R-100 I command=49 room=22 MBed_EnSuite channel=0 scene=3
2023-11-21T05:50:40+00:00 set_scene R-099 I command=49 room=22 MBed_EnSuite channel=0 scene=0
2023-11-21T07:10:38+00:00 set_scene R-019 I command=49 room=22 MBed_EnSuite channel=0 scene=3
2023-11-21T07:10:39+00:00 set_scene R-019 I command=49 room=22 MBed_EnSuite channel=0 scene=3
2023-11-21T07:13:57+00:00 set_scene R-016 I command=49 room=09 Hall channel=0 scene=2
2023-11-21T07:14:09+00:00 set_scene R-015 I command=49 room=14 Kitchen channel=0 scene=3
2023-11-21T07:20:58+00:00 set_scene R-008 I command=49 room=22 MBed_EnSuite channel=0 scene=0
2023-11-21T07:28:16+00:00 set_scene R-001 I command=49 room=15 Kitchen_Lounge channel=0 scene=3
2023-11-21T07:57:56+00:00 set_scene R+028 - command=49 room=50 Front_Porch_PIR channel=0 scene=1
2023-11-21T07:58:03+00:00 set_scene R+029 - command=49 room=50 Front_Porch_PIR channel=0 scene=1
2023-11-21T07:58:07+00:00 set_scene R+029 - command=49 room=50 Front_Porch_PIR channel=0 scene=1
2023-11-21T08:01:05+00:00 set_scene R+032 - command=49 room=50 Front_Porch_PIR channel=0 scene=0
2023-11-21T08:31:12+00:00 set_scene R+062 I command=49 room=21 Master_Bed channel=0 scene=2
2023-11-21T08:52:12+00:00 set_scene R+083 - command=49 room=50 Front_Porch_PIR channel=0 scene=0
2023-11-21T09:04:46+00:00 set_scene R+095 I command=49 room=21 Master_Bed channel=0 scene=0
2023-11-21T09:14:11+00:00 set_scene R+105 I command=49 room=23 Spa_Bathroom channel=0 scene=1
2023-11-21T09:14:26+00:00 set_scene R+105 I command=49 room=07 Dining_Room channel=0 scene=2
2023-11-21T09:20:08+00:00 set_scene R+111 - command=49 room=50 Front_Porch_PIR channel=0 scene=1
2023-11-21T09:20:10+00:00 set_scene R+111 - command=49 room=50 Front_Porch_PIR channel=0 scene=1
2023-11-21T09:23:13+00:00 set_scene R+114 - command=49 room=50 Front_Porch_PIR channel=0 scene=0
2023-11-21T09:49:34+00:00 set_scene R+140 I command=49 room=21 Master_Bed channel=0 scene=1
2023-11-21T09:49:46+00:00 set_scene R+140 I command=49 room=22 MBed_EnSuite channel=0 scene=1
2023-11-21T09:58:29+00:00 set_scene R+149 I command=49 room=07 Dining_Room channel=0 scene=0
2023-11-21T10:33:43+00:00 set_scene R+184 I command=49 room=23 Spa_Bathroom channel=0 scene=0
2023-11-21T10:34:39+00:00 set_scene R+185 I command=49 room=22 MBed_EnSuite channel=0 scene=0
2023-11-21T10:39:04+00:00 set_scene R+190 - command=49 room=50 Front_Porch_PIR channel=0 scene=1
2023-11-21T10:42:14+00:00 set_scene R+193 - command=49 room=50 Front_Porch_PIR channel=0 scene=0
2023-11-21T10:43:25+00:00 set_scene R+194 I command=49 room=21 Master_Bed channel=0 scene=0
2023-11-21T11:06:09+00:00 set_scene R+217 - command=49 room=50 Front_Porch_PIR channel=0 scene=1
2023-11-21T11:06:12+00:00 set_scene R+217 - command=49 room=50 Front_Porch_PIR channel=0 scene=1
2023-11-21T11:06:14+00:00 set_scene R+217 - command=49 room=50 Front_Porch_PIR channel=0 scene=1
2023-11-21T11:06:25+00:00 set_scene R+217 - command=49 room=50 Front_Porch_PIR channel=0 scene=1
2023-11-21T11:09:22+00:00 set_scene R+220 - command=49 room=50 Front_Porch_PIR channel=0 scene=0
2023-11-21T11:25:13+00:00 set_scene R+236 - command=49 room=50 Front_Porch_PIR channel=0 scene=1
2023-11-21T11:28:23+00:00 set_scene R+239 - command=49 room=50 Front_Porch_PIR channel=0 scene=0
2023-11-21T11:35:35+00:00 set_scene R+246 - command=49 room=50 Front_Porch_PIR channel=0 scene=1
2023-11-21T11:35:51+00:00 set_scene R+246 - command=49 room=50 Front_Porch_PIR channel=0 scene=1
2023-11-21T11:35:54+00:00 set_scene R+246 - command=49 room=50 Front_Porch_PIR channel=0 scene=1
2023-11-21T11:36:52+00:00 set_scene R+247 - command=49 room=50 Front_Porch_PIR channel=0 scene=1
2023-11-21T11:37:20+00:00 set_scene R+248 - command=49 room=50 Front_Porch_PIR channel=0 scene=1
2023-11-21T11:37:31+00:00 set_scene R+248 - command=49 room=50 Front_Porch_PIR channel=0 scene=1
2023-11-21T11:37:40+00:00 set_scene R+248 - command=49 room=50 Front_Porch_PIR channel=0 scene=1
2023-11-21T11:38:09+00:00 set_scene R+249 - command=49 room=50 Front_Porch_PIR channel=0 scene=1
2023-11-21T11:41:22+00:00 set_scene R+252 - command=49 room=50 Front_Porch_PIR channel=0 scene=0
2023-11-21T11:55:23+00:00 set_scene S-245 I command=49 room=06 Study channel=0 scene=1
2023-11-21T12:08:13+00:00 set_scene S-232 I command=49 room=21 Master_Bed channel=0 scene=2
2023-11-21T12:34:34+00:00 set_scene S-206 I command=49 room=21 Master_Bed channel=0 scene=0
2023-11-21T13:15:59+00:00 set_scene S-165 I command=49 room=06 Study channel=0 scene=0
2023-11-21T13:31:13+00:00 set_scene S-149 - command=49 room=50 Front_Porch_PIR channel=0 scene=0
2023-11-21T13:49:52+00:00 set_scene S-131 - command=49 room=50 Front_Porch_PIR channel=0 scene=1
2023-11-21T13:51:19+00:00 set_scene S-129 - command=49 room=50 Front_Porch_PIR channel=0 scene=1
2023-11-21T13:54:24+00:00 set_scene S-126 - command=49 room=50 Front_Porch_PIR channel=0 scene=0
2023-11-21T14:01:19+00:00 set_scene S-119 I command=49 room=14 Kitchen channel=0 scene=0
2023-11-21T14:01:19+00:00 set_scene S-119 I command=49 room=15 Kitchen_Lounge channel=0 scene=0
2023-11-21T14:01:20+00:00 set_scene S-119 I command=49 room=15 Kitchen_Lounge channel=0 scene=0
2023-11-21T14:12:15+00:00 set_scene S-108 I command=49 room=09 Hall channel=0 scene=0
2023-11-21T14:22:07+00:00 set_scene S-099 I command=49 room=22 MBed_EnSuite channel=0 scene=1
2023-11-21T14:22:08+00:00 set_scene S-098 I command=49 room=22 MBed_EnSuite channel=0 scene=1
2023-11-21T14:51:14+00:00 set_scene S-069 I command=49 room=22 MBed_EnSuite channel=0 scene=0
2023-11-21T15:07:41+00:00 set_scene S-053 I command=49 room=05 Living_Room channel=0 scene=2
2023-11-21T15:56:00+00:00 set_scene S-005 - command=49 room=32 Gate_Lights channel=0 scene=1
2023-11-21T15:56:01+00:00 set_scene S-005 - command=49 room=33 Front_Entrance_Pillars channel=0 scene=1
2023-11-21T16:14:25+00:00 set_scene S+014 I command=49 room=14 Kitchen channel=0 scene=1
2023-11-21T16:34:03+00:00 set_scene S+033 I command=49 room=14 Kitchen channel=0 scene=0
2023-11-21T16:34:04+00:00 set_scene S+033 I command=49 room=15 Kitchen_Lounge channel=0 scene=0
2023-11-21T16:34:04+00:00 set_scene S+033 I command=49 room=15 Kitchen_Lounge channel=0 scene=0
2023-11-21T16:41:07+00:00 set_scene S+040 I command=49 room=14 Kitchen channel=0 scene=2
2023-11-21T16:41:37+00:00 set_scene S+041 I command=49 room=14 Kitchen channel=0 scene=0
2023-11-21T16:41:37+00:00 set_scene S+041 I command=49 room=15 Kitchen_Lounge channel=0 scene=0
2023-11-21T16:41:38+00:00 set_scene S+041 I command=49 room=15 Kitchen_Lounge channel=0 scene=0
2023-11-21T16:54:02+00:00 set_scene S+053 I command=49 room=10 Landing channel=0 scene=1
2023-11-21T16:54:33+00:00 set_scene S+054 I command=49 room=21 Master_Bed channel=0 scene=1
2023-11-21T17:21:11+00:00 set_scene S+081 I command=49 room=22 MBed_EnSuite channel=0 scene=1
2023-11-21T17:26:08+00:00 set_scene S+085 - command=49 room=50 Front_Porch_PIR channel=0 scene=1
2023-11-21T17:26:23+00:00 set_scene S+086 - command=49 room=50 Front_Porch_PIR channel=0 scene=1
2023-11-21T17:29:21+00:00 set_scene S+089 - command=49 room=50 Front_Porch_PIR channel=0 scene=0
2023-11-21T17:31:35+00:00 set_scene S+091 I command=49 room=22 MBed_EnSuite channel=0 scene=0
2023-11-21T17:33:21+00:00 set_scene S+093 I command=49 room=21 Master_Bed channel=0 scene=0
2023-11-21T17:33:55+00:00 set_scene S+093 I command=49 room=07 Dining_Room channel=0 scene=2
2023-11-21T17:34:21+00:00 set_scene S+094 I command=49 room=07 Dining_Room channel=0 scene=0
2023-11-21T17:36:06+00:00 set_scene S+095 I command=49 room=21 Master_Bed channel=0 scene=1
2023-11-21T17:36:54+00:00 set_scene S+096 I command=49 room=21 Master_Bed channel=0 scene=0
2023-11-21T17:40:19+00:00 set_scene S+100 - command=49 room=50 Front_Porch_PIR channel=0 scene=0
2023-11-21T17:40:31+00:00 set_scene S+100 I command=49 room=14 Kitchen channel=0 scene=2
2023-11-21T17:42:46+00:00 set_scene S+102 I command=49 room=21 Master_Bed channel=0 scene=2
2023-11-21T17:42:56+00:00 set_scene S+102 I command=49 room=21 Master_Bed channel=0 scene=0
2023-11-21T17:48:50+00:00 set_scene S+108 I command=49 room=14 Kitchen channel=0 scene=0
2023-11-21T17:48:51+00:00 set_scene S+108 I command=49 room=15 Kitchen_Lounge channel=0 scene=0
2023-11-21T17:48:51+00:00 set_scene S+108 I command=49 room=15 Kitchen_Lounge channel=0 scene=0
2023-11-21T18:51:57+00:00 set_scene S+171 I command=49 room=09 Hall channel=0 scene=2
2023-11-21T18:52:05+00:00 set_scene S+171 I command=49 room=14 Kitchen channel=0 scene=2
2023-11-21T19:02:18+00:00 set_scene S+182 I command=49 room=14 Kitchen channel=0 scene=0
2023-11-21T19:02:18+00:00 set_scene S+182 I command=49 room=15 Kitchen_Lounge channel=0 scene=0
2023-11-21T19:02:19+00:00 set_scene S+182 I command=49 room=15 Kitchen_Lounge channel=0 scene=0
2023-11-21T21:01:31+00:00 set_scene S+301 I command=49 room=14 Kitchen channel=0 scene=2
2023-11-21T21:01:31+00:00 set_scene S+301 I command=49 room=14 Kitchen channel=0 scene=1
2023-11-21T21:08:23+00:00 set_scene S+308 I command=49 room=14 Kitchen channel=0 scene=0
2023-11-21T21:08:23+00:00 set_scene S+308 I command=49 room=15 Kitchen_Lounge channel=0 scene=0
2023-11-21T21:08:23+00:00 set_scene S+308 I command=49 room=15 Kitchen_Lounge channel=0 scene=0
2023-11-21T21:10:38+00:00 set_scene S+310 I command=49 room=14 Kitchen channel=0 scene=1
2023-11-21T21:10:49+00:00 set_scene S+310 I command=49 room=21 Master_Bed channel=0 scene=2
2023-11-21T21:13:30+00:00 set_scene S+313 I command=49 room=21 Master_Bed channel=0 scene=0
2023-11-21T21:13:40+00:00 set_scene S+313 I command=49 room=21 Master_Bed channel=0 scene=1
2023-11-21T21:13:51+00:00 set_scene S+313 I command=49 room=21 Master_Bed channel=0 scene=0
2023-11-21T21:25:57+00:00 set_scene S+325 I command=49 room=14 Kitchen channel=0 scene=0
2023-11-21T21:25:57+00:00 set_scene S+325 I command=49 room=15 Kitchen_Lounge channel=0 scene=0
2023-11-21T21:25:58+00:00 set_scene S+325 I command=49 room=15 Kitchen_Lounge channel=0 scene=0
2023-11-21T21:27:22+00:00 set_scene S+327 - command=49 room=50 Front_Porch_PIR channel=0 scene=1
2023-11-21T21:30:19+00:00 set_scene S+330 - command=49 room=50 Front_Porch_PIR channel=0 scene=0
2023-11-21T21:32:23+00:00 set_scene S+332 I command=49 room=40 Garden_Control_Plate channel=0 scene=1
2023-11-21T21:32:24+00:00 set_scene S+332 - command=49 room=34 Kitchen_External channel=0 scene=1
2023-11-21T21:32:24+00:00 set_scene S+332 - command=49 room=35 Garden_Path channel=0 scene=1
2023-11-21T21:32:24+00:00 set_scene S+332 - command=49 room=36 Garden_Flower_Beds channel=0 scene=1
2023-11-21T21:33:48+00:00 set_scene S+333 I command=49 room=14 Kitchen channel=0 scene=2
2023-11-21T21:35:50+00:00 set_scene S+335 - command=49 room=50 Front_Porch_PIR channel=0 scene=0
2023-11-21T21:36:03+00:00 set_scene S+335 I command=49 room=14 Kitchen channel=0 scene=0
2023-11-21T21:36:04+00:00 set_scene S+335 I command=49 room=15 Kitchen_Lounge channel=0 scene=0
2023-11-21T21:36:04+00:00 set_scene S+335 I command=49 room=15 Kitchen_Lounge channel=0 scene=0
2023-11-21T21:36:17+00:00 set_scene S+336 I command=49 room=06 Study channel=0 scene=1
2023-11-21T22:19:43+00:00 set_scene S+379 - command=49 room=50 Front_Porch_PIR channel=0 scene=1
2023-11-21T22:22:40+00:00 set_scene S+382 - command=49 room=50 Front_Porch_PIR channel=0 scene=0
2023-11-21T22:45:16+00:00 set_scene S+405 I command=49 room=05 Living_Room channel=0 scene=0
2023-11-21T22:45:31+00:00 set_scene S+405 I command=49 room=14 Kitchen channel=0 scene=2
2023-11-21T22:47:03+00:00 set_scene S+406 I command=49 room=40 Garden_Control_Plate channel=0 scene=0
2023-11-21T22:47:04+00:00 set_scene S+406 - command=49 room=34 Kitchen_External channel=0 scene=0
2023-11-21T22:47:04+00:00 set_scene S+406 - command=49 room=35 Garden_Path channel=0 scene=0
2023-11-21T22:47:04+00:00 set_scene S+406 - command=49 room=36 Garden_Flower_Beds channel=0 scene=0
2023-11-21T22:52:16+00:00 set_scene S+412 I command=49 room=14 Kitchen channel=0 scene=0
2023-11-21T22:52:17+00:00 set_scene S+412 I command=49 room=15 Kitchen_Lounge channel=0 scene=0
2023-11-21T22:52:17+00:00 set_scene S+412 I command=49 room=15 Kitchen_Lounge channel=0 scene=0
2023-11-21T23:03:22+00:00 set_scene S+423 I command=49 room=22 MBed_EnSuite channel=0 scene=2
2023-11-21T23:12:42+00:00 set_scene S+432 I command=49 room=22 MBed_EnSuite channel=0 scene=0
2023-11-21T23:14:22+00:00 set_scene S+434 I command=49 room=22 MBed_EnSuite channel=0 scene=4
2023-11-21T23:15:00+00:00 set_scene S+434 I command=49 room=14 Kitchen channel=0 scene=1
2023-11-21T23:18:05+00:00 set_scene S+437 I command=49 room=22 MBed_EnSuite channel=0 scene=0
2023-11-21T23:19:12+00:00 set_scene S+439 I command=49 room=14 Kitchen channel=0 scene=0
2023-11-21T23:19:13+00:00 set_scene S+439 I command=49 room=15 Kitchen_Lounge channel=0 scene=0
2023-11-21T23:19:13+00:00 set_scene S+439 I command=49 room=15 Kitchen_Lounge channel=0 scene=0
2023-11-21T23:20:16+00:00 set_scene S+440 I command=49 room=14 Kitchen channel=0 scene=3
2023-11-21T23:20:36+00:00 set_scene S+440 I command=49 room=14 Kitchen channel=0 scene=0
2023-11-21T23:20:36+00:00 set_scene S+440 I command=49 room=15 Kitchen_Lounge channel=0 scene=0
2023-11-21T23:20:37+00:00 set_scene S+440 I command=49 room=15 Kitchen_Lounge channel=0 scene=0
2023-11-21T23:20:49+00:00 set_scene S+440 I command=49 room=09 Hall channel=0 scene=3
2023-11-21T23:20:55+00:00 set_scene S+440 I command=49 room=09 Hall channel=0 scene=4
2023-11-21T23:22:03+00:00 set_scene S+441 I command=49 room=21 Master_Bed channel=0 scene=0
2023-11-21T23:51:52+00:00 set_scene S+471 I command=49 room=22 MBed_EnSuite channel=0 scene=2
2023-11-21T23:53:11+00:00 set_scene S+473 I command=49 room=22 MBed_EnSuite channel=0 scene=0
