2022-07-08T00:08:04+01:00 set_scene R-280 - command=49 room=50 Front_Porch_PIR channel=0 scene=1
2022-07-08T00:08:09+01:00 set_scene R-280 - command=49 room=50 Front_Porch_PIR channel=0 scene=1
2022-07-08T00:11:13+01:00 set_scene R-277 - command=49 room=50 Front_Porch_PIR channel=0 scene=0
2022-07-08T00:13:15+01:00 set_scene R-275 I command=49 room=14 Kitchen channel=0 scene=2
2022-07-08T00:13:40+01:00 set_scene R-275 I command=49 room=21 Master_Bed channel=0 scene=1
2022-07-08T00:13:48+01:00 set_scene R-274 I command=49 room=22 MBed_EnSuite channel=0 scene=2
2022-07-08T00:13:48+01:00 set_scene R-274 I command=49 room=22 MBed_EnSuite channel=0 scene=1
2022-07-08T00:15:30+01:00 set_scene R-273 - command=49 room=50 Front_Porch_PIR channel=0 scene=1
2022-07-08T00:15:41+01:00 set_scene R-272 I command=49 room=14 Kitchen channel=0 scene=0
2022-07-08T00:15:41+01:00 set_scene R-272 I command=49 room=15 Kitchen_Lounge channel=0 scene=0
2022-07-08T00:15:42+01:00 set_scene R-272 I command=49 room=15 Kitchen_Lounge channel=0 scene=0
2022-07-08T00:15:42+01:00 set_scene R-272 I command=49 room=22 MBed_EnSuite channel=0 scene=4
2022-07-08T00:15:47+01:00 set_scene R-272 I command=49 room=21 Master_Bed channel=0 scene=0
2022-07-08T00:15:48+01:00 set_scene R-272 I command=49 room=21 Master_Bed channel=0 scene=0
2022-07-08T00:16:03+01:00 set_scene R-272 I command=49 room=05 Living_Room channel=0 scene=0
2022-07-08T00:17:02+01:00 set_scene R-271 I command=49 room=21 Master_Bed channel=0 scene=2
2022-07-08T00:18:28+01:00 set_scene R-270 - command=49 room=50 Front_Porch_PIR channel=0 scene=0
2022-07-08T00:18:39+01:00 set_scene R-270 I command=49 room=23 Spa_Bathroom channel=0 scene=1
2022-07-08T00:18:59+01:00 set_scene R-269 I command=49 room=23 Spa_Bathroom channel=0 scene=0
2022-07-08T00:30:00+01:00 set_scene R-258 - command=49 room=32 Gate_Lights channel=0 scene=0
2022-07-08T00:30:00+01:00 set_scene R-258 - command=49 room=33 Front_Entrance_Pillars channel=0 scene=0
2022-07-08T00:30:01+01:00 set_scene R-258 - command=49 room=34 Kitchen_External channel=0 scene=0
2022-07-08T00:30:01+01:00 set_scene R-258 - command=49 room=35 Garden_Path channel=0 scene=0
2022-07-08T00:30:01+01:00 set_scene R-258 - command=49 room=36 Garden_Flower_Beds channel=0 scene=0
2022-07-08T00:30:49+01:00 set_scene R-257 I command=49 room=22 MBed_EnSuite channel=0 scene=0
2022-07-08T00:31:36+01:00 set_scene R-257 I command=49 room=21 Master_Bed channel=0 scene=0
2022-07-08T00:33:12+01:00 set_scene R-255 I command=49 room=23 Spa_Bathroom channel=0 scene=2
2022-07-08T00:33:36+01:00 set_scene R-255 I command=49 room=23 Spa_Bathroom channel=0 scene=0
2022-07-08T00:33:43+01:00 set_scene R-254 I command=49 room=10 Landing channel=0 scene=4
2022-07-08T00:52:27+01:00 set_scene R-236 I command=49 room=22 MBed_EnSuite channel=0 scene=4
2022-07-08T00:55:02+01:00 set_scene R-233 I command=49 room=22 MBed_EnSuite channel=0 scene=0
2022-07-08T02:22:20+01:00 set_scene R-146 I command=49 room=06 Study channel=0 scene=0
2022-07-08T02:22:35+01:00 set_scene R-146 I command=49 room=14 Kitchen channel=0 scene=3
2022-07-08T02:22:51+01:00 set_scene R-145 I command=49 room=14 Kitchen channel=0 scene=0
2022-07-08T02:22:51+01:00 set_scene R-145 I command=49 room=15 Kitchen_Lounge channel=0 scene=0
2022-07-08T02:22:51+01:00 set_scene R-145 I command=49 room=15 Kitchen_Lounge channel=0 scene=0
2022-07-08T02:23:11+01:00 set_scene R-145 I command=49 room=09 Hall channel=0 scene=0
2022-07-08T02:23:35+01:00 set_scene R-145 - command=49 room=52 Alarm_Interface channel=0 scene=4
2022-07-08T02:23:35+01:00 alarm_set
2022-07-08T02:23:38+01:00 set_scene R-145 I command=49 room=10 Landing channel=0 scene=0
2022-07-08T04:42:14+01:00 set_scene R-006 - command=49 room=50 Front_Porch_PIR channel=0 scene=1
2022-07-08T04:45:11+01:00 set_scene R-003 - command=49 room=50 Front_Porch_PIR channel=0 scene=0
2022-07-08T06:09:38+01:00 set_scene R+081 - command=49 room=52 Alarm_Interface channel=0 scene=0
2022-07-08T06:09:38+01:00 alarm_unset
2022-07-08T08:27:43+01:00 set_scene R+220 - command=49 room=50 Front_Porch_PIR channel=0 scene=1
2022-07-08T08:30:52+01:00 set_scene R+223 - command=49 room=50 Front_Porch_PIR channel=0 scene=0
2022-07-08T08:48:25+01:00 set_scene R+240 - command=49 room=50 Front_Porch_PIR channel=0 scene=1
2022-07-08T08:51:34+01:00 set_scene R+243 - command=49 room=50 Front_Porch_PIR channel=0 scene=0
2022-07-08T11:09:30+01:00 set_scene R+381 I command=49 room=23 Spa_Bathroom channel=0 scene=0
2022-07-08T11:54:08+01:00 set_scene R+426 I command=49 room=23 Spa_Bathroom channel=0 scene=1
2022-07-08T11:58:09+01:00 set_scene R+430 I command=49 room=23 Spa_Bathroom channel=0 scene=0
2022-07-08T12:54:18+01:00 set_scene R+486 - command=49 room=50 Front_Porch_PIR channel=0 scene=1
2022-07-08T12:54:45+01:00 set_scene R+487 - command=49 room=50 Front_Porch_PIR channel=0 scene=1
2022-07-08T12:54:48+01:00 set_scene R+487 - command=49 room=50 Front_Porch_PIR channel=0 scene=1
2022-07-08T12:57:49+01:00 set_scene R+490 - command=49 room=50 Front_Porch_PIR channel=0 scene=0
2022-07-08T13:24:05+01:00 set_scene S-476 - command=49 room=50 Front_Porch_PIR channel=0 scene=1
2022-07-08T13:27:16+01:00 set_scene S-473 - command=49 room=50 Front_Porch_PIR channel=0 scene=0
2022-07-08T16:03:00+01:00 set_scene S-318 - command=49 room=50 Front_Porch_PIR channel=0 scene=0
2022-07-08T17:28:20+01:00 set_scene S-232 - command=49 room=50 Front_Porch_PIR channel=0 scene=1
2022-07-08T17:31:27+01:00 set_scene S-229 - command=49 room=50 Front_Porch_PIR channel=0 scene=0
2022-07-08T18:19:45+01:00 set_scene S-181 I command=49 room=21 Master_Bed channel=0 scene=2
2022-07-08T18:49:59+01:00 set_scene S-151 I command=49 room=21 Master_Bed channel=0 scene=0
2022-07-08T19:03:21+01:00 set_scene S-137 - command=49 room=50 Front_Porch_PIR channel=0 scene=1
2022-07-08T19:06:31+01:00 set_scene S-134 - command=49 room=50 Front_Porch_PIR channel=0 scene=0
2022-07-08T19:15:50+01:00 set_scene S-125 - command=49 room=50 Front_Porch_PIR channel=0 scene=1
2022-07-08T19:15:59+01:00 set_scene S-125 - command=49 room=50 Front_Porch_PIR channel=0 scene=1
2022-07-08T19:16:00+01:00 set_scene S-125 - command=49 room=50 Front_Porch_PIR channel=0 scene=1
2022-07-08T19:16:03+01:00 set_scene S-124 - command=49 room=50 Front_Porch_PIR channel=0 scene=1
2022-07-08T19:19:03+01:00 set_scene S-121 - command=49 room=50 Front_Porch_PIR channel=0 scene=0
2022-07-08T19:21:56+01:00 set_scene S-119 I command=49 room=14 Kitchen channel=0 scene=1
2022-07-08T19:27:14+01:00 set_scene S-113 - command=49 room=50 Front_Porch_PIR channel=0 scene=0
2022-07-08T19:44:14+01:00 set_scene S-096 I command=49 room=14 Kitchen channel=0 scene=0
2022-07-08T19:44:14+01:00 set_scene S-096 I command=49 room=15 Kitchen_Lounge channel=0 scene=0
2022-07-08T19:44:15+01:00 set_scene S-096 I command=49 room=15 Kitchen_Lounge channel=0 scene=0
2022-07-08T21:16:00+01:00 set_scene S-005 - command=49 room=32 Gate_Lights channel=0 scene=1
2022-07-08T21:16:01+01:00 set_scene S-004 - command=49 room=33 Front_Entrance_Pillars channel=0 scene=1
2022-07-08T21:23:32+01:00 set_scene S+003 I command=49 room=23 Spa_Bathroom channel=0 scene=0
2022-07-08T21:24:13+01:00 set_scene S+004 I command=49 room=23 Spa_Bathroom channel=0 scene=0
2022-07-08T21:24:15+01:00 set_scene S+004 I command=49 room=23 Spa_Bathroom channel=0 scene=2
2022-07-08T21:24:16+01:00 set_scene S+004 I command=49 room=23 Spa_Bathroom channel=0 scene=1
2022-07-08T21:24:18+01:00 set_scene S+004 I command=49 room=23 Spa_Bathroom channel=0 scene=0
2022-07-08T21:27:43+01:00 set_scene S+007 - command=49 room=50 Front_Porch_PIR channel=0 scene=1
2022-07-08T21:30:40+01:00 set_scene S+010 - command=49 room=50 Front_Porch_PIR channel=0 scene=0
2022-07-08T22:04:36+01:00 set_scene S+044 I command=49 room=14 Kitchen channel=0 scene=2
2022-07-08T22:04:37+01:00 set_scene S+044 I command=49 room=14 Kitchen channel=0 scene=1
2022-07-08T22:05:53+01:00 set_scene S+045 I command=49 room=14 Kitchen channel=0 scene=0
2022-07-08T22:05:53+01:00 set_scene S+045 I command=49 room=15 Kitchen_Lounge channel=0 scene=0
2022-07-08T22:05:53+01:00 set_scene S+045 I command=49 room=15 Kitchen_Lounge channel=0 scene=0
2022-07-08T22:06:20+01:00 set_scene S+046 I command=49 room=10 Landing channel=0 scene=1
2022-07-08T22:07:08+01:00 set_scene S+047 I command=49 room=23 Spa_Bathroom channel=0 scene=0
2022-07-08T22:10:47+01:00 set_scene S+050 I command=49 room=14 Kitchen channel=0 scene=1
2022-07-08T22:11:48+01:00 set_scene S+051 I command=49 room=14 Kitchen channel=0 scene=0
2022-07-08T22:11:48+01:00 set_scene S+051 I command=49 room=15 Kitchen_Lounge channel=0 scene=0
2022-07-08T22:11:49+01:00 set_scene S+051 I command=49 room=15 Kitchen_Lounge channel=0 scene=0
2022-07-08T22:40:13+01:00 set_scene S+080 - command=49 room=50 Front_Porch_PIR channel=0 scene=1
2022-07-08T22:41:17+01:00 set_scene S+081 - command=49 room=50 Front_Porch_PIR channel=0 scene=1
2022-07-08T22:44:14+01:00 set_scene S+084 - command=49 room=50 Front_Porch_PIR channel=0 scene=0
2022-07-08T22:45:43+01:00 set_scene S+085 I command=49 room=09 Hall channel=0 scene=2
2022-07-08T22:45:44+01:00 set_scene S+085 I command=49 room=09 Hall channel=0 scene=1
2022-07-08T22:45:52+01:00 set_scene S+085 I command=49 room=05 Living_Room channel=0 scene=1
2022-07-08T22:45:56+01:00 set_scene S+085 I command=49 room=05 Living_Room channel=0 scene=0
2022-07-08T22:45:56+01:00 set_scene S+085 I command=49 room=05 Living_Room channel=0 scene=0
2022-07-08T22:52:48+01:00 set_scene S+092 - command=49 room=50 Front_Porch_PIR channel=0 scene=1
2022-07-08T22:55:45+01:00 set_scene S+095 - command=49 room=50 Front_Porch_PIR channel=0 scene=0
2022-07-08T22:58:05+01:00 set_scene S+098 I command=49 room=21 Master_Bed channel=0 scene=1
2022-07-08T22:59:28+01:00 set_scene S+099 I command=49 room=05 Living_Room channel=0 scene=1
2022-07-08T22:59:40+01:00 set_scene S+099 I command=49 room=05 Living_Room channel=0 scene=0
2022-07-08T23:00:47+01:00 set_scene S+100 I command=49 room=22 MBed_EnSuite channel=0 scene=1
2022-07-08T23:07:59+01:00 set_scene S+107 I command=49 room=22 MBed_EnSuite channel=0 scene=0
2022-07-08T23:08:31+01:00 set_scene S+108 I command=49 room=21 Master_Bed channel=0 scene=0
2022-07-08T23:10:46+01:00 set_scene S+110 I command=49 room=10 Landing channel=0 scene=4
2022-07-08T23:17:44+01:00 set_scene S+117 - command=49 room=50 Front_Porch_PIR channel=0 scene=1
2022-07-08T23:20:42+01:00 set_scene S+120 - command=49 room=50 Front_Porch_PIR channel=0 scene=0
2022-07-08T23:20:56+01:00 set_scene S+120 I command=49 room=23 Spa_Bathroom channel=0 scene=1
2022-07-08T23:24:10+01:00 set_scene S+124 I command=49 room=23 Spa_Bathroom channel=0 scene=0
2022-07-08T23:31:06+01:00 set_scene S+131 - command=49 room=50 Front_Porch_PIR channel=0 scene=1
2022-07-08T23:33:31+01:00 set_scene S+133 I command=49 room=14 Kitchen channel=0 scene=2
2022-07-08T23:35:46+01:00 set_scene S+135 I command=49 room=21 Master_Bed channel=0 scene=0
2022-07-08T23:35:53+01:00 set_scene S+135 I command=49 room=21 Master_Bed channel=0 scene=1
2022-07-08T23:37:07+01:00 set_scene S+137 I command=49 room=21 Master_Bed channel=0 scene=0
2022-07-08T23:37:38+01:00 set_scene S+137 - command=49 room=50 Front_Porch_PIR channel=0 scene=0
2022-07-08T23:39:27+01:00 set_scene S+139 I command=49 room=21 Master_Bed channel=0 scene=2
2022-07-08T23:44:35+01:00 set_scene S+144 I command=49 room=05 Living_Room channel=0 scene=2
2022-07-08T23:48:46+01:00 set_scene S+148 - command=49 room=50 Front_Porch_PIR channel=0 scene=1
2022-07-08T23:50:57+01:00 set_scene S+150 I command=49 room=22 MBed_EnSuite channel=0 scene=3
2022-07-08T23:50:57+01:00 set_scene S+150 I command=49 room=22 MBed_EnSuite channel=0 scene=2
2022-07-08T23:51:44+01:00 set_scene S+151 - command=49 room=50 Front_Porch_PIR channel=0 scene=0
2022-07-08T23:58:26+01:00 set_scene S+158 I command=49 room=22 MBed_EnSuite channel=0 scene=0
