2023-04-10T00:30:00+01:00 set_scene R-344 - command=49 room=32 Gate_Lights channel=0 scene=0
2023-04-10T00:30:00+01:00 set_scene R-344 - command=49 room=33 Front_Entrance_Pillars channel=0 scene=0
2023-04-10T00:30:01+01:00 set_scene R-344 - command=49 room=34 Kitchen_External channel=0 scene=0
2023-04-10T00:30:01+01:00 set_scene R-344 - command=49 room=35 Garden_Path channel=0 scene=0
2023-04-10T00:30:01+01:00 set_scene R-344 - command=49 room=36 Garden_Flower_Beds channel=0 scene=0
2023-04-10T04:57:32+01:00 set_scene R-077 - command=49 room=50 Front_Porch_PIR channel=0 scene=1
2023-04-10T05:00:29+01:00 set_scene R-074 - command=49 room=50 Front_Porch_PIR channel=0 scene=0
2023-04-10T10:28:41+01:00 set_scene R+255 I command=49 room=21 Master_Bed channel=0 scene=2
2023-04-10T10:34:56+01:00 set_scene R+261 I command=49 room=22 MBed_EnSuite channel=0 scene=3
2023-04-10T10:52:24+01:00 set_scene R+278 I command=49 room=22 MBed_EnSuite channel=0 scene=0
2023-04-10T10:57:58+01:00 set_scene R+284 I command=49 room=23 Spa_Bathroom channel=0 scene=1
2023-04-10T11:02:03+01:00 set_scene R+288 I command=49 room=23 Spa_Bathroom channel=0 scene=0
2023-04-10T11:08:14+01:00 set_scene R+294 I command=49 room=21 Master_Bed channel=0 scene=0
2023-04-10T12:45:03+01:00 set_scene R+391 I command=49 room=23 Spa_Bathroom channel=0 scene=1
2023-04-10T12:51:53+01:00 set_scene R+398 I command=49 room=23 Spa_Bathroom channel=0 scene=0
2023-04-10T13:08:27+01:00 set_scene S-400 I command=49 room=06 Study channel=0 scene=1
2023-04-10T14:14:17+01:00 set_scene S-335 - command=49 room=50 Front_Porch_PIR channel=0 scene=1
2023-04-10T14:14:21+01:00 set_scene S-334 - command=49 room=50 Front_Porch_PIR channel=0 scene=1
2023-04-10T14:15:03+01:00 set_scene S-334 - command=49 room=50 Front_Porch_PIR channel=0 scene=1
2023-04-10T14:15:13+01:00 set_scene S-334 - command=49 room=50 Front_Porch_PIR channel=0 scene=1
2023-04-10T14:18:06+01:00 set_scene S-331 - command=49 room=50 Front_Porch_PIR channel=0 scene=1
2023-04-10T14:18:24+01:00 set_scene S-330 - command=49 room=50 Front_Porch_PIR channel=0 scene=1
2023-04-10T14:18:26+01:00 set_scene S-330 - command=49 room=50 Front_Porch_PIR channel=0 scene=1
2023-04-10T14:21:24+01:00 set_scene S-327 - command=49 room=50 Front_Porch_PIR channel=0 scene=0
2023-04-10T16:12:52+01:00 set_scene S-216 - command=49 room=50 Front_Porch_PIR channel=0 scene=1
2023-04-10T16:15:43+01:00 set_scene S-213 - command=49 room=50 Front_Porch_PIR channel=0 scene=1
2023-04-10T16:16:41+01:00 set_scene S-212 - command=49 room=50 Front_Porch_PIR channel=0 scene=1
2023-04-10T16:16:54+01:00 set_scene S-212 - command=49 room=50 Front_Porch_PIR channel=0 scene=1
2023-04-10T16:16:56+01:00 set_scene S-212 - command=49 room=50 Front_Porch_PIR channel=0 scene=1
2023-04-10T16:16:58+01:00 set_scene S-212 - command=49 room=50 Front_Porch_PIR channel=0 scene=1
2023-04-10T16:17:07+01:00 set_scene S-212 - command=49 room=50 Front_Porch_PIR channel=0 scene=1
2023-04-10T16:17:10+01:00 set_scene S-212 - command=49 room=50 Front_Porch_PIR channel=0 scene=1
2023-04-10T16:20:13+01:00 set_scene S-209 - command=49 room=50 Front_Porch_PIR channel=0 scene=0
2023-04-10T16:22:36+01:00 set_scene S-206 - command=49 room=50 Front_Porch_PIR channel=0 scene=1
2023-04-10T16:22:49+01:00 set_scene S-206 - command=49 room=50 Front_Porch_PIR channel=0 scene=1
2023-04-10T16:22:55+01:00 set_scene S-206 - command=49 room=50 Front_Porch_PIR channel=0 scene=1
2023-04-10T16:24:40+01:00 set_scene S-204 - command=49 room=50 Front_Porch_PIR channel=0 scene=1
2023-04-10T16:27:51+01:00 set_scene S-201 - command=49 room=50 Front_Porch_PIR channel=0 scene=0
2023-04-10T16:55:05+01:00 set_scene S-174 - command=49 room=50 Front_Porch_PIR channel=0 scene=1
2023-04-10T16:58:02+01:00 set_scene S-171 - command=49 room=50 Front_Porch_PIR channel=0 scene=0
2023-04-10T17:32:33+01:00 set_scene S-136 - command=49 room=50 Front_Porch_PIR channel=0 scene=1
2023-04-10T17:33:59+01:00 set_scene S-135 I command=49 room=07 Dining_Room channel=0 scene=0
2023-04-10T17:35:30+01:00 set_scene S-133 - command=49 room=50 Front_Porch_PIR channel=0 scene=0
2023-04-10T17:43:41+01:00 set_scene S-125 I command=49 room=23 Spa_Bathroom channel=0 scene=4
2023-04-10T17:43:41+01:00 set_scene S-125 I command=49 room=23 Spa_Bathroom channel=0 scene=0
2023-04-10T18:56:13+01:00 set_scene S-053 I command=49 room=15 Kitchen_Lounge channel=0 scene=2
2023-04-10T19:08:29+01:00 set_scene S-040 - command=49 room=50 Front_Porch_PIR channel=0 scene=0
2023-04-10T19:46:00+01:00 set_scene S-003 - command=49 room=32 Gate_Lights channel=0 scene=1
2023-04-10T19:46:00+01:00 set_scene S-003 - command=49 room=33 Front_Entrance_Pillars channel=0 scene=1
2023-04-10T19:46:22+01:00 set_scene S-002 - command=49 room=50 Front_Porch_PIR channel=0 scene=1
2023-04-10T19:49:19+01:00 set_scene S+001 - command=49 room=50 Front_Porch_PIR channel=0 scene=0
2023-04-10T19:56:42+01:00 set_scene S+008 I command=49 room=09 Hall channel=0 scene=4
2023-04-10T19:59:42+01:00 set_scene S+011 - command=49 room=50 Front_Porch_PIR channel=0 scene=0
2023-04-10T20:03:37+01:00 set_scene S+015 I command=49 room=14 Kitchen channel=0 scene=2
2023-04-10T20:38:21+01:00 set_scene S+050 I command=49 room=09 Hall channel=0 scene=2
2023-04-10T20:38:40+01:00 set_scene S+050 I command=49 room=21 Master_Bed channel=0 scene=1
2023-04-10T20:39:35+01:00 set_scene S+051 I command=49 room=05 Living_Room channel=0 scene=1
2023-04-10T20:40:23+01:00 set_scene S+052 I command=49 room=21 Master_Bed channel=0 scene=0
2023-04-10T20:40:30+01:00 set_scene S+052 I command=49 room=23 Spa_Bathroom channel=0 scene=2
2023-04-10T20:40:49+01:00 set_scene S+052 I command=49 room=23 Spa_Bathroom channel=0 scene=0
2023-04-10T20:44:27+01:00 set_scene S+056 I command=49 room=15 Kitchen_Lounge channel=0 scene=0
2023-04-10T20:44:49+01:00 set_scene S+056 I command=49 room=14 Kitchen channel=0 scene=0
2023-04-10T20:44:50+01:00 set_scene S+056 I command=49 room=15 Kitchen_Lounge channel=0 scene=0
2023-04-10T20:44:50+01:00 set_scene S+056 I command=49 room=15 Kitchen_Lounge channel=0 scene=0
2023-04-10T20:45:10+01:00 set_scene S+056 I command=49 room=14 Kitchen channel=0 scene=1
2023-04-10T20:45:20+01:00 set_scene S+057 I command=49 room=21 Master_Bed channel=0 scene=1
2023-04-10T20:45:33+01:00 set_scene S+057 I command=49 room=21 Master_Bed channel=0 scene=0
2023-04-10T20:45:47+01:00 set_scene S+057 I command=49 room=14 Kitchen channel=0 scene=0
2023-04-10T20:45:47+01:00 set_scene S+057 I command=49 room=15 Kitchen_Lounge channel=0 scene=0
2023-04-10T20:45:47+01:00 set_scene S+057 I command=49 room=15 Kitchen_Lounge channel=0 scene=0
2023-04-10T21:02:02+01:00 set_scene S+073 I command=49 room=14 Kitchen channel=0 scene=2
2023-04-10T21:03:01+01:00 set_scene S+074 I command=49 room=14 Kitchen channel=0 scene=0
2023-04-10T21:03:01+01:00 set_scene S+074 I command=49 room=15 Kitchen_Lounge channel=0 scene=0
2023-04-10T21:03:01+01:00 set_scene S+074 I command=49 room=15 Kitchen_Lounge channel=0 scene=0
2023-04-10T21:41:41+01:00 set_scene S+113 - command=49 room=50 Front_Porch_PIR channel=0 scene=0
2023-04-10T22:15:44+01:00 set_scene S+147 I command=49 room=14 Kitchen channel=0 scene=1
2023-04-10T22:16:00+01:00 set_scene S+147 I command=49 room=05 Living_Room channel=0 scene=2
2023-04-10T22:16:15+01:00 set_scene S+147 I command=49 room=05 Living_Room channel=0 scene=0
2023-04-10T22:21:03+01:00 set_scene S+152 I command=49 room=21 Master_Bed channel=0 scene=2
2023-04-10T22:22:21+01:00 set_scene S+154 I command=49 room=22 MBed_EnSuite channel=0 scene=3
2023-04-10T22:23:16+01:00 set_scene S+154 I command=49 room=14 Kitchen channel=0 scene=4
2023-04-10T22:25:18+01:00 set_scene S+156 - command=49 room=50 Front_Porch_PIR channel=0 scene=0
2023-04-10T22:30:51+01:00 set_scene S+162 I command=49 room=22 MBed_EnSuite channel=0 scene=0
2023-04-10T22:35:12+01:00 set_scene S+166 I command=49 room=21 Master_Bed channel=0 scene=0
2023-04-10T23:37:11+01:00 set_scene S+228 I command=49 room=22 MBed_EnSuite channel=0 scene=3
2023-04-10T23:38:28+01:00 set_scene S+230 I command=49 room=22 MBed_EnSuite channel=0 scene=0
2023-04-10T23:45:50+01:00 set_scene S+237 I command=49 room=14 Kitchen channel=0 scene=0
2023-04-10T23:45:50+01:00 set_scene S+237 I command=49 room=15 Kitchen_Lounge channel=0 scene=0
2023-04-10T23:45:51+01:00 set_scene S+237 I command=49 room=15 Kitchen_Lounge channel=0 scene=0
2023-04-10T23:46:50+01:00 set_scene S+238 I command=49 room=09 Hall channel=0 scene=4
2023-04-10T23:48:54+01:00 set_scene S+240 - command=49 room=50 Front_Porch_PIR channel=0 scene=0
