2023-11-27T00:23:24+00:00 set_scene R-436 I command=49 room=14 Kitchen channel=0 scene=0
2023-11-27T00:23:24+00:00 set_scene R-436 I command=49 room=15 Kitchen_Lounge channel=0 scene=0
2023-11-27T00:23:25+00:00 set_scene R-436 I command=49 room=15 Kitchen_Lounge channel=0 scene=0
2023-11-27T00:23:26+00:00 set_scene R-436 I command=49 room=09 Hall channel=0 scene=0
2023-11-27T00:25:18+00:00 set_scene R-434 - command=49 room=50 Front_Porch_PIR channel=0 scene=0
2023-11-27T00:30:01+00:00 set_scene R-429 - command=49 room=32 Gate_Lights channel=0 scene=0
2023-11-27T00:30:01+00:00 set_scene R-429 - command=49 room=33 Front_Entrance_Pillars channel=0 scene=0
2023-11-27T00:30:01+00:00 set_scene R-429 - command=49 room=34 Kitchen_External channel=0 scene=0
2023-11-27T00:30:02+00:00 set_scene R-429 - command=49 room=35 Garden_Path channel=0 scene=0
2023-11-27T00:30:02+00:00 set_scene R-429 - command=49 room=36 Garden_Flower_Beds channel=0 scene=0
2023-11-27T00:59:41+00:00 set_scene R-399 I command=49 room=22 MBed_EnSuite channel=0 scene=3
2023-11-27T01:00:39+00:00 set_scene R-398 I command=49 room=22 MBed_EnSuite channel=0 scene=0
2023-11-27T01:43:28+00:00 set_scene R-356 - command=49 room=50 Front_Porch_PIR channel=0 scene=1
2023-11-27T01:46:25+00:00 set_scene R-353 - command=49 room=50 Front_Porch_PIR channel=0 scene=0
2023-11-27T07:15:57+00:00 set_scene R-023 I command=49 room=09 Hall channel=0 scene=3
2023-11-27T07:16:08+00:00 set_scene R-023 I command=49 room=14 Kitchen channel=0 scene=2
2023-11-27T08:01:12+00:00 set_scene R+022 I command=49 room=23 Spa_Bathroom channel=0 scene=1
2023-11-27T08:02:20+00:00 set_scene R+023 I command=49 room=23 Spa_Bathroom channel=0 scene=0
2023-11-27T08:02:21+00:00 set_scene R+023 I command=49 room=23 Spa_Bathroom channel=0 scene=4
2023-11-27T08:02:21+00:00 set_scene R+023 I command=49 room=23 Spa_Bathroom channel=0 scene=0
2023-11-27T08:19:53+00:00 set_scene R+041 I command=49 room=14 Kitchen channel=0 scene=0
2023-11-27T08:19:54+00:00 set_scene R+041 I command=49 room=15 Kitchen_Lounge channel=0 scene=0
2023-11-27T08:19:54+00:00 set_scene R+041 I command=49 room=15 Kitchen_Lounge channel=0 scene=0
2023-11-27T08:20:40+00:00 set_scene R+042 I command=49 room=21 Master_Bed channel=0 scene=2
2023-11-27T08:38:58+00:00 set_scene R+060 I command=49 room=21 Master_Bed channel=0 scene=0
2023-11-27T08:48:15+00:00 set_scene R+069 - command=49 room=50 Front_Porch_PIR channel=0 scene=1
2023-11-27T08:51:21+00:00 set_scene R+072 - command=49 room=50 Front_Porch_PIR channel=0 scene=0
2023-11-27T09:15:57+00:00 set_scene R+097 - command=49 room=50 Front_Porch_PIR channel=0 scene=1
2023-11-27T09:18:45+00:00 set_scene R+100 - command=49 room=50 Front_Porch_PIR channel=0 scene=1
2023-11-27T09:19:15+00:00 set_scene R+100 - command=49 room=50 Front_Porch_PIR channel=0 scene=1
2023-11-27T09:19:30+00:00 set_scene R+100 - command=49 room=50 Front_Porch_PIR channel=0 scene=1
2023-11-27T09:19:33+00:00 set_scene R+100 - command=49 room=50 Front_Porch_PIR channel=0 scene=1
2023-11-27T09:19:36+00:00 set_scene R+100 - command=49 room=50 Front_Porch_PIR channel=0 scene=1
2023-11-27T09:19:38+00:00 set_scene R+100 - command=49 room=50 Front_Porch_PIR channel=0 scene=1
2023-11-27T09:19:40+00:00 set_scene R+101 - command=49 room=50 Front_Porch_PIR channel=0 scene=1
2023-11-27T09:19:51+00:00 set_scene R+101 - command=49 room=50 Front_Porch_PIR channel=0 scene=1
2023-11-27T09:19:56+00:00 set_scene R+101 - command=49 room=50 Front_Porch_PIR channel=0 scene=1
2023-11-27T09:20:01+00:00 set_scene R+101 - command=49 room=50 Front_Porch_PIR channel=0 scene=1
2023-11-27T09:20:05+00:00 set_scene R+101 - command=49 room=50 Front_Porch_PIR channel=0 scene=1
2023-11-27T09:20:11+00:00 set_scene R+101 - command=49 room=50 Front_Porch_PIR channel=0 scene=1
2023-11-27T09:20:14+00:00 set_scene R+101 - command=49 room=50 Front_Porch_PIR channel=0 scene=1
2023-11-27T09:20:26+00:00 set_scene R+101 - command=49 room=50 Front_Porch_PIR channel=0 scene=1
2023-11-27T09:20:36+00:00 set_scene R+101 - command=49 room=50 Front_Porch_PIR channel=0 scene=1
2023-11-27T09:20:45+00:00 set_scene R+102 - command=49 room=50 Front_Porch_PIR channel=0 scene=1
2023-11-27T09:20:55+00:00 set_scene R+102 - command=49 room=50 Front_Porch_PIR channel=0 scene=1
2023-11-27T09:23:58+00:00 set_scene R+105 - command=49 room=50 Front_Porch_PIR channel=0 scene=0
2023-11-27T09:29:42+00:00 set_scene R+111 I command=49 room=14 Kitchen channel=0 scene=2
2023-11-27T10:38:38+00:00 set_scene R+179 - command=49 room=50 Front_Porch_PIR channel=0 scene=1
2023-11-27T10:41:39+00:00 set_scene R+183 - command=49 room=50 Front_Porch_PIR channel=0 scene=0
2023-11-27T12:21:15+00:00 set_scene S-213 - command=49 room=50 Front_Porch_PIR channel=0 scene=1
2023-11-27T12:24:22+00:00 set_scene S-210 - command=49 room=50 Front_Porch_PIR channel=0 scene=0
2023-11-27T13:03:49+00:00 set_scene S-171 - command=49 room=50 Front_Porch_PIR channel=0 scene=1
2023-11-27T13:07:01+00:00 set_scene S-167 - command=49 room=50 Front_Porch_PIR channel=0 scene=0
2023-11-27T13:48:37+00:00 set_scene S-126 - command=49 room=50 Front_Porch_PIR channel=0 scene=1
2023-11-27T13:51:46+00:00 set_scene S-123 - command=49 room=50 Front_Porch_PIR channel=0 scene=0
2023-11-27T14:06:48+00:00 set_scene S-108 I command=49 room=14 Kitchen channel=0 scene=0
2023-11-27T14:06:48+00:00 set_scene S-108 I command=49 room=15 Kitchen_Lounge channel=0 scene=0
2023-11-27T14:06:49+00:00 set_scene S-108 I command=49 room=15 Kitchen_Lounge channel=0 scene=0
2023-11-27T14:07:08+00:00 set_scene S-107 - command=49 room=50 Front_Porch_PIR channel=0 scene=1
2023-11-27T14:07:10+00:00 set_scene S-107 - command=49 room=50 Front_Porch_PIR channel=0 scene=1
2023-11-27T14:07:19+00:00 set_scene S-107 - command=49 room=50 Front_Porch_PIR channel=0 scene=1
2023-11-27T14:07:22+00:00 set_scene S-107 I command=49 room=06 Study channel=0 scene=1
2023-11-27T14:10:15+00:00 set_scene S-104 - command=49 room=50 Front_Porch_PIR channel=0 scene=0
2023-11-27T14:16:00+00:00 set_scene S-098 I command=49 room=21 Master_Bed channel=0 scene=1
2023-11-27T14:25:42+00:00 set_scene S-089 I command=49 room=21 Master_Bed channel=0 scene=0
2023-11-27T14:26:14+00:00 set_scene S-088 I command=49 room=14 Kitchen channel=0 scene=2
2023-11-27T15:49:59+00:00 set_scene S-004 - command=49 room=32 Gate_Lights channel=0 scene=1
2023-11-27T15:50:00+00:00 set_scene S-004 - command=49 room=33 Front_Entrance_Pillars channel=0 scene=1
2023-11-27T17:09:40+00:00 set_scene S+075 - command=49 room=50 Front_Porch_PIR channel=0 scene=0
2023-11-27T17:16:30+00:00 set_scene S+082 I command=49 room=14 Kitchen channel=0 scene=0
2023-11-27T17:16:30+00:00 set_scene S+082 I command=49 room=15 Kitchen_Lounge channel=0 scene=0
2023-11-27T17:16:30+00:00 set_scene S+082 I command=49 room=15 Kitchen_Lounge channel=0 scene=0
2023-11-27T17:17:09+00:00 set_scene S+083 I command=49 room=21 Master_Bed channel=0 scene=2
2023-11-27T17:18:15+00:00 set_scene S+084 I command=49 room=14 Kitchen channel=0 scene=1
2023-11-27T17:23:13+00:00 set_scene S+089 I command=49 room=14 Kitchen channel=0 scene=0
2023-11-27T17:23:13+00:00 set_scene S+089 I command=49 room=15 Kitchen_Lounge channel=0 scene=0
2023-11-27T17:23:13+00:00 set_scene S+089 I command=49 room=15 Kitchen_Lounge channel=0 scene=0
2023-11-27T17:36:25+00:00 set_scene S+102 I command=49 room=22 MBed_EnSuite channel=0 scene=2
2023-11-27T18:14:42+00:00 set_scene S+140 I command=49 room=40 Garden_Control_Plate channel=0 scene=1
2023-11-27T18:14:42+00:00 set_scene S+140 - command=49 room=34 Kitchen_External channel=0 scene=1
2023-11-27T18:14:42+00:00 set_scene S+140 - command=49 room=35 Garden_Path channel=0 scene=1
2023-11-27T18:14:43+00:00 set_scene S+140 - command=49 room=36 Garden_Flower_Beds channel=0 scene=1
2023-11-27T18:16:42+00:00 set_scene S+142 - command=49 room=50 Front_Porch_PIR channel=0 scene=0
2023-11-27T18:18:10+00:00 set_scene S+144 I command=49 room=14 Kitchen channel=0 scene=2
2023-11-27T18:31:46+00:00 set_scene S+157 I command=49 room=22 MBed_EnSuite channel=0 scene=0
2023-11-27T18:32:14+00:00 set_scene S+158 I command=49 room=21 Master_Bed channel=0 scene=0
2023-11-27T18:37:27+00:00 set_scene S+163 I command=49 room=14 Kitchen channel=0 scene=0
2023-11-27T18:37:27+00:00 set_scene S+163 I command=49 room=15 Kitchen_Lounge channel=0 scene=0
2023-11-27T18:37:28+00:00 set_scene S+163 I command=49 room=15 Kitchen_Lounge channel=0 scene=0
2023-11-27T18:41:41+00:00 set_scene S+167 I command=49 room=14 Kitchen channel=0 scene=2
2023-11-27T18:41:52+00:00 set_scene S+167 I command=49 room=14 Kitchen channel=0 scene=0
2023-11-27T18:41:52+00:00 set_scene S+167 I command=49 room=15 Kitchen_Lounge channel=0 scene=0
2023-11-27T18:41:53+00:00 set_scene S+167 I command=49 room=15 Kitchen_Lounge channel=0 scene=0
2023-11-27T18:42:46+00:00 set_scene S+168 I command=49 room=21 Master_Bed channel=0 scene=1
2023-11-27T18:43:36+00:00 set_scene S+169 - command=49 room=50 Front_Porch_PIR channel=0 scene=0
2023-11-27T18:45:32+00:00 set_scene S+171 I command=49 room=21 Master_Bed channel=0 scene=0
2023-11-27T18:45:50+00:00 set_scene S+171 I command=49 room=40 Garden_Control_Plate channel=0 scene=0
2023-11-27T18:45:50+00:00 set_scene S+171 - command=49 room=34 Kitchen_External channel=0 scene=0
2023-11-27T18:45:50+00:00 set_scene S+171 - command=49 room=35 Garden_Path channel=0 scene=0
2023-11-27T18:45:51+00:00 set_scene S+171 - command=49 room=36 Garden_Flower_Beds channel=0 scene=0
2023-11-27T18:47:15+00:00 set_scene S+173 - command=49 room=50 Front_Porch_PIR channel=0 scene=1
2023-11-27T18:50:28+00:00 set_scene S+176 - command=49 room=50 Front_Porch_PIR channel=0 scene=0
2023-11-27T19:06:45+00:00 set_scene S+192 - command=49 room=50 Front_Porch_PIR channel=0 scene=1
2023-11-27T19:08:14+00:00 set_scene S+194 I command=49 room=14 Kitchen channel=0 scene=1
2023-11-27T19:10:11+00:00 set_scene S+196 - command=49 room=50 Front_Porch_PIR channel=0 scene=0
2023-11-27T19:11:18+00:00 set_scene S+197 I command=49 room=14 Kitchen channel=0 scene=0
2023-11-27T19:11:18+00:00 set_scene S+197 I command=49 room=15 Kitchen_Lounge channel=0 scene=0
2023-11-27T19:11:19+00:00 set_scene S+197 I command=49 room=15 Kitchen_Lounge channel=0 scene=0
2023-11-27T19:35:45+00:00 set_scene S+221 I command=49 room=14 Kitchen channel=0 scene=2
2023-11-27T21:19:47+00:00 set_scene S+325 I command=49 room=14 Kitchen channel=0 scene=0
2023-11-27T21:19:47+00:00 set_scene S+325 I command=49 room=15 Kitchen_Lounge channel=0 scene=0
2023-11-27T21:19:48+00:00 set_scene S+325 I command=49 room=15 Kitchen_Lounge channel=0 scene=0
2023-11-27T22:24:13+00:00 set_scene S+390 I command=49 room=14 Kitchen channel=0 scene=2
2023-11-27T22:24:22+00:00 set_scene S+390 - command=49 room=50 Front_Porch_PIR channel=0 scene=1
2023-11-27T22:25:09+00:00 set_scene S+391 I command=49 room=14 Kitchen channel=0 scene=0
2023-11-27T22:25:10+00:00 set_scene S+391 I command=49 room=15 Kitchen_Lounge channel=0 scene=0
2023-11-27T22:25:10+00:00 set_scene S+391 I command=49 room=15 Kitchen_Lounge channel=0 scene=0
2023-11-27T22:27:18+00:00 set_scene S+393 - command=49 room=50 Front_Porch_PIR channel=0 scene=0
2023-11-27T22:52:03+00:00 set_scene S+418 I command=49 room=23 Spa_Bathroom channel=0 scene=1
2023-11-27T22:53:19+00:00 set_scene S+419 I command=49 room=23 Spa_Bathroom channel=0 scene=0
2023-11-27T22:53:48+00:00 set_scene S+419 I command=49 room=14 Kitchen channel=0 scene=1
2023-11-27T23:10:09+00:00 set_scene S+436 I command=49 room=14 Kitchen channel=0 scene=0
2023-11-27T23:10:10+00:00 set_scene S+436 I command=49 room=15 Kitchen_Lounge channel=0 scene=0
2023-11-27T23:10:10+00:00 set_scene S+436 I command=49 room=15 Kitchen_Lounge channel=0 scene=0
2023-11-27T23:10:43+00:00 set_scene S+436 - command=49 room=50 Front_Porch_PIR channel=0 scene=1
2023-11-27T23:11:07+00:00 set_scene S+437 I command=49 room=14 Kitchen channel=0 scene=2
2023-11-27T23:11:31+00:00 set_scene S+437 I command=49 room=14 Kitchen channel=0 scene=0
2023-11-27T23:11:31+00:00 set_scene S+437 I command=49 room=15 Kitchen_Lounge channel=0 scene=0
2023-11-27T23:11:31+00:00 set_scene S+437 I command=49 room=15 Kitchen_Lounge channel=0 scene=0
2023-11-27T23:13:45+00:00 set_scene S+439 - command=49 room=50 Front_Porch_PIR channel=0 scene=0
2023-11-27T23:24:50+00:00 set_scene S+450 I command=49 room=22 MBed_EnSuite channel=0 scene=1
2023-11-27T23:25:30+00:00 set_scene S+451 I command=49 room=22 MBed_EnSuite channel=0 scene=0
2023-11-27T23:25:38+00:00 set_scene S+451 I command=49 room=21 Master_Bed channel=0 scene=0
2023-11-27T23:25:48+00:00 set_scene S+451 I command=49 room=23 Spa_Bathroom channel=0 scene=1
2023-11-27T23:26:25+00:00 set_scene S+452 I command=49 room=23 Spa_Bathroom channel=0 scene=0
2023-11-27T23:35:56+00:00 set_scene S+461 - command=49 room=50 Front_Porch_PIR channel=0 scene=1
2023-11-27T23:39:02+00:00 set_scene S+465 - command=49 room=50 Front_Porch_PIR channel=0 scene=0
2023-11-27T23:49:01+00:00 set_scene S+475 - command=49 room=50 Front_Porch_PIR channel=0 scene=1
2023-11-27T23:49:14+00:00 set_scene S+475 - command=49 room=50 Front_Porch_PIR channel=0 scene=1
2023-11-27T23:49:43+00:00 set_scene S+475 I command=49 room=14 Kitchen channel=0 scene=2
2023-11-27T23:52:12+00:00 set_scene S+478 - command=49 room=50 Front_Porch_PIR channel=0 scene=0
2023-11-27T23:58:51+00:00 set_scene S+484 - command=49 room=50 Front_Porch_PIR channel=0 scene=0
