2022-10-23T00:03:15+01:00 set_scene R-455 I command=49 room=17 Play_Room channel=0 scene=1
2022-10-23T00:05:23+01:00 set_scene R-453 - command=49 room=50 Front_Porch_PIR channel=0 scene=1
2022-10-23T00:05:37+01:00 set_scene R-453 - command=49 room=50 Front_Porch_PIR channel=0 scene=1
2022-10-23T00:06:25+01:00 set_scene R-452 I command=49 room=17 Play_Room channel=0 scene=0
2022-10-23T00:06:54+01:00 set_scene R-451 I command=49 room=23 Spa_Bathroom channel=0 scene=1
2022-10-23T00:09:45+01:00 set_scene R-448 - command=49 room=50 Front_Porch_PIR channel=0 scene=0
2022-10-23T00:11:36+01:00 set_scene R-447 I command=49 room=23 Spa_Bathroom channel=0 scene=0
2022-10-23T00:19:49+01:00 set_scene R-438 I command=49 room=21 Master_Bed channel=0 scene=2
2022-10-23T00:21:04+01:00 set_scene R-437 I command=49 room=14 Kitchen channel=0 scene=0
2022-10-23T00:21:05+01:00 set_scene R-437 I command=49 room=15 Kitchen_Lounge channel=0 scene=0
2022-10-23T00:21:05+01:00 set_scene R-437 I command=49 room=15 Kitchen_Lounge channel=0 scene=0
2022-10-23T00:21:07+01:00 set_scene R-437 I command=49 room=14 Kitchen channel=0 scene=2
2022-10-23T00:26:03+01:00 set_scene R-432 I command=49 room=22 MBed_EnSuite channel=0 scene=2
2022-10-23T00:30:00+01:00 set_scene R-428 - command=49 room=32 Gate_Lights channel=0 scene=0
2022-10-23T00:30:01+01:00 set_scene R-428 - command=49 room=33 Front_Entrance_Pillars channel=0 scene=0
2022-10-23T00:30:01+01:00 set_scene R-428 - command=49 room=34 Kitchen_External channel=0 scene=0
2022-10-23T00:30:01+01:00 set_scene R-428 - command=49 room=35 Garden_Path channel=0 scene=0
2022-10-23T00:30:02+01:00 set_scene R-428 - command=49 room=36 Garden_Flower_Beds channel=0 scene=0
2022-10-23T00:31:12+01:00 set_scene R-427 I command=49 room=22 MBed_EnSuite channel=0 scene=0
2022-10-23T00:32:36+01:00 set_scene R-426 I command=49 room=21 Master_Bed channel=0 scene=0
2022-10-23T00:49:19+01:00 set_scene R-409 I command=49 room=22 MBed_EnSuite channel=0 scene=4
2022-10-23T00:50:31+01:00 set_scene R-408 I command=49 room=22 MBed_EnSuite channel=0 scene=0
2022-10-23T01:38:31+01:00 set_scene R-360 I command=49 room=14 Kitchen channel=0 scene=0
2022-10-23T01:38:31+01:00 set_scene R-360 I command=49 room=15 Kitchen_Lounge channel=0 scene=0
2022-10-23T01:38:32+01:00 set_scene R-360 I command=49 room=15 Kitchen_Lounge channel=0 scene=0
2022-10-23T01:38:57+01:00 set_scene R-359 I command=49 room=09 Hall channel=0 scene=0
2022-10-23T01:39:01+01:00 set_scene R-359 I command=49 room=09 Hall channel=0 scene=3
2022-10-23T01:42:17+01:00 set_scene R-356 - command=49 room=50 Front_Porch_PIR channel=0 scene=0
2022-10-23T01:42:23+01:00 set_scene R-356 I command=49 room=09 Hall channel=0 scene=0
2022-10-23T01:42:46+01:00 set_scene R-355 - command=49 room=52 Alarm_Interface channel=0 scene=4
2022-10-23T01:42:46+01:00 alarm_set
2022-10-23T03:18:58+01:00 set_scene R-259 I command=49 room=22 MBed_EnSuite channel=0 scene=3
2022-10-23T03:20:01+01:00 set_scene R-258 I command=49 room=22 MBed_EnSuite channel=0 scene=0
2022-10-23T05:06:15+01:00 set_scene R-152 I command=49 room=22 MBed_EnSuite channel=0 scene=4
2022-10-23T05:07:56+01:00 set_scene R-150 I command=49 room=22 MBed_EnSuite channel=0 scene=0
2022-10-23T05:19:44+01:00 set_scene R-138 I command=49 room=10 Landing channel=0 scene=3
2022-10-23T05:20:03+01:00 set_scene R-138 I command=49 room=09 Hall channel=0 scene=4
2022-10-23T05:20:08+01:00 set_scene R-138 - command=49 room=52 Alarm_Interface channel=0 scene=0
2022-10-23T05:20:08+01:00 alarm_unset
2022-10-23T05:20:18+01:00 set_scene R-138 I command=49 room=14 Kitchen channel=0 scene=4
2022-10-23T05:20:35+01:00 set_scene R-138 I command=49 room=14 Kitchen channel=0 scene=0
2022-10-23T05:20:35+01:00 set_scene R-138 I command=49 room=15 Kitchen_Lounge channel=0 scene=0
2022-10-23T05:20:35+01:00 set_scene R-138 I command=49 room=15 Kitchen_Lounge channel=0 scene=0
2022-10-23T05:20:55+01:00 set_scene R-137 I command=49 room=09 Hall channel=0 scene=0
2022-10-23T05:21:23+01:00 set_scene R-137 - command=49 room=52 Alarm_Interface channel=0 scene=4
2022-10-23T05:21:23+01:00 alarm_set
2022-10-23T05:21:27+01:00 set_scene R-137 I command=49 room=10 Landing channel=0 scene=0
2022-10-23T06:08:45+01:00 set_scene R-089 - command=49 room=52 Alarm_Interface channel=0 scene=0
2022-10-23T06:08:45+01:00 alarm_unset
2022-10-23T06:36:31+01:00 set_scene R-062 - command=49 room=50 Front_Porch_PIR channel=0 scene=1
2022-10-23T08:52:31+01:00 set_scene R+074 - command=49 room=50 Front_Porch_PIR channel=0 scene=1
2022-10-23T08:55:28+01:00 set_scene R+077 - command=49 room=50 Front_Porch_PIR channel=0 scene=0
2022-10-23T10:34:24+01:00 set_scene R+176 I command=49 room=21 Master_Bed channel=0 scene=2
2022-10-23T10:49:48+01:00 set_scene R+192 I command=49 room=21 Master_Bed channel=0 scene=0
2022-10-23T10:50:08+01:00 set_scene R+192 I command=49 room=05 Living_Room channel=0 scene=2
2022-10-23T10:51:15+01:00 set_scene R+193 I command=49 room=05 Living_Room channel=0 scene=0
2022-10-23T10:53:09+01:00 set_scene R+195 - command=49 room=50 Front_Porch_PIR channel=0 scene=1
2022-10-23T10:56:11+01:00 set_scene R+198 - command=49 room=50 Front_Porch_PIR channel=0 scene=0
2022-10-23T11:22:07+01:00 set_scene R+224 I command=49 room=23 Spa_Bathroom channel=0 scene=1
2022-10-23T11:26:25+01:00 set_scene R+228 I command=49 room=23 Spa_Bathroom channel=0 scene=0
2022-10-23T11:32:13+01:00 set_scene R+234 I command=49 room=23 Spa_Bathroom channel=0 scene=1
2022-10-23T12:04:54+01:00 set_scene R+267 - command=49 room=50 Front_Porch_PIR channel=0 scene=1
2022-10-23T12:08:06+01:00 set_scene R+270 - command=49 room=50 Front_Porch_PIR channel=0 scene=0
2022-10-23T12:30:08+01:00 set_scene R+292 I command=49 room=23 Spa_Bathroom channel=0 scene=0
2022-10-23T12:32:31+01:00 set_scene R+294 - command=49 room=50 Front_Porch_PIR channel=0 scene=1
2022-10-23T12:32:52+01:00 set_scene R+295 - command=49 room=50 Front_Porch_PIR channel=0 scene=1
2022-10-23T12:32:58+01:00 set_scene R+295 - command=49 room=52 Alarm_Interface channel=0 scene=4
2022-10-23T12:32:58+01:00 alarm_set
2022-10-23T12:32:59+01:00 set_scene R+295 - command=49 room=50 Front_Porch_PIR channel=0 scene=1
2022-10-23T12:36:01+01:00 set_scene R+298 - command=49 room=50 Front_Porch_PIR channel=0 scene=0
2022-10-23T14:08:01+01:00 set_scene S-221 - command=49 room=50 Front_Porch_PIR channel=0 scene=1
2022-10-23T14:08:19+01:00 set_scene S-220 - command=49 room=52 Alarm_Interface channel=0 scene=0
2022-10-23T14:08:19+01:00 alarm_unset
2022-10-23T14:11:15+01:00 set_scene S-217 - command=49 room=50 Front_Porch_PIR channel=0 scene=0
2022-10-23T14:22:56+01:00 set_scene S-206 I command=49 room=21 Master_Bed channel=0 scene=2
2022-10-23T15:13:56+01:00 set_scene S-155 I command=49 room=21 Master_Bed channel=0 scene=0
2022-10-23T15:41:16+01:00 set_scene S-127 I command=49 room=06 Study channel=0 scene=1
2022-10-23T15:42:29+01:00 set_scene S-126 - command=49 room=50 Front_Porch_PIR channel=0 scene=1
2022-10-23T15:42:53+01:00 set_scene S-126 - command=49 room=50 Front_Porch_PIR channel=0 scene=1
2022-10-23T15:43:20+01:00 set_scene S-125 - command=49 room=50 Front_Porch_PIR channel=0 scene=1
2022-10-23T15:43:28+01:00 set_scene S-125 - command=49 room=50 Front_Porch_PIR channel=0 scene=1
2022-10-23T15:43:45+01:00 set_scene S-125 - command=49 room=50 Front_Porch_PIR channel=0 scene=1
2022-10-23T15:43:55+01:00 set_scene S-125 - command=49 room=50 Front_Porch_PIR channel=0 scene=1
2022-10-23T15:44:13+01:00 set_scene S-124 - command=49 room=50 Front_Porch_PIR channel=0 scene=1
2022-10-23T15:44:21+01:00 set_scene S-124 - command=49 room=50 Front_Porch_PIR channel=0 scene=1
2022-10-23T15:44:35+01:00 set_scene S-124 - command=49 room=50 Front_Porch_PIR channel=0 scene=1
2022-10-23T15:44:41+01:00 set_scene S-124 - command=49 room=50 Front_Porch_PIR channel=0 scene=1
2022-10-23T15:45:00+01:00 set_scene S-124 - command=49 room=50 Front_Porch_PIR channel=0 scene=1
2022-10-23T15:45:20+01:00 set_scene S-123 I command=49 room=06 Study channel=0 scene=0
2022-10-23T15:45:47+01:00 set_scene S-123 - command=49 room=50 Front_Porch_PIR channel=0 scene=1
2022-10-23T15:46:32+01:00 set_scene S-122 - command=49 room=50 Front_Porch_PIR channel=0 scene=1
2022-10-23T15:46:45+01:00 set_scene S-122 - command=49 room=50 Front_Porch_PIR channel=0 scene=1
2022-10-23T15:49:47+01:00 set_scene S-119 - command=49 room=50 Front_Porch_PIR channel=0 scene=0
2022-10-23T16:48:06+01:00 set_scene S-061 I command=49 room=23 Spa_Bathroom channel=0 scene=4
2022-10-23T16:48:07+01:00 set_scene S-061 I command=49 room=23 Spa_Bathroom channel=0 scene=0
2022-10-23T17:44:00+01:00 set_scene S-005 - command=49 room=32 Gate_Lights channel=0 scene=1
2022-10-23T17:44:01+01:00 set_scene S-005 - command=49 room=33 Front_Entrance_Pillars channel=0 scene=1
2022-10-23T18:19:45+01:00 set_scene S+031 - command=49 room=50 Front_Porch_PIR channel=0 scene=1
2022-10-23T18:22:43+01:00 set_scene S+034 - command=49 room=50 Front_Porch_PIR channel=0 scene=0
2022-10-23T19:20:28+01:00 warn_alarm_resolve_interactive
2022-10-23T19:20:28+01:00 set_scene S+092 I command=49 room=10 Landing channel=0 scene=3
2022-10-23T19:20:35+01:00 set_scene S+092 I command=49 room=10 Landing channel=0 scene=1
2022-10-23T19:21:48+01:00 set_scene S+093 I command=49 room=10 Landing channel=0 scene=2
2022-10-23T19:22:59+01:00 set_scene S+094 - command=49 room=50 Front_Porch_PIR channel=0 scene=0
2022-10-23T19:47:52+01:00 set_scene S+119 - command=49 room=50 Front_Porch_PIR channel=0 scene=1
2022-10-23T19:50:59+01:00 set_scene S+122 - command=49 room=50 Front_Porch_PIR channel=0 scene=0
2022-10-23T19:53:45+01:00 set_scene S+125 I command=49 room=05 Living_Room channel=0 scene=3
2022-10-23T19:58:49+01:00 set_scene S+130 I command=49 room=23 Spa_Bathroom channel=0 scene=1
2022-10-23T20:03:13+01:00 set_scene S+134 I command=49 room=23 Spa_Bathroom channel=0 scene=0
2022-10-23T20:05:03+01:00 set_scene S+136 I command=49 room=23 Spa_Bathroom channel=0 scene=1
2022-10-23T20:05:07+01:00 set_scene S+136 I command=49 room=23 Spa_Bathroom channel=0 scene=0
2022-10-23T20:05:59+01:00 set_scene S+137 I command=49 room=23 Spa_Bathroom channel=0 scene=1
2022-10-23T20:06:28+01:00 set_scene S+138 I command=49 room=23 Spa_Bathroom channel=0 scene=0
2022-10-23T20:42:55+01:00 set_scene S+174 I command=49 room=05 Living_Room channel=0 scene=0
2022-10-23T20:52:39+01:00 set_scene S+184 I command=49 room=14 Kitchen channel=0 scene=2
2022-10-23T20:59:14+01:00 set_scene S+191 I command=49 room=09 Hall channel=0 scene=2
2022-10-23T20:59:20+01:00 set_scene S+191 I command=49 room=06 Study channel=0 scene=1
2022-10-23T21:05:42+01:00 set_scene S+197 I command=49 room=06 Study channel=0 scene=0
2022-10-23T21:21:58+01:00 set_scene S+213 - command=49 room=50 Front_Porch_PIR channel=0 scene=0
2022-10-23T21:26:21+01:00 set_scene S+218 - command=49 room=50 Front_Porch_PIR channel=0 scene=0
2022-10-23T21:52:52+01:00 set_scene S+244 I command=49 room=05 Living_Room channel=0 scene=2
2022-10-23T23:00:52+01:00 set_scene S+312 I command=49 room=05 Living_Room channel=0 scene=0
2022-10-23T23:16:00+01:00 set_scene S+327 I command=49 room=14 Kitchen channel=0 scene=0
2022-10-23T23:16:01+01:00 set_scene S+327 I command=49 room=15 Kitchen_Lounge channel=0 scene=0
2022-10-23T23:16:01+01:00 set_scene S+327 I command=49 room=15 Kitchen_Lounge channel=0 scene=0
2022-10-23T23:16:03+01:00 set_scene S+327 I command=49 room=14 Kitchen channel=0 scene=2
2022-10-23T23:16:10+01:00 set_scene S+327 I command=49 room=15 Kitchen_Lounge channel=0 scene=3
2022-10-23T23:16:53+01:00 set_scene S+328 I command=49 room=09 Hall channel=0 scene=4
2022-10-23T23:19:18+01:00 set_scene S+331 I command=49 room=21 Master_Bed channel=0 scene=2
2022-10-23T23:37:10+01:00 set_scene S+348 I command=49 room=22 MBed_EnSuite channel=0 scene=0
2022-10-23T23:42:12+01:00 set_scene S+353 I command=49 room=21 Master_Bed channel=0 scene=0
2022-10-23T23:53:55+01:00 set_scene S+365 I command=49 room=23 Spa_Bathroom channel=0 scene=1
2022-10-23T23:57:09+01:00 set_scene S+368 I command=49 room=23 Spa_Bathroom channel=0 scene=4
2022-10-23T23:57:10+01:00 set_scene S+368 I command=49 room=23 Spa_Bathroom channel=0 scene=0
2022-10-23T23:57:20+01:00 set_scene S+369 I command=49 room=21 Master_Bed channel=0 scene=2
2022-10-23T23:59:59+01:00 set_scene S+371 I command=49 room=21 Master_Bed channel=0 scene=0
