2022-10-20T00:30:00+01:00 set_scene R-423 - command=49 room=32 Gate_Lights channel=0 scene=0
2022-10-20T00:30:01+01:00 set_scene R-423 - command=49 room=33 Front_Entrance_Pillars channel=0 scene=0
2022-10-20T00:30:01+01:00 set_scene R-423 - command=49 room=34 Kitchen_External channel=0 scene=0
2022-10-20T00:30:01+01:00 set_scene R-423 - command=49 room=35 Garden_Path channel=0 scene=0
2022-10-20T00:30:01+01:00 set_scene R-423 - command=49 room=36 Garden_Flower_Beds channel=0 scene=0
2022-10-20T01:45:50+01:00 set_scene R-347 I command=49 room=05 Living_Room channel=0 scene=0
2022-10-20T01:46:08+01:00 set_scene R-347 I command=49 room=14 Kitchen channel=0 scene=2
2022-10-20T01:48:18+01:00 set_scene R-344 I command=49 room=14 Kitchen channel=0 scene=0
2022-10-20T01:48:18+01:00 set_scene R-344 I command=49 room=15 Kitchen_Lounge channel=0 scene=0
2022-10-20T01:48:19+01:00 set_scene R-344 I command=49 room=15 Kitchen_Lounge channel=0 scene=0
2022-10-20T01:48:39+01:00 set_scene R-344 I command=49 room=09 Hall channel=0 scene=4
2022-10-20T01:48:40+01:00 set_scene R-344 I command=49 room=09 Hall channel=0 scene=0
2022-10-20T01:49:03+01:00 set_scene R-344 - command=49 room=52 Alarm_Interface channel=0 scene=4
2022-10-20T01:49:03+01:00 alarm_set
2022-10-20T01:56:12+01:00 set_scene R-337 I command=49 room=23 Spa_Bathroom channel=0 scene=1
2022-10-20T01:56:26+01:00 set_scene R-336 I command=49 room=23 Spa_Bathroom channel=0 scene=0
2022-10-20T02:01:39+01:00 set_scene R-331 I command=49 room=23 Spa_Bathroom channel=0 scene=1
2022-10-20T02:02:07+01:00 set_scene R-331 I command=49 room=23 Spa_Bathroom channel=0 scene=0
2022-10-20T04:14:21+01:00 set_scene R-198 - command=49 room=50 Front_Porch_PIR channel=0 scene=1
2022-10-20T04:17:20+01:00 set_scene R-195 - command=49 room=50 Front_Porch_PIR channel=0 scene=0
2022-10-20T06:08:47+01:00 set_scene R-084 - command=49 room=52 Alarm_Interface channel=0 scene=0
2022-10-20T06:08:47+01:00 alarm_unset
2022-10-20T07:34:03+01:00 set_scene R+001 I command=49 room=14 Kitchen channel=0 scene=2
2022-10-20T09:10:13+01:00 set_scene R+097 I command=49 room=14 Kitchen channel=0 scene=0
2022-10-20T09:10:14+01:00 set_scene R+097 I command=49 room=15 Kitchen_Lounge channel=0 scene=0
2022-10-20T09:10:14+01:00 set_scene R+097 I command=49 room=15 Kitchen_Lounge channel=0 scene=0
2022-10-20T09:10:51+01:00 set_scene R+098 I command=49 room=21 Master_Bed channel=0 scene=2
2022-10-20T09:24:26+01:00 set_scene R+112 I command=49 room=14 Kitchen channel=0 scene=1
2022-10-20T09:27:31+01:00 set_scene R+115 - command=49 room=50 Front_Porch_PIR channel=0 scene=0
2022-10-20T09:30:06+01:00 set_scene R+117 I command=49 room=17 Play_Room channel=0 scene=1
2022-10-20T09:31:04+01:00 set_scene R+118 I command=49 room=21 Master_Bed channel=0 scene=4
2022-10-20T09:31:20+01:00 set_scene R+119 I command=49 room=21 Master_Bed channel=0 scene=0
2022-10-20T09:36:20+01:00 set_scene R+124 - command=49 room=50 Front_Porch_PIR channel=0 scene=0
2022-10-20T09:37:25+01:00 set_scene R+125 I command=49 room=09 Hall channel=0 scene=2
2022-10-20T09:41:07+01:00 set_scene R+128 - command=49 room=50 Front_Porch_PIR channel=0 scene=0
2022-10-20T09:41:50+01:00 set_scene R+129 - command=49 room=50 Front_Porch_PIR channel=0 scene=1
2022-10-20T09:45:00+01:00 set_scene R+132 - command=49 room=50 Front_Porch_PIR channel=0 scene=0
2022-10-20T10:02:11+01:00 set_scene R+149 I command=49 room=14 Kitchen channel=0 scene=0
2022-10-20T10:02:11+01:00 set_scene R+149 I command=49 room=15 Kitchen_Lounge channel=0 scene=0
2022-10-20T10:02:11+01:00 set_scene R+149 I command=49 room=15 Kitchen_Lounge channel=0 scene=0
2022-10-20T10:02:19+01:00 set_scene R+150 I command=49 room=17 Play_Room channel=0 scene=0
2022-10-20T10:05:24+01:00 set_scene R+153 - command=49 room=50 Front_Porch_PIR channel=0 scene=0
2022-10-20T10:23:07+01:00 set_scene R+170 I command=49 room=09 Hall channel=0 scene=0
2022-10-20T11:33:30+01:00 set_scene R+241 - command=49 room=50 Front_Porch_PIR channel=0 scene=1
2022-10-20T11:34:28+01:00 set_scene R+242 - command=49 room=50 Front_Porch_PIR channel=0 scene=1
2022-10-20T11:34:30+01:00 set_scene R+242 - command=49 room=50 Front_Porch_PIR channel=0 scene=1
2022-10-20T11:37:36+01:00 set_scene R+245 - command=49 room=50 Front_Porch_PIR channel=0 scene=0
2022-10-20T13:11:09+01:00 set_scene S-284 - command=49 room=50 Front_Porch_PIR channel=0 scene=1
2022-10-20T13:11:35+01:00 set_scene S-283 I command=49 room=23 Spa_Bathroom channel=0 scene=0
2022-10-20T13:12:41+01:00 set_scene S-282 - command=49 room=50 Front_Porch_PIR channel=0 scene=1
2022-10-20T13:12:49+01:00 set_scene S-282 - command=49 room=50 Front_Porch_PIR channel=0 scene=1
2022-10-20T13:15:46+01:00 set_scene S-279 - command=49 room=50 Front_Porch_PIR channel=0 scene=0
2022-10-20T15:06:07+01:00 set_scene S-169 - command=49 room=50 Front_Porch_PIR channel=0 scene=1
2022-10-20T15:06:17+01:00 set_scene S-169 - command=49 room=50 Front_Porch_PIR channel=0 scene=1
2022-10-20T15:06:48+01:00 set_scene S-168 I command=49 room=06 Study channel=0 scene=1
2022-10-20T15:09:16+01:00 set_scene S-166 - command=49 room=50 Front_Porch_PIR channel=0 scene=0
2022-10-20T15:51:53+01:00 set_scene S-123 - command=49 room=50 Front_Porch_PIR channel=0 scene=1
2022-10-20T15:52:01+01:00 set_scene S-123 - command=49 room=50 Front_Porch_PIR channel=0 scene=1
2022-10-20T15:52:11+01:00 set_scene S-123 - command=49 room=50 Front_Porch_PIR channel=0 scene=1
2022-10-20T15:52:32+01:00 set_scene S-122 - command=49 room=50 Front_Porch_PIR channel=0 scene=1
2022-10-20T15:52:36+01:00 set_scene S-122 - command=49 room=50 Front_Porch_PIR channel=0 scene=1
2022-10-20T15:52:49+01:00 set_scene S-122 - command=49 room=50 Front_Porch_PIR channel=0 scene=1
2022-10-20T15:52:53+01:00 set_scene S-122 - command=49 room=50 Front_Porch_PIR channel=0 scene=1
2022-10-20T15:53:06+01:00 set_scene S-122 - command=49 room=50 Front_Porch_PIR channel=0 scene=1
2022-10-20T15:53:21+01:00 set_scene S-122 - command=49 room=50 Front_Porch_PIR channel=0 scene=1
2022-10-20T15:53:44+01:00 set_scene S-121 - command=49 room=50 Front_Porch_PIR channel=0 scene=1
2022-10-20T15:53:56+01:00 set_scene S-121 - command=49 room=50 Front_Porch_PIR channel=0 scene=1
2022-10-20T15:54:13+01:00 set_scene S-121 - command=49 room=50 Front_Porch_PIR channel=0 scene=1
2022-10-20T15:54:25+01:00 set_scene S-121 - command=49 room=50 Front_Porch_PIR channel=0 scene=1
2022-10-20T15:54:28+01:00 set_scene S-121 - command=49 room=50 Front_Porch_PIR channel=0 scene=1
2022-10-20T15:54:33+01:00 set_scene S-120 - command=49 room=50 Front_Porch_PIR channel=0 scene=1
2022-10-20T15:57:35+01:00 set_scene S-117 - command=49 room=50 Front_Porch_PIR channel=0 scene=0
2022-10-20T16:16:17+01:00 set_scene S-099 I command=49 room=21 Master_Bed channel=0 scene=2
2022-10-20T16:28:10+01:00 set_scene S-087 I command=49 room=21 Master_Bed channel=0 scene=0
2022-10-20T16:35:08+01:00 set_scene S-080 I command=49 room=05 Living_Room channel=0 scene=2
2022-10-20T17:52:00+01:00 set_scene S-003 - command=49 room=32 Gate_Lights channel=0 scene=1
2022-10-20T17:52:00+01:00 set_scene S-003 - command=49 room=33 Front_Entrance_Pillars channel=0 scene=1
2022-10-20T18:30:01+01:00 set_scene S+035 I command=49 room=09 Hall channel=0 scene=2
2022-10-20T18:30:10+01:00 set_scene S+035 I command=49 room=14 Kitchen channel=0 scene=1
2022-10-20T18:38:58+01:00 set_scene S+044 I command=49 room=14 Kitchen channel=0 scene=0
2022-10-20T18:38:58+01:00 set_scene S+044 I command=49 room=15 Kitchen_Lounge channel=0 scene=0
2022-10-20T18:38:59+01:00 set_scene S+044 I command=49 room=15 Kitchen_Lounge channel=0 scene=0
2022-10-20T18:41:19+01:00 set_scene S+046 I command=49 room=14 Kitchen channel=0 scene=1
2022-10-20T18:47:22+01:00 set_scene S+052 - command=49 room=50 Front_Porch_PIR channel=0 scene=0
2022-10-20T19:13:45+01:00 set_scene S+079 I command=49 room=21 Master_Bed channel=0 scene=1
2022-10-20T19:14:12+01:00 set_scene S+079 I command=49 room=21 Master_Bed channel=0 scene=0
2022-10-20T19:35:05+01:00 set_scene S+100 I command=49 room=23 Spa_Bathroom channel=0 scene=1
2022-10-20T19:40:28+01:00 set_scene S+105 I command=49 room=14 Kitchen channel=0 scene=0
2022-10-20T19:40:28+01:00 set_scene S+105 I command=49 room=15 Kitchen_Lounge channel=0 scene=0
2022-10-20T19:40:28+01:00 set_scene S+106 I command=49 room=15 Kitchen_Lounge channel=0 scene=0
2022-10-20T19:40:54+01:00 set_scene S+106 I command=49 room=23 Spa_Bathroom channel=0 scene=0
2022-10-20T20:55:32+01:00 set_scene S+181 I command=49 room=21 Master_Bed channel=0 scene=3
2022-10-20T20:55:49+01:00 set_scene S+181 I command=49 room=22 MBed_EnSuite channel=0 scene=4
2022-10-20T20:56:41+01:00 set_scene S+182 I command=49 room=22 MBed_EnSuite channel=0 scene=0
2022-10-20T20:56:48+01:00 set_scene S+182 I command=49 room=21 Master_Bed channel=0 scene=0
2022-10-20T21:07:12+01:00 set_scene S+192 - command=49 room=50 Front_Porch_PIR channel=0 scene=0
2022-10-20T21:11:32+01:00 set_scene S+197 I command=49 room=14 Kitchen channel=0 scene=2
2022-10-20T21:12:57+01:00 set_scene S+198 I command=49 room=14 Kitchen channel=0 scene=4
2022-10-20T21:18:30+01:00 set_scene S+204 I command=49 room=14 Kitchen channel=0 scene=0
2022-10-20T21:18:31+01:00 set_scene S+204 I command=49 room=15 Kitchen_Lounge channel=0 scene=0
2022-10-20T21:18:31+01:00 set_scene S+204 I command=49 room=15 Kitchen_Lounge channel=0 scene=0
2022-10-20T22:58:26+01:00 set_scene S+303 I command=49 room=21 Master_Bed channel=0 scene=2
2022-10-20T23:01:56+01:00 set_scene S+307 I command=49 room=21 Master_Bed channel=0 scene=0
2022-10-20T23:14:14+01:00 set_scene S+319 I command=49 room=05 Living_Room channel=0 scene=0
2022-10-20T23:14:40+01:00 set_scene S+320 I command=49 room=14 Kitchen channel=0 scene=2
2022-10-20T23:20:18+01:00 set_scene S+325 I command=49 room=14 Kitchen channel=0 scene=0
2022-10-20T23:20:19+01:00 set_scene S+325 I command=49 room=15 Kitchen_Lounge channel=0 scene=0
2022-10-20T23:20:19+01:00 set_scene S+325 I command=49 room=15 Kitchen_Lounge channel=0 scene=0
2022-10-20T23:20:52+01:00 set_scene S+326 I command=49 room=09 Hall channel=0 scene=4
2022-10-20T23:21:30+01:00 set_scene S+327 I command=49 room=21 Master_Bed channel=0 scene=3
2022-10-20T23:23:05+01:00 set_scene S+328 I command=49 room=22 MBed_EnSuite channel=0 scene=4
2022-10-20T23:29:42+01:00 set_scene S+335 I command=49 room=23 Spa_Bathroom channel=0 scene=1
2022-10-20T23:29:53+01:00 set_scene S+335 I command=49 room=22 MBed_EnSuite channel=0 scene=0
2022-10-20T23:29:58+01:00 set_scene S+335 I command=49 room=22 MBed_EnSuite channel=0 scene=2
2022-10-20T23:30:24+01:00 set_scene S+335 I command=49 room=22 MBed_EnSuite channel=0 scene=0
2022-10-20T23:33:23+01:00 set_scene S+338 I command=49 room=21 Master_Bed channel=0 scene=0
2022-10-20T23:34:51+01:00 set_scene S+340 I command=49 room=23 Spa_Bathroom channel=0 scene=0
