2022-10-19T00:26:16+01:00 set_scene R-425 I command=49 room=22 MBed_EnSuite channel=0 scene=4
2022-10-19T00:27:25+01:00 set_scene R-424 I command=49 room=22 MBed_EnSuite channel=0 scene=0
2022-10-19T00:30:00+01:00 set_scene R-421 - command=49 room=32 Gate_Lights channel=0 scene=0
2022-10-19T00:30:00+01:00 set_scene R-421 - command=49 room=33 Front_Entrance_Pillars channel=0 scene=0
2022-10-19T00:30:01+01:00 set_scene R-421 - command=49 room=34 Kitchen_External channel=0 scene=0
2022-10-19T00:30:01+01:00 set_scene R-421 - command=49 room=35 Garden_Path channel=0 scene=0
2022-10-19T00:30:01+01:00 set_scene R-421 - command=49 room=36 Garden_Flower_Beds channel=0 scene=0
2022-10-19T03:17:25+01:00 set_scene R-254 I command=49 room=05 Living_Room channel=0 scene=0
2022-10-19T03:17:42+01:00 set_scene R-253 I command=49 room=06 Study channel=0 scene=0
2022-10-19T03:17:57+01:00 set_scene R-253 I command=49 room=14 Kitchen channel=0 scene=3
2022-10-19T03:18:13+01:00 set_scene R-253 I command=49 room=14 Kitchen channel=0 scene=0
2022-10-19T03:18:14+01:00 set_scene R-253 I command=49 room=15 Kitchen_Lounge channel=0 scene=0
2022-10-19T03:18:14+01:00 set_scene R-253 I command=49 room=15 Kitchen_Lounge channel=0 scene=0
2022-10-19T03:18:34+01:00 set_scene R-252 I command=49 room=09 Hall channel=0 scene=0
2022-10-19T03:18:58+01:00 set_scene R-252 - command=49 room=52 Alarm_Interface channel=0 scene=4
2022-10-19T03:18:58+01:00 alarm_set
2022-10-19T06:08:47+01:00 set_scene R-082 - command=49 room=52 Alarm_Interface channel=0 scene=0
2022-10-19T06:08:47+01:00 alarm_unset
2022-10-19T09:22:05+01:00 set_scene R+111 - command=49 room=50 Front_Porch_PIR channel=0 scene=1
2022-10-19T09:22:17+01:00 set_scene R+111 - command=49 room=50 Front_Porch_PIR channel=0 scene=1
2022-10-19T09:25:21+01:00 set_scene R+114 - command=49 room=50 Front_Porch_PIR channel=0 scene=0
2022-10-19T10:49:51+01:00 set_scene R+199 - command=49 room=50 Front_Porch_PIR channel=0 scene=1
2022-10-19T10:50:03+01:00 set_scene R+199 - command=49 room=50 Front_Porch_PIR channel=0 scene=1
2022-10-19T10:50:16+01:00 set_scene R+199 - command=49 room=50 Front_Porch_PIR channel=0 scene=1
2022-10-19T10:53:28+01:00 set_scene R+202 - command=49 room=50 Front_Porch_PIR channel=0 scene=0
2022-10-19T11:07:45+01:00 set_scene R+217 I command=49 room=06 Study channel=0 scene=1
2022-10-19T11:09:17+01:00 set_scene R+218 - command=49 room=50 Front_Porch_PIR channel=0 scene=1
2022-10-19T11:12:15+01:00 set_scene R+221 - command=49 room=50 Front_Porch_PIR channel=0 scene=0
2022-10-19T11:41:32+01:00 set_scene R+251 - command=49 room=50 Front_Porch_PIR channel=0 scene=1
2022-10-19T11:42:16+01:00 set_scene R+251 - command=49 room=50 Front_Porch_PIR channel=0 scene=1
2022-10-19T11:45:23+01:00 set_scene R+254 - command=49 room=50 Front_Porch_PIR channel=0 scene=0
2022-10-19T13:24:44+01:00 set_scene S-272 - command=49 room=50 Front_Porch_PIR channel=0 scene=1
2022-10-19T13:28:02+01:00 set_scene S-269 - command=49 room=50 Front_Porch_PIR channel=0 scene=0
2022-10-19T13:40:07+01:00 set_scene S-257 I command=49 room=06 Study channel=0 scene=0
2022-10-19T14:08:22+01:00 set_scene S-229 - command=49 room=50 Front_Porch_PIR channel=0 scene=1
2022-10-19T14:11:27+01:00 set_scene S-226 - command=49 room=50 Front_Porch_PIR channel=0 scene=0
2022-10-19T14:12:00+01:00 set_scene S-225 - command=49 room=50 Front_Porch_PIR channel=0 scene=1
2022-10-19T14:15:06+01:00 set_scene S-222 - command=49 room=50 Front_Porch_PIR channel=0 scene=0
2022-10-19T17:12:38+01:00 set_scene S-044 I command=49 room=21 Master_Bed channel=0 scene=2
2022-10-19T17:12:38+01:00 set_scene S-044 I command=49 room=21 Master_Bed channel=0 scene=1
2022-10-19T17:54:00+01:00 set_scene S-003 - command=49 room=32 Gate_Lights channel=0 scene=1
2022-10-19T17:54:00+01:00 set_scene S-003 - command=49 room=33 Front_Entrance_Pillars channel=0 scene=1
2022-10-19T18:40:02+01:00 set_scene S+043 I command=49 room=21 Master_Bed channel=0 scene=0
2022-10-19T18:40:53+01:00 set_scene S+044 I command=49 room=14 Kitchen channel=0 scene=1
2022-10-19T19:05:21+01:00 set_scene S+068 I command=49 room=06 Study channel=0 scene=1
2022-10-19T19:30:00+01:00 set_scene S+093 I command=49 room=17 Play_Room channel=0 scene=1
2022-10-19T19:34:34+01:00 set_scene S+097 I command=49 room=09 Hall channel=0 scene=4
2022-10-19T19:38:51+01:00 set_scene S+102 I command=49 room=15 Kitchen_Lounge channel=0 scene=3
2022-10-19T20:28:22+01:00 set_scene S+151 I command=49 room=17 Play_Room channel=0 scene=0
2022-10-19T20:35:43+01:00 set_scene S+159 I command=49 room=14 Kitchen channel=0 scene=0
2022-10-19T20:35:43+01:00 set_scene S+159 I command=49 room=15 Kitchen_Lounge channel=0 scene=0
2022-10-19T20:35:43+01:00 set_scene S+159 I command=49 room=15 Kitchen_Lounge channel=0 scene=0
2022-10-19T20:35:58+01:00 set_scene S+159 I command=49 room=05 Living_Room channel=0 scene=1
2022-10-19T20:53:02+01:00 set_scene S+176 I command=49 room=14 Kitchen channel=0 scene=2
2022-10-19T20:55:39+01:00 set_scene S+179 I command=49 room=14 Kitchen channel=0 scene=0
2022-10-19T20:55:39+01:00 set_scene S+179 I command=49 room=15 Kitchen_Lounge channel=0 scene=0
2022-10-19T20:55:39+01:00 set_scene S+179 I command=49 room=15 Kitchen_Lounge channel=0 scene=0
2022-10-19T22:51:54+01:00 set_scene S+295 I command=49 room=14 Kitchen channel=0 scene=3
2022-10-19T22:53:25+01:00 set_scene S+296 I command=49 room=14 Kitchen channel=0 scene=0
2022-10-19T22:53:25+01:00 set_scene S+296 I command=49 room=15 Kitchen_Lounge channel=0 scene=0
2022-10-19T22:53:25+01:00 set_scene S+296 I command=49 room=15 Kitchen_Lounge channel=0 scene=0
2022-10-19T22:53:59+01:00 set_scene S+297 I command=49 room=21 Master_Bed channel=0 scene=1
2022-10-19T22:55:00+01:00 set_scene S+298 I command=49 room=22 MBed_EnSuite channel=0 scene=3
2022-10-19T22:57:01+01:00 set_scene S+300 I command=49 room=23 Spa_Bathroom channel=0 scene=2
2022-10-19T22:57:02+01:00 set_scene S+300 I command=49 room=23 Spa_Bathroom channel=0 scene=1
2022-10-19T22:58:16+01:00 set_scene S+301 I command=49 room=23 Spa_Bathroom channel=0 scene=0
2022-10-19T23:00:19+01:00 set_scene S+303 I command=49 room=22 MBed_EnSuite channel=0 scene=0
2022-10-19T23:01:08+01:00 set_scene S+304 I command=49 room=21 Master_Bed channel=0 scene=0
2022-10-19T23:25:05+01:00 set_scene S+328 I command=49 room=23 Spa_Bathroom channel=0 scene=2
2022-10-19T23:25:08+01:00 set_scene S+328 I command=49 room=23 Spa_Bathroom channel=0 scene=1
2022-10-19T23:30:06+01:00 set_scene S+333 I command=49 room=23 Spa_Bathroom channel=0 scene=4
2022-10-19T23:30:08+01:00 set_scene S+333 I command=49 room=23 Spa_Bathroom channel=0 scene=0
2022-10-19T23:42:17+01:00 set_scene S+345 I command=49 room=22 MBed_EnSuite channel=0 scene=3
2022-10-19T23:43:09+01:00 set_scene S+346 I command=49 room=22 MBed_EnSuite channel=0 scene=0
2022-10-19T23:45:00+01:00 set_scene S+348 I command=49 room=06 Study channel=0 scene=0
2022-10-19T23:46:17+01:00 set_scene S+349 - command=49 room=50 Front_Porch_PIR channel=0 scene=0
